<?xml version="1.0" encoding="UTF-8"?>
<testsuites name="Ice Training App (Visit and overwrite shop with shop level)" time="1357" tests="22" failures="0" errors="0">
   <testsuite name="Ice Training App (Visit and overwrite shop with shop level)" tests="22" failures="0" errors="0" time="1357" timestamp="2018-06-08 00:31:43" hostname="itcity - DESKTOP-3AG49P4" id="Test Suites/Ice Training App (Visit and overwrite shop with shop level)">
      <properties>
         <property name="deviceName" value="samsung SM-J110H (Android 4.4.4)"/>
         <property name="devicePlatform" value=""/>
         <property name="logFolder" value="F:\\Git Projects\\Ice-Training\\Ice-Training\\Reports\\Ice Training App (Visit and overwrite shop with shop level)\\20180608_000709"/>
         <property name="logFiles" value="F:\\Git Projects\\Ice-Training\\Ice-Training\\Reports\\Ice Training App (Visit and overwrite shop with shop level)\\20180608_000709\\appium.log, F:\\Git Projects\\Ice-Training\\Ice-Training\\Reports\\Ice Training App (Visit and overwrite shop with shop level)\\20180608_000709\\execution0.log"/>
         <property name="attachments" value=""/>
         <property name="hostName" value="itcity - DESKTOP-3AG49P4"/>
         <property name="os" value="Windows 10 64bit"/>
         <property name="katalonVersion" value="5.4.2.1"/>
         <property name="deviceOS" value="Android"/>
         <property name="appiumVersion" value="1.8.0"/>
         <property name="deviceModel" value="SM-J110H"/>
         <property name="hostAddress" value="192.168.3.209"/>
         <property name="deviceManufacturer" value="samsung"/>
         <property name="deviceId" value="11015a1136d0b24a"/>
         <property name="deviceName" value="samsung SM-J110H (Android 4.4.4)"/>
         <property name="deviceOSVersion" value="4.4.4"/>
      </properties>
      <testcase name="Test Cases/LaunchingApp/LaunchApp" classname="Test Cases/LaunchingApp/LaunchApp" status="PASSED">
         <system-out><![CDATA[2018-06-08 00:31:44 - [TEST_CASE][PASSED] - Test Cases/LaunchingApp/LaunchApp: Test Cases/LaunchingApp/LaunchApp

2018-06-08 00:31:44 - [TEST_STEP][PASSED] - startApplication: Started app at: 'F:\QA_Automation\Builds\ice_training_app_local_310518.apk'

2018-06-08 00:32:07 - [MESSAGE][PASSED] - Started app at: 'F:\QA_Automation\Builds\ice_training_app_local_310518.apk'

2018-06-08 00:32:07 - [TEST_STEP][PASSED] - delay: Delayed 5 second(s)

2018-06-08 00:32:12 - [MESSAGE][PASSED] - Delayed 5 second(s)]]></system-out>
         <system-err><![CDATA[]]></system-err>
      </testcase>
      <testcase name="Test Cases/CompetencyTraining/VisitCompetencyTraining" classname="Test Cases/CompetencyTraining/VisitCompetencyTraining" status="PASSED">
         <system-out><![CDATA[2018-06-08 00:32:12 - [TEST_CASE][PASSED] - Test Cases/CompetencyTraining/VisitCompetencyTraining: Test Cases/CompetencyTraining/VisitCompetencyTraining

2018-06-08 00:32:12 - [TEST_STEP][PASSED] - verifyElementExist: Element 'Object Repository/MainScreenEelements/Validate_ApplicationMainScreen' is exist

2018-06-08 00:32:12 - [MESSAGE][WARNING] - Timeout '0' is invalid. Using default page load timeout: '30'

2018-06-08 00:32:12 - [MESSAGE][PASSED] - Element 'Object Repository/MainScreenEelements/Validate_ApplicationMainScreen' is exist

2018-06-08 00:32:12 - [TEST_STEP][PASSED] - delay: Delayed 1 second(s)

2018-06-08 00:32:13 - [MESSAGE][PASSED] - Delayed 1 second(s)

2018-06-08 00:32:13 - [TEST_STEP][PASSED] - tap: Tapped on element 'Object Repository/MainScreenEelements/CompetencyTraining'

2018-06-08 00:32:13 - [MESSAGE][WARNING] - Timeout '0' is invalid. Using default page load timeout: '30'

2018-06-08 00:32:14 - [MESSAGE][PASSED] - Tapped on element 'Object Repository/MainScreenEelements/CompetencyTraining'

2018-06-08 00:32:14 - [TEST_STEP][PASSED] - delay: Delayed 1 second(s)

2018-06-08 00:32:15 - [MESSAGE][PASSED] - Delayed 1 second(s)

2018-06-08 00:32:15 - [TEST_STEP][PASSED] - verifyElementExist: Element 'Object Repository/CompetencyTraining/Validate_DistributionProductScreen' is exist

2018-06-08 00:32:15 - [MESSAGE][WARNING] - Timeout '0' is invalid. Using default page load timeout: '30'

2018-06-08 00:32:16 - [MESSAGE][PASSED] - Element 'Object Repository/CompetencyTraining/Validate_DistributionProductScreen' is exist

2018-06-08 00:32:16 - [TEST_STEP][PASSED] - delay: Delayed 1 second(s)

2018-06-08 00:32:17 - [MESSAGE][PASSED] - Delayed 1 second(s)

2018-06-08 00:32:17 - [TEST_STEP][PASSED] - tap: Tapped on element 'Object Repository/CompetencyTraining/DistributionProduct'

2018-06-08 00:32:17 - [MESSAGE][WARNING] - Timeout '0' is invalid. Using default page load timeout: '30'

2018-06-08 00:32:17 - [MESSAGE][PASSED] - Tapped on element 'Object Repository/CompetencyTraining/DistributionProduct'

2018-06-08 00:32:17 - [TEST_STEP][PASSED] - delay: Delayed 1 second(s)

2018-06-08 00:32:18 - [MESSAGE][PASSED] - Delayed 1 second(s)

2018-06-08 00:32:18 - [TEST_STEP][PASSED] - verifyElementText: Actual text and expected text of test object 'Object Repository/CompetencyTraining/Validate_DSFScreen' are matched.

2018-06-08 00:32:19 - [MESSAGE][PASSED] - Actual text and expected text of test object 'Object Repository/CompetencyTraining/Validate_DSFScreen' are matched.

2018-06-08 00:32:19 - [TEST_STEP][PASSED] - delay: Delayed 1 second(s)

2018-06-08 00:32:20 - [MESSAGE][PASSED] - Delayed 1 second(s)

2018-06-08 00:32:20 - [TEST_STEP][PASSED] - tap: Tapped on element 'Object Repository/CompetencyTraining/DSF'

2018-06-08 00:32:20 - [MESSAGE][WARNING] - Timeout '0' is invalid. Using default page load timeout: '30'

2018-06-08 00:32:20 - [MESSAGE][PASSED] - Tapped on element 'Object Repository/CompetencyTraining/DSF'

2018-06-08 00:32:20 - [TEST_STEP][PASSED] - delay: Delayed 1 second(s)

2018-06-08 00:32:21 - [MESSAGE][PASSED] - Delayed 1 second(s)

2018-06-08 00:32:21 - [TEST_STEP][PASSED] - verifyElementText: Actual text and expected text of test object 'Object Repository/CompetencyTraining/Validate_ProgramsScreen' are matched.

2018-06-08 00:32:22 - [MESSAGE][PASSED] - Actual text and expected text of test object 'Object Repository/CompetencyTraining/Validate_ProgramsScreen' are matched.

2018-06-08 00:32:22 - [TEST_STEP][PASSED] - delay: Delayed 1 second(s)

2018-06-08 00:32:23 - [MESSAGE][PASSED] - Delayed 1 second(s)

2018-06-08 00:32:23 - [TEST_STEP][PASSED] - tap: Tapped on element 'Object Repository/CompetencyTraining/Program'

2018-06-08 00:32:23 - [MESSAGE][WARNING] - Timeout '0' is invalid. Using default page load timeout: '30'

2018-06-08 00:32:25 - [MESSAGE][PASSED] - Tapped on element 'Object Repository/CompetencyTraining/Program'

2018-06-08 00:32:25 - [TEST_STEP][PASSED] - delay: Delayed 1 second(s)

2018-06-08 00:32:26 - [MESSAGE][PASSED] - Delayed 1 second(s)]]></system-out>
         <system-err><![CDATA[]]></system-err>
      </testcase>
      <testcase name="Test Cases/CompetencyTraining/VisitShop_2" classname="Test Cases/CompetencyTraining/VisitShop_2" status="PASSED">
         <system-out><![CDATA[2018-06-08 00:32:26 - [TEST_CASE][PASSED] - Test Cases/CompetencyTraining/VisitShop_2: Test Cases/CompetencyTraining/VisitShop_2

2018-06-08 00:32:26 - [TEST_STEP][PASSED] - verifyElementText: Actual text and expected text of test object 'Object Repository/CompetencyTraining/Validate_ShopsListScreen' are matched.

2018-06-08 00:32:26 - [MESSAGE][PASSED] - Actual text and expected text of test object 'Object Repository/CompetencyTraining/Validate_ShopsListScreen' are matched.

2018-06-08 00:32:26 - [TEST_STEP][PASSED] - delay: Delayed 1 second(s)

2018-06-08 00:32:27 - [MESSAGE][PASSED] - Delayed 1 second(s)

2018-06-08 00:32:27 - [TEST_STEP][PASSED] - customkeywordscollection.CustomKeywords.selectShopForCompetencyTraining: customkeywordscollection.CustomKeywords.selectShopForCompetencyTraining is PASSED

2018-06-08 00:32:29 - [MESSAGE][PASSED] - Delayed 1 second(s)

2018-06-08 00:32:29 - [MESSAGE][PASSED] - customkeywordscollection.CustomKeywords.selectShopForCompetencyTraining is PASSED]]></system-out>
         <system-err><![CDATA[]]></system-err>
      </testcase>
      <testcase name="Test Cases/CompetencyTraining/VisitTraining" classname="Test Cases/CompetencyTraining/VisitTraining" status="PASSED">
         <system-out><![CDATA[2018-06-08 00:32:29 - [TEST_CASE][PASSED] - Test Cases/CompetencyTraining/VisitTraining: Test Cases/CompetencyTraining/VisitTraining

2018-06-08 00:32:29 - [TEST_STEP][PASSED] - verifyElementText: Actual text and expected text of test object 'Object Repository/CompetencyTraining/Validate_StartTrainingScreen' are matched.

2018-06-08 00:32:30 - [MESSAGE][PASSED] - Actual text and expected text of test object 'Object Repository/CompetencyTraining/Validate_StartTrainingScreen' are matched.

2018-06-08 00:32:30 - [TEST_STEP][PASSED] - delay: Delayed 1 second(s)

2018-06-08 00:32:31 - [MESSAGE][PASSED] - Delayed 1 second(s)

2018-06-08 00:32:31 - [TEST_STEP][PASSED] - tap: Tapped on element 'Object Repository/CompetencyTraining/TakeShopFasciaPicture_ImageView'

2018-06-08 00:32:31 - [MESSAGE][WARNING] - Timeout '0' is invalid. Using default page load timeout: '30'

2018-06-08 00:32:33 - [MESSAGE][PASSED] - Tapped on element 'Object Repository/CompetencyTraining/TakeShopFasciaPicture_ImageView'

2018-06-08 00:32:33 - [TEST_STEP][PASSED] - delay: Delayed 1 second(s)

2018-06-08 00:32:34 - [MESSAGE][PASSED] - Delayed 1 second(s)

2018-06-08 00:32:34 - [TEST_STEP][PASSED] - verifyElementExist: Element 'Object Repository/CommonElements/Validate_CameraScreen' is exist

2018-06-08 00:32:34 - [MESSAGE][WARNING] - Timeout '0' is invalid. Using default page load timeout: '30'

2018-06-08 00:32:34 - [MESSAGE][PASSED] - Element 'Object Repository/CommonElements/Validate_CameraScreen' is exist

2018-06-08 00:32:34 - [TEST_STEP][PASSED] - delay: Delayed 1 second(s)

2018-06-08 00:32:35 - [MESSAGE][PASSED] - Delayed 1 second(s)

2018-06-08 00:32:35 - [TEST_STEP][PASSED] - tap: Tapped on element 'Object Repository/CommonElements/TakePhotoButton'

2018-06-08 00:32:35 - [MESSAGE][WARNING] - Timeout '0' is invalid. Using default page load timeout: '30'

2018-06-08 00:32:38 - [MESSAGE][PASSED] - Tapped on element 'Object Repository/CommonElements/TakePhotoButton'

2018-06-08 00:32:38 - [TEST_STEP][PASSED] - delay: Delayed 5 second(s)

2018-06-08 00:32:43 - [MESSAGE][PASSED] - Delayed 5 second(s)

2018-06-08 00:32:43 - [TEST_STEP][PASSED] - tap: Tapped on element 'Object Repository/CommonElements/DoneButton'

2018-06-08 00:32:43 - [MESSAGE][WARNING] - Timeout '0' is invalid. Using default page load timeout: '30'

2018-06-08 00:32:44 - [MESSAGE][PASSED] - Tapped on element 'Object Repository/CommonElements/DoneButton'

2018-06-08 00:32:44 - [TEST_STEP][PASSED] - delay: Delayed 1 second(s)

2018-06-08 00:32:45 - [MESSAGE][PASSED] - Delayed 1 second(s)

2018-06-08 00:32:45 - [TEST_STEP][PASSED] - verifyElementText: Actual text and expected text of test object 'Object Repository/CompetencyTraining/Validate_StartTrainingScreen' are matched.

2018-06-08 00:32:46 - [MESSAGE][PASSED] - Actual text and expected text of test object 'Object Repository/CompetencyTraining/Validate_StartTrainingScreen' are matched.

2018-06-08 00:32:46 - [TEST_STEP][PASSED] - delay: Delayed 1 second(s)

2018-06-08 00:32:47 - [MESSAGE][PASSED] - Delayed 1 second(s)

2018-06-08 00:32:47 - [TEST_STEP][PASSED] - tap: Tapped on element 'Object Repository/CompetencyTraining/VisitShop'

2018-06-08 00:32:47 - [MESSAGE][WARNING] - Timeout '0' is invalid. Using default page load timeout: '30'

2018-06-08 00:32:47 - [MESSAGE][PASSED] - Tapped on element 'Object Repository/CompetencyTraining/VisitShop'

2018-06-08 00:32:47 - [TEST_STEP][PASSED] - delay: Delayed 1 second(s)

2018-06-08 00:32:48 - [MESSAGE][PASSED] - Delayed 1 second(s)

2018-06-08 00:32:48 - [TEST_STEP][PASSED] - verifyElementText: Actual text and expected text of test object 'Object Repository/CompetencyTraining/Validate_TrainingStepsScreen' are matched.

2018-06-08 00:32:49 - [MESSAGE][PASSED] - Actual text and expected text of test object 'Object Repository/CompetencyTraining/Validate_TrainingStepsScreen' are matched.

2018-06-08 00:32:49 - [TEST_STEP][PASSED] - delay: Delayed 1 second(s)

2018-06-08 00:32:50 - [MESSAGE][PASSED] - Delayed 1 second(s)

2018-06-08 00:32:50 - [TEST_STEP][PASSED] - tap: Tapped on element 'Object Repository/CompetencyTraining/RatingonICESteps'

2018-06-08 00:32:50 - [MESSAGE][WARNING] - Timeout '0' is invalid. Using default page load timeout: '30'

2018-06-08 00:32:50 - [MESSAGE][PASSED] - Tapped on element 'Object Repository/CompetencyTraining/RatingonICESteps'

2018-06-08 00:32:50 - [TEST_STEP][PASSED] - delay: Delayed 1 second(s)

2018-06-08 00:32:51 - [MESSAGE][PASSED] - Delayed 1 second(s)

2018-06-08 00:32:51 - [TEST_STEP][PASSED] - verifyElementText: Actual text and expected text of test object 'Object Repository/CompetencyTraining/Validate_RateDSFScreen' are matched.

2018-06-08 00:32:52 - [MESSAGE][PASSED] - Actual text and expected text of test object 'Object Repository/CompetencyTraining/Validate_RateDSFScreen' are matched.

2018-06-08 00:32:52 - [TEST_STEP][PASSED] - delay: Delayed 1 second(s)

2018-06-08 00:32:53 - [MESSAGE][PASSED] - Delayed 1 second(s)

2018-06-08 00:32:53 - [TEST_STEP][PASSED] - tap: Tapped on element 'Object Repository/CompetencyTraining/RouteManagement'

2018-06-08 00:32:53 - [MESSAGE][WARNING] - Timeout '0' is invalid. Using default page load timeout: '30'

2018-06-08 00:32:53 - [MESSAGE][PASSED] - Tapped on element 'Object Repository/CompetencyTraining/RouteManagement'

2018-06-08 00:32:53 - [TEST_STEP][PASSED] - delay: Delayed 1 second(s)

2018-06-08 00:32:54 - [MESSAGE][PASSED] - Delayed 1 second(s)

2018-06-08 00:32:54 - [TEST_STEP][PASSED] - tap: Tapped on element 'Object Repository/CompetencyTraining/NeedImprovement'

2018-06-08 00:32:54 - [MESSAGE][WARNING] - Timeout '0' is invalid. Using default page load timeout: '30'

2018-06-08 00:32:55 - [MESSAGE][PASSED] - Tapped on element 'Object Repository/CompetencyTraining/NeedImprovement'

2018-06-08 00:32:55 - [TEST_STEP][PASSED] - delay: Delayed 1 second(s)

2018-06-08 00:32:56 - [MESSAGE][PASSED] - Delayed 1 second(s)

2018-06-08 00:32:56 - [TEST_STEP][PASSED] - tap: Tapped on element 'Object Repository/CompetencyTraining/RouteManagement'

2018-06-08 00:32:56 - [MESSAGE][WARNING] - Timeout '0' is invalid. Using default page load timeout: '30'

2018-06-08 00:32:57 - [MESSAGE][PASSED] - Tapped on element 'Object Repository/CompetencyTraining/RouteManagement'

2018-06-08 00:32:57 - [TEST_STEP][PASSED] - delay: Delayed 1 second(s)

2018-06-08 00:32:58 - [MESSAGE][PASSED] - Delayed 1 second(s)

2018-06-08 00:32:58 - [TEST_STEP][PASSED] - tap: Tapped on element 'Object Repository/CompetencyTraining/PlanTheDay'

2018-06-08 00:32:58 - [MESSAGE][WARNING] - Timeout '0' is invalid. Using default page load timeout: '30'

2018-06-08 00:32:59 - [MESSAGE][PASSED] - Tapped on element 'Object Repository/CompetencyTraining/PlanTheDay'

2018-06-08 00:32:59 - [TEST_STEP][PASSED] - delay: Delayed 1 second(s)

2018-06-08 00:33:00 - [MESSAGE][PASSED] - Delayed 1 second(s)

2018-06-08 00:33:00 - [TEST_STEP][PASSED] - tap: Tapped on element 'Object Repository/CompetencyTraining/NeedImprovement'

2018-06-08 00:33:00 - [MESSAGE][WARNING] - Timeout '0' is invalid. Using default page load timeout: '30'

2018-06-08 00:33:01 - [MESSAGE][PASSED] - Tapped on element 'Object Repository/CompetencyTraining/NeedImprovement'

2018-06-08 00:33:01 - [TEST_STEP][PASSED] - delay: Delayed 1 second(s)

2018-06-08 00:33:02 - [MESSAGE][PASSED] - Delayed 1 second(s)

2018-06-08 00:33:02 - [TEST_STEP][PASSED] - tap: Tapped on element 'Object Repository/CompetencyTraining/PlanTheDay'

2018-06-08 00:33:02 - [MESSAGE][WARNING] - Timeout '0' is invalid. Using default page load timeout: '30'

2018-06-08 00:33:02 - [MESSAGE][PASSED] - Tapped on element 'Object Repository/CompetencyTraining/PlanTheDay'

2018-06-08 00:33:02 - [TEST_STEP][PASSED] - delay: Delayed 1 second(s)

2018-06-08 00:33:03 - [MESSAGE][PASSED] - Delayed 1 second(s)

2018-06-08 00:33:03 - [TEST_STEP][PASSED] - tap: Tapped on element 'Object Repository/CompetencyTraining/OutletStockCheck'

2018-06-08 00:33:04 - [MESSAGE][WARNING] - Timeout '0' is invalid. Using default page load timeout: '30'

2018-06-08 00:33:04 - [MESSAGE][PASSED] - Tapped on element 'Object Repository/CompetencyTraining/OutletStockCheck'

2018-06-08 00:33:04 - [TEST_STEP][PASSED] - delay: Delayed 1 second(s)

2018-06-08 00:33:05 - [MESSAGE][PASSED] - Delayed 1 second(s)

2018-06-08 00:33:05 - [TEST_STEP][PASSED] - tap: Tapped on element 'Object Repository/CompetencyTraining/NeedImprovement'

2018-06-08 00:33:05 - [MESSAGE][WARNING] - Timeout '0' is invalid. Using default page load timeout: '30'

2018-06-08 00:33:06 - [MESSAGE][PASSED] - Tapped on element 'Object Repository/CompetencyTraining/NeedImprovement'

2018-06-08 00:33:06 - [TEST_STEP][PASSED] - delay: Delayed 1 second(s)

2018-06-08 00:33:07 - [MESSAGE][PASSED] - Delayed 1 second(s)

2018-06-08 00:33:07 - [TEST_STEP][PASSED] - tap: Tapped on element 'Object Repository/CompetencyTraining/OutletStockCheck'

2018-06-08 00:33:07 - [MESSAGE][WARNING] - Timeout '0' is invalid. Using default page load timeout: '30'

2018-06-08 00:33:08 - [MESSAGE][PASSED] - Tapped on element 'Object Repository/CompetencyTraining/OutletStockCheck'

2018-06-08 00:33:08 - [TEST_STEP][PASSED] - delay: Delayed 1 second(s)

2018-06-08 00:33:09 - [MESSAGE][PASSED] - Delayed 1 second(s)

2018-06-08 00:33:09 - [TEST_STEP][PASSED] - tap: Tapped on element 'Object Repository/CompetencyTraining/Merchandising'

2018-06-08 00:33:09 - [MESSAGE][WARNING] - Timeout '0' is invalid. Using default page load timeout: '30'

2018-06-08 00:33:09 - [MESSAGE][PASSED] - Tapped on element 'Object Repository/CompetencyTraining/Merchandising'

2018-06-08 00:33:09 - [TEST_STEP][PASSED] - delay: Delayed 1 second(s)

2018-06-08 00:33:10 - [MESSAGE][PASSED] - Delayed 1 second(s)

2018-06-08 00:33:10 - [TEST_STEP][PASSED] - tap: Tapped on element 'Object Repository/CompetencyTraining/NeedImprovement'

2018-06-08 00:33:11 - [MESSAGE][WARNING] - Timeout '0' is invalid. Using default page load timeout: '30'

2018-06-08 00:33:11 - [MESSAGE][PASSED] - Tapped on element 'Object Repository/CompetencyTraining/NeedImprovement'

2018-06-08 00:33:11 - [TEST_STEP][PASSED] - delay: Delayed 1 second(s)

2018-06-08 00:33:12 - [MESSAGE][PASSED] - Delayed 1 second(s)

2018-06-08 00:33:12 - [TEST_STEP][PASSED] - tap: Tapped on element 'Object Repository/CompetencyTraining/Merchandising'

2018-06-08 00:33:12 - [MESSAGE][WARNING] - Timeout '0' is invalid. Using default page load timeout: '30'

2018-06-08 00:33:13 - [MESSAGE][PASSED] - Tapped on element 'Object Repository/CompetencyTraining/Merchandising'

2018-06-08 00:33:13 - [TEST_STEP][PASSED] - delay: Delayed 1 second(s)

2018-06-08 00:33:14 - [MESSAGE][PASSED] - Delayed 1 second(s)

2018-06-08 00:33:14 - [TEST_STEP][PASSED] - pressBack: Press back button successfully

2018-06-08 00:33:15 - [MESSAGE][PASSED] - Press back button successfully

2018-06-08 00:33:15 - [TEST_STEP][PASSED] - delay: Delayed 1 second(s)

2018-06-08 00:33:16 - [MESSAGE][PASSED] - Delayed 1 second(s)

2018-06-08 00:33:16 - [TEST_STEP][PASSED] - verifyElementText: Actual text and expected text of test object 'Object Repository/CompetencyTraining/Validate_TrainingStepsScreen' are matched.

2018-06-08 00:33:16 - [MESSAGE][PASSED] - Actual text and expected text of test object 'Object Repository/CompetencyTraining/Validate_TrainingStepsScreen' are matched.

2018-06-08 00:33:16 - [TEST_STEP][PASSED] - delay: Delayed 1 second(s)

2018-06-08 00:33:17 - [MESSAGE][PASSED] - Delayed 1 second(s)

2018-06-08 00:33:17 - [TEST_STEP][PASSED] - tap: Tapped on element 'Object Repository/CompetencyTraining/FieldSalesCoaching'

2018-06-08 00:33:17 - [MESSAGE][WARNING] - Timeout '0' is invalid. Using default page load timeout: '30'

2018-06-08 00:33:18 - [MESSAGE][PASSED] - Tapped on element 'Object Repository/CompetencyTraining/FieldSalesCoaching'

2018-06-08 00:33:18 - [TEST_STEP][PASSED] - delay: Delayed 1 second(s)

2018-06-08 00:33:19 - [MESSAGE][PASSED] - Delayed 1 second(s)

2018-06-08 00:33:19 - [TEST_STEP][PASSED] - verifyElementText: Actual text and expected text of test object 'Object Repository/CompetencyTraining/Validate_FieldSalesCoachingScreen' are matched.

2018-06-08 00:33:20 - [MESSAGE][PASSED] - Actual text and expected text of test object 'Object Repository/CompetencyTraining/Validate_FieldSalesCoachingScreen' are matched.

2018-06-08 00:33:20 - [TEST_STEP][PASSED] - delay: Delayed 1 second(s)

2018-06-08 00:33:21 - [MESSAGE][PASSED] - Delayed 1 second(s)

2018-06-08 00:33:21 - [TEST_STEP][PASSED] - tap: Tapped on element 'Object Repository/CompetencyTraining/FieldSalesCoachingTakePicture_ImageView'

2018-06-08 00:33:21 - [MESSAGE][WARNING] - Timeout '0' is invalid. Using default page load timeout: '30'

2018-06-08 00:33:23 - [MESSAGE][PASSED] - Tapped on element 'Object Repository/CompetencyTraining/FieldSalesCoachingTakePicture_ImageView'

2018-06-08 00:33:23 - [TEST_STEP][PASSED] - delay: Delayed 1 second(s)

2018-06-08 00:33:24 - [MESSAGE][PASSED] - Delayed 1 second(s)

2018-06-08 00:33:24 - [TEST_STEP][PASSED] - verifyElementExist: Element 'Object Repository/CommonElements/Validate_CameraScreen' is exist

2018-06-08 00:33:24 - [MESSAGE][WARNING] - Timeout '0' is invalid. Using default page load timeout: '30'

2018-06-08 00:33:24 - [MESSAGE][PASSED] - Element 'Object Repository/CommonElements/Validate_CameraScreen' is exist

2018-06-08 00:33:24 - [TEST_STEP][PASSED] - delay: Delayed 1 second(s)

2018-06-08 00:33:25 - [MESSAGE][PASSED] - Delayed 1 second(s)

2018-06-08 00:33:25 - [TEST_STEP][PASSED] - tap: Tapped on element 'Object Repository/CommonElements/TakePhotoButton'

2018-06-08 00:33:25 - [MESSAGE][WARNING] - Timeout '0' is invalid. Using default page load timeout: '30'

2018-06-08 00:33:28 - [MESSAGE][PASSED] - Tapped on element 'Object Repository/CommonElements/TakePhotoButton'

2018-06-08 00:33:28 - [TEST_STEP][PASSED] - delay: Delayed 5 second(s)

2018-06-08 00:33:33 - [MESSAGE][PASSED] - Delayed 5 second(s)

2018-06-08 00:33:33 - [TEST_STEP][PASSED] - tap: Tapped on element 'Object Repository/CommonElements/DoneButton'

2018-06-08 00:33:33 - [MESSAGE][WARNING] - Timeout '0' is invalid. Using default page load timeout: '30'

2018-06-08 00:33:35 - [MESSAGE][PASSED] - Tapped on element 'Object Repository/CommonElements/DoneButton'

2018-06-08 00:33:35 - [TEST_STEP][PASSED] - delay: Delayed 1 second(s)

2018-06-08 00:33:36 - [MESSAGE][PASSED] - Delayed 1 second(s)

2018-06-08 00:33:36 - [TEST_STEP][PASSED] - verifyElementText: Actual text and expected text of test object 'Object Repository/CompetencyTraining/Validate_FieldSalesCoachingScreen' are matched.

2018-06-08 00:33:37 - [MESSAGE][PASSED] - Actual text and expected text of test object 'Object Repository/CompetencyTraining/Validate_FieldSalesCoachingScreen' are matched.

2018-06-08 00:33:37 - [TEST_STEP][PASSED] - delay: Delayed 1 second(s)

2018-06-08 00:33:38 - [MESSAGE][PASSED] - Delayed 1 second(s)

2018-06-08 00:33:38 - [TEST_STEP][PASSED] - pressBack: Press back button successfully

2018-06-08 00:33:39 - [MESSAGE][PASSED] - Press back button successfully

2018-06-08 00:33:39 - [TEST_STEP][PASSED] - delay: Delayed 1 second(s)

2018-06-08 00:33:40 - [MESSAGE][PASSED] - Delayed 1 second(s)

2018-06-08 00:33:40 - [TEST_STEP][PASSED] - verifyElementText: Actual text and expected text of test object 'Object Repository/CompetencyTraining/Validate_TrainingStepsScreen' are matched.

2018-06-08 00:33:40 - [MESSAGE][PASSED] - Actual text and expected text of test object 'Object Repository/CompetencyTraining/Validate_TrainingStepsScreen' are matched.

2018-06-08 00:33:40 - [TEST_STEP][PASSED] - delay: Delayed 1 second(s)

2018-06-08 00:33:41 - [MESSAGE][PASSED] - Delayed 1 second(s)

2018-06-08 00:33:41 - [TEST_STEP][PASSED] - tap: Tapped on element 'Object Repository/CompetencyTraining/CapturingPictureOfSuccess'

2018-06-08 00:33:41 - [MESSAGE][WARNING] - Timeout '0' is invalid. Using default page load timeout: '30'

2018-06-08 00:33:41 - [MESSAGE][PASSED] - Tapped on element 'Object Repository/CompetencyTraining/CapturingPictureOfSuccess'

2018-06-08 00:33:41 - [TEST_STEP][PASSED] - delay: Delayed 1 second(s)

2018-06-08 00:33:42 - [MESSAGE][PASSED] - Delayed 1 second(s)

2018-06-08 00:33:42 - [TEST_STEP][PASSED] - verifyElementExist: Element 'Object Repository/CompetencyTraining/Validate_PictureOfSuccessDetailScreen' is exist

2018-06-08 00:33:42 - [MESSAGE][WARNING] - Timeout '0' is invalid. Using default page load timeout: '30'

2018-06-08 00:33:44 - [MESSAGE][PASSED] - Element 'Object Repository/CompetencyTraining/Validate_PictureOfSuccessDetailScreen' is exist

2018-06-08 00:33:44 - [TEST_STEP][PASSED] - delay: Delayed 1 second(s)

2018-06-08 00:33:45 - [MESSAGE][PASSED] - Delayed 1 second(s)

2018-06-08 00:33:45 - [TEST_STEP][PASSED] - customkeywordscollection.CustomKeywords.takePictureOfSuccess: customkeywordscollection.CustomKeywords.takePictureOfSuccess is PASSED

2018-06-08 00:33:48 - [MESSAGE][PASSED] - Delayed 1 second(s)

2018-06-08 00:33:48 - [MESSAGE][WARNING] - Timeout '0' is invalid. Using default page load timeout: '30'

2018-06-08 00:33:49 - [MESSAGE][PASSED] - Element 'Object Repository/CommonElements/Validate_CameraScreen' is exist

2018-06-08 00:33:50 - [MESSAGE][PASSED] - Delayed 1 second(s)

2018-06-08 00:33:50 - [MESSAGE][WARNING] - Timeout '0' is invalid. Using default page load timeout: '30'

2018-06-08 00:33:53 - [MESSAGE][PASSED] - Tapped on element 'Object Repository/CommonElements/TakePhotoButton'

2018-06-08 00:33:58 - [MESSAGE][PASSED] - Delayed 5 second(s)

2018-06-08 00:33:58 - [MESSAGE][WARNING] - Timeout '0' is invalid. Using default page load timeout: '30'

2018-06-08 00:33:59 - [MESSAGE][PASSED] - Tapped on element 'Object Repository/CommonElements/DoneButton'

2018-06-08 00:34:00 - [MESSAGE][PASSED] - Delayed 1 second(s)

2018-06-08 00:34:08 - [MESSAGE][PASSED] - Delayed 1 second(s)

2018-06-08 00:34:08 - [MESSAGE][WARNING] - Timeout '0' is invalid. Using default page load timeout: '30'

2018-06-08 00:34:08 - [MESSAGE][PASSED] - Element 'Object Repository/CommonElements/Validate_CameraScreen' is exist

2018-06-08 00:34:09 - [MESSAGE][PASSED] - Delayed 1 second(s)

2018-06-08 00:34:09 - [MESSAGE][WARNING] - Timeout '0' is invalid. Using default page load timeout: '30'

2018-06-08 00:34:12 - [MESSAGE][PASSED] - Tapped on element 'Object Repository/CommonElements/TakePhotoButton'

2018-06-08 00:34:17 - [MESSAGE][PASSED] - Delayed 5 second(s)

2018-06-08 00:34:17 - [MESSAGE][WARNING] - Timeout '0' is invalid. Using default page load timeout: '30'

2018-06-08 00:34:18 - [MESSAGE][PASSED] - Tapped on element 'Object Repository/CommonElements/DoneButton'

2018-06-08 00:34:20 - [MESSAGE][PASSED] - Delayed 1 second(s)

2018-06-08 00:34:22 - [MESSAGE][PASSED] - customkeywordscollection.CustomKeywords.takePictureOfSuccess is PASSED

2018-06-08 00:34:22 - [TEST_STEP][PASSED] - pressBack: Press back button successfully

2018-06-08 00:34:23 - [MESSAGE][PASSED] - Press back button successfully

2018-06-08 00:34:23 - [TEST_STEP][PASSED] - delay: Delayed 1 second(s)

2018-06-08 00:34:24 - [MESSAGE][PASSED] - Delayed 1 second(s)

2018-06-08 00:34:24 - [TEST_STEP][PASSED] - verifyElementText: Actual text and expected text of test object 'Object Repository/CompetencyTraining/Validate_TrainingStepsScreen' are matched.

2018-06-08 00:34:24 - [MESSAGE][PASSED] - Actual text and expected text of test object 'Object Repository/CompetencyTraining/Validate_TrainingStepsScreen' are matched.

2018-06-08 00:34:24 - [TEST_STEP][PASSED] - delay: Delayed 1 second(s)

2018-06-08 00:34:25 - [MESSAGE][PASSED] - Delayed 1 second(s)

2018-06-08 00:34:25 - [TEST_STEP][PASSED] - tap: Tapped on element 'Object Repository/CompetencyTraining/MarketIntelligence'

2018-06-08 00:34:25 - [MESSAGE][WARNING] - Timeout '0' is invalid. Using default page load timeout: '30'

2018-06-08 00:34:26 - [MESSAGE][PASSED] - Tapped on element 'Object Repository/CompetencyTraining/MarketIntelligence'

2018-06-08 00:34:26 - [TEST_STEP][PASSED] - delay: Delayed 1 second(s)

2018-06-08 00:34:27 - [MESSAGE][PASSED] - Delayed 1 second(s)

2018-06-08 00:34:27 - [TEST_STEP][PASSED] - verifyElementText: Actual text and expected text of test object 'Object Repository/CompetencyTraining/Validate_MarketIntelligenceScreen' are matched.

2018-06-08 00:34:28 - [MESSAGE][PASSED] - Actual text and expected text of test object 'Object Repository/CompetencyTraining/Validate_MarketIntelligenceScreen' are matched.

2018-06-08 00:34:28 - [TEST_STEP][PASSED] - delay: Delayed 1 second(s)

2018-06-08 00:34:29 - [MESSAGE][PASSED] - Delayed 1 second(s)

2018-06-08 00:34:29 - [TEST_STEP][PASSED] - tap: Tapped on element 'Object Repository/CompetencyTraining/MarketIntelligenceTakePicture_ImageView'

2018-06-08 00:34:29 - [MESSAGE][WARNING] - Timeout '0' is invalid. Using default page load timeout: '30'

2018-06-08 00:34:31 - [MESSAGE][PASSED] - Tapped on element 'Object Repository/CompetencyTraining/MarketIntelligenceTakePicture_ImageView'

2018-06-08 00:34:31 - [TEST_STEP][PASSED] - delay: Delayed 1 second(s)

2018-06-08 00:34:32 - [MESSAGE][PASSED] - Delayed 1 second(s)

2018-06-08 00:34:32 - [TEST_STEP][PASSED] - verifyElementExist: Element 'Object Repository/CommonElements/Validate_CameraScreen' is exist

2018-06-08 00:34:32 - [MESSAGE][WARNING] - Timeout '0' is invalid. Using default page load timeout: '30'

2018-06-08 00:34:32 - [MESSAGE][PASSED] - Element 'Object Repository/CommonElements/Validate_CameraScreen' is exist

2018-06-08 00:34:32 - [TEST_STEP][PASSED] - delay: Delayed 1 second(s)

2018-06-08 00:34:33 - [MESSAGE][PASSED] - Delayed 1 second(s)

2018-06-08 00:34:33 - [TEST_STEP][PASSED] - tap: Tapped on element 'Object Repository/CommonElements/TakePhotoButton'

2018-06-08 00:34:33 - [MESSAGE][WARNING] - Timeout '0' is invalid. Using default page load timeout: '30'

2018-06-08 00:34:36 - [MESSAGE][PASSED] - Tapped on element 'Object Repository/CommonElements/TakePhotoButton'

2018-06-08 00:34:36 - [TEST_STEP][PASSED] - delay: Delayed 5 second(s)

2018-06-08 00:34:41 - [MESSAGE][PASSED] - Delayed 5 second(s)

2018-06-08 00:34:41 - [TEST_STEP][PASSED] - tap: Tapped on element 'Object Repository/CommonElements/DoneButton'

2018-06-08 00:34:41 - [MESSAGE][WARNING] - Timeout '0' is invalid. Using default page load timeout: '30'

2018-06-08 00:34:43 - [MESSAGE][PASSED] - Tapped on element 'Object Repository/CommonElements/DoneButton'

2018-06-08 00:34:43 - [TEST_STEP][PASSED] - delay: Delayed 1 second(s)

2018-06-08 00:34:44 - [MESSAGE][PASSED] - Delayed 1 second(s)

2018-06-08 00:34:44 - [TEST_STEP][PASSED] - verifyElementText: Actual text and expected text of test object 'Object Repository/CompetencyTraining/Validate_MarketIntelligenceScreen' are matched.

2018-06-08 00:34:45 - [MESSAGE][PASSED] - Actual text and expected text of test object 'Object Repository/CompetencyTraining/Validate_MarketIntelligenceScreen' are matched.

2018-06-08 00:34:45 - [TEST_STEP][PASSED] - delay: Delayed 1 second(s)

2018-06-08 00:34:46 - [MESSAGE][PASSED] - Delayed 1 second(s)

2018-06-08 00:34:46 - [TEST_STEP][PASSED] - pressBack: Press back button successfully

2018-06-08 00:34:46 - [MESSAGE][PASSED] - Press back button successfully

2018-06-08 00:34:46 - [TEST_STEP][PASSED] - delay: Delayed 1 second(s)

2018-06-08 00:34:47 - [MESSAGE][PASSED] - Delayed 1 second(s)

2018-06-08 00:34:47 - [TEST_STEP][PASSED] - verifyElementText: Actual text and expected text of test object 'Object Repository/CompetencyTraining/Validate_TrainingStepsScreen' are matched.

2018-06-08 00:34:48 - [MESSAGE][PASSED] - Actual text and expected text of test object 'Object Repository/CompetencyTraining/Validate_TrainingStepsScreen' are matched.

2018-06-08 00:34:48 - [TEST_STEP][PASSED] - delay: Delayed 1 second(s)

2018-06-08 00:34:49 - [MESSAGE][PASSED] - Delayed 1 second(s)

2018-06-08 00:34:49 - [TEST_STEP][PASSED] - tap: Tapped on element 'Object Repository/CompetencyTraining/Remarks'

2018-06-08 00:34:49 - [MESSAGE][WARNING] - Timeout '0' is invalid. Using default page load timeout: '30'

2018-06-08 00:34:49 - [MESSAGE][PASSED] - Tapped on element 'Object Repository/CompetencyTraining/Remarks'

2018-06-08 00:34:49 - [TEST_STEP][PASSED] - delay: Delayed 1 second(s)

2018-06-08 00:34:50 - [MESSAGE][PASSED] - Delayed 1 second(s)

2018-06-08 00:34:50 - [TEST_STEP][PASSED] - verifyElementText: Actual text and expected text of test object 'Object Repository/CompetencyTraining/Validate_RemarksScreen' are matched.

2018-06-08 00:34:51 - [MESSAGE][PASSED] - Actual text and expected text of test object 'Object Repository/CompetencyTraining/Validate_RemarksScreen' are matched.

2018-06-08 00:34:51 - [TEST_STEP][PASSED] - delay: Delayed 1 second(s)

2018-06-08 00:34:52 - [MESSAGE][PASSED] - Delayed 1 second(s)

2018-06-08 00:34:52 - [TEST_STEP][PASSED] - setText: Text 'Remarks' has been set to element 'Object Repository/CompetencyTraining/Remarks_TextContainer'

2018-06-08 00:34:52 - [MESSAGE][WARNING] - Timeout '0' is invalid. Using default page load timeout: '30'

2018-06-08 00:35:02 - [MESSAGE][PASSED] - Text 'Remarks' has been set to element 'Object Repository/CompetencyTraining/Remarks_TextContainer'

2018-06-08 00:35:02 - [TEST_STEP][PASSED] - hideKeyboard: Keyboard is hidden

2018-06-08 00:35:02 - [MESSAGE][PASSED] - Keyboard is hidden

2018-06-08 00:35:02 - [TEST_STEP][PASSED] - delay: Delayed 1 second(s)

2018-06-08 00:35:03 - [MESSAGE][PASSED] - Delayed 1 second(s)

2018-06-08 00:35:03 - [TEST_STEP][PASSED] - tap: Tapped on element 'Object Repository/CompetencyTraining/SubmitRemarksButton'

2018-06-08 00:35:03 - [MESSAGE][WARNING] - Timeout '0' is invalid. Using default page load timeout: '30'

2018-06-08 00:35:04 - [MESSAGE][PASSED] - Tapped on element 'Object Repository/CompetencyTraining/SubmitRemarksButton'

2018-06-08 00:35:04 - [TEST_STEP][PASSED] - delay: Delayed 1 second(s)

2018-06-08 00:35:05 - [MESSAGE][PASSED] - Delayed 1 second(s)

2018-06-08 00:35:05 - [TEST_STEP][PASSED] - verifyElementExist: Element 'Object Repository/CommonElements/Validate_InfoPopUp' is exist

2018-06-08 00:35:05 - [MESSAGE][WARNING] - Timeout '0' is invalid. Using default page load timeout: '30'

2018-06-08 00:35:05 - [MESSAGE][PASSED] - Element 'Object Repository/CommonElements/Validate_InfoPopUp' is exist

2018-06-08 00:35:05 - [TEST_STEP][PASSED] - delay: Delayed 1 second(s)

2018-06-08 00:35:06 - [MESSAGE][PASSED] - Delayed 1 second(s)

2018-06-08 00:35:06 - [TEST_STEP][PASSED] - tap: Tapped on element 'Object Repository/CommonElements/InfoPopUp_OKButton'

2018-06-08 00:35:06 - [MESSAGE][WARNING] - Timeout '0' is invalid. Using default page load timeout: '30'

2018-06-08 00:35:07 - [MESSAGE][PASSED] - Tapped on element 'Object Repository/CommonElements/InfoPopUp_OKButton'

2018-06-08 00:35:07 - [TEST_STEP][PASSED] - delay: Delayed 1 second(s)

2018-06-08 00:35:08 - [MESSAGE][PASSED] - Delayed 1 second(s)]]></system-out>
         <system-err><![CDATA[]]></system-err>
      </testcase>
      <testcase name="Test Cases/CompetencyTraining/SaveTrainingWithoutOverwriting" classname="Test Cases/CompetencyTraining/SaveTrainingWithoutOverwriting" status="PASSED">
         <system-out><![CDATA[2018-06-08 00:35:08 - [TEST_CASE][PASSED] - Test Cases/CompetencyTraining/SaveTrainingWithoutOverwriting: Test Cases/CompetencyTraining/SaveTrainingWithoutOverwriting

2018-06-08 00:35:08 - [TEST_STEP][PASSED] - verifyElementText: Actual text and expected text of test object 'Object Repository/CompetencyTraining/Validate_TrainingStepsScreen' are matched.

2018-06-08 00:35:09 - [MESSAGE][PASSED] - Actual text and expected text of test object 'Object Repository/CompetencyTraining/Validate_TrainingStepsScreen' are matched.

2018-06-08 00:35:09 - [TEST_STEP][PASSED] - delay: Delayed 1 second(s)

2018-06-08 00:35:10 - [MESSAGE][PASSED] - Delayed 1 second(s)

2018-06-08 00:35:10 - [TEST_STEP][PASSED] - tap: Tapped on element 'Object Repository/CompetencyTraining/SaveTrainingButton'

2018-06-08 00:35:10 - [MESSAGE][WARNING] - Timeout '0' is invalid. Using default page load timeout: '30'

2018-06-08 00:35:11 - [MESSAGE][PASSED] - Tapped on element 'Object Repository/CompetencyTraining/SaveTrainingButton'

2018-06-08 00:35:11 - [TEST_STEP][PASSED] - delay: Delayed 1 second(s)

2018-06-08 00:35:12 - [MESSAGE][PASSED] - Delayed 1 second(s)

2018-06-08 00:35:12 - [TEST_STEP][PASSED] - verifyElementExist: Element 'Object Repository/CompetencyTraining/Validate_SavedShopScreen' is exist

2018-06-08 00:35:12 - [MESSAGE][WARNING] - Timeout '0' is invalid. Using default page load timeout: '30'

2018-06-08 00:35:12 - [MESSAGE][PASSED] - Element 'Object Repository/CompetencyTraining/Validate_SavedShopScreen' is exist

2018-06-08 00:35:12 - [TEST_STEP][PASSED] - delay: Delayed 1 second(s)

2018-06-08 00:35:13 - [MESSAGE][PASSED] - Delayed 1 second(s)

2018-06-08 00:35:13 - [TEST_STEP][PASSED] - tap: Tapped on element 'Object Repository/CompetencyTraining/SavedShop_BackButton'

2018-06-08 00:35:13 - [MESSAGE][WARNING] - Timeout '0' is invalid. Using default page load timeout: '30'

2018-06-08 00:35:14 - [MESSAGE][PASSED] - Tapped on element 'Object Repository/CompetencyTraining/SavedShop_BackButton'

2018-06-08 00:35:14 - [TEST_STEP][PASSED] - delay: Delayed 1 second(s)

2018-06-08 00:35:15 - [MESSAGE][PASSED] - Delayed 1 second(s)

2018-06-08 00:35:15 - [TEST_STEP][PASSED] - verifyElementText: Actual text and expected text of test object 'Object Repository/CompetencyTraining/Validate_ShopsListScreen' are matched.

2018-06-08 00:35:15 - [MESSAGE][PASSED] - Actual text and expected text of test object 'Object Repository/CompetencyTraining/Validate_ShopsListScreen' are matched.

2018-06-08 00:35:15 - [TEST_STEP][PASSED] - delay: Delayed 1 second(s)

2018-06-08 00:35:16 - [MESSAGE][PASSED] - Delayed 1 second(s)]]></system-out>
         <system-err><![CDATA[]]></system-err>
      </testcase>
      <testcase name="Test Cases/CompetencyTraining/OverwriteShop_2" classname="Test Cases/CompetencyTraining/OverwriteShop_2" status="PASSED">
         <system-out><![CDATA[2018-06-08 00:35:16 - [TEST_CASE][PASSED] - Test Cases/CompetencyTraining/OverwriteShop_2: Test Cases/CompetencyTraining/OverwriteShop_2

2018-06-08 00:35:16 - [TEST_STEP][PASSED] - verifyElementText: Actual text and expected text of test object 'Object Repository/CompetencyTraining/Validate_ShopsListScreen' are matched.

2018-06-08 00:35:16 - [MESSAGE][PASSED] - Actual text and expected text of test object 'Object Repository/CompetencyTraining/Validate_ShopsListScreen' are matched.

2018-06-08 00:35:16 - [TEST_STEP][PASSED] - delay: Delayed 1 second(s)

2018-06-08 00:35:17 - [MESSAGE][PASSED] - Delayed 1 second(s)

2018-06-08 00:35:17 - [TEST_STEP][PASSED] - customkeywordscollection.CustomKeywords.selectShopForCompetencyTraining: customkeywordscollection.CustomKeywords.selectShopForCompetencyTraining is PASSED

2018-06-08 00:35:19 - [MESSAGE][PASSED] - Delayed 1 second(s)

2018-06-08 00:35:19 - [MESSAGE][PASSED] - customkeywordscollection.CustomKeywords.selectShopForCompetencyTraining is PASSED]]></system-out>
         <system-err><![CDATA[]]></system-err>
      </testcase>
      <testcase name="Test Cases/CompetencyTraining/OverwriteTraining" classname="Test Cases/CompetencyTraining/OverwriteTraining" status="PASSED">
         <system-out><![CDATA[2018-06-08 00:35:19 - [TEST_CASE][PASSED] - Test Cases/CompetencyTraining/OverwriteTraining: Test Cases/CompetencyTraining/OverwriteTraining

2018-06-08 00:35:19 - [TEST_STEP][PASSED] - verifyElementText: Actual text and expected text of test object 'Object Repository/CompetencyTraining/Validate_TrainingStepsScreen' are matched.

2018-06-08 00:35:46 - [MESSAGE][PASSED] - Actual text and expected text of test object 'Object Repository/CompetencyTraining/Validate_TrainingStepsScreen' are matched.

2018-06-08 00:35:46 - [TEST_STEP][PASSED] - delay: Delayed 1 second(s)

2018-06-08 00:35:47 - [MESSAGE][PASSED] - Delayed 1 second(s)

2018-06-08 00:35:47 - [TEST_STEP][PASSED] - tap: Tapped on element 'Object Repository/CompetencyTraining/RatingonICESteps'

2018-06-08 00:35:47 - [MESSAGE][WARNING] - Timeout '0' is invalid. Using default page load timeout: '30'

2018-06-08 00:35:47 - [MESSAGE][PASSED] - Tapped on element 'Object Repository/CompetencyTraining/RatingonICESteps'

2018-06-08 00:35:47 - [TEST_STEP][PASSED] - delay: Delayed 1 second(s)

2018-06-08 00:35:48 - [MESSAGE][PASSED] - Delayed 1 second(s)

2018-06-08 00:35:48 - [TEST_STEP][PASSED] - verifyElementText: Actual text and expected text of test object 'Object Repository/CompetencyTraining/Validate_RateDSFScreen' are matched.

2018-06-08 00:35:49 - [MESSAGE][PASSED] - Actual text and expected text of test object 'Object Repository/CompetencyTraining/Validate_RateDSFScreen' are matched.

2018-06-08 00:35:49 - [TEST_STEP][PASSED] - delay: Delayed 1 second(s)

2018-06-08 00:35:50 - [MESSAGE][PASSED] - Delayed 1 second(s)

2018-06-08 00:35:50 - [TEST_STEP][PASSED] - tap: Tapped on element 'Object Repository/CompetencyTraining/RouteManagement'

2018-06-08 00:35:50 - [MESSAGE][WARNING] - Timeout '0' is invalid. Using default page load timeout: '30'

2018-06-08 00:35:50 - [MESSAGE][PASSED] - Tapped on element 'Object Repository/CompetencyTraining/RouteManagement'

2018-06-08 00:35:50 - [TEST_STEP][PASSED] - delay: Delayed 1 second(s)

2018-06-08 00:35:51 - [MESSAGE][PASSED] - Delayed 1 second(s)

2018-06-08 00:35:51 - [TEST_STEP][PASSED] - tap: Tapped on element 'Object Repository/CompetencyTraining/Standard'

2018-06-08 00:35:51 - [MESSAGE][WARNING] - Timeout '0' is invalid. Using default page load timeout: '30'

2018-06-08 00:35:52 - [MESSAGE][PASSED] - Tapped on element 'Object Repository/CompetencyTraining/Standard'

2018-06-08 00:35:52 - [TEST_STEP][PASSED] - delay: Delayed 1 second(s)

2018-06-08 00:35:53 - [MESSAGE][PASSED] - Delayed 1 second(s)

2018-06-08 00:35:53 - [TEST_STEP][PASSED] - tap: Tapped on element 'Object Repository/CompetencyTraining/RouteManagement'

2018-06-08 00:35:53 - [MESSAGE][WARNING] - Timeout '0' is invalid. Using default page load timeout: '30'

2018-06-08 00:35:53 - [MESSAGE][PASSED] - Tapped on element 'Object Repository/CompetencyTraining/RouteManagement'

2018-06-08 00:35:53 - [TEST_STEP][PASSED] - delay: Delayed 1 second(s)

2018-06-08 00:35:54 - [MESSAGE][PASSED] - Delayed 1 second(s)

2018-06-08 00:35:54 - [TEST_STEP][PASSED] - tap: Tapped on element 'Object Repository/CompetencyTraining/PlanTheDay'

2018-06-08 00:35:54 - [MESSAGE][WARNING] - Timeout '0' is invalid. Using default page load timeout: '30'

2018-06-08 00:35:55 - [MESSAGE][PASSED] - Tapped on element 'Object Repository/CompetencyTraining/PlanTheDay'

2018-06-08 00:35:55 - [TEST_STEP][PASSED] - delay: Delayed 1 second(s)

2018-06-08 00:35:56 - [MESSAGE][PASSED] - Delayed 1 second(s)

2018-06-08 00:35:56 - [TEST_STEP][PASSED] - tap: Tapped on element 'Object Repository/CompetencyTraining/Standard'

2018-06-08 00:35:56 - [MESSAGE][WARNING] - Timeout '0' is invalid. Using default page load timeout: '30'

2018-06-08 00:35:56 - [MESSAGE][PASSED] - Tapped on element 'Object Repository/CompetencyTraining/Standard'

2018-06-08 00:35:56 - [TEST_STEP][PASSED] - delay: Delayed 1 second(s)

2018-06-08 00:35:57 - [MESSAGE][PASSED] - Delayed 1 second(s)

2018-06-08 00:35:57 - [TEST_STEP][PASSED] - tap: Tapped on element 'Object Repository/CompetencyTraining/PlanTheDay'

2018-06-08 00:35:57 - [MESSAGE][WARNING] - Timeout '0' is invalid. Using default page load timeout: '30'

2018-06-08 00:35:58 - [MESSAGE][PASSED] - Tapped on element 'Object Repository/CompetencyTraining/PlanTheDay'

2018-06-08 00:35:58 - [TEST_STEP][PASSED] - delay: Delayed 1 second(s)

2018-06-08 00:35:59 - [MESSAGE][PASSED] - Delayed 1 second(s)

2018-06-08 00:35:59 - [TEST_STEP][PASSED] - tap: Tapped on element 'Object Repository/CompetencyTraining/OutletStockCheck'

2018-06-08 00:35:59 - [MESSAGE][WARNING] - Timeout '0' is invalid. Using default page load timeout: '30'

2018-06-08 00:35:59 - [MESSAGE][PASSED] - Tapped on element 'Object Repository/CompetencyTraining/OutletStockCheck'

2018-06-08 00:35:59 - [TEST_STEP][PASSED] - delay: Delayed 1 second(s)

2018-06-08 00:36:00 - [MESSAGE][PASSED] - Delayed 1 second(s)

2018-06-08 00:36:00 - [TEST_STEP][PASSED] - tap: Tapped on element 'Object Repository/CompetencyTraining/Standard'

2018-06-08 00:36:00 - [MESSAGE][WARNING] - Timeout '0' is invalid. Using default page load timeout: '30'

2018-06-08 00:36:00 - [MESSAGE][PASSED] - Tapped on element 'Object Repository/CompetencyTraining/Standard'

2018-06-08 00:36:00 - [TEST_STEP][PASSED] - delay: Delayed 1 second(s)

2018-06-08 00:36:01 - [MESSAGE][PASSED] - Delayed 1 second(s)

2018-06-08 00:36:01 - [TEST_STEP][PASSED] - tap: Tapped on element 'Object Repository/CompetencyTraining/OutletStockCheck'

2018-06-08 00:36:01 - [MESSAGE][WARNING] - Timeout '0' is invalid. Using default page load timeout: '30'

2018-06-08 00:36:02 - [MESSAGE][PASSED] - Tapped on element 'Object Repository/CompetencyTraining/OutletStockCheck'

2018-06-08 00:36:02 - [TEST_STEP][PASSED] - delay: Delayed 1 second(s)

2018-06-08 00:36:03 - [MESSAGE][PASSED] - Delayed 1 second(s)

2018-06-08 00:36:03 - [TEST_STEP][PASSED] - tap: Tapped on element 'Object Repository/CompetencyTraining/Merchandising'

2018-06-08 00:36:03 - [MESSAGE][WARNING] - Timeout '0' is invalid. Using default page load timeout: '30'

2018-06-08 00:36:03 - [MESSAGE][PASSED] - Tapped on element 'Object Repository/CompetencyTraining/Merchandising'

2018-06-08 00:36:03 - [TEST_STEP][PASSED] - delay: Delayed 1 second(s)

2018-06-08 00:36:04 - [MESSAGE][PASSED] - Delayed 1 second(s)

2018-06-08 00:36:04 - [TEST_STEP][PASSED] - tap: Tapped on element 'Object Repository/CompetencyTraining/Standard'

2018-06-08 00:36:04 - [MESSAGE][WARNING] - Timeout '0' is invalid. Using default page load timeout: '30'

2018-06-08 00:36:05 - [MESSAGE][PASSED] - Tapped on element 'Object Repository/CompetencyTraining/Standard'

2018-06-08 00:36:05 - [TEST_STEP][PASSED] - delay: Delayed 1 second(s)

2018-06-08 00:36:06 - [MESSAGE][PASSED] - Delayed 1 second(s)

2018-06-08 00:36:06 - [TEST_STEP][PASSED] - tap: Tapped on element 'Object Repository/CompetencyTraining/Merchandising'

2018-06-08 00:36:06 - [MESSAGE][WARNING] - Timeout '0' is invalid. Using default page load timeout: '30'

2018-06-08 00:36:06 - [MESSAGE][PASSED] - Tapped on element 'Object Repository/CompetencyTraining/Merchandising'

2018-06-08 00:36:06 - [TEST_STEP][PASSED] - delay: Delayed 1 second(s)

2018-06-08 00:36:07 - [MESSAGE][PASSED] - Delayed 1 second(s)

2018-06-08 00:36:07 - [TEST_STEP][PASSED] - pressBack: Press back button successfully

2018-06-08 00:36:08 - [MESSAGE][PASSED] - Press back button successfully

2018-06-08 00:36:08 - [TEST_STEP][PASSED] - delay: Delayed 1 second(s)

2018-06-08 00:36:09 - [MESSAGE][PASSED] - Delayed 1 second(s)

2018-06-08 00:36:09 - [TEST_STEP][PASSED] - verifyElementText: Actual text and expected text of test object 'Object Repository/CompetencyTraining/Validate_TrainingStepsScreen' are matched.

2018-06-08 00:36:09 - [MESSAGE][PASSED] - Actual text and expected text of test object 'Object Repository/CompetencyTraining/Validate_TrainingStepsScreen' are matched.

2018-06-08 00:36:09 - [TEST_STEP][PASSED] - delay: Delayed 1 second(s)

2018-06-08 00:36:10 - [MESSAGE][PASSED] - Delayed 1 second(s)

2018-06-08 00:36:10 - [TEST_STEP][PASSED] - tap: Tapped on element 'Object Repository/CompetencyTraining/FieldSalesCoaching'

2018-06-08 00:36:10 - [MESSAGE][WARNING] - Timeout '0' is invalid. Using default page load timeout: '30'

2018-06-08 00:36:10 - [MESSAGE][PASSED] - Tapped on element 'Object Repository/CompetencyTraining/FieldSalesCoaching'

2018-06-08 00:36:10 - [TEST_STEP][PASSED] - delay: Delayed 1 second(s)

2018-06-08 00:36:11 - [MESSAGE][PASSED] - Delayed 1 second(s)

2018-06-08 00:36:11 - [TEST_STEP][PASSED] - verifyElementText: Actual text and expected text of test object 'Object Repository/CompetencyTraining/Validate_FieldSalesCoachingScreen' are matched.

2018-06-08 00:36:12 - [MESSAGE][PASSED] - Actual text and expected text of test object 'Object Repository/CompetencyTraining/Validate_FieldSalesCoachingScreen' are matched.

2018-06-08 00:36:12 - [TEST_STEP][PASSED] - delay: Delayed 1 second(s)

2018-06-08 00:36:13 - [MESSAGE][PASSED] - Delayed 1 second(s)

2018-06-08 00:36:13 - [TEST_STEP][PASSED] - tap: Tapped on element 'Object Repository/CompetencyTraining/FieldSalesCoachingTakePicture_ImageView'

2018-06-08 00:36:13 - [MESSAGE][WARNING] - Timeout '0' is invalid. Using default page load timeout: '30'

2018-06-08 00:36:15 - [MESSAGE][PASSED] - Tapped on element 'Object Repository/CompetencyTraining/FieldSalesCoachingTakePicture_ImageView'

2018-06-08 00:36:15 - [TEST_STEP][PASSED] - delay: Delayed 1 second(s)

2018-06-08 00:36:16 - [MESSAGE][PASSED] - Delayed 1 second(s)

2018-06-08 00:36:16 - [TEST_STEP][PASSED] - verifyElementExist: Element 'Object Repository/CommonElements/Validate_CameraScreen' is exist

2018-06-08 00:36:16 - [MESSAGE][WARNING] - Timeout '0' is invalid. Using default page load timeout: '30'

2018-06-08 00:36:16 - [MESSAGE][PASSED] - Element 'Object Repository/CommonElements/Validate_CameraScreen' is exist

2018-06-08 00:36:16 - [TEST_STEP][PASSED] - delay: Delayed 1 second(s)

2018-06-08 00:36:17 - [MESSAGE][PASSED] - Delayed 1 second(s)

2018-06-08 00:36:17 - [TEST_STEP][PASSED] - tap: Tapped on element 'Object Repository/CommonElements/TakePhotoButton'

2018-06-08 00:36:17 - [MESSAGE][WARNING] - Timeout '0' is invalid. Using default page load timeout: '30'

2018-06-08 00:36:20 - [MESSAGE][PASSED] - Tapped on element 'Object Repository/CommonElements/TakePhotoButton'

2018-06-08 00:36:20 - [TEST_STEP][PASSED] - delay: Delayed 5 second(s)

2018-06-08 00:36:25 - [MESSAGE][PASSED] - Delayed 5 second(s)

2018-06-08 00:36:25 - [TEST_STEP][PASSED] - tap: Tapped on element 'Object Repository/CommonElements/DoneButton'

2018-06-08 00:36:25 - [MESSAGE][WARNING] - Timeout '0' is invalid. Using default page load timeout: '30'

2018-06-08 00:36:28 - [MESSAGE][PASSED] - Tapped on element 'Object Repository/CommonElements/DoneButton'

2018-06-08 00:36:28 - [TEST_STEP][PASSED] - delay: Delayed 1 second(s)

2018-06-08 00:36:29 - [MESSAGE][PASSED] - Delayed 1 second(s)

2018-06-08 00:36:29 - [TEST_STEP][PASSED] - verifyElementText: Actual text and expected text of test object 'Object Repository/CompetencyTraining/Validate_FieldSalesCoachingScreen' are matched.

2018-06-08 00:36:29 - [MESSAGE][PASSED] - Actual text and expected text of test object 'Object Repository/CompetencyTraining/Validate_FieldSalesCoachingScreen' are matched.

2018-06-08 00:36:29 - [TEST_STEP][PASSED] - delay: Delayed 1 second(s)

2018-06-08 00:36:30 - [MESSAGE][PASSED] - Delayed 1 second(s)

2018-06-08 00:36:30 - [TEST_STEP][PASSED] - pressBack: Press back button successfully

2018-06-08 00:36:31 - [MESSAGE][PASSED] - Press back button successfully

2018-06-08 00:36:31 - [TEST_STEP][PASSED] - delay: Delayed 1 second(s)

2018-06-08 00:36:32 - [MESSAGE][PASSED] - Delayed 1 second(s)

2018-06-08 00:36:32 - [TEST_STEP][PASSED] - verifyElementText: Actual text and expected text of test object 'Object Repository/CompetencyTraining/Validate_TrainingStepsScreen' are matched.

2018-06-08 00:36:32 - [MESSAGE][PASSED] - Actual text and expected text of test object 'Object Repository/CompetencyTraining/Validate_TrainingStepsScreen' are matched.

2018-06-08 00:36:32 - [TEST_STEP][PASSED] - delay: Delayed 1 second(s)

2018-06-08 00:36:33 - [MESSAGE][PASSED] - Delayed 1 second(s)

2018-06-08 00:36:33 - [TEST_STEP][PASSED] - tap: Tapped on element 'Object Repository/CompetencyTraining/CapturingPictureOfSuccess'

2018-06-08 00:36:33 - [MESSAGE][WARNING] - Timeout '0' is invalid. Using default page load timeout: '30'

2018-06-08 00:36:34 - [MESSAGE][PASSED] - Tapped on element 'Object Repository/CompetencyTraining/CapturingPictureOfSuccess'

2018-06-08 00:36:34 - [TEST_STEP][PASSED] - delay: Delayed 1 second(s)

2018-06-08 00:36:35 - [MESSAGE][PASSED] - Delayed 1 second(s)

2018-06-08 00:36:35 - [TEST_STEP][PASSED] - verifyElementExist: Element 'Object Repository/CompetencyTraining/Validate_PictureOfSuccessDetailScreen' is exist

2018-06-08 00:36:35 - [MESSAGE][WARNING] - Timeout '0' is invalid. Using default page load timeout: '30'

2018-06-08 00:36:36 - [MESSAGE][PASSED] - Element 'Object Repository/CompetencyTraining/Validate_PictureOfSuccessDetailScreen' is exist

2018-06-08 00:36:36 - [TEST_STEP][PASSED] - delay: Delayed 1 second(s)

2018-06-08 00:36:37 - [MESSAGE][PASSED] - Delayed 1 second(s)

2018-06-08 00:36:37 - [TEST_STEP][PASSED] - customkeywordscollection.CustomKeywords.takePictureOfSuccess: customkeywordscollection.CustomKeywords.takePictureOfSuccess is PASSED

2018-06-08 00:36:40 - [MESSAGE][PASSED] - Delayed 1 second(s)

2018-06-08 00:36:40 - [MESSAGE][WARNING] - Timeout '0' is invalid. Using default page load timeout: '30'

2018-06-08 00:36:41 - [MESSAGE][PASSED] - Element 'Object Repository/CommonElements/Validate_CameraScreen' is exist

2018-06-08 00:36:42 - [MESSAGE][PASSED] - Delayed 1 second(s)

2018-06-08 00:36:42 - [MESSAGE][WARNING] - Timeout '0' is invalid. Using default page load timeout: '30'

2018-06-08 00:36:45 - [MESSAGE][PASSED] - Tapped on element 'Object Repository/CommonElements/TakePhotoButton'

2018-06-08 00:36:50 - [MESSAGE][PASSED] - Delayed 5 second(s)

2018-06-08 00:36:50 - [MESSAGE][WARNING] - Timeout '0' is invalid. Using default page load timeout: '30'

2018-06-08 00:36:51 - [MESSAGE][PASSED] - Tapped on element 'Object Repository/CommonElements/DoneButton'

2018-06-08 00:36:52 - [MESSAGE][PASSED] - Delayed 1 second(s)

2018-06-08 00:36:59 - [MESSAGE][PASSED] - Delayed 1 second(s)

2018-06-08 00:36:59 - [MESSAGE][WARNING] - Timeout '0' is invalid. Using default page load timeout: '30'

2018-06-08 00:36:59 - [MESSAGE][PASSED] - Element 'Object Repository/CommonElements/Validate_CameraScreen' is exist

2018-06-08 00:37:00 - [MESSAGE][PASSED] - Delayed 1 second(s)

2018-06-08 00:37:00 - [MESSAGE][WARNING] - Timeout '0' is invalid. Using default page load timeout: '30'

2018-06-08 00:37:03 - [MESSAGE][PASSED] - Tapped on element 'Object Repository/CommonElements/TakePhotoButton'

2018-06-08 00:37:08 - [MESSAGE][PASSED] - Delayed 5 second(s)

2018-06-08 00:37:08 - [MESSAGE][WARNING] - Timeout '0' is invalid. Using default page load timeout: '30'

2018-06-08 00:37:10 - [MESSAGE][PASSED] - Tapped on element 'Object Repository/CommonElements/DoneButton'

2018-06-08 00:37:11 - [MESSAGE][PASSED] - Delayed 1 second(s)

2018-06-08 00:37:12 - [MESSAGE][PASSED] - customkeywordscollection.CustomKeywords.takePictureOfSuccess is PASSED

2018-06-08 00:37:12 - [TEST_STEP][PASSED] - pressBack: Press back button successfully

2018-06-08 00:37:13 - [MESSAGE][PASSED] - Press back button successfully

2018-06-08 00:37:13 - [TEST_STEP][PASSED] - delay: Delayed 1 second(s)

2018-06-08 00:37:14 - [MESSAGE][PASSED] - Delayed 1 second(s)

2018-06-08 00:37:14 - [TEST_STEP][PASSED] - verifyElementText: Actual text and expected text of test object 'Object Repository/CompetencyTraining/Validate_TrainingStepsScreen' are matched.

2018-06-08 00:37:14 - [MESSAGE][PASSED] - Actual text and expected text of test object 'Object Repository/CompetencyTraining/Validate_TrainingStepsScreen' are matched.

2018-06-08 00:37:14 - [TEST_STEP][PASSED] - delay: Delayed 1 second(s)

2018-06-08 00:37:15 - [MESSAGE][PASSED] - Delayed 1 second(s)

2018-06-08 00:37:15 - [TEST_STEP][PASSED] - tap: Tapped on element 'Object Repository/CompetencyTraining/MarketIntelligence'

2018-06-08 00:37:15 - [MESSAGE][WARNING] - Timeout '0' is invalid. Using default page load timeout: '30'

2018-06-08 00:37:15 - [MESSAGE][PASSED] - Tapped on element 'Object Repository/CompetencyTraining/MarketIntelligence'

2018-06-08 00:37:15 - [TEST_STEP][PASSED] - delay: Delayed 1 second(s)

2018-06-08 00:37:16 - [MESSAGE][PASSED] - Delayed 1 second(s)

2018-06-08 00:37:16 - [TEST_STEP][PASSED] - verifyElementText: Actual text and expected text of test object 'Object Repository/CompetencyTraining/Validate_MarketIntelligenceScreen' are matched.

2018-06-08 00:37:17 - [MESSAGE][PASSED] - Actual text and expected text of test object 'Object Repository/CompetencyTraining/Validate_MarketIntelligenceScreen' are matched.

2018-06-08 00:37:17 - [TEST_STEP][PASSED] - delay: Delayed 1 second(s)

2018-06-08 00:37:18 - [MESSAGE][PASSED] - Delayed 1 second(s)

2018-06-08 00:37:18 - [TEST_STEP][PASSED] - tap: Tapped on element 'Object Repository/CompetencyTraining/MarketIntelligenceTakePicture_ImageView'

2018-06-08 00:37:18 - [MESSAGE][WARNING] - Timeout '0' is invalid. Using default page load timeout: '30'

2018-06-08 00:37:20 - [MESSAGE][PASSED] - Tapped on element 'Object Repository/CompetencyTraining/MarketIntelligenceTakePicture_ImageView'

2018-06-08 00:37:20 - [TEST_STEP][PASSED] - delay: Delayed 1 second(s)

2018-06-08 00:37:21 - [MESSAGE][PASSED] - Delayed 1 second(s)

2018-06-08 00:37:21 - [TEST_STEP][PASSED] - verifyElementExist: Element 'Object Repository/CommonElements/Validate_CameraScreen' is exist

2018-06-08 00:37:21 - [MESSAGE][WARNING] - Timeout '0' is invalid. Using default page load timeout: '30'

2018-06-08 00:37:21 - [MESSAGE][PASSED] - Element 'Object Repository/CommonElements/Validate_CameraScreen' is exist

2018-06-08 00:37:21 - [TEST_STEP][PASSED] - delay: Delayed 1 second(s)

2018-06-08 00:37:22 - [MESSAGE][PASSED] - Delayed 1 second(s)

2018-06-08 00:37:22 - [TEST_STEP][PASSED] - tap: Tapped on element 'Object Repository/CommonElements/TakePhotoButton'

2018-06-08 00:37:22 - [MESSAGE][WARNING] - Timeout '0' is invalid. Using default page load timeout: '30'

2018-06-08 00:37:25 - [MESSAGE][PASSED] - Tapped on element 'Object Repository/CommonElements/TakePhotoButton'

2018-06-08 00:37:25 - [TEST_STEP][PASSED] - delay: Delayed 5 second(s)

2018-06-08 00:37:30 - [MESSAGE][PASSED] - Delayed 5 second(s)

2018-06-08 00:37:30 - [TEST_STEP][PASSED] - tap: Tapped on element 'Object Repository/CommonElements/DoneButton'

2018-06-08 00:37:30 - [MESSAGE][WARNING] - Timeout '0' is invalid. Using default page load timeout: '30'

2018-06-08 00:37:33 - [MESSAGE][PASSED] - Tapped on element 'Object Repository/CommonElements/DoneButton'

2018-06-08 00:37:33 - [TEST_STEP][PASSED] - delay: Delayed 1 second(s)

2018-06-08 00:37:34 - [MESSAGE][PASSED] - Delayed 1 second(s)

2018-06-08 00:37:34 - [TEST_STEP][PASSED] - verifyElementText: Actual text and expected text of test object 'Object Repository/CompetencyTraining/Validate_MarketIntelligenceScreen' are matched.

2018-06-08 00:37:35 - [MESSAGE][PASSED] - Actual text and expected text of test object 'Object Repository/CompetencyTraining/Validate_MarketIntelligenceScreen' are matched.

2018-06-08 00:37:35 - [TEST_STEP][PASSED] - delay: Delayed 1 second(s)

2018-06-08 00:37:36 - [MESSAGE][PASSED] - Delayed 1 second(s)

2018-06-08 00:37:36 - [TEST_STEP][PASSED] - pressBack: Press back button successfully

2018-06-08 00:37:36 - [MESSAGE][PASSED] - Press back button successfully

2018-06-08 00:37:36 - [TEST_STEP][PASSED] - delay: Delayed 1 second(s)

2018-06-08 00:37:37 - [MESSAGE][PASSED] - Delayed 1 second(s)

2018-06-08 00:37:37 - [TEST_STEP][PASSED] - verifyElementText: Actual text and expected text of test object 'Object Repository/CompetencyTraining/Validate_TrainingStepsScreen' are matched.

2018-06-08 00:37:37 - [MESSAGE][PASSED] - Actual text and expected text of test object 'Object Repository/CompetencyTraining/Validate_TrainingStepsScreen' are matched.

2018-06-08 00:37:37 - [TEST_STEP][PASSED] - delay: Delayed 1 second(s)

2018-06-08 00:37:38 - [MESSAGE][PASSED] - Delayed 1 second(s)

2018-06-08 00:37:38 - [TEST_STEP][PASSED] - tap: Tapped on element 'Object Repository/CompetencyTraining/Remarks'

2018-06-08 00:37:38 - [MESSAGE][WARNING] - Timeout '0' is invalid. Using default page load timeout: '30'

2018-06-08 00:37:39 - [MESSAGE][PASSED] - Tapped on element 'Object Repository/CompetencyTraining/Remarks'

2018-06-08 00:37:39 - [TEST_STEP][PASSED] - delay: Delayed 1 second(s)

2018-06-08 00:37:40 - [MESSAGE][PASSED] - Delayed 1 second(s)

2018-06-08 00:37:40 - [TEST_STEP][PASSED] - verifyElementText: Actual text and expected text of test object 'Object Repository/CompetencyTraining/Validate_RemarksScreen' are matched.

2018-06-08 00:37:40 - [MESSAGE][PASSED] - Actual text and expected text of test object 'Object Repository/CompetencyTraining/Validate_RemarksScreen' are matched.

2018-06-08 00:37:40 - [TEST_STEP][PASSED] - delay: Delayed 1 second(s)

2018-06-08 00:37:41 - [MESSAGE][PASSED] - Delayed 1 second(s)

2018-06-08 00:37:41 - [TEST_STEP][PASSED] - setText: Text 'Overwrite Remarks' has been set to element 'Object Repository/CompetencyTraining/Remarks_TextContainer'

2018-06-08 00:37:41 - [MESSAGE][WARNING] - Timeout '0' is invalid. Using default page load timeout: '30'

2018-06-08 00:37:51 - [MESSAGE][PASSED] - Text 'Overwrite Remarks' has been set to element 'Object Repository/CompetencyTraining/Remarks_TextContainer'

2018-06-08 00:37:51 - [TEST_STEP][PASSED] - hideKeyboard: Keyboard is hidden

2018-06-08 00:37:53 - [MESSAGE][PASSED] - Keyboard is hidden

2018-06-08 00:37:53 - [TEST_STEP][PASSED] - delay: Delayed 1 second(s)

2018-06-08 00:37:54 - [MESSAGE][PASSED] - Delayed 1 second(s)

2018-06-08 00:37:54 - [TEST_STEP][PASSED] - tap: Tapped on element 'Object Repository/CompetencyTraining/SubmitRemarksButton'

2018-06-08 00:37:54 - [MESSAGE][WARNING] - Timeout '0' is invalid. Using default page load timeout: '30'

2018-06-08 00:37:55 - [MESSAGE][PASSED] - Tapped on element 'Object Repository/CompetencyTraining/SubmitRemarksButton'

2018-06-08 00:37:55 - [TEST_STEP][PASSED] - delay: Delayed 1 second(s)

2018-06-08 00:37:56 - [MESSAGE][PASSED] - Delayed 1 second(s)

2018-06-08 00:37:56 - [TEST_STEP][PASSED] - verifyElementExist: Element 'Object Repository/CommonElements/Validate_InfoPopUp' is exist

2018-06-08 00:37:56 - [MESSAGE][WARNING] - Timeout '0' is invalid. Using default page load timeout: '30'

2018-06-08 00:37:56 - [MESSAGE][PASSED] - Element 'Object Repository/CommonElements/Validate_InfoPopUp' is exist

2018-06-08 00:37:56 - [TEST_STEP][PASSED] - delay: Delayed 1 second(s)

2018-06-08 00:37:57 - [MESSAGE][PASSED] - Delayed 1 second(s)

2018-06-08 00:37:57 - [TEST_STEP][PASSED] - tap: Tapped on element 'Object Repository/CommonElements/InfoPopUp_OKButton'

2018-06-08 00:37:57 - [MESSAGE][WARNING] - Timeout '0' is invalid. Using default page load timeout: '30'

2018-06-08 00:38:00 - [MESSAGE][PASSED] - Tapped on element 'Object Repository/CommonElements/InfoPopUp_OKButton'

2018-06-08 00:38:00 - [TEST_STEP][PASSED] - delay: Delayed 1 second(s)

2018-06-08 00:38:01 - [MESSAGE][PASSED] - Delayed 1 second(s)]]></system-out>
         <system-err><![CDATA[]]></system-err>
      </testcase>
      <testcase name="Test Cases/CompetencyTraining/SaveTrainingWithOverwriting" classname="Test Cases/CompetencyTraining/SaveTrainingWithOverwriting" status="PASSED">
         <system-out><![CDATA[2018-06-08 00:38:01 - [TEST_CASE][PASSED] - Test Cases/CompetencyTraining/SaveTrainingWithOverwriting: Test Cases/CompetencyTraining/SaveTrainingWithOverwriting

2018-06-08 00:38:01 - [TEST_STEP][PASSED] - verifyElementText: Actual text and expected text of test object 'Object Repository/CompetencyTraining/Validate_TrainingStepsScreen' are matched.

2018-06-08 00:38:01 - [MESSAGE][PASSED] - Actual text and expected text of test object 'Object Repository/CompetencyTraining/Validate_TrainingStepsScreen' are matched.

2018-06-08 00:38:01 - [TEST_STEP][PASSED] - delay: Delayed 1 second(s)

2018-06-08 00:38:02 - [MESSAGE][PASSED] - Delayed 1 second(s)

2018-06-08 00:38:02 - [TEST_STEP][PASSED] - tap: Tapped on element 'Object Repository/CompetencyTraining/SaveTrainingButton'

2018-06-08 00:38:02 - [MESSAGE][WARNING] - Timeout '0' is invalid. Using default page load timeout: '30'

2018-06-08 00:38:03 - [MESSAGE][PASSED] - Tapped on element 'Object Repository/CompetencyTraining/SaveTrainingButton'

2018-06-08 00:38:03 - [TEST_STEP][PASSED] - delay: Delayed 1 second(s)

2018-06-08 00:38:04 - [MESSAGE][PASSED] - Delayed 1 second(s)

2018-06-08 00:38:04 - [TEST_STEP][PASSED] - verifyElementExist: Element 'Object Repository/CompetencyTraining/Validate_SavedShopScreen' is exist

2018-06-08 00:38:04 - [MESSAGE][WARNING] - Timeout '0' is invalid. Using default page load timeout: '30'

2018-06-08 00:38:04 - [MESSAGE][PASSED] - Element 'Object Repository/CompetencyTraining/Validate_SavedShopScreen' is exist

2018-06-08 00:38:04 - [TEST_STEP][PASSED] - delay: Delayed 1 second(s)

2018-06-08 00:38:05 - [MESSAGE][PASSED] - Delayed 1 second(s)

2018-06-08 00:38:05 - [TEST_STEP][PASSED] - tap: Tapped on element 'Object Repository/CompetencyTraining/SavedShop_BackButton'

2018-06-08 00:38:05 - [MESSAGE][WARNING] - Timeout '0' is invalid. Using default page load timeout: '30'

2018-06-08 00:38:06 - [MESSAGE][PASSED] - Tapped on element 'Object Repository/CompetencyTraining/SavedShop_BackButton'

2018-06-08 00:38:06 - [TEST_STEP][PASSED] - delay: Delayed 1 second(s)

2018-06-08 00:38:07 - [MESSAGE][PASSED] - Delayed 1 second(s)

2018-06-08 00:38:07 - [TEST_STEP][PASSED] - verifyElementText: Actual text and expected text of test object 'Object Repository/CompetencyTraining/Validate_ShopsListScreen' are matched.

2018-06-08 00:38:08 - [MESSAGE][PASSED] - Actual text and expected text of test object 'Object Repository/CompetencyTraining/Validate_ShopsListScreen' are matched.

2018-06-08 00:38:08 - [TEST_STEP][PASSED] - delay: Delayed 1 second(s)

2018-06-08 00:38:09 - [MESSAGE][PASSED] - Delayed 1 second(s)]]></system-out>
         <system-err><![CDATA[]]></system-err>
      </testcase>
      <testcase name="Test Cases/CompetencyTraining/BackToMainScreen" classname="Test Cases/CompetencyTraining/BackToMainScreen" status="PASSED">
         <system-out><![CDATA[2018-06-08 00:38:09 - [TEST_CASE][PASSED] - Test Cases/CompetencyTraining/BackToMainScreen: Test Cases/CompetencyTraining/BackToMainScreen

2018-06-08 00:38:09 - [TEST_STEP][PASSED] - verifyElementText: Actual text and expected text of test object 'Object Repository/CompetencyTraining/Validate_ShopsListScreen' are matched.

2018-06-08 00:38:09 - [MESSAGE][PASSED] - Actual text and expected text of test object 'Object Repository/CompetencyTraining/Validate_ShopsListScreen' are matched.

2018-06-08 00:38:09 - [TEST_STEP][PASSED] - delay: Delayed 1 second(s)

2018-06-08 00:38:10 - [MESSAGE][PASSED] - Delayed 1 second(s)

2018-06-08 00:38:10 - [TEST_STEP][PASSED] - tap: Tapped on element 'Object Repository/CompetencyTraining/ShopsList_BackButton'

2018-06-08 00:38:10 - [MESSAGE][WARNING] - Timeout '0' is invalid. Using default page load timeout: '30'

2018-06-08 00:38:10 - [MESSAGE][PASSED] - Tapped on element 'Object Repository/CompetencyTraining/ShopsList_BackButton'

2018-06-08 00:38:10 - [TEST_STEP][PASSED] - delay: Delayed 1 second(s)

2018-06-08 00:38:11 - [MESSAGE][PASSED] - Delayed 1 second(s)

2018-06-08 00:38:11 - [TEST_STEP][PASSED] - verifyElementText: Actual text and expected text of test object 'Object Repository/CompetencyTraining/Validate_ProgramsScreen' are matched.

2018-06-08 00:38:12 - [MESSAGE][PASSED] - Actual text and expected text of test object 'Object Repository/CompetencyTraining/Validate_ProgramsScreen' are matched.

2018-06-08 00:38:12 - [TEST_STEP][PASSED] - delay: Delayed 1 second(s)

2018-06-08 00:38:13 - [MESSAGE][PASSED] - Delayed 1 second(s)

2018-06-08 00:38:13 - [TEST_STEP][PASSED] - tap: Tapped on element 'Object Repository/CompetencyTraining/Programs_BackButton'

2018-06-08 00:38:13 - [MESSAGE][WARNING] - Timeout '0' is invalid. Using default page load timeout: '30'

2018-06-08 00:38:13 - [MESSAGE][PASSED] - Tapped on element 'Object Repository/CompetencyTraining/Programs_BackButton'

2018-06-08 00:38:13 - [TEST_STEP][PASSED] - delay: Delayed 1 second(s)

2018-06-08 00:38:14 - [MESSAGE][PASSED] - Delayed 1 second(s)

2018-06-08 00:38:14 - [TEST_STEP][PASSED] - verifyElementText: Actual text and expected text of test object 'Object Repository/CompetencyTraining/Validate_DSFScreen' are matched.

2018-06-08 00:38:15 - [MESSAGE][PASSED] - Actual text and expected text of test object 'Object Repository/CompetencyTraining/Validate_DSFScreen' are matched.

2018-06-08 00:38:15 - [TEST_STEP][PASSED] - delay: Delayed 1 second(s)

2018-06-08 00:38:16 - [MESSAGE][PASSED] - Delayed 1 second(s)

2018-06-08 00:38:16 - [TEST_STEP][PASSED] - tap: Tapped on element 'Object Repository/CompetencyTraining/DSF_BackButton'

2018-06-08 00:38:16 - [MESSAGE][WARNING] - Timeout '0' is invalid. Using default page load timeout: '30'

2018-06-08 00:38:16 - [MESSAGE][PASSED] - Tapped on element 'Object Repository/CompetencyTraining/DSF_BackButton'

2018-06-08 00:38:16 - [TEST_STEP][PASSED] - delay: Delayed 1 second(s)

2018-06-08 00:38:17 - [MESSAGE][PASSED] - Delayed 1 second(s)

2018-06-08 00:38:17 - [TEST_STEP][PASSED] - verifyElementExist: Element 'Object Repository/CompetencyTraining/Validate_DistributionProductScreen' is exist

2018-06-08 00:38:17 - [MESSAGE][WARNING] - Timeout '0' is invalid. Using default page load timeout: '30'

2018-06-08 00:38:17 - [MESSAGE][PASSED] - Element 'Object Repository/CompetencyTraining/Validate_DistributionProductScreen' is exist

2018-06-08 00:38:17 - [TEST_STEP][PASSED] - delay: Delayed 1 second(s)

2018-06-08 00:38:18 - [MESSAGE][PASSED] - Delayed 1 second(s)

2018-06-08 00:38:18 - [TEST_STEP][PASSED] - tap: Tapped on element 'Object Repository/CompetencyTraining/DistributionProduct_BackButton'

2018-06-08 00:38:18 - [MESSAGE][WARNING] - Timeout '0' is invalid. Using default page load timeout: '30'

2018-06-08 00:38:21 - [MESSAGE][PASSED] - Tapped on element 'Object Repository/CompetencyTraining/DistributionProduct_BackButton'

2018-06-08 00:38:21 - [TEST_STEP][PASSED] - delay: Delayed 1 second(s)

2018-06-08 00:38:22 - [MESSAGE][PASSED] - Delayed 1 second(s)

2018-06-08 00:38:22 - [TEST_STEP][PASSED] - verifyElementExist: Element 'Object Repository/MainScreenEelements/Validate_ApplicationMainScreen' is exist

2018-06-08 00:38:22 - [MESSAGE][WARNING] - Timeout '0' is invalid. Using default page load timeout: '30'

2018-06-08 00:38:23 - [MESSAGE][PASSED] - Element 'Object Repository/MainScreenEelements/Validate_ApplicationMainScreen' is exist

2018-06-08 00:38:23 - [TEST_STEP][PASSED] - delay: Delayed 1 second(s)

2018-06-08 00:38:24 - [MESSAGE][PASSED] - Delayed 1 second(s)]]></system-out>
         <system-err><![CDATA[]]></system-err>
      </testcase>
      <testcase name="Test Cases/MarketVisit/VisitMarketVisit" classname="Test Cases/MarketVisit/VisitMarketVisit" status="PASSED">
         <system-out><![CDATA[2018-06-08 00:38:24 - [TEST_CASE][PASSED] - Test Cases/MarketVisit/VisitMarketVisit: Test Cases/MarketVisit/VisitMarketVisit

2018-06-08 00:38:24 - [TEST_STEP][PASSED] - verifyElementExist: Element 'Object Repository/MainScreenEelements/Validate_ApplicationMainScreen' is exist

2018-06-08 00:38:24 - [MESSAGE][WARNING] - Timeout '0' is invalid. Using default page load timeout: '30'

2018-06-08 00:38:24 - [MESSAGE][PASSED] - Element 'Object Repository/MainScreenEelements/Validate_ApplicationMainScreen' is exist

2018-06-08 00:38:24 - [TEST_STEP][PASSED] - delay: Delayed 1 second(s)

2018-06-08 00:38:25 - [MESSAGE][PASSED] - Delayed 1 second(s)

2018-06-08 00:38:25 - [TEST_STEP][PASSED] - tap: Tapped on element 'Object Repository/MainScreenEelements/MarketVisit'

2018-06-08 00:38:25 - [MESSAGE][WARNING] - Timeout '0' is invalid. Using default page load timeout: '30'

2018-06-08 00:38:26 - [MESSAGE][PASSED] - Tapped on element 'Object Repository/MainScreenEelements/MarketVisit'

2018-06-08 00:38:26 - [TEST_STEP][PASSED] - delay: Delayed 1 second(s)

2018-06-08 00:38:27 - [MESSAGE][PASSED] - Delayed 1 second(s)

2018-06-08 00:38:27 - [TEST_STEP][PASSED] - verifyElementText: Actual text and expected text of test object 'Object Repository/MarketVisiting/Validate_ProgramsScreen' are matched.

2018-06-08 00:38:28 - [MESSAGE][PASSED] - Actual text and expected text of test object 'Object Repository/MarketVisiting/Validate_ProgramsScreen' are matched.

2018-06-08 00:38:28 - [TEST_STEP][PASSED] - delay: Delayed 1 second(s)

2018-06-08 00:38:29 - [MESSAGE][PASSED] - Delayed 1 second(s)

2018-06-08 00:38:29 - [TEST_STEP][PASSED] - tap: Tapped on element 'Object Repository/MarketVisiting/Program'

2018-06-08 00:38:29 - [MESSAGE][WARNING] - Timeout '0' is invalid. Using default page load timeout: '30'

2018-06-08 00:38:31 - [MESSAGE][PASSED] - Tapped on element 'Object Repository/MarketVisiting/Program'

2018-06-08 00:38:31 - [TEST_STEP][PASSED] - delay: Delayed 1 second(s)

2018-06-08 00:38:32 - [MESSAGE][PASSED] - Delayed 1 second(s)]]></system-out>
         <system-err><![CDATA[]]></system-err>
      </testcase>
      <testcase name="Test Cases/MarketVisit/VisitShop_2" classname="Test Cases/MarketVisit/VisitShop_2" status="PASSED">
         <system-out><![CDATA[2018-06-08 00:38:32 - [TEST_CASE][PASSED] - Test Cases/MarketVisit/VisitShop_2: Test Cases/MarketVisit/VisitShop_2

2018-06-08 00:38:32 - [TEST_STEP][PASSED] - verifyElementExist: Element 'Object Repository/MarketVisiting/Validate_ShopListScreen' is exist

2018-06-08 00:38:32 - [MESSAGE][WARNING] - Timeout '0' is invalid. Using default page load timeout: '30'

2018-06-08 00:38:32 - [MESSAGE][PASSED] - Element 'Object Repository/MarketVisiting/Validate_ShopListScreen' is exist

2018-06-08 00:38:32 - [TEST_STEP][PASSED] - delay: Delayed 1 second(s)

2018-06-08 00:38:33 - [MESSAGE][PASSED] - Delayed 1 second(s)

2018-06-08 00:38:33 - [TEST_STEP][PASSED] - customkeywordscollection.CustomKeywords.selectShopForMarketVisit: customkeywordscollection.CustomKeywords.selectShopForMarketVisit is PASSED

2018-06-08 00:38:35 - [MESSAGE][PASSED] - Delayed 1 second(s)

2018-06-08 00:38:35 - [MESSAGE][PASSED] - customkeywordscollection.CustomKeywords.selectShopForMarketVisit is PASSED]]></system-out>
         <system-err><![CDATA[]]></system-err>
      </testcase>
      <testcase name="Test Cases/MarketVisit/VisitTraining" classname="Test Cases/MarketVisit/VisitTraining" status="PASSED">
         <system-out><![CDATA[2018-06-08 00:38:35 - [TEST_CASE][PASSED] - Test Cases/MarketVisit/VisitTraining: Test Cases/MarketVisit/VisitTraining

2018-06-08 00:38:35 - [TEST_STEP][PASSED] - verifyElementText: Actual text and expected text of test object 'Object Repository/MarketVisiting/Validate_TrainingStepsScreen' are matched.

2018-06-08 00:38:35 - [MESSAGE][PASSED] - Actual text and expected text of test object 'Object Repository/MarketVisiting/Validate_TrainingStepsScreen' are matched.

2018-06-08 00:38:35 - [TEST_STEP][PASSED] - delay: Delayed 1 second(s)

2018-06-08 00:38:36 - [MESSAGE][PASSED] - Delayed 1 second(s)

2018-06-08 00:38:36 - [TEST_STEP][PASSED] - tap: Tapped on element 'Object Repository/MarketVisiting/POSAssessment'

2018-06-08 00:38:36 - [MESSAGE][WARNING] - Timeout '0' is invalid. Using default page load timeout: '30'

2018-06-08 00:38:37 - [MESSAGE][PASSED] - Tapped on element 'Object Repository/MarketVisiting/POSAssessment'

2018-06-08 00:38:37 - [TEST_STEP][PASSED] - delay: Delayed 1 second(s)

2018-06-08 00:38:38 - [MESSAGE][PASSED] - Delayed 1 second(s)

2018-06-08 00:38:38 - [TEST_STEP][PASSED] - verifyElementExist: Element 'Object Repository/MarketVisiting/Validate_POSAssessmentPopUp' is exist

2018-06-08 00:38:38 - [MESSAGE][WARNING] - Timeout '0' is invalid. Using default page load timeout: '30'

2018-06-08 00:38:38 - [MESSAGE][PASSED] - Element 'Object Repository/MarketVisiting/Validate_POSAssessmentPopUp' is exist

2018-06-08 00:38:38 - [TEST_STEP][PASSED] - delay: Delayed 1 second(s)

2018-06-08 00:38:39 - [MESSAGE][PASSED] - Delayed 1 second(s)

2018-06-08 00:38:39 - [TEST_STEP][PASSED] - tap: Tapped on element 'Object Repository/MarketVisiting/NeedImprovement'

2018-06-08 00:38:39 - [MESSAGE][WARNING] - Timeout '0' is invalid. Using default page load timeout: '30'

2018-06-08 00:38:40 - [MESSAGE][PASSED] - Tapped on element 'Object Repository/MarketVisiting/NeedImprovement'

2018-06-08 00:38:40 - [TEST_STEP][PASSED] - delay: Delayed 1 second(s)

2018-06-08 00:38:41 - [MESSAGE][PASSED] - Delayed 1 second(s)

2018-06-08 00:38:41 - [TEST_STEP][PASSED] - tap: Tapped on element 'Object Repository/MarketVisiting/JuicesInsight'

2018-06-08 00:38:41 - [MESSAGE][WARNING] - Timeout '0' is invalid. Using default page load timeout: '30'

2018-06-08 00:38:41 - [MESSAGE][PASSED] - Tapped on element 'Object Repository/MarketVisiting/JuicesInsight'

2018-06-08 00:38:41 - [TEST_STEP][PASSED] - delay: Delayed 1 second(s)

2018-06-08 00:38:42 - [MESSAGE][PASSED] - Delayed 1 second(s)

2018-06-08 00:38:42 - [TEST_STEP][PASSED] - verifyElementText: Actual text and expected text of test object 'Object Repository/MarketVisiting/Validate_RemarksScreen' are matched.

2018-06-08 00:38:43 - [MESSAGE][PASSED] - Actual text and expected text of test object 'Object Repository/MarketVisiting/Validate_RemarksScreen' are matched.

2018-06-08 00:38:43 - [TEST_STEP][PASSED] - delay: Delayed 1 second(s)

2018-06-08 00:38:44 - [MESSAGE][PASSED] - Delayed 1 second(s)

2018-06-08 00:38:44 - [TEST_STEP][PASSED] - tap: Tapped on element 'Object Repository/MarketVisiting/TakePictureButton'

2018-06-08 00:38:44 - [MESSAGE][WARNING] - Timeout '0' is invalid. Using default page load timeout: '30'

2018-06-08 00:38:46 - [MESSAGE][PASSED] - Tapped on element 'Object Repository/MarketVisiting/TakePictureButton'

2018-06-08 00:38:46 - [TEST_STEP][PASSED] - delay: Delayed 1 second(s)

2018-06-08 00:38:47 - [MESSAGE][PASSED] - Delayed 1 second(s)

2018-06-08 00:38:47 - [TEST_STEP][PASSED] - verifyElementExist: Element 'Object Repository/CommonElements/Validate_CameraScreen' is exist

2018-06-08 00:38:47 - [MESSAGE][WARNING] - Timeout '0' is invalid. Using default page load timeout: '30'

2018-06-08 00:38:47 - [MESSAGE][PASSED] - Element 'Object Repository/CommonElements/Validate_CameraScreen' is exist

2018-06-08 00:38:47 - [TEST_STEP][PASSED] - delay: Delayed 1 second(s)

2018-06-08 00:38:48 - [MESSAGE][PASSED] - Delayed 1 second(s)

2018-06-08 00:38:48 - [TEST_STEP][PASSED] - tap: Tapped on element 'Object Repository/CommonElements/TakePhotoButton'

2018-06-08 00:38:48 - [MESSAGE][WARNING] - Timeout '0' is invalid. Using default page load timeout: '30'

2018-06-08 00:38:52 - [MESSAGE][PASSED] - Tapped on element 'Object Repository/CommonElements/TakePhotoButton'

2018-06-08 00:38:52 - [TEST_STEP][PASSED] - delay: Delayed 5 second(s)

2018-06-08 00:38:57 - [MESSAGE][PASSED] - Delayed 5 second(s)

2018-06-08 00:38:57 - [TEST_STEP][PASSED] - tap: Tapped on element 'Object Repository/CommonElements/DoneButton'

2018-06-08 00:38:57 - [MESSAGE][WARNING] - Timeout '0' is invalid. Using default page load timeout: '30'

2018-06-08 00:39:00 - [MESSAGE][PASSED] - Tapped on element 'Object Repository/CommonElements/DoneButton'

2018-06-08 00:39:00 - [TEST_STEP][PASSED] - delay: Delayed 1 second(s)

2018-06-08 00:39:01 - [MESSAGE][PASSED] - Delayed 1 second(s)

2018-06-08 00:39:01 - [TEST_STEP][PASSED] - verifyElementText: Actual text and expected text of test object 'Object Repository/MarketVisiting/Validate_RemarksScreen' are matched.

2018-06-08 00:39:01 - [MESSAGE][PASSED] - Actual text and expected text of test object 'Object Repository/MarketVisiting/Validate_RemarksScreen' are matched.

2018-06-08 00:39:01 - [TEST_STEP][PASSED] - delay: Delayed 1 second(s)

2018-06-08 00:39:02 - [MESSAGE][PASSED] - Delayed 1 second(s)

2018-06-08 00:39:02 - [TEST_STEP][PASSED] - setText: Text 'Remarks' has been set to element 'Object Repository/MarketVisiting/RemarksTextArea'

2018-06-08 00:39:02 - [MESSAGE][WARNING] - Timeout '0' is invalid. Using default page load timeout: '30'

2018-06-08 00:39:17 - [MESSAGE][PASSED] - Text 'Remarks' has been set to element 'Object Repository/MarketVisiting/RemarksTextArea'

2018-06-08 00:39:17 - [TEST_STEP][PASSED] - delay: Delayed 1 second(s)

2018-06-08 00:39:18 - [MESSAGE][PASSED] - Delayed 1 second(s)

2018-06-08 00:39:18 - [TEST_STEP][PASSED] - hideKeyboard: Keyboard is hidden

2018-06-08 00:39:19 - [MESSAGE][PASSED] - Keyboard is hidden

2018-06-08 00:39:19 - [TEST_STEP][PASSED] - tap: Tapped on element 'Object Repository/MarketVisiting/SubmitButton'

2018-06-08 00:39:19 - [MESSAGE][WARNING] - Timeout '0' is invalid. Using default page load timeout: '30'

2018-06-08 00:39:20 - [MESSAGE][PASSED] - Tapped on element 'Object Repository/MarketVisiting/SubmitButton'

2018-06-08 00:39:20 - [TEST_STEP][PASSED] - delay: Delayed 1 second(s)

2018-06-08 00:39:21 - [MESSAGE][PASSED] - Delayed 1 second(s)

2018-06-08 00:39:21 - [TEST_STEP][PASSED] - verifyElementExist: Element 'Object Repository/CommonElements/Validate_InfoPopUp' is exist

2018-06-08 00:39:21 - [MESSAGE][WARNING] - Timeout '0' is invalid. Using default page load timeout: '30'

2018-06-08 00:39:21 - [MESSAGE][PASSED] - Element 'Object Repository/CommonElements/Validate_InfoPopUp' is exist

2018-06-08 00:39:21 - [TEST_STEP][PASSED] - delay: Delayed 1 second(s)

2018-06-08 00:39:22 - [MESSAGE][PASSED] - Delayed 1 second(s)

2018-06-08 00:39:22 - [TEST_STEP][PASSED] - tap: Tapped on element 'Object Repository/CommonElements/InfoPopUp_OKButton'

2018-06-08 00:39:22 - [MESSAGE][WARNING] - Timeout '0' is invalid. Using default page load timeout: '30'

2018-06-08 00:39:22 - [MESSAGE][PASSED] - Tapped on element 'Object Repository/CommonElements/InfoPopUp_OKButton'

2018-06-08 00:39:22 - [TEST_STEP][PASSED] - delay: Delayed 1 second(s)

2018-06-08 00:39:23 - [MESSAGE][PASSED] - Delayed 1 second(s)

2018-06-08 00:39:23 - [TEST_STEP][PASSED] - verifyElementText: Actual text and expected text of test object 'Object Repository/MarketVisiting/Validate_TrainingStepsScreen' are matched.

2018-06-08 00:39:23 - [MESSAGE][PASSED] - Actual text and expected text of test object 'Object Repository/MarketVisiting/Validate_TrainingStepsScreen' are matched.

2018-06-08 00:39:23 - [TEST_STEP][PASSED] - delay: Delayed 1 second(s)

2018-06-08 00:39:24 - [MESSAGE][PASSED] - Delayed 1 second(s)

2018-06-08 00:39:24 - [TEST_STEP][PASSED] - tap: Tapped on element 'Object Repository/MarketVisiting/PowderInsight'

2018-06-08 00:39:24 - [MESSAGE][WARNING] - Timeout '0' is invalid. Using default page load timeout: '30'

2018-06-08 00:39:25 - [MESSAGE][PASSED] - Tapped on element 'Object Repository/MarketVisiting/PowderInsight'

2018-06-08 00:39:25 - [TEST_STEP][PASSED] - delay: Delayed 1 second(s)

2018-06-08 00:39:26 - [MESSAGE][PASSED] - Delayed 1 second(s)

2018-06-08 00:39:26 - [TEST_STEP][PASSED] - verifyElementText: Actual text and expected text of test object 'Object Repository/MarketVisiting/Validate_RemarksScreen' are matched.

2018-06-08 00:39:27 - [MESSAGE][PASSED] - Actual text and expected text of test object 'Object Repository/MarketVisiting/Validate_RemarksScreen' are matched.

2018-06-08 00:39:27 - [TEST_STEP][PASSED] - delay: Delayed 1 second(s)

2018-06-08 00:39:28 - [MESSAGE][PASSED] - Delayed 1 second(s)

2018-06-08 00:39:28 - [TEST_STEP][PASSED] - tap: Tapped on element 'Object Repository/MarketVisiting/TakePictureButton'

2018-06-08 00:39:28 - [MESSAGE][WARNING] - Timeout '0' is invalid. Using default page load timeout: '30'

2018-06-08 00:39:29 - [MESSAGE][PASSED] - Tapped on element 'Object Repository/MarketVisiting/TakePictureButton'

2018-06-08 00:39:29 - [TEST_STEP][PASSED] - delay: Delayed 1 second(s)

2018-06-08 00:39:30 - [MESSAGE][PASSED] - Delayed 1 second(s)

2018-06-08 00:39:30 - [TEST_STEP][PASSED] - verifyElementExist: Element 'Object Repository/CommonElements/Validate_CameraScreen' is exist

2018-06-08 00:39:30 - [MESSAGE][WARNING] - Timeout '0' is invalid. Using default page load timeout: '30'

2018-06-08 00:39:30 - [MESSAGE][PASSED] - Element 'Object Repository/CommonElements/Validate_CameraScreen' is exist

2018-06-08 00:39:30 - [TEST_STEP][PASSED] - delay: Delayed 1 second(s)

2018-06-08 00:39:31 - [MESSAGE][PASSED] - Delayed 1 second(s)

2018-06-08 00:39:31 - [TEST_STEP][PASSED] - tap: Tapped on element 'Object Repository/CommonElements/TakePhotoButton'

2018-06-08 00:39:31 - [MESSAGE][WARNING] - Timeout '0' is invalid. Using default page load timeout: '30'

2018-06-08 00:39:35 - [MESSAGE][PASSED] - Tapped on element 'Object Repository/CommonElements/TakePhotoButton'

2018-06-08 00:39:35 - [TEST_STEP][PASSED] - delay: Delayed 5 second(s)

2018-06-08 00:39:40 - [MESSAGE][PASSED] - Delayed 5 second(s)

2018-06-08 00:39:40 - [TEST_STEP][PASSED] - tap: Tapped on element 'Object Repository/CommonElements/DoneButton'

2018-06-08 00:39:40 - [MESSAGE][WARNING] - Timeout '0' is invalid. Using default page load timeout: '30'

2018-06-08 00:39:43 - [MESSAGE][PASSED] - Tapped on element 'Object Repository/CommonElements/DoneButton'

2018-06-08 00:39:43 - [TEST_STEP][PASSED] - delay: Delayed 1 second(s)

2018-06-08 00:39:44 - [MESSAGE][PASSED] - Delayed 1 second(s)

2018-06-08 00:39:44 - [TEST_STEP][PASSED] - verifyElementText: Actual text and expected text of test object 'Object Repository/MarketVisiting/Validate_RemarksScreen' are matched.

2018-06-08 00:39:44 - [MESSAGE][PASSED] - Actual text and expected text of test object 'Object Repository/MarketVisiting/Validate_RemarksScreen' are matched.

2018-06-08 00:39:44 - [TEST_STEP][PASSED] - delay: Delayed 1 second(s)

2018-06-08 00:39:45 - [MESSAGE][PASSED] - Delayed 1 second(s)

2018-06-08 00:39:45 - [TEST_STEP][PASSED] - setText: Text 'Remarks' has been set to element 'Object Repository/MarketVisiting/RemarksTextArea'

2018-06-08 00:39:45 - [MESSAGE][WARNING] - Timeout '0' is invalid. Using default page load timeout: '30'

2018-06-08 00:39:59 - [MESSAGE][PASSED] - Text 'Remarks' has been set to element 'Object Repository/MarketVisiting/RemarksTextArea'

2018-06-08 00:39:59 - [TEST_STEP][PASSED] - delay: Delayed 1 second(s)

2018-06-08 00:40:00 - [MESSAGE][PASSED] - Delayed 1 second(s)

2018-06-08 00:40:00 - [TEST_STEP][PASSED] - hideKeyboard: Keyboard is hidden

2018-06-08 00:40:02 - [MESSAGE][PASSED] - Keyboard is hidden

2018-06-08 00:40:02 - [TEST_STEP][PASSED] - tap: Tapped on element 'Object Repository/MarketVisiting/SubmitButton'

2018-06-08 00:40:02 - [MESSAGE][WARNING] - Timeout '0' is invalid. Using default page load timeout: '30'

2018-06-08 00:40:03 - [MESSAGE][PASSED] - Tapped on element 'Object Repository/MarketVisiting/SubmitButton'

2018-06-08 00:40:03 - [TEST_STEP][PASSED] - delay: Delayed 1 second(s)

2018-06-08 00:40:04 - [MESSAGE][PASSED] - Delayed 1 second(s)

2018-06-08 00:40:04 - [TEST_STEP][PASSED] - verifyElementExist: Element 'Object Repository/CommonElements/Validate_InfoPopUp' is exist

2018-06-08 00:40:04 - [MESSAGE][WARNING] - Timeout '0' is invalid. Using default page load timeout: '30'

2018-06-08 00:40:04 - [MESSAGE][PASSED] - Element 'Object Repository/CommonElements/Validate_InfoPopUp' is exist

2018-06-08 00:40:04 - [TEST_STEP][PASSED] - delay: Delayed 1 second(s)

2018-06-08 00:40:05 - [MESSAGE][PASSED] - Delayed 1 second(s)

2018-06-08 00:40:05 - [TEST_STEP][PASSED] - tap: Tapped on element 'Object Repository/CommonElements/InfoPopUp_OKButton'

2018-06-08 00:40:05 - [MESSAGE][WARNING] - Timeout '0' is invalid. Using default page load timeout: '30'

2018-06-08 00:40:05 - [MESSAGE][PASSED] - Tapped on element 'Object Repository/CommonElements/InfoPopUp_OKButton'

2018-06-08 00:40:05 - [TEST_STEP][PASSED] - delay: Delayed 1 second(s)

2018-06-08 00:40:06 - [MESSAGE][PASSED] - Delayed 1 second(s)

2018-06-08 00:40:06 - [TEST_STEP][PASSED] - verifyElementText: Actual text and expected text of test object 'Object Repository/MarketVisiting/Validate_TrainingStepsScreen' are matched.

2018-06-08 00:40:06 - [MESSAGE][PASSED] - Actual text and expected text of test object 'Object Repository/MarketVisiting/Validate_TrainingStepsScreen' are matched.

2018-06-08 00:40:06 - [TEST_STEP][PASSED] - delay: Delayed 1 second(s)

2018-06-08 00:40:07 - [MESSAGE][PASSED] - Delayed 1 second(s)

2018-06-08 00:40:07 - [TEST_STEP][PASSED] - tap: Tapped on element 'Object Repository/MarketVisiting/UHTInsight'

2018-06-08 00:40:07 - [MESSAGE][WARNING] - Timeout '0' is invalid. Using default page load timeout: '30'

2018-06-08 00:40:08 - [MESSAGE][PASSED] - Tapped on element 'Object Repository/MarketVisiting/UHTInsight'

2018-06-08 00:40:08 - [TEST_STEP][PASSED] - delay: Delayed 1 second(s)

2018-06-08 00:40:09 - [MESSAGE][PASSED] - Delayed 1 second(s)

2018-06-08 00:40:09 - [TEST_STEP][PASSED] - verifyElementText: Actual text and expected text of test object 'Object Repository/MarketVisiting/Validate_RemarksScreen' are matched.

2018-06-08 00:40:10 - [MESSAGE][PASSED] - Actual text and expected text of test object 'Object Repository/MarketVisiting/Validate_RemarksScreen' are matched.

2018-06-08 00:40:10 - [TEST_STEP][PASSED] - delay: Delayed 1 second(s)

2018-06-08 00:40:11 - [MESSAGE][PASSED] - Delayed 1 second(s)

2018-06-08 00:40:11 - [TEST_STEP][PASSED] - tap: Tapped on element 'Object Repository/MarketVisiting/TakePictureButton'

2018-06-08 00:40:11 - [MESSAGE][WARNING] - Timeout '0' is invalid. Using default page load timeout: '30'

2018-06-08 00:40:13 - [MESSAGE][PASSED] - Tapped on element 'Object Repository/MarketVisiting/TakePictureButton'

2018-06-08 00:40:13 - [TEST_STEP][PASSED] - delay: Delayed 1 second(s)

2018-06-08 00:40:14 - [MESSAGE][PASSED] - Delayed 1 second(s)

2018-06-08 00:40:14 - [TEST_STEP][PASSED] - verifyElementExist: Element 'Object Repository/CommonElements/Validate_CameraScreen' is exist

2018-06-08 00:40:14 - [MESSAGE][WARNING] - Timeout '0' is invalid. Using default page load timeout: '30'

2018-06-08 00:40:14 - [MESSAGE][PASSED] - Element 'Object Repository/CommonElements/Validate_CameraScreen' is exist

2018-06-08 00:40:14 - [TEST_STEP][PASSED] - delay: Delayed 1 second(s)

2018-06-08 00:40:15 - [MESSAGE][PASSED] - Delayed 1 second(s)

2018-06-08 00:40:15 - [TEST_STEP][PASSED] - tap: Tapped on element 'Object Repository/CommonElements/TakePhotoButton'

2018-06-08 00:40:15 - [MESSAGE][WARNING] - Timeout '0' is invalid. Using default page load timeout: '30'

2018-06-08 00:40:18 - [MESSAGE][PASSED] - Tapped on element 'Object Repository/CommonElements/TakePhotoButton'

2018-06-08 00:40:18 - [TEST_STEP][PASSED] - delay: Delayed 5 second(s)

2018-06-08 00:40:23 - [MESSAGE][PASSED] - Delayed 5 second(s)

2018-06-08 00:40:23 - [TEST_STEP][PASSED] - tap: Tapped on element 'Object Repository/CommonElements/DoneButton'

2018-06-08 00:40:23 - [MESSAGE][WARNING] - Timeout '0' is invalid. Using default page load timeout: '30'

2018-06-08 00:40:26 - [MESSAGE][PASSED] - Tapped on element 'Object Repository/CommonElements/DoneButton'

2018-06-08 00:40:26 - [TEST_STEP][PASSED] - delay: Delayed 1 second(s)

2018-06-08 00:40:27 - [MESSAGE][PASSED] - Delayed 1 second(s)

2018-06-08 00:40:27 - [TEST_STEP][PASSED] - verifyElementText: Actual text and expected text of test object 'Object Repository/MarketVisiting/Validate_RemarksScreen' are matched.

2018-06-08 00:40:28 - [MESSAGE][PASSED] - Actual text and expected text of test object 'Object Repository/MarketVisiting/Validate_RemarksScreen' are matched.

2018-06-08 00:40:28 - [TEST_STEP][PASSED] - delay: Delayed 1 second(s)

2018-06-08 00:40:29 - [MESSAGE][PASSED] - Delayed 1 second(s)

2018-06-08 00:40:29 - [TEST_STEP][PASSED] - setText: Text 'Remarks' has been set to element 'Object Repository/MarketVisiting/RemarksTextArea'

2018-06-08 00:40:29 - [MESSAGE][WARNING] - Timeout '0' is invalid. Using default page load timeout: '30'

2018-06-08 00:40:43 - [MESSAGE][PASSED] - Text 'Remarks' has been set to element 'Object Repository/MarketVisiting/RemarksTextArea'

2018-06-08 00:40:43 - [TEST_STEP][PASSED] - delay: Delayed 1 second(s)

2018-06-08 00:40:44 - [MESSAGE][PASSED] - Delayed 1 second(s)

2018-06-08 00:40:44 - [TEST_STEP][PASSED] - hideKeyboard: Keyboard is hidden

2018-06-08 00:40:46 - [MESSAGE][PASSED] - Keyboard is hidden

2018-06-08 00:40:46 - [TEST_STEP][PASSED] - tap: Tapped on element 'Object Repository/MarketVisiting/SubmitButton'

2018-06-08 00:40:46 - [MESSAGE][WARNING] - Timeout '0' is invalid. Using default page load timeout: '30'

2018-06-08 00:40:46 - [MESSAGE][PASSED] - Tapped on element 'Object Repository/MarketVisiting/SubmitButton'

2018-06-08 00:40:46 - [TEST_STEP][PASSED] - delay: Delayed 1 second(s)

2018-06-08 00:40:47 - [MESSAGE][PASSED] - Delayed 1 second(s)

2018-06-08 00:40:47 - [TEST_STEP][PASSED] - verifyElementExist: Element 'Object Repository/CommonElements/Validate_InfoPopUp' is exist

2018-06-08 00:40:47 - [MESSAGE][WARNING] - Timeout '0' is invalid. Using default page load timeout: '30'

2018-06-08 00:40:47 - [MESSAGE][PASSED] - Element 'Object Repository/CommonElements/Validate_InfoPopUp' is exist

2018-06-08 00:40:47 - [TEST_STEP][PASSED] - delay: Delayed 1 second(s)

2018-06-08 00:40:48 - [MESSAGE][PASSED] - Delayed 1 second(s)

2018-06-08 00:40:48 - [TEST_STEP][PASSED] - tap: Tapped on element 'Object Repository/CommonElements/InfoPopUp_OKButton'

2018-06-08 00:40:48 - [MESSAGE][WARNING] - Timeout '0' is invalid. Using default page load timeout: '30'

2018-06-08 00:40:49 - [MESSAGE][PASSED] - Tapped on element 'Object Repository/CommonElements/InfoPopUp_OKButton'

2018-06-08 00:40:49 - [TEST_STEP][PASSED] - delay: Delayed 1 second(s)

2018-06-08 00:40:50 - [MESSAGE][PASSED] - Delayed 1 second(s)

2018-06-08 00:40:50 - [TEST_STEP][PASSED] - verifyElementText: Actual text and expected text of test object 'Object Repository/MarketVisiting/Validate_TrainingStepsScreen' are matched.

2018-06-08 00:40:50 - [MESSAGE][PASSED] - Actual text and expected text of test object 'Object Repository/MarketVisiting/Validate_TrainingStepsScreen' are matched.

2018-06-08 00:40:50 - [TEST_STEP][PASSED] - delay: Delayed 1 second(s)

2018-06-08 00:40:51 - [MESSAGE][PASSED] - Delayed 1 second(s)

2018-06-08 00:40:51 - [TEST_STEP][PASSED] - tap: Tapped on element 'Object Repository/MarketVisiting/OtherMarketInsight'

2018-06-08 00:40:51 - [MESSAGE][WARNING] - Timeout '0' is invalid. Using default page load timeout: '30'

2018-06-08 00:40:52 - [MESSAGE][PASSED] - Tapped on element 'Object Repository/MarketVisiting/OtherMarketInsight'

2018-06-08 00:40:52 - [TEST_STEP][PASSED] - delay: Delayed 1 second(s)

2018-06-08 00:40:53 - [MESSAGE][PASSED] - Delayed 1 second(s)

2018-06-08 00:40:53 - [TEST_STEP][PASSED] - verifyElementText: Actual text and expected text of test object 'Object Repository/MarketVisiting/Validate_RemarksScreen' are matched.

2018-06-08 00:40:53 - [MESSAGE][PASSED] - Actual text and expected text of test object 'Object Repository/MarketVisiting/Validate_RemarksScreen' are matched.

2018-06-08 00:40:53 - [TEST_STEP][PASSED] - delay: Delayed 1 second(s)

2018-06-08 00:40:54 - [MESSAGE][PASSED] - Delayed 1 second(s)

2018-06-08 00:40:54 - [TEST_STEP][PASSED] - tap: Tapped on element 'Object Repository/MarketVisiting/TakePictureButton'

2018-06-08 00:40:54 - [MESSAGE][WARNING] - Timeout '0' is invalid. Using default page load timeout: '30'

2018-06-08 00:40:56 - [MESSAGE][PASSED] - Tapped on element 'Object Repository/MarketVisiting/TakePictureButton'

2018-06-08 00:40:56 - [TEST_STEP][PASSED] - delay: Delayed 1 second(s)

2018-06-08 00:40:57 - [MESSAGE][PASSED] - Delayed 1 second(s)

2018-06-08 00:40:57 - [TEST_STEP][PASSED] - verifyElementExist: Element 'Object Repository/CommonElements/Validate_CameraScreen' is exist

2018-06-08 00:40:57 - [MESSAGE][WARNING] - Timeout '0' is invalid. Using default page load timeout: '30'

2018-06-08 00:40:58 - [MESSAGE][PASSED] - Element 'Object Repository/CommonElements/Validate_CameraScreen' is exist

2018-06-08 00:40:58 - [TEST_STEP][PASSED] - delay: Delayed 1 second(s)

2018-06-08 00:40:59 - [MESSAGE][PASSED] - Delayed 1 second(s)

2018-06-08 00:40:59 - [TEST_STEP][PASSED] - tap: Tapped on element 'Object Repository/CommonElements/TakePhotoButton'

2018-06-08 00:40:59 - [MESSAGE][WARNING] - Timeout '0' is invalid. Using default page load timeout: '30'

2018-06-08 00:41:02 - [MESSAGE][PASSED] - Tapped on element 'Object Repository/CommonElements/TakePhotoButton'

2018-06-08 00:41:02 - [TEST_STEP][PASSED] - delay: Delayed 5 second(s)

2018-06-08 00:41:07 - [MESSAGE][PASSED] - Delayed 5 second(s)

2018-06-08 00:41:07 - [TEST_STEP][PASSED] - tap: Tapped on element 'Object Repository/CommonElements/DoneButton'

2018-06-08 00:41:07 - [MESSAGE][WARNING] - Timeout '0' is invalid. Using default page load timeout: '30'

2018-06-08 00:41:10 - [MESSAGE][PASSED] - Tapped on element 'Object Repository/CommonElements/DoneButton'

2018-06-08 00:41:10 - [TEST_STEP][PASSED] - delay: Delayed 1 second(s)

2018-06-08 00:41:11 - [MESSAGE][PASSED] - Delayed 1 second(s)

2018-06-08 00:41:11 - [TEST_STEP][PASSED] - verifyElementText: Actual text and expected text of test object 'Object Repository/MarketVisiting/Validate_RemarksScreen' are matched.

2018-06-08 00:41:11 - [MESSAGE][PASSED] - Actual text and expected text of test object 'Object Repository/MarketVisiting/Validate_RemarksScreen' are matched.

2018-06-08 00:41:11 - [TEST_STEP][PASSED] - delay: Delayed 1 second(s)

2018-06-08 00:41:12 - [MESSAGE][PASSED] - Delayed 1 second(s)

2018-06-08 00:41:12 - [TEST_STEP][PASSED] - setText: Text 'Remarks' has been set to element 'Object Repository/MarketVisiting/RemarksTextArea'

2018-06-08 00:41:12 - [MESSAGE][WARNING] - Timeout '0' is invalid. Using default page load timeout: '30'

2018-06-08 00:41:27 - [MESSAGE][PASSED] - Text 'Remarks' has been set to element 'Object Repository/MarketVisiting/RemarksTextArea'

2018-06-08 00:41:27 - [TEST_STEP][PASSED] - delay: Delayed 1 second(s)

2018-06-08 00:41:28 - [MESSAGE][PASSED] - Delayed 1 second(s)

2018-06-08 00:41:28 - [TEST_STEP][PASSED] - hideKeyboard: Keyboard is hidden

2018-06-08 00:41:29 - [MESSAGE][PASSED] - Keyboard is hidden

2018-06-08 00:41:29 - [TEST_STEP][PASSED] - tap: Tapped on element 'Object Repository/MarketVisiting/SubmitButton'

2018-06-08 00:41:29 - [MESSAGE][WARNING] - Timeout '0' is invalid. Using default page load timeout: '30'

2018-06-08 00:41:30 - [MESSAGE][PASSED] - Tapped on element 'Object Repository/MarketVisiting/SubmitButton'

2018-06-08 00:41:30 - [TEST_STEP][PASSED] - delay: Delayed 1 second(s)

2018-06-08 00:41:31 - [MESSAGE][PASSED] - Delayed 1 second(s)

2018-06-08 00:41:31 - [TEST_STEP][PASSED] - verifyElementExist: Element 'Object Repository/CommonElements/Validate_InfoPopUp' is exist

2018-06-08 00:41:31 - [MESSAGE][WARNING] - Timeout '0' is invalid. Using default page load timeout: '30'

2018-06-08 00:41:31 - [MESSAGE][PASSED] - Element 'Object Repository/CommonElements/Validate_InfoPopUp' is exist

2018-06-08 00:41:31 - [TEST_STEP][PASSED] - delay: Delayed 1 second(s)

2018-06-08 00:41:32 - [MESSAGE][PASSED] - Delayed 1 second(s)

2018-06-08 00:41:32 - [TEST_STEP][PASSED] - tap: Tapped on element 'Object Repository/CommonElements/InfoPopUp_OKButton'

2018-06-08 00:41:32 - [MESSAGE][WARNING] - Timeout '0' is invalid. Using default page load timeout: '30'

2018-06-08 00:41:35 - [MESSAGE][PASSED] - Tapped on element 'Object Repository/CommonElements/InfoPopUp_OKButton'

2018-06-08 00:41:35 - [TEST_STEP][PASSED] - delay: Delayed 1 second(s)

2018-06-08 00:41:36 - [MESSAGE][PASSED] - Delayed 1 second(s)

2018-06-08 00:41:36 - [TEST_STEP][PASSED] - verifyElementText: Actual text and expected text of test object 'Object Repository/MarketVisiting/Validate_TrainingStepsScreen' are matched.

2018-06-08 00:41:36 - [MESSAGE][PASSED] - Actual text and expected text of test object 'Object Repository/MarketVisiting/Validate_TrainingStepsScreen' are matched.

2018-06-08 00:41:36 - [TEST_STEP][PASSED] - delay: Delayed 1 second(s)

2018-06-08 00:41:37 - [MESSAGE][PASSED] - Delayed 1 second(s)]]></system-out>
         <system-err><![CDATA[]]></system-err>
      </testcase>
      <testcase name="Test Cases/MarketVisit/SaveTrainingWithoutOverwriting" classname="Test Cases/MarketVisit/SaveTrainingWithoutOverwriting" status="PASSED">
         <system-out><![CDATA[2018-06-08 00:41:37 - [TEST_CASE][PASSED] - Test Cases/MarketVisit/SaveTrainingWithoutOverwriting: Test Cases/MarketVisit/SaveTrainingWithoutOverwriting

2018-06-08 00:41:38 - [TEST_STEP][PASSED] - verifyElementText: Actual text and expected text of test object 'Object Repository/MarketVisiting/Validate_TrainingStepsScreen' are matched.

2018-06-08 00:41:38 - [MESSAGE][PASSED] - Actual text and expected text of test object 'Object Repository/MarketVisiting/Validate_TrainingStepsScreen' are matched.

2018-06-08 00:41:38 - [TEST_STEP][PASSED] - delay: Delayed 1 second(s)

2018-06-08 00:41:39 - [MESSAGE][PASSED] - Delayed 1 second(s)

2018-06-08 00:41:39 - [TEST_STEP][PASSED] - swipe: Swiped from 0,700 to 0,520

2018-06-08 00:41:40 - [MESSAGE][PASSED] - Swiped from 0,700 to 0,520

2018-06-08 00:41:40 - [TEST_STEP][PASSED] - delay: Delayed 2 second(s)

2018-06-08 00:41:42 - [MESSAGE][PASSED] - Delayed 2 second(s)

2018-06-08 00:41:42 - [TEST_STEP][PASSED] - tap: Tapped on element 'Object Repository/MarketVisiting/SaveMarketVisitButton'

2018-06-08 00:41:42 - [MESSAGE][WARNING] - Timeout '0' is invalid. Using default page load timeout: '30'

2018-06-08 00:41:43 - [MESSAGE][PASSED] - Tapped on element 'Object Repository/MarketVisiting/SaveMarketVisitButton'

2018-06-08 00:41:43 - [TEST_STEP][PASSED] - delay: Delayed 2 second(s)

2018-06-08 00:41:45 - [MESSAGE][PASSED] - Delayed 2 second(s)

2018-06-08 00:41:45 - [TEST_STEP][PASSED] - verifyElementExist: Element 'Object Repository/MarketVisiting/Validate_ShopListScreen' is exist

2018-06-08 00:41:45 - [MESSAGE][WARNING] - Timeout '0' is invalid. Using default page load timeout: '30'

2018-06-08 00:41:45 - [MESSAGE][PASSED] - Element 'Object Repository/MarketVisiting/Validate_ShopListScreen' is exist

2018-06-08 00:41:45 - [TEST_STEP][PASSED] - delay: Delayed 1 second(s)

2018-06-08 00:41:46 - [MESSAGE][PASSED] - Delayed 1 second(s)]]></system-out>
         <system-err><![CDATA[]]></system-err>
      </testcase>
      <testcase name="Test Cases/MarketVisit/OverwriteShop_2" classname="Test Cases/MarketVisit/OverwriteShop_2" status="PASSED">
         <system-out><![CDATA[2018-06-08 00:41:46 - [TEST_CASE][PASSED] - Test Cases/MarketVisit/OverwriteShop_2: Test Cases/MarketVisit/OverwriteShop_2

2018-06-08 00:41:46 - [TEST_STEP][PASSED] - verifyElementExist: Element 'Object Repository/MarketVisiting/Validate_ShopListScreen' is exist

2018-06-08 00:41:46 - [MESSAGE][WARNING] - Timeout '0' is invalid. Using default page load timeout: '30'

2018-06-08 00:41:46 - [MESSAGE][PASSED] - Element 'Object Repository/MarketVisiting/Validate_ShopListScreen' is exist

2018-06-08 00:41:46 - [TEST_STEP][PASSED] - delay: Delayed 1 second(s)

2018-06-08 00:41:47 - [MESSAGE][PASSED] - Delayed 1 second(s)

2018-06-08 00:41:47 - [TEST_STEP][PASSED] - customkeywordscollection.CustomKeywords.selectShopForMarketVisit: customkeywordscollection.CustomKeywords.selectShopForMarketVisit is PASSED

2018-06-08 00:41:49 - [MESSAGE][PASSED] - Delayed 1 second(s)

2018-06-08 00:41:49 - [MESSAGE][PASSED] - customkeywordscollection.CustomKeywords.selectShopForMarketVisit is PASSED]]></system-out>
         <system-err><![CDATA[]]></system-err>
      </testcase>
      <testcase name="Test Cases/MarketVisit/OverwriteTraining" classname="Test Cases/MarketVisit/OverwriteTraining" status="PASSED">
         <system-out><![CDATA[2018-06-08 00:41:49 - [TEST_CASE][PASSED] - Test Cases/MarketVisit/OverwriteTraining: Test Cases/MarketVisit/OverwriteTraining

2018-06-08 00:41:49 - [TEST_STEP][PASSED] - verifyElementText: Actual text and expected text of test object 'Object Repository/MarketVisiting/Validate_TrainingStepsScreen' are matched.

2018-06-08 00:41:49 - [MESSAGE][PASSED] - Actual text and expected text of test object 'Object Repository/MarketVisiting/Validate_TrainingStepsScreen' are matched.

2018-06-08 00:41:49 - [TEST_STEP][PASSED] - delay: Delayed 1 second(s)

2018-06-08 00:41:50 - [MESSAGE][PASSED] - Delayed 1 second(s)

2018-06-08 00:41:50 - [TEST_STEP][PASSED] - tap: Tapped on element 'Object Repository/MarketVisiting/POSAssessment'

2018-06-08 00:41:50 - [MESSAGE][WARNING] - Timeout '0' is invalid. Using default page load timeout: '30'

2018-06-08 00:41:51 - [MESSAGE][PASSED] - Tapped on element 'Object Repository/MarketVisiting/POSAssessment'

2018-06-08 00:41:51 - [TEST_STEP][PASSED] - delay: Delayed 1 second(s)

2018-06-08 00:41:52 - [MESSAGE][PASSED] - Delayed 1 second(s)

2018-06-08 00:41:52 - [TEST_STEP][PASSED] - verifyElementExist: Element 'Object Repository/MarketVisiting/Validate_POSAssessmentPopUp' is exist

2018-06-08 00:41:52 - [MESSAGE][WARNING] - Timeout '0' is invalid. Using default page load timeout: '30'

2018-06-08 00:41:52 - [MESSAGE][PASSED] - Element 'Object Repository/MarketVisiting/Validate_POSAssessmentPopUp' is exist

2018-06-08 00:41:52 - [TEST_STEP][PASSED] - delay: Delayed 1 second(s)

2018-06-08 00:41:53 - [MESSAGE][PASSED] - Delayed 1 second(s)

2018-06-08 00:41:53 - [TEST_STEP][PASSED] - tap: Tapped on element 'Object Repository/MarketVisiting/Standard'

2018-06-08 00:41:53 - [MESSAGE][WARNING] - Timeout '0' is invalid. Using default page load timeout: '30'

2018-06-08 00:41:54 - [MESSAGE][PASSED] - Tapped on element 'Object Repository/MarketVisiting/Standard'

2018-06-08 00:41:54 - [TEST_STEP][PASSED] - delay: Delayed 1 second(s)

2018-06-08 00:41:55 - [MESSAGE][PASSED] - Delayed 1 second(s)

2018-06-08 00:41:55 - [TEST_STEP][PASSED] - tap: Tapped on element 'Object Repository/MarketVisiting/JuicesInsight'

2018-06-08 00:41:55 - [MESSAGE][WARNING] - Timeout '0' is invalid. Using default page load timeout: '30'

2018-06-08 00:41:55 - [MESSAGE][PASSED] - Tapped on element 'Object Repository/MarketVisiting/JuicesInsight'

2018-06-08 00:41:55 - [TEST_STEP][PASSED] - delay: Delayed 1 second(s)

2018-06-08 00:41:56 - [MESSAGE][PASSED] - Delayed 1 second(s)

2018-06-08 00:41:56 - [TEST_STEP][PASSED] - verifyElementText: Actual text and expected text of test object 'Object Repository/MarketVisiting/Validate_RemarksScreen' are matched.

2018-06-08 00:41:57 - [MESSAGE][PASSED] - Actual text and expected text of test object 'Object Repository/MarketVisiting/Validate_RemarksScreen' are matched.

2018-06-08 00:41:57 - [TEST_STEP][PASSED] - delay: Delayed 1 second(s)

2018-06-08 00:41:58 - [MESSAGE][PASSED] - Delayed 1 second(s)

2018-06-08 00:41:58 - [TEST_STEP][PASSED] - tap: Tapped on element 'Object Repository/MarketVisiting/TakePictureButton'

2018-06-08 00:41:58 - [MESSAGE][WARNING] - Timeout '0' is invalid. Using default page load timeout: '30'

2018-06-08 00:42:00 - [MESSAGE][PASSED] - Tapped on element 'Object Repository/MarketVisiting/TakePictureButton'

2018-06-08 00:42:00 - [TEST_STEP][PASSED] - delay: Delayed 1 second(s)

2018-06-08 00:42:01 - [MESSAGE][PASSED] - Delayed 1 second(s)

2018-06-08 00:42:01 - [TEST_STEP][PASSED] - verifyElementExist: Element 'Object Repository/CommonElements/Validate_CameraScreen' is exist

2018-06-08 00:42:01 - [MESSAGE][WARNING] - Timeout '0' is invalid. Using default page load timeout: '30'

2018-06-08 00:42:01 - [MESSAGE][PASSED] - Element 'Object Repository/CommonElements/Validate_CameraScreen' is exist

2018-06-08 00:42:01 - [TEST_STEP][PASSED] - delay: Delayed 1 second(s)

2018-06-08 00:42:02 - [MESSAGE][PASSED] - Delayed 1 second(s)

2018-06-08 00:42:02 - [TEST_STEP][PASSED] - tap: Tapped on element 'Object Repository/CommonElements/TakePhotoButton'

2018-06-08 00:42:02 - [MESSAGE][WARNING] - Timeout '0' is invalid. Using default page load timeout: '30'

2018-06-08 00:42:06 - [MESSAGE][PASSED] - Tapped on element 'Object Repository/CommonElements/TakePhotoButton'

2018-06-08 00:42:06 - [TEST_STEP][PASSED] - delay: Delayed 5 second(s)

2018-06-08 00:42:11 - [MESSAGE][PASSED] - Delayed 5 second(s)

2018-06-08 00:42:11 - [TEST_STEP][PASSED] - tap: Tapped on element 'Object Repository/CommonElements/DoneButton'

2018-06-08 00:42:11 - [MESSAGE][WARNING] - Timeout '0' is invalid. Using default page load timeout: '30'

2018-06-08 00:42:14 - [MESSAGE][PASSED] - Tapped on element 'Object Repository/CommonElements/DoneButton'

2018-06-08 00:42:14 - [TEST_STEP][PASSED] - delay: Delayed 1 second(s)

2018-06-08 00:42:15 - [MESSAGE][PASSED] - Delayed 1 second(s)

2018-06-08 00:42:15 - [TEST_STEP][PASSED] - verifyElementText: Actual text and expected text of test object 'Object Repository/MarketVisiting/Validate_RemarksScreen' are matched.

2018-06-08 00:42:15 - [MESSAGE][PASSED] - Actual text and expected text of test object 'Object Repository/MarketVisiting/Validate_RemarksScreen' are matched.

2018-06-08 00:42:15 - [TEST_STEP][PASSED] - delay: Delayed 1 second(s)

2018-06-08 00:42:16 - [MESSAGE][PASSED] - Delayed 1 second(s)

2018-06-08 00:42:16 - [TEST_STEP][PASSED] - setText: Text 'Overwrite Remarks' has been set to element 'Object Repository/MarketVisiting/RemarksTextArea'

2018-06-08 00:42:16 - [MESSAGE][WARNING] - Timeout '0' is invalid. Using default page load timeout: '30'

2018-06-08 00:42:31 - [MESSAGE][PASSED] - Text 'Overwrite Remarks' has been set to element 'Object Repository/MarketVisiting/RemarksTextArea'

2018-06-08 00:42:31 - [TEST_STEP][PASSED] - delay: Delayed 1 second(s)

2018-06-08 00:42:32 - [MESSAGE][PASSED] - Delayed 1 second(s)

2018-06-08 00:42:32 - [TEST_STEP][PASSED] - hideKeyboard: Keyboard is hidden

2018-06-08 00:42:33 - [MESSAGE][PASSED] - Keyboard is hidden

2018-06-08 00:42:33 - [TEST_STEP][PASSED] - tap: Tapped on element 'Object Repository/MarketVisiting/SubmitButton'

2018-06-08 00:42:33 - [MESSAGE][WARNING] - Timeout '0' is invalid. Using default page load timeout: '30'

2018-06-08 00:42:34 - [MESSAGE][PASSED] - Tapped on element 'Object Repository/MarketVisiting/SubmitButton'

2018-06-08 00:42:34 - [TEST_STEP][PASSED] - delay: Delayed 1 second(s)

2018-06-08 00:42:35 - [MESSAGE][PASSED] - Delayed 1 second(s)

2018-06-08 00:42:35 - [TEST_STEP][PASSED] - verifyElementExist: Element 'Object Repository/CommonElements/Validate_InfoPopUp' is exist

2018-06-08 00:42:35 - [MESSAGE][WARNING] - Timeout '0' is invalid. Using default page load timeout: '30'

2018-06-08 00:42:35 - [MESSAGE][PASSED] - Element 'Object Repository/CommonElements/Validate_InfoPopUp' is exist

2018-06-08 00:42:35 - [TEST_STEP][PASSED] - delay: Delayed 1 second(s)

2018-06-08 00:42:36 - [MESSAGE][PASSED] - Delayed 1 second(s)

2018-06-08 00:42:36 - [TEST_STEP][PASSED] - tap: Tapped on element 'Object Repository/CommonElements/InfoPopUp_OKButton'

2018-06-08 00:42:36 - [MESSAGE][WARNING] - Timeout '0' is invalid. Using default page load timeout: '30'

2018-06-08 00:42:36 - [MESSAGE][PASSED] - Tapped on element 'Object Repository/CommonElements/InfoPopUp_OKButton'

2018-06-08 00:42:36 - [TEST_STEP][PASSED] - delay: Delayed 1 second(s)

2018-06-08 00:42:37 - [MESSAGE][PASSED] - Delayed 1 second(s)

2018-06-08 00:42:37 - [TEST_STEP][PASSED] - verifyElementText: Actual text and expected text of test object 'Object Repository/MarketVisiting/Validate_TrainingStepsScreen' are matched.

2018-06-08 00:42:38 - [MESSAGE][PASSED] - Actual text and expected text of test object 'Object Repository/MarketVisiting/Validate_TrainingStepsScreen' are matched.

2018-06-08 00:42:38 - [TEST_STEP][PASSED] - delay: Delayed 1 second(s)

2018-06-08 00:42:39 - [MESSAGE][PASSED] - Delayed 1 second(s)

2018-06-08 00:42:39 - [TEST_STEP][PASSED] - tap: Tapped on element 'Object Repository/MarketVisiting/PowderInsight'

2018-06-08 00:42:39 - [MESSAGE][WARNING] - Timeout '0' is invalid. Using default page load timeout: '30'

2018-06-08 00:42:39 - [MESSAGE][PASSED] - Tapped on element 'Object Repository/MarketVisiting/PowderInsight'

2018-06-08 00:42:39 - [TEST_STEP][PASSED] - delay: Delayed 1 second(s)

2018-06-08 00:42:40 - [MESSAGE][PASSED] - Delayed 1 second(s)

2018-06-08 00:42:40 - [TEST_STEP][PASSED] - verifyElementText: Actual text and expected text of test object 'Object Repository/MarketVisiting/Validate_RemarksScreen' are matched.

2018-06-08 00:42:41 - [MESSAGE][PASSED] - Actual text and expected text of test object 'Object Repository/MarketVisiting/Validate_RemarksScreen' are matched.

2018-06-08 00:42:41 - [TEST_STEP][PASSED] - delay: Delayed 1 second(s)

2018-06-08 00:42:42 - [MESSAGE][PASSED] - Delayed 1 second(s)

2018-06-08 00:42:42 - [TEST_STEP][PASSED] - tap: Tapped on element 'Object Repository/MarketVisiting/TakePictureButton'

2018-06-08 00:42:42 - [MESSAGE][WARNING] - Timeout '0' is invalid. Using default page load timeout: '30'

2018-06-08 00:42:44 - [MESSAGE][PASSED] - Tapped on element 'Object Repository/MarketVisiting/TakePictureButton'

2018-06-08 00:42:44 - [TEST_STEP][PASSED] - delay: Delayed 1 second(s)

2018-06-08 00:42:45 - [MESSAGE][PASSED] - Delayed 1 second(s)

2018-06-08 00:42:45 - [TEST_STEP][PASSED] - verifyElementExist: Element 'Object Repository/CommonElements/Validate_CameraScreen' is exist

2018-06-08 00:42:45 - [MESSAGE][WARNING] - Timeout '0' is invalid. Using default page load timeout: '30'

2018-06-08 00:42:45 - [MESSAGE][PASSED] - Element 'Object Repository/CommonElements/Validate_CameraScreen' is exist

2018-06-08 00:42:45 - [TEST_STEP][PASSED] - delay: Delayed 1 second(s)

2018-06-08 00:42:46 - [MESSAGE][PASSED] - Delayed 1 second(s)

2018-06-08 00:42:46 - [TEST_STEP][PASSED] - tap: Tapped on element 'Object Repository/CommonElements/TakePhotoButton'

2018-06-08 00:42:46 - [MESSAGE][WARNING] - Timeout '0' is invalid. Using default page load timeout: '30'

2018-06-08 00:42:49 - [MESSAGE][PASSED] - Tapped on element 'Object Repository/CommonElements/TakePhotoButton'

2018-06-08 00:42:49 - [TEST_STEP][PASSED] - delay: Delayed 5 second(s)

2018-06-08 00:42:54 - [MESSAGE][PASSED] - Delayed 5 second(s)

2018-06-08 00:42:54 - [TEST_STEP][PASSED] - tap: Tapped on element 'Object Repository/CommonElements/DoneButton'

2018-06-08 00:42:54 - [MESSAGE][WARNING] - Timeout '0' is invalid. Using default page load timeout: '30'

2018-06-08 00:42:58 - [MESSAGE][PASSED] - Tapped on element 'Object Repository/CommonElements/DoneButton'

2018-06-08 00:42:58 - [TEST_STEP][PASSED] - delay: Delayed 1 second(s)

2018-06-08 00:42:59 - [MESSAGE][PASSED] - Delayed 1 second(s)

2018-06-08 00:42:59 - [TEST_STEP][PASSED] - verifyElementText: Actual text and expected text of test object 'Object Repository/MarketVisiting/Validate_RemarksScreen' are matched.

2018-06-08 00:42:59 - [MESSAGE][PASSED] - Actual text and expected text of test object 'Object Repository/MarketVisiting/Validate_RemarksScreen' are matched.

2018-06-08 00:42:59 - [TEST_STEP][PASSED] - delay: Delayed 1 second(s)

2018-06-08 00:43:00 - [MESSAGE][PASSED] - Delayed 1 second(s)

2018-06-08 00:43:00 - [TEST_STEP][PASSED] - setText: Text 'Overwrite Remarks' has been set to element 'Object Repository/MarketVisiting/RemarksTextArea'

2018-06-08 00:43:00 - [MESSAGE][WARNING] - Timeout '0' is invalid. Using default page load timeout: '30'

2018-06-08 00:43:14 - [MESSAGE][PASSED] - Text 'Overwrite Remarks' has been set to element 'Object Repository/MarketVisiting/RemarksTextArea'

2018-06-08 00:43:14 - [TEST_STEP][PASSED] - delay: Delayed 1 second(s)

2018-06-08 00:43:15 - [MESSAGE][PASSED] - Delayed 1 second(s)

2018-06-08 00:43:15 - [TEST_STEP][PASSED] - hideKeyboard: Keyboard is hidden

2018-06-08 00:43:17 - [MESSAGE][PASSED] - Keyboard is hidden

2018-06-08 00:43:17 - [TEST_STEP][PASSED] - tap: Tapped on element 'Object Repository/MarketVisiting/SubmitButton'

2018-06-08 00:43:17 - [MESSAGE][WARNING] - Timeout '0' is invalid. Using default page load timeout: '30'

2018-06-08 00:43:17 - [MESSAGE][PASSED] - Tapped on element 'Object Repository/MarketVisiting/SubmitButton'

2018-06-08 00:43:17 - [TEST_STEP][PASSED] - delay: Delayed 1 second(s)

2018-06-08 00:43:18 - [MESSAGE][PASSED] - Delayed 1 second(s)

2018-06-08 00:43:18 - [TEST_STEP][PASSED] - verifyElementExist: Element 'Object Repository/CommonElements/Validate_InfoPopUp' is exist

2018-06-08 00:43:18 - [MESSAGE][WARNING] - Timeout '0' is invalid. Using default page load timeout: '30'

2018-06-08 00:43:19 - [MESSAGE][PASSED] - Element 'Object Repository/CommonElements/Validate_InfoPopUp' is exist

2018-06-08 00:43:19 - [TEST_STEP][PASSED] - delay: Delayed 1 second(s)

2018-06-08 00:43:20 - [MESSAGE][PASSED] - Delayed 1 second(s)

2018-06-08 00:43:20 - [TEST_STEP][PASSED] - tap: Tapped on element 'Object Repository/CommonElements/InfoPopUp_OKButton'

2018-06-08 00:43:20 - [MESSAGE][WARNING] - Timeout '0' is invalid. Using default page load timeout: '30'

2018-06-08 00:43:20 - [MESSAGE][PASSED] - Tapped on element 'Object Repository/CommonElements/InfoPopUp_OKButton'

2018-06-08 00:43:20 - [TEST_STEP][PASSED] - delay: Delayed 1 second(s)

2018-06-08 00:43:21 - [MESSAGE][PASSED] - Delayed 1 second(s)

2018-06-08 00:43:21 - [TEST_STEP][PASSED] - verifyElementText: Actual text and expected text of test object 'Object Repository/MarketVisiting/Validate_TrainingStepsScreen' are matched.

2018-06-08 00:43:21 - [MESSAGE][PASSED] - Actual text and expected text of test object 'Object Repository/MarketVisiting/Validate_TrainingStepsScreen' are matched.

2018-06-08 00:43:21 - [TEST_STEP][PASSED] - delay: Delayed 1 second(s)

2018-06-08 00:43:22 - [MESSAGE][PASSED] - Delayed 1 second(s)

2018-06-08 00:43:22 - [TEST_STEP][PASSED] - tap: Tapped on element 'Object Repository/MarketVisiting/UHTInsight'

2018-06-08 00:43:22 - [MESSAGE][WARNING] - Timeout '0' is invalid. Using default page load timeout: '30'

2018-06-08 00:43:23 - [MESSAGE][PASSED] - Tapped on element 'Object Repository/MarketVisiting/UHTInsight'

2018-06-08 00:43:23 - [TEST_STEP][PASSED] - delay: Delayed 1 second(s)

2018-06-08 00:43:24 - [MESSAGE][PASSED] - Delayed 1 second(s)

2018-06-08 00:43:24 - [TEST_STEP][PASSED] - verifyElementText: Actual text and expected text of test object 'Object Repository/MarketVisiting/Validate_RemarksScreen' are matched.

2018-06-08 00:43:25 - [MESSAGE][PASSED] - Actual text and expected text of test object 'Object Repository/MarketVisiting/Validate_RemarksScreen' are matched.

2018-06-08 00:43:25 - [TEST_STEP][PASSED] - delay: Delayed 1 second(s)

2018-06-08 00:43:26 - [MESSAGE][PASSED] - Delayed 1 second(s)

2018-06-08 00:43:26 - [TEST_STEP][PASSED] - tap: Tapped on element 'Object Repository/MarketVisiting/TakePictureButton'

2018-06-08 00:43:26 - [MESSAGE][WARNING] - Timeout '0' is invalid. Using default page load timeout: '30'

2018-06-08 00:43:28 - [MESSAGE][PASSED] - Tapped on element 'Object Repository/MarketVisiting/TakePictureButton'

2018-06-08 00:43:28 - [TEST_STEP][PASSED] - delay: Delayed 1 second(s)

2018-06-08 00:43:29 - [MESSAGE][PASSED] - Delayed 1 second(s)

2018-06-08 00:43:29 - [TEST_STEP][PASSED] - verifyElementExist: Element 'Object Repository/CommonElements/Validate_CameraScreen' is exist

2018-06-08 00:43:29 - [MESSAGE][WARNING] - Timeout '0' is invalid. Using default page load timeout: '30'

2018-06-08 00:43:29 - [MESSAGE][PASSED] - Element 'Object Repository/CommonElements/Validate_CameraScreen' is exist

2018-06-08 00:43:29 - [TEST_STEP][PASSED] - delay: Delayed 1 second(s)

2018-06-08 00:43:30 - [MESSAGE][PASSED] - Delayed 1 second(s)

2018-06-08 00:43:30 - [TEST_STEP][PASSED] - tap: Tapped on element 'Object Repository/CommonElements/TakePhotoButton'

2018-06-08 00:43:30 - [MESSAGE][WARNING] - Timeout '0' is invalid. Using default page load timeout: '30'

2018-06-08 00:43:33 - [MESSAGE][PASSED] - Tapped on element 'Object Repository/CommonElements/TakePhotoButton'

2018-06-08 00:43:33 - [TEST_STEP][PASSED] - delay: Delayed 5 second(s)

2018-06-08 00:43:38 - [MESSAGE][PASSED] - Delayed 5 second(s)

2018-06-08 00:43:38 - [TEST_STEP][PASSED] - tap: Tapped on element 'Object Repository/CommonElements/DoneButton'

2018-06-08 00:43:38 - [MESSAGE][WARNING] - Timeout '0' is invalid. Using default page load timeout: '30'

2018-06-08 00:43:42 - [MESSAGE][PASSED] - Tapped on element 'Object Repository/CommonElements/DoneButton'

2018-06-08 00:43:42 - [TEST_STEP][PASSED] - delay: Delayed 1 second(s)

2018-06-08 00:43:43 - [MESSAGE][PASSED] - Delayed 1 second(s)

2018-06-08 00:43:43 - [TEST_STEP][PASSED] - verifyElementText: Actual text and expected text of test object 'Object Repository/MarketVisiting/Validate_RemarksScreen' are matched.

2018-06-08 00:43:43 - [MESSAGE][PASSED] - Actual text and expected text of test object 'Object Repository/MarketVisiting/Validate_RemarksScreen' are matched.

2018-06-08 00:43:43 - [TEST_STEP][PASSED] - delay: Delayed 1 second(s)

2018-06-08 00:43:44 - [MESSAGE][PASSED] - Delayed 1 second(s)

2018-06-08 00:43:44 - [TEST_STEP][PASSED] - setText: Text 'Overwrite Remarks' has been set to element 'Object Repository/MarketVisiting/RemarksTextArea'

2018-06-08 00:43:44 - [MESSAGE][WARNING] - Timeout '0' is invalid. Using default page load timeout: '30'

2018-06-08 00:43:58 - [MESSAGE][PASSED] - Text 'Overwrite Remarks' has been set to element 'Object Repository/MarketVisiting/RemarksTextArea'

2018-06-08 00:43:58 - [TEST_STEP][PASSED] - delay: Delayed 1 second(s)

2018-06-08 00:43:59 - [MESSAGE][PASSED] - Delayed 1 second(s)

2018-06-08 00:43:59 - [TEST_STEP][PASSED] - hideKeyboard: Keyboard is hidden

2018-06-08 00:44:01 - [MESSAGE][PASSED] - Keyboard is hidden

2018-06-08 00:44:01 - [TEST_STEP][PASSED] - tap: Tapped on element 'Object Repository/MarketVisiting/SubmitButton'

2018-06-08 00:44:01 - [MESSAGE][WARNING] - Timeout '0' is invalid. Using default page load timeout: '30'

2018-06-08 00:44:01 - [MESSAGE][PASSED] - Tapped on element 'Object Repository/MarketVisiting/SubmitButton'

2018-06-08 00:44:01 - [TEST_STEP][PASSED] - delay: Delayed 1 second(s)

2018-06-08 00:44:02 - [MESSAGE][PASSED] - Delayed 1 second(s)

2018-06-08 00:44:02 - [TEST_STEP][PASSED] - verifyElementExist: Element 'Object Repository/CommonElements/Validate_InfoPopUp' is exist

2018-06-08 00:44:02 - [MESSAGE][WARNING] - Timeout '0' is invalid. Using default page load timeout: '30'

2018-06-08 00:44:02 - [MESSAGE][PASSED] - Element 'Object Repository/CommonElements/Validate_InfoPopUp' is exist

2018-06-08 00:44:02 - [TEST_STEP][PASSED] - delay: Delayed 1 second(s)

2018-06-08 00:44:03 - [MESSAGE][PASSED] - Delayed 1 second(s)

2018-06-08 00:44:03 - [TEST_STEP][PASSED] - tap: Tapped on element 'Object Repository/CommonElements/InfoPopUp_OKButton'

2018-06-08 00:44:03 - [MESSAGE][WARNING] - Timeout '0' is invalid. Using default page load timeout: '30'

2018-06-08 00:44:04 - [MESSAGE][PASSED] - Tapped on element 'Object Repository/CommonElements/InfoPopUp_OKButton'

2018-06-08 00:44:04 - [TEST_STEP][PASSED] - delay: Delayed 1 second(s)

2018-06-08 00:44:05 - [MESSAGE][PASSED] - Delayed 1 second(s)

2018-06-08 00:44:05 - [TEST_STEP][PASSED] - verifyElementText: Actual text and expected text of test object 'Object Repository/MarketVisiting/Validate_TrainingStepsScreen' are matched.

2018-06-08 00:44:05 - [MESSAGE][PASSED] - Actual text and expected text of test object 'Object Repository/MarketVisiting/Validate_TrainingStepsScreen' are matched.

2018-06-08 00:44:05 - [TEST_STEP][PASSED] - delay: Delayed 1 second(s)

2018-06-08 00:44:06 - [MESSAGE][PASSED] - Delayed 1 second(s)

2018-06-08 00:44:06 - [TEST_STEP][PASSED] - tap: Tapped on element 'Object Repository/MarketVisiting/OtherMarketInsight'

2018-06-08 00:44:06 - [MESSAGE][WARNING] - Timeout '0' is invalid. Using default page load timeout: '30'

2018-06-08 00:44:07 - [MESSAGE][PASSED] - Tapped on element 'Object Repository/MarketVisiting/OtherMarketInsight'

2018-06-08 00:44:07 - [TEST_STEP][PASSED] - delay: Delayed 1 second(s)

2018-06-08 00:44:08 - [MESSAGE][PASSED] - Delayed 1 second(s)

2018-06-08 00:44:08 - [TEST_STEP][PASSED] - verifyElementText: Actual text and expected text of test object 'Object Repository/MarketVisiting/Validate_RemarksScreen' are matched.

2018-06-08 00:44:08 - [MESSAGE][PASSED] - Actual text and expected text of test object 'Object Repository/MarketVisiting/Validate_RemarksScreen' are matched.

2018-06-08 00:44:08 - [TEST_STEP][PASSED] - delay: Delayed 1 second(s)

2018-06-08 00:44:09 - [MESSAGE][PASSED] - Delayed 1 second(s)

2018-06-08 00:44:09 - [TEST_STEP][PASSED] - tap: Tapped on element 'Object Repository/MarketVisiting/TakePictureButton'

2018-06-08 00:44:09 - [MESSAGE][WARNING] - Timeout '0' is invalid. Using default page load timeout: '30'

2018-06-08 00:44:11 - [MESSAGE][PASSED] - Tapped on element 'Object Repository/MarketVisiting/TakePictureButton'

2018-06-08 00:44:11 - [TEST_STEP][PASSED] - delay: Delayed 1 second(s)

2018-06-08 00:44:12 - [MESSAGE][PASSED] - Delayed 1 second(s)

2018-06-08 00:44:12 - [TEST_STEP][PASSED] - verifyElementExist: Element 'Object Repository/CommonElements/Validate_CameraScreen' is exist

2018-06-08 00:44:13 - [MESSAGE][WARNING] - Timeout '0' is invalid. Using default page load timeout: '30'

2018-06-08 00:44:13 - [MESSAGE][PASSED] - Element 'Object Repository/CommonElements/Validate_CameraScreen' is exist

2018-06-08 00:44:13 - [TEST_STEP][PASSED] - delay: Delayed 1 second(s)

2018-06-08 00:44:14 - [MESSAGE][PASSED] - Delayed 1 second(s)

2018-06-08 00:44:14 - [TEST_STEP][PASSED] - tap: Tapped on element 'Object Repository/CommonElements/TakePhotoButton'

2018-06-08 00:44:14 - [MESSAGE][WARNING] - Timeout '0' is invalid. Using default page load timeout: '30'

2018-06-08 00:44:17 - [MESSAGE][PASSED] - Tapped on element 'Object Repository/CommonElements/TakePhotoButton'

2018-06-08 00:44:17 - [TEST_STEP][PASSED] - delay: Delayed 5 second(s)

2018-06-08 00:44:22 - [MESSAGE][PASSED] - Delayed 5 second(s)

2018-06-08 00:44:22 - [TEST_STEP][PASSED] - tap: Tapped on element 'Object Repository/CommonElements/DoneButton'

2018-06-08 00:44:22 - [MESSAGE][WARNING] - Timeout '0' is invalid. Using default page load timeout: '30'

2018-06-08 00:44:25 - [MESSAGE][PASSED] - Tapped on element 'Object Repository/CommonElements/DoneButton'

2018-06-08 00:44:25 - [TEST_STEP][PASSED] - delay: Delayed 1 second(s)

2018-06-08 00:44:26 - [MESSAGE][PASSED] - Delayed 1 second(s)

2018-06-08 00:44:26 - [TEST_STEP][PASSED] - verifyElementText: Actual text and expected text of test object 'Object Repository/MarketVisiting/Validate_RemarksScreen' are matched.

2018-06-08 00:44:26 - [MESSAGE][PASSED] - Actual text and expected text of test object 'Object Repository/MarketVisiting/Validate_RemarksScreen' are matched.

2018-06-08 00:44:26 - [TEST_STEP][PASSED] - delay: Delayed 1 second(s)

2018-06-08 00:44:27 - [MESSAGE][PASSED] - Delayed 1 second(s)

2018-06-08 00:44:27 - [TEST_STEP][PASSED] - setText: Text 'Overwrite Remarks' has been set to element 'Object Repository/MarketVisiting/RemarksTextArea'

2018-06-08 00:44:27 - [MESSAGE][WARNING] - Timeout '0' is invalid. Using default page load timeout: '30'

2018-06-08 00:44:42 - [MESSAGE][PASSED] - Text 'Overwrite Remarks' has been set to element 'Object Repository/MarketVisiting/RemarksTextArea'

2018-06-08 00:44:42 - [TEST_STEP][PASSED] - delay: Delayed 1 second(s)

2018-06-08 00:44:43 - [MESSAGE][PASSED] - Delayed 1 second(s)

2018-06-08 00:44:43 - [TEST_STEP][PASSED] - hideKeyboard: Keyboard is hidden

2018-06-08 00:44:44 - [MESSAGE][PASSED] - Keyboard is hidden

2018-06-08 00:44:45 - [TEST_STEP][PASSED] - tap: Tapped on element 'Object Repository/MarketVisiting/SubmitButton'

2018-06-08 00:44:45 - [MESSAGE][WARNING] - Timeout '0' is invalid. Using default page load timeout: '30'

2018-06-08 00:44:45 - [MESSAGE][PASSED] - Tapped on element 'Object Repository/MarketVisiting/SubmitButton'

2018-06-08 00:44:45 - [TEST_STEP][PASSED] - delay: Delayed 1 second(s)

2018-06-08 00:44:46 - [MESSAGE][PASSED] - Delayed 1 second(s)

2018-06-08 00:44:46 - [TEST_STEP][PASSED] - verifyElementExist: Element 'Object Repository/CommonElements/Validate_InfoPopUp' is exist

2018-06-08 00:44:46 - [MESSAGE][WARNING] - Timeout '0' is invalid. Using default page load timeout: '30'

2018-06-08 00:44:46 - [MESSAGE][PASSED] - Element 'Object Repository/CommonElements/Validate_InfoPopUp' is exist

2018-06-08 00:44:46 - [TEST_STEP][PASSED] - delay: Delayed 1 second(s)

2018-06-08 00:44:47 - [MESSAGE][PASSED] - Delayed 1 second(s)

2018-06-08 00:44:47 - [TEST_STEP][PASSED] - tap: Tapped on element 'Object Repository/CommonElements/InfoPopUp_OKButton'

2018-06-08 00:44:47 - [MESSAGE][WARNING] - Timeout '0' is invalid. Using default page load timeout: '30'

2018-06-08 00:44:48 - [MESSAGE][PASSED] - Tapped on element 'Object Repository/CommonElements/InfoPopUp_OKButton'

2018-06-08 00:44:48 - [TEST_STEP][PASSED] - delay: Delayed 1 second(s)

2018-06-08 00:44:49 - [MESSAGE][PASSED] - Delayed 1 second(s)

2018-06-08 00:44:49 - [TEST_STEP][PASSED] - verifyElementText: Actual text and expected text of test object 'Object Repository/MarketVisiting/Validate_TrainingStepsScreen' are matched.

2018-06-08 00:44:49 - [MESSAGE][PASSED] - Actual text and expected text of test object 'Object Repository/MarketVisiting/Validate_TrainingStepsScreen' are matched.

2018-06-08 00:44:49 - [TEST_STEP][PASSED] - delay: Delayed 1 second(s)

2018-06-08 00:44:50 - [MESSAGE][PASSED] - Delayed 1 second(s)]]></system-out>
         <system-err><![CDATA[]]></system-err>
      </testcase>
      <testcase name="Test Cases/MarketVisit/SaveTrainingWithOverwriting" classname="Test Cases/MarketVisit/SaveTrainingWithOverwriting" status="PASSED">
         <system-out><![CDATA[2018-06-08 00:44:50 - [TEST_CASE][PASSED] - Test Cases/MarketVisit/SaveTrainingWithOverwriting: Test Cases/MarketVisit/SaveTrainingWithOverwriting

2018-06-08 00:44:50 - [TEST_STEP][PASSED] - verifyElementText: Actual text and expected text of test object 'Object Repository/MarketVisiting/Validate_TrainingStepsScreen' are matched.

2018-06-08 00:44:50 - [MESSAGE][PASSED] - Actual text and expected text of test object 'Object Repository/MarketVisiting/Validate_TrainingStepsScreen' are matched.

2018-06-08 00:44:50 - [TEST_STEP][PASSED] - delay: Delayed 1 second(s)

2018-06-08 00:44:51 - [MESSAGE][PASSED] - Delayed 1 second(s)

2018-06-08 00:44:51 - [TEST_STEP][PASSED] - swipe: Swiped from 0,700 to 0,520

2018-06-08 00:44:52 - [MESSAGE][PASSED] - Swiped from 0,700 to 0,520

2018-06-08 00:44:52 - [TEST_STEP][PASSED] - delay: Delayed 2 second(s)

2018-06-08 00:44:54 - [MESSAGE][PASSED] - Delayed 2 second(s)

2018-06-08 00:44:54 - [TEST_STEP][PASSED] - tap: Tapped on element 'Object Repository/MarketVisiting/SaveMarketVisitButton'

2018-06-08 00:44:54 - [MESSAGE][WARNING] - Timeout '0' is invalid. Using default page load timeout: '30'

2018-06-08 00:44:55 - [MESSAGE][PASSED] - Tapped on element 'Object Repository/MarketVisiting/SaveMarketVisitButton'

2018-06-08 00:44:55 - [TEST_STEP][PASSED] - delay: Delayed 2 second(s)

2018-06-08 00:44:57 - [MESSAGE][PASSED] - Delayed 2 second(s)

2018-06-08 00:44:57 - [TEST_STEP][PASSED] - verifyElementExist: Element 'Object Repository/MarketVisiting/Validate_ShopListScreen' is exist

2018-06-08 00:44:57 - [MESSAGE][WARNING] - Timeout '0' is invalid. Using default page load timeout: '30'

2018-06-08 00:44:57 - [MESSAGE][PASSED] - Element 'Object Repository/MarketVisiting/Validate_ShopListScreen' is exist

2018-06-08 00:44:57 - [TEST_STEP][PASSED] - delay: Delayed 1 second(s)

2018-06-08 00:44:58 - [MESSAGE][PASSED] - Delayed 1 second(s)]]></system-out>
         <system-err><![CDATA[]]></system-err>
      </testcase>
      <testcase name="Test Cases/MarketVisit/BackToMainScreen" classname="Test Cases/MarketVisit/BackToMainScreen" status="PASSED">
         <system-out><![CDATA[2018-06-08 00:44:58 - [TEST_CASE][PASSED] - Test Cases/MarketVisit/BackToMainScreen: Test Cases/MarketVisit/BackToMainScreen

2018-06-08 00:44:59 - [TEST_STEP][PASSED] - verifyElementExist: Element 'Object Repository/MarketVisiting/Validate_ShopListScreen' is exist

2018-06-08 00:44:59 - [MESSAGE][WARNING] - Timeout '0' is invalid. Using default page load timeout: '30'

2018-06-08 00:44:59 - [MESSAGE][PASSED] - Element 'Object Repository/MarketVisiting/Validate_ShopListScreen' is exist

2018-06-08 00:44:59 - [TEST_STEP][PASSED] - delay: Delayed 1 second(s)

2018-06-08 00:45:00 - [MESSAGE][PASSED] - Delayed 1 second(s)

2018-06-08 00:45:00 - [TEST_STEP][PASSED] - tap: Tapped on element 'Object Repository/MarketVisiting/ShopsList_BackButton'

2018-06-08 00:45:00 - [MESSAGE][WARNING] - Timeout '0' is invalid. Using default page load timeout: '30'

2018-06-08 00:45:00 - [MESSAGE][PASSED] - Tapped on element 'Object Repository/MarketVisiting/ShopsList_BackButton'

2018-06-08 00:45:00 - [TEST_STEP][PASSED] - delay: Delayed 1 second(s)

2018-06-08 00:45:01 - [MESSAGE][PASSED] - Delayed 1 second(s)

2018-06-08 00:45:01 - [TEST_STEP][PASSED] - verifyElementText: Actual text and expected text of test object 'Object Repository/MarketVisiting/Validate_ProgramsScreen' are matched.

2018-06-08 00:45:02 - [MESSAGE][PASSED] - Actual text and expected text of test object 'Object Repository/MarketVisiting/Validate_ProgramsScreen' are matched.

2018-06-08 00:45:02 - [TEST_STEP][PASSED] - delay: Delayed 1 second(s)

2018-06-08 00:45:03 - [MESSAGE][PASSED] - Delayed 1 second(s)

2018-06-08 00:45:03 - [TEST_STEP][PASSED] - tap: Tapped on element 'Object Repository/MarketVisiting/Programs_BackButton'

2018-06-08 00:45:03 - [MESSAGE][WARNING] - Timeout '0' is invalid. Using default page load timeout: '30'

2018-06-08 00:45:06 - [MESSAGE][PASSED] - Tapped on element 'Object Repository/MarketVisiting/Programs_BackButton'

2018-06-08 00:45:06 - [TEST_STEP][PASSED] - delay: Delayed 1 second(s)

2018-06-08 00:45:07 - [MESSAGE][PASSED] - Delayed 1 second(s)

2018-06-08 00:45:07 - [TEST_STEP][PASSED] - verifyElementExist: Element 'Object Repository/MainScreenEelements/Validate_ApplicationMainScreen' is exist

2018-06-08 00:45:07 - [MESSAGE][WARNING] - Timeout '0' is invalid. Using default page load timeout: '30'

2018-06-08 00:45:07 - [MESSAGE][PASSED] - Element 'Object Repository/MainScreenEelements/Validate_ApplicationMainScreen' is exist

2018-06-08 00:45:07 - [TEST_STEP][PASSED] - delay: Delayed 1 second(s)

2018-06-08 00:45:08 - [MESSAGE][PASSED] - Delayed 1 second(s)]]></system-out>
         <system-err><![CDATA[]]></system-err>
      </testcase>
      <testcase name="Test Cases/TrainingUpdates/VisitTrainingUpdates" classname="Test Cases/TrainingUpdates/VisitTrainingUpdates" status="PASSED">
         <system-out><![CDATA[2018-06-08 00:45:08 - [TEST_CASE][PASSED] - Test Cases/TrainingUpdates/VisitTrainingUpdates: Test Cases/TrainingUpdates/VisitTrainingUpdates

2018-06-08 00:45:09 - [TEST_STEP][PASSED] - tap: Tapped on element 'Object Repository/MainScreenEelements/TrainingUpdates'

2018-06-08 00:45:09 - [MESSAGE][WARNING] - Timeout '0' is invalid. Using default page load timeout: '30'

2018-06-08 00:45:09 - [MESSAGE][PASSED] - Tapped on element 'Object Repository/MainScreenEelements/TrainingUpdates'

2018-06-08 00:45:09 - [TEST_STEP][PASSED] - delay: Delayed 1 second(s)

2018-06-08 00:45:10 - [MESSAGE][PASSED] - Delayed 1 second(s)

2018-06-08 00:45:10 - [TEST_STEP][PASSED] - waitForElementPresent: Element 'Object Repository/TrainingUpdates/Validate_TrainingUpdatesScreen' is present

2018-06-08 00:45:10 - [MESSAGE][WARNING] - Timeout '0' is invalid. Using default page load timeout: '30'

2018-06-08 00:45:13 - [MESSAGE][PASSED] - Element 'Object Repository/TrainingUpdates/Validate_TrainingUpdatesScreen' is present

2018-06-08 00:45:13 - [TEST_STEP][PASSED] - delay: Delayed 1 second(s)

2018-06-08 00:45:14 - [MESSAGE][PASSED] - Delayed 1 second(s)

2018-06-08 00:45:14 - [TEST_STEP][PASSED] - verifyElementExist: Element 'Object Repository/TrainingUpdates/Validate_TrainingUpdatesScreen' is exist

2018-06-08 00:45:14 - [MESSAGE][WARNING] - Timeout '0' is invalid. Using default page load timeout: '30'

2018-06-08 00:45:14 - [MESSAGE][PASSED] - Element 'Object Repository/TrainingUpdates/Validate_TrainingUpdatesScreen' is exist

2018-06-08 00:45:14 - [TEST_STEP][PASSED] - delay: Delayed 1 second(s)

2018-06-08 00:45:15 - [MESSAGE][PASSED] - Delayed 1 second(s)

2018-06-08 00:45:15 - [TEST_STEP][PASSED] - tap: Tapped on element 'Object Repository/TrainingUpdates/DSFTrainingStats/DSFTrainingStats'

2018-06-08 00:45:15 - [MESSAGE][WARNING] - Timeout '0' is invalid. Using default page load timeout: '30'

2018-06-08 00:45:16 - [MESSAGE][PASSED] - Tapped on element 'Object Repository/TrainingUpdates/DSFTrainingStats/DSFTrainingStats'

2018-06-08 00:45:16 - [TEST_STEP][PASSED] - delay: Delayed 1 second(s)

2018-06-08 00:45:17 - [MESSAGE][PASSED] - Delayed 1 second(s)

2018-06-08 00:45:17 - [TEST_STEP][PASSED] - verifyElementExist: Element 'Object Repository/TrainingUpdates/DSFTrainingStats/Validate_DSFTrainingStats' is exist

2018-06-08 00:45:17 - [MESSAGE][WARNING] - Timeout '0' is invalid. Using default page load timeout: '30'

2018-06-08 00:45:17 - [MESSAGE][PASSED] - Element 'Object Repository/TrainingUpdates/DSFTrainingStats/Validate_DSFTrainingStats' is exist

2018-06-08 00:45:17 - [TEST_STEP][PASSED] - delay: Delayed 1 second(s)

2018-06-08 00:45:18 - [MESSAGE][PASSED] - Delayed 1 second(s)

2018-06-08 00:45:18 - [TEST_STEP][PASSED] - tap: Tapped on element 'Object Repository/TrainingUpdates/DSFTrainingStats/DSFTrainingStats_BackButton'

2018-06-08 00:45:18 - [MESSAGE][WARNING] - Timeout '0' is invalid. Using default page load timeout: '30'

2018-06-08 00:45:22 - [MESSAGE][PASSED] - Tapped on element 'Object Repository/TrainingUpdates/DSFTrainingStats/DSFTrainingStats_BackButton'

2018-06-08 00:45:22 - [TEST_STEP][PASSED] - delay: Delayed 1 second(s)

2018-06-08 00:45:23 - [MESSAGE][PASSED] - Delayed 1 second(s)

2018-06-08 00:45:23 - [TEST_STEP][PASSED] - verifyElementExist: Element 'Object Repository/TrainingUpdates/Validate_TrainingUpdatesScreen' is exist

2018-06-08 00:45:23 - [MESSAGE][WARNING] - Timeout '0' is invalid. Using default page load timeout: '30'

2018-06-08 00:45:23 - [MESSAGE][PASSED] - Element 'Object Repository/TrainingUpdates/Validate_TrainingUpdatesScreen' is exist

2018-06-08 00:45:23 - [TEST_STEP][PASSED] - delay: Delayed 1 second(s)

2018-06-08 00:45:24 - [MESSAGE][PASSED] - Delayed 1 second(s)

2018-06-08 00:45:24 - [TEST_STEP][PASSED] - tap: Tapped on element 'Object Repository/TrainingUpdates/CapabilityChampions/CapabilityChampions'

2018-06-08 00:45:24 - [MESSAGE][WARNING] - Timeout '0' is invalid. Using default page load timeout: '30'

2018-06-08 00:45:24 - [MESSAGE][PASSED] - Tapped on element 'Object Repository/TrainingUpdates/CapabilityChampions/CapabilityChampions'

2018-06-08 00:45:24 - [TEST_STEP][PASSED] - delay: Delayed 1 second(s)

2018-06-08 00:45:25 - [MESSAGE][PASSED] - Delayed 1 second(s)

2018-06-08 00:45:25 - [TEST_STEP][PASSED] - verifyElementExist: Element 'Object Repository/TrainingUpdates/CapabilityChampions/Validate_NationalZonalScreen' is exist

2018-06-08 00:45:25 - [MESSAGE][WARNING] - Timeout '0' is invalid. Using default page load timeout: '30'

2018-06-08 00:45:26 - [MESSAGE][PASSED] - Element 'Object Repository/TrainingUpdates/CapabilityChampions/Validate_NationalZonalScreen' is exist

2018-06-08 00:45:26 - [TEST_STEP][PASSED] - delay: Delayed 1 second(s)

2018-06-08 00:45:27 - [MESSAGE][PASSED] - Delayed 1 second(s)

2018-06-08 00:45:27 - [TEST_STEP][PASSED] - tap: Tapped on element 'Object Repository/TrainingUpdates/CapabilityChampions/NationalChampions'

2018-06-08 00:45:27 - [MESSAGE][WARNING] - Timeout '0' is invalid. Using default page load timeout: '30'

2018-06-08 00:45:27 - [MESSAGE][PASSED] - Tapped on element 'Object Repository/TrainingUpdates/CapabilityChampions/NationalChampions'

2018-06-08 00:45:27 - [TEST_STEP][PASSED] - delay: Delayed 1 second(s)

2018-06-08 00:45:28 - [MESSAGE][PASSED] - Delayed 1 second(s)

2018-06-08 00:45:28 - [TEST_STEP][PASSED] - verifyElementExist: Element 'Object Repository/TrainingUpdates/CapabilityChampions/Validate_ASMTSEScreen' is exist

2018-06-08 00:45:28 - [MESSAGE][WARNING] - Timeout '0' is invalid. Using default page load timeout: '30'

2018-06-08 00:45:28 - [MESSAGE][PASSED] - Element 'Object Repository/TrainingUpdates/CapabilityChampions/Validate_ASMTSEScreen' is exist

2018-06-08 00:45:28 - [TEST_STEP][PASSED] - delay: Delayed 1 second(s)

2018-06-08 00:45:29 - [MESSAGE][PASSED] - Delayed 1 second(s)

2018-06-08 00:45:29 - [TEST_STEP][PASSED] - tap: Tapped on element 'Object Repository/TrainingUpdates/CapabilityChampions/ASM'

2018-06-08 00:45:29 - [MESSAGE][WARNING] - Timeout '0' is invalid. Using default page load timeout: '30'

2018-06-08 00:45:30 - [MESSAGE][PASSED] - Tapped on element 'Object Repository/TrainingUpdates/CapabilityChampions/ASM'

2018-06-08 00:45:30 - [TEST_STEP][PASSED] - delay: Delayed 1 second(s)

2018-06-08 00:45:31 - [MESSAGE][PASSED] - Delayed 1 second(s)

2018-06-08 00:45:31 - [TEST_STEP][PASSED] - waitForElementPresent: Object Object Repository/TrainingUpdates/CapabilityChampions/Validate_NationalChampionsScreen not found

2018-06-08 00:45:31 - [MESSAGE][WARNING] - Timeout '0' is invalid. Using default page load timeout: '30'

2018-06-08 00:46:01 - [MESSAGE][WARNING] - Object Object Repository/TrainingUpdates/CapabilityChampions/Validate_NationalChampionsScreen not found

2018-06-08 00:46:01 - [TEST_STEP][PASSED] - delay: Delayed 1 second(s)

2018-06-08 00:46:02 - [MESSAGE][PASSED] - Delayed 1 second(s)

2018-06-08 00:46:02 - [TEST_STEP][PASSED] - verifyElementText: Actual text and expected text of test object 'Object Repository/TrainingUpdates/CapabilityChampions/Validate_NationalChampionsScreen' are matched.

2018-06-08 00:46:02 - [MESSAGE][PASSED] - Actual text and expected text of test object 'Object Repository/TrainingUpdates/CapabilityChampions/Validate_NationalChampionsScreen' are matched.

2018-06-08 00:46:02 - [TEST_STEP][PASSED] - delay: Delayed 1 second(s)

2018-06-08 00:46:03 - [MESSAGE][PASSED] - Delayed 1 second(s)

2018-06-08 00:46:03 - [TEST_STEP][PASSED] - tap: Tapped on element 'Object Repository/TrainingUpdates/CapabilityChampions/NationalChampions_BackButton'

2018-06-08 00:46:03 - [MESSAGE][WARNING] - Timeout '0' is invalid. Using default page load timeout: '30'

2018-06-08 00:46:06 - [MESSAGE][PASSED] - Tapped on element 'Object Repository/TrainingUpdates/CapabilityChampions/NationalChampions_BackButton'

2018-06-08 00:46:06 - [TEST_STEP][PASSED] - delay: Delayed 1 second(s)

2018-06-08 00:46:07 - [MESSAGE][PASSED] - Delayed 1 second(s)

2018-06-08 00:46:07 - [TEST_STEP][PASSED] - verifyElementExist: Element 'Object Repository/TrainingUpdates/CapabilityChampions/Validate_ASMTSEScreen' is exist

2018-06-08 00:46:07 - [MESSAGE][WARNING] - Timeout '0' is invalid. Using default page load timeout: '30'

2018-06-08 00:46:08 - [MESSAGE][PASSED] - Element 'Object Repository/TrainingUpdates/CapabilityChampions/Validate_ASMTSEScreen' is exist

2018-06-08 00:46:08 - [TEST_STEP][PASSED] - delay: Delayed 1 second(s)

2018-06-08 00:46:09 - [MESSAGE][PASSED] - Delayed 1 second(s)

2018-06-08 00:46:09 - [TEST_STEP][PASSED] - tap: Tapped on element 'Object Repository/TrainingUpdates/CapabilityChampions/TSE'

2018-06-08 00:46:09 - [MESSAGE][WARNING] - Timeout '0' is invalid. Using default page load timeout: '30'

2018-06-08 00:46:09 - [MESSAGE][PASSED] - Tapped on element 'Object Repository/TrainingUpdates/CapabilityChampions/TSE'

2018-06-08 00:46:09 - [TEST_STEP][PASSED] - delay: Delayed 1 second(s)

2018-06-08 00:46:10 - [MESSAGE][PASSED] - Delayed 1 second(s)

2018-06-08 00:46:10 - [TEST_STEP][PASSED] - waitForElementPresent: Element 'Object Repository/TrainingUpdates/CapabilityChampions/Validate_NationalChampionsScreen' is present

2018-06-08 00:46:10 - [MESSAGE][WARNING] - Timeout '0' is invalid. Using default page load timeout: '30'

2018-06-08 00:46:13 - [MESSAGE][PASSED] - Element 'Object Repository/TrainingUpdates/CapabilityChampions/Validate_NationalChampionsScreen' is present

2018-06-08 00:46:13 - [TEST_STEP][PASSED] - delay: Delayed 1 second(s)

2018-06-08 00:46:14 - [MESSAGE][PASSED] - Delayed 1 second(s)

2018-06-08 00:46:14 - [TEST_STEP][PASSED] - verifyElementText: Actual text and expected text of test object 'Object Repository/TrainingUpdates/CapabilityChampions/Validate_NationalChampionsScreen' are matched.

2018-06-08 00:46:14 - [MESSAGE][PASSED] - Actual text and expected text of test object 'Object Repository/TrainingUpdates/CapabilityChampions/Validate_NationalChampionsScreen' are matched.

2018-06-08 00:46:14 - [TEST_STEP][PASSED] - delay: Delayed 1 second(s)

2018-06-08 00:46:15 - [MESSAGE][PASSED] - Delayed 1 second(s)

2018-06-08 00:46:15 - [TEST_STEP][PASSED] - tap: Tapped on element 'Object Repository/TrainingUpdates/CapabilityChampions/NationalChampions_BackButton'

2018-06-08 00:46:15 - [MESSAGE][WARNING] - Timeout '0' is invalid. Using default page load timeout: '30'

2018-06-08 00:46:18 - [MESSAGE][PASSED] - Tapped on element 'Object Repository/TrainingUpdates/CapabilityChampions/NationalChampions_BackButton'

2018-06-08 00:46:18 - [TEST_STEP][PASSED] - delay: Delayed 1 second(s)

2018-06-08 00:46:19 - [MESSAGE][PASSED] - Delayed 1 second(s)

2018-06-08 00:46:19 - [TEST_STEP][PASSED] - verifyElementExist: Element 'Object Repository/TrainingUpdates/CapabilityChampions/Validate_ASMTSEScreen' is exist

2018-06-08 00:46:19 - [MESSAGE][WARNING] - Timeout '0' is invalid. Using default page load timeout: '30'

2018-06-08 00:46:19 - [MESSAGE][PASSED] - Element 'Object Repository/TrainingUpdates/CapabilityChampions/Validate_ASMTSEScreen' is exist

2018-06-08 00:46:19 - [TEST_STEP][PASSED] - delay: Delayed 1 second(s)

2018-06-08 00:46:20 - [MESSAGE][PASSED] - Delayed 1 second(s)

2018-06-08 00:46:20 - [TEST_STEP][PASSED] - pressBack: Press back button successfully

2018-06-08 00:46:21 - [MESSAGE][PASSED] - Press back button successfully

2018-06-08 00:46:21 - [TEST_STEP][PASSED] - delay: Delayed 1 second(s)

2018-06-08 00:46:22 - [MESSAGE][PASSED] - Delayed 1 second(s)

2018-06-08 00:46:22 - [TEST_STEP][PASSED] - verifyElementExist: Element 'Object Repository/TrainingUpdates/CapabilityChampions/Validate_NationalZonalScreen' is exist

2018-06-08 00:46:22 - [MESSAGE][WARNING] - Timeout '0' is invalid. Using default page load timeout: '30'

2018-06-08 00:46:22 - [MESSAGE][PASSED] - Element 'Object Repository/TrainingUpdates/CapabilityChampions/Validate_NationalZonalScreen' is exist

2018-06-08 00:46:22 - [TEST_STEP][PASSED] - delay: Delayed 1 second(s)

2018-06-08 00:46:23 - [MESSAGE][PASSED] - Delayed 1 second(s)

2018-06-08 00:46:23 - [TEST_STEP][PASSED] - tap: Tapped on element 'Object Repository/TrainingUpdates/CapabilityChampions/ZonalChampions'

2018-06-08 00:46:23 - [MESSAGE][WARNING] - Timeout '0' is invalid. Using default page load timeout: '30'

2018-06-08 00:46:24 - [MESSAGE][PASSED] - Tapped on element 'Object Repository/TrainingUpdates/CapabilityChampions/ZonalChampions'

2018-06-08 00:46:24 - [TEST_STEP][PASSED] - delay: Delayed 1 second(s)

2018-06-08 00:46:25 - [MESSAGE][PASSED] - Delayed 1 second(s)

2018-06-08 00:46:25 - [TEST_STEP][PASSED] - verifyElementExist: Element 'Object Repository/TrainingUpdates/CapabilityChampions/Validate_CenterSouthNorthScreen' is exist

2018-06-08 00:46:25 - [MESSAGE][WARNING] - Timeout '0' is invalid. Using default page load timeout: '30'

2018-06-08 00:46:25 - [MESSAGE][PASSED] - Element 'Object Repository/TrainingUpdates/CapabilityChampions/Validate_CenterSouthNorthScreen' is exist

2018-06-08 00:46:25 - [TEST_STEP][PASSED] - delay: Delayed 1 second(s)

2018-06-08 00:46:26 - [MESSAGE][PASSED] - Delayed 1 second(s)

2018-06-08 00:46:26 - [TEST_STEP][PASSED] - customkeywordscollection.CustomKeywords.visitAsmTseZoneForZonalChampions: customkeywordscollection.CustomKeywords.visitAsmTseZoneForZonalChampions is PASSED

2018-06-08 00:46:28 - [MESSAGE][PASSED] - Delayed 1 second(s)

2018-06-08 00:46:28 - [TEST_CASE][PASSED] - Test Cases/TrainingUpdates/VisitAsmTseForZonalChampions: Test Cases/TrainingUpdates/VisitAsmTseForZonalChampions

2018-06-08 00:46:28 - [TEST_STEP][PASSED] - verifyElementExist: Element 'Object Repository/TrainingUpdates/CapabilityChampions/Validate_ASMTSEScreen' is exist

2018-06-08 00:46:28 - [MESSAGE][WARNING] - Timeout '0' is invalid. Using default page load timeout: '30'

2018-06-08 00:46:28 - [MESSAGE][PASSED] - Element 'Object Repository/TrainingUpdates/CapabilityChampions/Validate_ASMTSEScreen' is exist

2018-06-08 00:46:28 - [TEST_STEP][PASSED] - delay: Delayed 1 second(s)

2018-06-08 00:46:29 - [MESSAGE][PASSED] - Delayed 1 second(s)

2018-06-08 00:46:29 - [TEST_STEP][PASSED] - tap: Tapped on element 'Object Repository/TrainingUpdates/CapabilityChampions/ASM'

2018-06-08 00:46:29 - [MESSAGE][WARNING] - Timeout '0' is invalid. Using default page load timeout: '30'

2018-06-08 00:46:29 - [MESSAGE][PASSED] - Tapped on element 'Object Repository/TrainingUpdates/CapabilityChampions/ASM'

2018-06-08 00:46:29 - [TEST_STEP][PASSED] - delay: Delayed 1 second(s)

2018-06-08 00:46:30 - [MESSAGE][PASSED] - Delayed 1 second(s)

2018-06-08 00:46:30 - [TEST_STEP][PASSED] - waitForElementPresent: Element 'Object Repository/TrainingUpdates/CapabilityChampions/Validate_ZonalChampionsScreen' is present

2018-06-08 00:46:30 - [MESSAGE][WARNING] - Timeout '0' is invalid. Using default page load timeout: '30'

2018-06-08 00:46:44 - [MESSAGE][PASSED] - Element 'Object Repository/TrainingUpdates/CapabilityChampions/Validate_ZonalChampionsScreen' is present

2018-06-08 00:46:44 - [TEST_STEP][PASSED] - delay: Delayed 1 second(s)

2018-06-08 00:46:45 - [MESSAGE][PASSED] - Delayed 1 second(s)

2018-06-08 00:46:45 - [TEST_STEP][PASSED] - verifyElementText: Actual text and expected text of test object 'Object Repository/TrainingUpdates/CapabilityChampions/Validate_ZonalChampionsScreen' are matched.

2018-06-08 00:46:45 - [MESSAGE][PASSED] - Actual text and expected text of test object 'Object Repository/TrainingUpdates/CapabilityChampions/Validate_ZonalChampionsScreen' are matched.

2018-06-08 00:46:45 - [TEST_STEP][PASSED] - delay: Delayed 1 second(s)

2018-06-08 00:46:46 - [MESSAGE][PASSED] - Delayed 1 second(s)

2018-06-08 00:46:46 - [TEST_STEP][PASSED] - tap: Tapped on element 'Object Repository/TrainingUpdates/CapabilityChampions/ZonalChampions_BackButton'

2018-06-08 00:46:46 - [MESSAGE][WARNING] - Timeout '0' is invalid. Using default page load timeout: '30'

2018-06-08 00:46:49 - [MESSAGE][PASSED] - Tapped on element 'Object Repository/TrainingUpdates/CapabilityChampions/ZonalChampions_BackButton'

2018-06-08 00:46:49 - [TEST_STEP][PASSED] - delay: Delayed 1 second(s)

2018-06-08 00:46:50 - [MESSAGE][PASSED] - Delayed 1 second(s)

2018-06-08 00:46:50 - [TEST_STEP][PASSED] - verifyElementExist: Element 'Object Repository/TrainingUpdates/CapabilityChampions/Validate_ASMTSEScreen' is exist

2018-06-08 00:46:50 - [MESSAGE][WARNING] - Timeout '0' is invalid. Using default page load timeout: '30'

2018-06-08 00:46:51 - [MESSAGE][PASSED] - Element 'Object Repository/TrainingUpdates/CapabilityChampions/Validate_ASMTSEScreen' is exist

2018-06-08 00:46:51 - [TEST_STEP][PASSED] - delay: Delayed 1 second(s)

2018-06-08 00:46:52 - [MESSAGE][PASSED] - Delayed 1 second(s)

2018-06-08 00:46:52 - [TEST_STEP][PASSED] - tap: Tapped on element 'Object Repository/TrainingUpdates/CapabilityChampions/TSE'

2018-06-08 00:46:52 - [MESSAGE][WARNING] - Timeout '0' is invalid. Using default page load timeout: '30'

2018-06-08 00:46:52 - [MESSAGE][PASSED] - Tapped on element 'Object Repository/TrainingUpdates/CapabilityChampions/TSE'

2018-06-08 00:46:52 - [TEST_STEP][PASSED] - delay: Delayed 1 second(s)

2018-06-08 00:46:53 - [MESSAGE][PASSED] - Delayed 1 second(s)

2018-06-08 00:46:53 - [TEST_STEP][PASSED] - waitForElementPresent: Element 'Object Repository/TrainingUpdates/CapabilityChampions/Validate_ZonalChampionsScreen' is present

2018-06-08 00:46:53 - [MESSAGE][WARNING] - Timeout '0' is invalid. Using default page load timeout: '30'

2018-06-08 00:46:55 - [MESSAGE][PASSED] - Element 'Object Repository/TrainingUpdates/CapabilityChampions/Validate_ZonalChampionsScreen' is present

2018-06-08 00:46:55 - [TEST_STEP][PASSED] - delay: Delayed 1 second(s)

2018-06-08 00:46:56 - [MESSAGE][PASSED] - Delayed 1 second(s)

2018-06-08 00:46:56 - [TEST_STEP][PASSED] - verifyElementText: Actual text and expected text of test object 'Object Repository/TrainingUpdates/CapabilityChampions/Validate_ZonalChampionsScreen' are matched.

2018-06-08 00:46:56 - [MESSAGE][PASSED] - Actual text and expected text of test object 'Object Repository/TrainingUpdates/CapabilityChampions/Validate_ZonalChampionsScreen' are matched.

2018-06-08 00:46:56 - [TEST_STEP][PASSED] - delay: Delayed 1 second(s)

2018-06-08 00:46:57 - [MESSAGE][PASSED] - Delayed 1 second(s)

2018-06-08 00:46:57 - [TEST_STEP][PASSED] - tap: Tapped on element 'Object Repository/TrainingUpdates/CapabilityChampions/ZonalChampions_BackButton'

2018-06-08 00:46:57 - [MESSAGE][WARNING] - Timeout '0' is invalid. Using default page load timeout: '30'

2018-06-08 00:47:01 - [MESSAGE][PASSED] - Tapped on element 'Object Repository/TrainingUpdates/CapabilityChampions/ZonalChampions_BackButton'

2018-06-08 00:47:01 - [TEST_STEP][PASSED] - delay: Delayed 1 second(s)

2018-06-08 00:47:02 - [MESSAGE][PASSED] - Delayed 1 second(s)

2018-06-08 00:47:02 - [TEST_STEP][PASSED] - verifyElementExist: Element 'Object Repository/TrainingUpdates/CapabilityChampions/Validate_ASMTSEScreen' is exist

2018-06-08 00:47:02 - [MESSAGE][WARNING] - Timeout '0' is invalid. Using default page load timeout: '30'

2018-06-08 00:47:02 - [MESSAGE][PASSED] - Element 'Object Repository/TrainingUpdates/CapabilityChampions/Validate_ASMTSEScreen' is exist

2018-06-08 00:47:02 - [TEST_STEP][PASSED] - delay: Delayed 1 second(s)

2018-06-08 00:47:03 - [MESSAGE][PASSED] - Delayed 1 second(s)

2018-06-08 00:47:03 - [TEST_STEP][PASSED] - pressBack: Press back button successfully

2018-06-08 00:47:03 - [MESSAGE][PASSED] - Press back button successfully

2018-06-08 00:47:03 - [TEST_STEP][PASSED] - delay: Delayed 1 second(s)

2018-06-08 00:47:04 - [MESSAGE][PASSED] - Delayed 1 second(s)

2018-06-08 00:47:04 - [TEST_STEP][PASSED] - verifyElementExist: Element 'Object Repository/TrainingUpdates/CapabilityChampions/Validate_CenterSouthNorthScreen' is exist

2018-06-08 00:47:04 - [MESSAGE][WARNING] - Timeout '0' is invalid. Using default page load timeout: '30'

2018-06-08 00:47:04 - [MESSAGE][PASSED] - Element 'Object Repository/TrainingUpdates/CapabilityChampions/Validate_CenterSouthNorthScreen' is exist

2018-06-08 00:47:04 - [TEST_STEP][PASSED] - delay: Delayed 1 second(s)

2018-06-08 00:47:05 - [MESSAGE][PASSED] - Delayed 1 second(s)

2018-06-08 00:47:05 - [MESSAGE][PASSED] - Call Test Case 'Test Cases/TrainingUpdates/VisitAsmTseForZonalChampions' successfully

2018-06-08 00:47:07 - [MESSAGE][PASSED] - Delayed 1 second(s)

2018-06-08 00:47:07 - [TEST_CASE][PASSED] - Test Cases/TrainingUpdates/VisitAsmTseForZonalChampions: Test Cases/TrainingUpdates/VisitAsmTseForZonalChampions

2018-06-08 00:47:07 - [TEST_STEP][PASSED] - verifyElementExist: Element 'Object Repository/TrainingUpdates/CapabilityChampions/Validate_ASMTSEScreen' is exist

2018-06-08 00:47:07 - [MESSAGE][WARNING] - Timeout '0' is invalid. Using default page load timeout: '30'

2018-06-08 00:47:07 - [MESSAGE][PASSED] - Element 'Object Repository/TrainingUpdates/CapabilityChampions/Validate_ASMTSEScreen' is exist

2018-06-08 00:47:07 - [TEST_STEP][PASSED] - delay: Delayed 1 second(s)

2018-06-08 00:47:08 - [MESSAGE][PASSED] - Delayed 1 second(s)

2018-06-08 00:47:08 - [TEST_STEP][PASSED] - tap: Tapped on element 'Object Repository/TrainingUpdates/CapabilityChampions/ASM'

2018-06-08 00:47:08 - [MESSAGE][WARNING] - Timeout '0' is invalid. Using default page load timeout: '30'

2018-06-08 00:47:09 - [MESSAGE][PASSED] - Tapped on element 'Object Repository/TrainingUpdates/CapabilityChampions/ASM'

2018-06-08 00:47:09 - [TEST_STEP][PASSED] - delay: Delayed 1 second(s)

2018-06-08 00:47:10 - [MESSAGE][PASSED] - Delayed 1 second(s)

2018-06-08 00:47:10 - [TEST_STEP][PASSED] - waitForElementPresent: Element 'Object Repository/TrainingUpdates/CapabilityChampions/Validate_ZonalChampionsScreen' is present

2018-06-08 00:47:10 - [MESSAGE][WARNING] - Timeout '0' is invalid. Using default page load timeout: '30'

2018-06-08 00:47:21 - [MESSAGE][PASSED] - Element 'Object Repository/TrainingUpdates/CapabilityChampions/Validate_ZonalChampionsScreen' is present

2018-06-08 00:47:21 - [TEST_STEP][PASSED] - delay: Delayed 1 second(s)

2018-06-08 00:47:22 - [MESSAGE][PASSED] - Delayed 1 second(s)

2018-06-08 00:47:22 - [TEST_STEP][PASSED] - verifyElementText: Actual text and expected text of test object 'Object Repository/TrainingUpdates/CapabilityChampions/Validate_ZonalChampionsScreen' are matched.

2018-06-08 00:47:22 - [MESSAGE][PASSED] - Actual text and expected text of test object 'Object Repository/TrainingUpdates/CapabilityChampions/Validate_ZonalChampionsScreen' are matched.

2018-06-08 00:47:22 - [TEST_STEP][PASSED] - delay: Delayed 1 second(s)

2018-06-08 00:47:23 - [MESSAGE][PASSED] - Delayed 1 second(s)

2018-06-08 00:47:23 - [TEST_STEP][PASSED] - tap: Tapped on element 'Object Repository/TrainingUpdates/CapabilityChampions/ZonalChampions_BackButton'

2018-06-08 00:47:23 - [MESSAGE][WARNING] - Timeout '0' is invalid. Using default page load timeout: '30'

2018-06-08 00:47:26 - [MESSAGE][PASSED] - Tapped on element 'Object Repository/TrainingUpdates/CapabilityChampions/ZonalChampions_BackButton'

2018-06-08 00:47:26 - [TEST_STEP][PASSED] - delay: Delayed 1 second(s)

2018-06-08 00:47:27 - [MESSAGE][PASSED] - Delayed 1 second(s)

2018-06-08 00:47:27 - [TEST_STEP][PASSED] - verifyElementExist: Element 'Object Repository/TrainingUpdates/CapabilityChampions/Validate_ASMTSEScreen' is exist

2018-06-08 00:47:27 - [MESSAGE][WARNING] - Timeout '0' is invalid. Using default page load timeout: '30'

2018-06-08 00:47:27 - [MESSAGE][PASSED] - Element 'Object Repository/TrainingUpdates/CapabilityChampions/Validate_ASMTSEScreen' is exist

2018-06-08 00:47:27 - [TEST_STEP][PASSED] - delay: Delayed 1 second(s)

2018-06-08 00:47:28 - [MESSAGE][PASSED] - Delayed 1 second(s)

2018-06-08 00:47:28 - [TEST_STEP][PASSED] - tap: Tapped on element 'Object Repository/TrainingUpdates/CapabilityChampions/TSE'

2018-06-08 00:47:28 - [MESSAGE][WARNING] - Timeout '0' is invalid. Using default page load timeout: '30'

2018-06-08 00:47:29 - [MESSAGE][PASSED] - Tapped on element 'Object Repository/TrainingUpdates/CapabilityChampions/TSE'

2018-06-08 00:47:29 - [TEST_STEP][PASSED] - delay: Delayed 1 second(s)

2018-06-08 00:47:30 - [MESSAGE][PASSED] - Delayed 1 second(s)

2018-06-08 00:47:30 - [TEST_STEP][PASSED] - waitForElementPresent: Element 'Object Repository/TrainingUpdates/CapabilityChampions/Validate_ZonalChampionsScreen' is present

2018-06-08 00:47:30 - [MESSAGE][WARNING] - Timeout '0' is invalid. Using default page load timeout: '30'

2018-06-08 00:47:32 - [MESSAGE][PASSED] - Element 'Object Repository/TrainingUpdates/CapabilityChampions/Validate_ZonalChampionsScreen' is present

2018-06-08 00:47:32 - [TEST_STEP][PASSED] - delay: Delayed 1 second(s)

2018-06-08 00:47:33 - [MESSAGE][PASSED] - Delayed 1 second(s)

2018-06-08 00:47:33 - [TEST_STEP][PASSED] - verifyElementText: Actual text and expected text of test object 'Object Repository/TrainingUpdates/CapabilityChampions/Validate_ZonalChampionsScreen' are matched.

2018-06-08 00:47:33 - [MESSAGE][PASSED] - Actual text and expected text of test object 'Object Repository/TrainingUpdates/CapabilityChampions/Validate_ZonalChampionsScreen' are matched.

2018-06-08 00:47:33 - [TEST_STEP][PASSED] - delay: Delayed 1 second(s)

2018-06-08 00:47:34 - [MESSAGE][PASSED] - Delayed 1 second(s)

2018-06-08 00:47:34 - [TEST_STEP][PASSED] - tap: Tapped on element 'Object Repository/TrainingUpdates/CapabilityChampions/ZonalChampions_BackButton'

2018-06-08 00:47:34 - [MESSAGE][WARNING] - Timeout '0' is invalid. Using default page load timeout: '30'

2018-06-08 00:47:37 - [MESSAGE][PASSED] - Tapped on element 'Object Repository/TrainingUpdates/CapabilityChampions/ZonalChampions_BackButton'

2018-06-08 00:47:37 - [TEST_STEP][PASSED] - delay: Delayed 1 second(s)

2018-06-08 00:47:38 - [MESSAGE][PASSED] - Delayed 1 second(s)

2018-06-08 00:47:38 - [TEST_STEP][PASSED] - verifyElementExist: Element 'Object Repository/TrainingUpdates/CapabilityChampions/Validate_ASMTSEScreen' is exist

2018-06-08 00:47:38 - [MESSAGE][WARNING] - Timeout '0' is invalid. Using default page load timeout: '30'

2018-06-08 00:47:39 - [MESSAGE][PASSED] - Element 'Object Repository/TrainingUpdates/CapabilityChampions/Validate_ASMTSEScreen' is exist

2018-06-08 00:47:39 - [TEST_STEP][PASSED] - delay: Delayed 1 second(s)

2018-06-08 00:47:40 - [MESSAGE][PASSED] - Delayed 1 second(s)

2018-06-08 00:47:40 - [TEST_STEP][PASSED] - pressBack: Press back button successfully

2018-06-08 00:47:40 - [MESSAGE][PASSED] - Press back button successfully

2018-06-08 00:47:40 - [TEST_STEP][PASSED] - delay: Delayed 1 second(s)

2018-06-08 00:47:41 - [MESSAGE][PASSED] - Delayed 1 second(s)

2018-06-08 00:47:41 - [TEST_STEP][PASSED] - verifyElementExist: Element 'Object Repository/TrainingUpdates/CapabilityChampions/Validate_CenterSouthNorthScreen' is exist

2018-06-08 00:47:41 - [MESSAGE][WARNING] - Timeout '0' is invalid. Using default page load timeout: '30'

2018-06-08 00:47:41 - [MESSAGE][PASSED] - Element 'Object Repository/TrainingUpdates/CapabilityChampions/Validate_CenterSouthNorthScreen' is exist

2018-06-08 00:47:41 - [TEST_STEP][PASSED] - delay: Delayed 1 second(s)

2018-06-08 00:47:42 - [MESSAGE][PASSED] - Delayed 1 second(s)

2018-06-08 00:47:42 - [MESSAGE][PASSED] - Call Test Case 'Test Cases/TrainingUpdates/VisitAsmTseForZonalChampions' successfully

2018-06-08 00:47:44 - [MESSAGE][PASSED] - Delayed 1 second(s)

2018-06-08 00:47:44 - [TEST_CASE][PASSED] - Test Cases/TrainingUpdates/VisitAsmTseForZonalChampions: Test Cases/TrainingUpdates/VisitAsmTseForZonalChampions

2018-06-08 00:47:44 - [TEST_STEP][PASSED] - verifyElementExist: Element 'Object Repository/TrainingUpdates/CapabilityChampions/Validate_ASMTSEScreen' is exist

2018-06-08 00:47:44 - [MESSAGE][WARNING] - Timeout '0' is invalid. Using default page load timeout: '30'

2018-06-08 00:47:44 - [MESSAGE][PASSED] - Element 'Object Repository/TrainingUpdates/CapabilityChampions/Validate_ASMTSEScreen' is exist

2018-06-08 00:47:44 - [TEST_STEP][PASSED] - delay: Delayed 1 second(s)

2018-06-08 00:47:45 - [MESSAGE][PASSED] - Delayed 1 second(s)

2018-06-08 00:47:45 - [TEST_STEP][PASSED] - tap: Tapped on element 'Object Repository/TrainingUpdates/CapabilityChampions/ASM'

2018-06-08 00:47:45 - [MESSAGE][WARNING] - Timeout '0' is invalid. Using default page load timeout: '30'

2018-06-08 00:47:46 - [MESSAGE][PASSED] - Tapped on element 'Object Repository/TrainingUpdates/CapabilityChampions/ASM'

2018-06-08 00:47:46 - [TEST_STEP][PASSED] - delay: Delayed 1 second(s)

2018-06-08 00:47:47 - [MESSAGE][PASSED] - Delayed 1 second(s)

2018-06-08 00:47:47 - [TEST_STEP][PASSED] - waitForElementPresent: Element 'Object Repository/TrainingUpdates/CapabilityChampions/Validate_ZonalChampionsScreen' is present

2018-06-08 00:47:47 - [MESSAGE][WARNING] - Timeout '0' is invalid. Using default page load timeout: '30'

2018-06-08 00:47:56 - [MESSAGE][PASSED] - Element 'Object Repository/TrainingUpdates/CapabilityChampions/Validate_ZonalChampionsScreen' is present

2018-06-08 00:47:56 - [TEST_STEP][PASSED] - delay: Delayed 1 second(s)

2018-06-08 00:47:57 - [MESSAGE][PASSED] - Delayed 1 second(s)

2018-06-08 00:47:57 - [TEST_STEP][PASSED] - verifyElementText: Actual text and expected text of test object 'Object Repository/TrainingUpdates/CapabilityChampions/Validate_ZonalChampionsScreen' are matched.

2018-06-08 00:47:58 - [MESSAGE][PASSED] - Actual text and expected text of test object 'Object Repository/TrainingUpdates/CapabilityChampions/Validate_ZonalChampionsScreen' are matched.

2018-06-08 00:47:58 - [TEST_STEP][PASSED] - delay: Delayed 1 second(s)

2018-06-08 00:47:59 - [MESSAGE][PASSED] - Delayed 1 second(s)

2018-06-08 00:47:59 - [TEST_STEP][PASSED] - tap: Tapped on element 'Object Repository/TrainingUpdates/CapabilityChampions/ZonalChampions_BackButton'

2018-06-08 00:47:59 - [MESSAGE][WARNING] - Timeout '0' is invalid. Using default page load timeout: '30'

2018-06-08 00:48:02 - [MESSAGE][PASSED] - Tapped on element 'Object Repository/TrainingUpdates/CapabilityChampions/ZonalChampions_BackButton'

2018-06-08 00:48:02 - [TEST_STEP][PASSED] - delay: Delayed 1 second(s)

2018-06-08 00:48:03 - [MESSAGE][PASSED] - Delayed 1 second(s)

2018-06-08 00:48:03 - [TEST_STEP][PASSED] - verifyElementExist: Element 'Object Repository/TrainingUpdates/CapabilityChampions/Validate_ASMTSEScreen' is exist

2018-06-08 00:48:03 - [MESSAGE][WARNING] - Timeout '0' is invalid. Using default page load timeout: '30'

2018-06-08 00:48:03 - [MESSAGE][PASSED] - Element 'Object Repository/TrainingUpdates/CapabilityChampions/Validate_ASMTSEScreen' is exist

2018-06-08 00:48:03 - [TEST_STEP][PASSED] - delay: Delayed 1 second(s)

2018-06-08 00:48:04 - [MESSAGE][PASSED] - Delayed 1 second(s)

2018-06-08 00:48:04 - [TEST_STEP][PASSED] - tap: Tapped on element 'Object Repository/TrainingUpdates/CapabilityChampions/TSE'

2018-06-08 00:48:04 - [MESSAGE][WARNING] - Timeout '0' is invalid. Using default page load timeout: '30'

2018-06-08 00:48:05 - [MESSAGE][PASSED] - Tapped on element 'Object Repository/TrainingUpdates/CapabilityChampions/TSE'

2018-06-08 00:48:05 - [TEST_STEP][PASSED] - delay: Delayed 1 second(s)

2018-06-08 00:48:06 - [MESSAGE][PASSED] - Delayed 1 second(s)

2018-06-08 00:48:06 - [TEST_STEP][PASSED] - waitForElementPresent: Element 'Object Repository/TrainingUpdates/CapabilityChampions/Validate_ZonalChampionsScreen' is present

2018-06-08 00:48:06 - [MESSAGE][WARNING] - Timeout '0' is invalid. Using default page load timeout: '30'

2018-06-08 00:48:08 - [MESSAGE][PASSED] - Element 'Object Repository/TrainingUpdates/CapabilityChampions/Validate_ZonalChampionsScreen' is present

2018-06-08 00:48:08 - [TEST_STEP][PASSED] - delay: Delayed 1 second(s)

2018-06-08 00:48:09 - [MESSAGE][PASSED] - Delayed 1 second(s)

2018-06-08 00:48:09 - [TEST_STEP][PASSED] - verifyElementText: Actual text and expected text of test object 'Object Repository/TrainingUpdates/CapabilityChampions/Validate_ZonalChampionsScreen' are matched.

2018-06-08 00:48:09 - [MESSAGE][PASSED] - Actual text and expected text of test object 'Object Repository/TrainingUpdates/CapabilityChampions/Validate_ZonalChampionsScreen' are matched.

2018-06-08 00:48:09 - [TEST_STEP][PASSED] - delay: Delayed 1 second(s)

2018-06-08 00:48:10 - [MESSAGE][PASSED] - Delayed 1 second(s)

2018-06-08 00:48:10 - [TEST_STEP][PASSED] - tap: Tapped on element 'Object Repository/TrainingUpdates/CapabilityChampions/ZonalChampions_BackButton'

2018-06-08 00:48:10 - [MESSAGE][WARNING] - Timeout '0' is invalid. Using default page load timeout: '30'

2018-06-08 00:48:13 - [MESSAGE][PASSED] - Tapped on element 'Object Repository/TrainingUpdates/CapabilityChampions/ZonalChampions_BackButton'

2018-06-08 00:48:13 - [TEST_STEP][PASSED] - delay: Delayed 1 second(s)

2018-06-08 00:48:14 - [MESSAGE][PASSED] - Delayed 1 second(s)

2018-06-08 00:48:14 - [TEST_STEP][PASSED] - verifyElementExist: Element 'Object Repository/TrainingUpdates/CapabilityChampions/Validate_ASMTSEScreen' is exist

2018-06-08 00:48:14 - [MESSAGE][WARNING] - Timeout '0' is invalid. Using default page load timeout: '30'

2018-06-08 00:48:15 - [MESSAGE][PASSED] - Element 'Object Repository/TrainingUpdates/CapabilityChampions/Validate_ASMTSEScreen' is exist

2018-06-08 00:48:15 - [TEST_STEP][PASSED] - delay: Delayed 1 second(s)

2018-06-08 00:48:16 - [MESSAGE][PASSED] - Delayed 1 second(s)

2018-06-08 00:48:16 - [TEST_STEP][PASSED] - pressBack: Press back button successfully

2018-06-08 00:48:16 - [MESSAGE][PASSED] - Press back button successfully

2018-06-08 00:48:16 - [TEST_STEP][PASSED] - delay: Delayed 1 second(s)

2018-06-08 00:48:17 - [MESSAGE][PASSED] - Delayed 1 second(s)

2018-06-08 00:48:17 - [TEST_STEP][PASSED] - verifyElementExist: Element 'Object Repository/TrainingUpdates/CapabilityChampions/Validate_CenterSouthNorthScreen' is exist

2018-06-08 00:48:17 - [MESSAGE][WARNING] - Timeout '0' is invalid. Using default page load timeout: '30'

2018-06-08 00:48:17 - [MESSAGE][PASSED] - Element 'Object Repository/TrainingUpdates/CapabilityChampions/Validate_CenterSouthNorthScreen' is exist

2018-06-08 00:48:17 - [TEST_STEP][PASSED] - delay: Delayed 1 second(s)

2018-06-08 00:48:18 - [MESSAGE][PASSED] - Delayed 1 second(s)

2018-06-08 00:48:18 - [MESSAGE][PASSED] - Call Test Case 'Test Cases/TrainingUpdates/VisitAsmTseForZonalChampions' successfully

2018-06-08 00:48:18 - [MESSAGE][PASSED] - customkeywordscollection.CustomKeywords.visitAsmTseZoneForZonalChampions is PASSED

2018-06-08 00:48:18 - [TEST_STEP][PASSED] - tap: Tapped on element 'Object Repository/TrainingUpdates/CapabilityChampions/CenterSouthNorthScreen_BackButton'

2018-06-08 00:48:19 - [MESSAGE][WARNING] - Timeout '0' is invalid. Using default page load timeout: '30'

2018-06-08 00:48:22 - [MESSAGE][PASSED] - Tapped on element 'Object Repository/TrainingUpdates/CapabilityChampions/CenterSouthNorthScreen_BackButton'

2018-06-08 00:48:22 - [TEST_STEP][PASSED] - delay: Delayed 1 second(s)

2018-06-08 00:48:23 - [MESSAGE][PASSED] - Delayed 1 second(s)

2018-06-08 00:48:23 - [TEST_STEP][PASSED] - verifyElementExist: Element 'Object Repository/TrainingUpdates/CapabilityChampions/Validate_NationalZonalScreen' is exist

2018-06-08 00:48:23 - [MESSAGE][WARNING] - Timeout '0' is invalid. Using default page load timeout: '30'

2018-06-08 00:48:23 - [MESSAGE][PASSED] - Element 'Object Repository/TrainingUpdates/CapabilityChampions/Validate_NationalZonalScreen' is exist

2018-06-08 00:48:23 - [TEST_STEP][PASSED] - delay: Delayed 1 second(s)

2018-06-08 00:48:24 - [MESSAGE][PASSED] - Delayed 1 second(s)

2018-06-08 00:48:24 - [TEST_STEP][PASSED] - pressBack: Press back button successfully

2018-06-08 00:48:24 - [MESSAGE][PASSED] - Press back button successfully

2018-06-08 00:48:24 - [TEST_STEP][PASSED] - delay: Delayed 1 second(s)

2018-06-08 00:48:25 - [MESSAGE][PASSED] - Delayed 1 second(s)

2018-06-08 00:48:25 - [TEST_STEP][PASSED] - verifyElementExist: Element 'Object Repository/TrainingUpdates/Validate_TrainingUpdatesScreen' is exist

2018-06-08 00:48:25 - [MESSAGE][WARNING] - Timeout '0' is invalid. Using default page load timeout: '30'

2018-06-08 00:48:25 - [MESSAGE][PASSED] - Element 'Object Repository/TrainingUpdates/Validate_TrainingUpdatesScreen' is exist

2018-06-08 00:48:25 - [TEST_STEP][PASSED] - delay: Delayed 1 second(s)

2018-06-08 00:48:26 - [MESSAGE][PASSED] - Delayed 1 second(s)

2018-06-08 00:48:26 - [TEST_STEP][PASSED] - pressBack: Press back button successfully

2018-06-08 00:48:27 - [MESSAGE][PASSED] - Press back button successfully

2018-06-08 00:48:27 - [TEST_STEP][PASSED] - delay: Delayed 1 second(s)

2018-06-08 00:48:28 - [MESSAGE][PASSED] - Delayed 1 second(s)

2018-06-08 00:48:28 - [TEST_STEP][PASSED] - verifyElementExist: Element 'Object Repository/MainScreenEelements/Validate_ApplicationMainScreen' is exist

2018-06-08 00:48:28 - [MESSAGE][WARNING] - Timeout '0' is invalid. Using default page load timeout: '30'

2018-06-08 00:48:28 - [MESSAGE][PASSED] - Element 'Object Repository/MainScreenEelements/Validate_ApplicationMainScreen' is exist

2018-06-08 00:48:28 - [TEST_STEP][PASSED] - delay: Delayed 1 second(s)

2018-06-08 00:48:29 - [MESSAGE][PASSED] - Delayed 1 second(s)]]></system-out>
         <system-err><![CDATA[]]></system-err>
      </testcase>
      <testcase name="Test Cases/ViewPlanogram/VisitViewPlanogram" classname="Test Cases/ViewPlanogram/VisitViewPlanogram" status="PASSED">
         <system-out><![CDATA[2018-06-08 00:48:29 - [TEST_CASE][PASSED] - Test Cases/ViewPlanogram/VisitViewPlanogram: Test Cases/ViewPlanogram/VisitViewPlanogram

2018-06-08 00:48:29 - [TEST_STEP][PASSED] - tap: Tapped on element 'Object Repository/MainScreenEelements/ViewPlanogram'

2018-06-08 00:48:29 - [MESSAGE][WARNING] - Timeout '0' is invalid. Using default page load timeout: '30'

2018-06-08 00:48:30 - [MESSAGE][PASSED] - Tapped on element 'Object Repository/MainScreenEelements/ViewPlanogram'

2018-06-08 00:48:30 - [TEST_STEP][PASSED] - delay: Delayed 1 second(s)

2018-06-08 00:48:31 - [MESSAGE][PASSED] - Delayed 1 second(s)

2018-06-08 00:48:31 - [TEST_STEP][PASSED] - verifyElementText: Actual text and expected text of test object 'Object Repository/ViewPlanogram/Validate_PlanogramScreen' are matched.

2018-06-08 00:48:32 - [MESSAGE][PASSED] - Actual text and expected text of test object 'Object Repository/ViewPlanogram/Validate_PlanogramScreen' are matched.

2018-06-08 00:48:32 - [TEST_STEP][PASSED] - delay: Delayed 1 second(s)

2018-06-08 00:48:33 - [MESSAGE][PASSED] - Delayed 1 second(s)

2018-06-08 00:48:33 - [TEST_STEP][PASSED] - tap: Tapped on element 'Object Repository/ViewPlanogram/ViewPlanogram_BackButton'

2018-06-08 00:48:33 - [MESSAGE][WARNING] - Timeout '0' is invalid. Using default page load timeout: '30'

2018-06-08 00:48:36 - [MESSAGE][PASSED] - Tapped on element 'Object Repository/ViewPlanogram/ViewPlanogram_BackButton'

2018-06-08 00:48:36 - [TEST_STEP][PASSED] - delay: Delayed 1 second(s)

2018-06-08 00:48:37 - [MESSAGE][PASSED] - Delayed 1 second(s)

2018-06-08 00:48:37 - [TEST_STEP][PASSED] - verifyElementExist: Element 'Object Repository/MainScreenEelements/Validate_ApplicationMainScreen' is exist

2018-06-08 00:48:37 - [MESSAGE][WARNING] - Timeout '0' is invalid. Using default page load timeout: '30'

2018-06-08 00:48:37 - [MESSAGE][PASSED] - Element 'Object Repository/MainScreenEelements/Validate_ApplicationMainScreen' is exist

2018-06-08 00:48:37 - [TEST_STEP][PASSED] - delay: Delayed 1 second(s)

2018-06-08 00:48:38 - [MESSAGE][PASSED] - Delayed 1 second(s)]]></system-out>
         <system-err><![CDATA[]]></system-err>
      </testcase>
      <testcase name="Test Cases/CCSDE-Book/VisitCCSDE-Book" classname="Test Cases/CCSDE-Book/VisitCCSDE-Book" status="PASSED">
         <system-out><![CDATA[2018-06-08 00:48:38 - [TEST_CASE][PASSED] - Test Cases/CCSDE-Book/VisitCCSDE-Book: Test Cases/CCSDE-Book/VisitCCSDE-Book

2018-06-08 00:48:38 - [TEST_STEP][PASSED] - tap: Tapped on element 'Object Repository/MainScreenEelements/CCSDE-Book'

2018-06-08 00:48:38 - [MESSAGE][WARNING] - Timeout '0' is invalid. Using default page load timeout: '30'

2018-06-08 00:48:41 - [MESSAGE][PASSED] - Tapped on element 'Object Repository/MainScreenEelements/CCSDE-Book'

2018-06-08 00:48:41 - [TEST_STEP][PASSED] - delay: Delayed 1 second(s)

2018-06-08 00:48:42 - [MESSAGE][PASSED] - Delayed 1 second(s)

2018-06-08 00:48:42 - [TEST_STEP][PASSED] - verifyElementExist: Element 'Object Repository/CCSDE-Book/Validate_CCSDE_BookScreen' is exist

2018-06-08 00:48:42 - [MESSAGE][WARNING] - Timeout '0' is invalid. Using default page load timeout: '30'

2018-06-08 00:48:43 - [MESSAGE][PASSED] - Element 'Object Repository/CCSDE-Book/Validate_CCSDE_BookScreen' is exist

2018-06-08 00:48:43 - [TEST_STEP][PASSED] - delay: Delayed 1 second(s)

2018-06-08 00:48:44 - [MESSAGE][PASSED] - Delayed 1 second(s)

2018-06-08 00:48:44 - [TEST_STEP][PASSED] - tap: Tapped on element 'Object Repository/CCSDE-Book/PosRanking/POSRanking'

2018-06-08 00:48:44 - [MESSAGE][WARNING] - Timeout '0' is invalid. Using default page load timeout: '30'

2018-06-08 00:48:45 - [MESSAGE][PASSED] - Tapped on element 'Object Repository/CCSDE-Book/PosRanking/POSRanking'

2018-06-08 00:48:45 - [TEST_STEP][PASSED] - delay: Delayed 1 second(s)

2018-06-08 00:48:46 - [MESSAGE][PASSED] - Delayed 1 second(s)

2018-06-08 00:48:46 - [TEST_STEP][PASSED] - verifyElementText: Actual text and expected text of test object 'Object Repository/CCSDE-Book/PosRanking/Validate_ProgramsScreen' are matched.

2018-06-08 00:48:46 - [MESSAGE][PASSED] - Actual text and expected text of test object 'Object Repository/CCSDE-Book/PosRanking/Validate_ProgramsScreen' are matched.

2018-06-08 00:48:46 - [TEST_STEP][PASSED] - delay: Delayed 1 second(s)

2018-06-08 00:48:47 - [MESSAGE][PASSED] - Delayed 1 second(s)

2018-06-08 00:48:47 - [TEST_STEP][PASSED] - customkeywordscollection.CustomKeywords.visitProgramsForPosRanking: customkeywordscollection.CustomKeywords.visitProgramsForPosRanking is PASSED

2018-06-08 00:48:49 - [MESSAGE][PASSED] - Delayed 1 second(s)

2018-06-08 00:48:49 - [MESSAGE][WARNING] - Timeout '0' is invalid. Using default page load timeout: '30'

2018-06-08 00:48:51 - [MESSAGE][PASSED] - Element 'Object Repository/CCSDE-Book/PosRanking/Validate_ZonalRankingScreen' is present

2018-06-08 00:48:52 - [MESSAGE][PASSED] - Delayed 1 second(s)

2018-06-08 00:48:53 - [MESSAGE][PASSED] - Actual text and expected text of test object 'Object Repository/CCSDE-Book/PosRanking/Validate_ZonalRankingScreen' are matched.

2018-06-08 00:48:54 - [MESSAGE][PASSED] - Delayed 1 second(s)

2018-06-08 00:48:56 - [MESSAGE][PASSED] - Delayed 1 second(s)

2018-06-08 00:48:56 - [MESSAGE][PASSED] - Actual text and expected text of test object 'Object Repository/CCSDE-Book/PosRanking/Validate_RegionalScreen' are matched.

2018-06-08 00:48:57 - [MESSAGE][PASSED] - Delayed 1 second(s)

2018-06-08 00:48:58 - [MESSAGE][PASSED] - Delayed 1 second(s)

2018-06-08 00:48:58 - [MESSAGE][WARNING] - Timeout '0' is invalid. Using default page load timeout: '30'

2018-06-08 00:49:01 - [MESSAGE][PASSED] - Element 'Object Repository/CCSDE-Book/PosRanking/Validate_ASMRankingScreen' is present

2018-06-08 00:49:02 - [MESSAGE][PASSED] - Delayed 1 second(s)

2018-06-08 00:49:02 - [MESSAGE][PASSED] - Actual text and expected text of test object 'Object Repository/CCSDE-Book/PosRanking/Validate_ASMRankingScreen' are matched.

2018-06-08 00:49:03 - [MESSAGE][PASSED] - Delayed 1 second(s)

2018-06-08 00:49:05 - [MESSAGE][PASSED] - Delayed 1 second(s)

2018-06-08 00:49:05 - [MESSAGE][WARNING] - Timeout '0' is invalid. Using default page load timeout: '30'

2018-06-08 00:49:07 - [MESSAGE][PASSED] - Element 'Object Repository/CCSDE-Book/PosRanking/Validate_DistributionScreen' is present

2018-06-08 00:49:08 - [MESSAGE][PASSED] - Delayed 1 second(s)

2018-06-08 00:49:08 - [MESSAGE][WARNING] - Timeout '0' is invalid. Using default page load timeout: '30'

2018-06-08 00:49:08 - [MESSAGE][PASSED] - Tapped on element 'Object Repository/CCSDE-Book/PosRanking/Distribution_BackButton'

2018-06-08 00:49:09 - [MESSAGE][PASSED] - Delayed 1 second(s)

2018-06-08 00:49:09 - [MESSAGE][PASSED] - Actual text and expected text of test object 'Object Repository/CCSDE-Book/PosRanking/Validate_ASMRankingScreen' are matched.

2018-06-08 00:49:10 - [MESSAGE][PASSED] - Delayed 1 second(s)

2018-06-08 00:49:10 - [MESSAGE][WARNING] - Timeout '0' is invalid. Using default page load timeout: '30'

2018-06-08 00:49:11 - [MESSAGE][PASSED] - Tapped on element 'Object Repository/CCSDE-Book/PosRanking/AsmRanking_BackButton'

2018-06-08 00:49:12 - [MESSAGE][PASSED] - Delayed 1 second(s)

2018-06-08 00:49:12 - [MESSAGE][PASSED] - Actual text and expected text of test object 'Object Repository/CCSDE-Book/PosRanking/Validate_RegionalScreen' are matched.

2018-06-08 00:49:13 - [MESSAGE][PASSED] - Delayed 1 second(s)

2018-06-08 00:49:13 - [MESSAGE][WARNING] - Timeout '0' is invalid. Using default page load timeout: '30'

2018-06-08 00:49:13 - [MESSAGE][PASSED] - Tapped on element 'Object Repository/CCSDE-Book/PosRanking/Regional_BackButton'

2018-06-08 00:49:14 - [MESSAGE][PASSED] - Delayed 1 second(s)

2018-06-08 00:49:15 - [MESSAGE][PASSED] - Actual text and expected text of test object 'Object Repository/CCSDE-Book/PosRanking/Validate_ZonalRankingScreen' are matched.

2018-06-08 00:49:16 - [MESSAGE][PASSED] - Delayed 1 second(s)

2018-06-08 00:49:18 - [MESSAGE][PASSED] - Delayed 1 second(s)

2018-06-08 00:49:18 - [MESSAGE][PASSED] - Actual text and expected text of test object 'Object Repository/CCSDE-Book/PosRanking/Validate_RegionalScreen' are matched.

2018-06-08 00:49:19 - [MESSAGE][PASSED] - Delayed 1 second(s)

2018-06-08 00:49:20 - [MESSAGE][PASSED] - Delayed 1 second(s)

2018-06-08 00:49:20 - [MESSAGE][WARNING] - Timeout '0' is invalid. Using default page load timeout: '30'

2018-06-08 00:49:23 - [MESSAGE][PASSED] - Element 'Object Repository/CCSDE-Book/PosRanking/Validate_ASMRankingScreen' is present

2018-06-08 00:49:24 - [MESSAGE][PASSED] - Delayed 1 second(s)

2018-06-08 00:49:24 - [MESSAGE][PASSED] - Actual text and expected text of test object 'Object Repository/CCSDE-Book/PosRanking/Validate_ASMRankingScreen' are matched.

2018-06-08 00:49:25 - [MESSAGE][PASSED] - Delayed 1 second(s)

2018-06-08 00:49:27 - [MESSAGE][PASSED] - Delayed 1 second(s)

2018-06-08 00:49:27 - [MESSAGE][WARNING] - Timeout '0' is invalid. Using default page load timeout: '30'

2018-06-08 00:49:28 - [MESSAGE][PASSED] - Element 'Object Repository/CCSDE-Book/PosRanking/Validate_DistributionScreen' is present

2018-06-08 00:49:29 - [MESSAGE][PASSED] - Delayed 1 second(s)

2018-06-08 00:49:29 - [MESSAGE][WARNING] - Timeout '0' is invalid. Using default page load timeout: '30'

2018-06-08 00:49:29 - [MESSAGE][PASSED] - Tapped on element 'Object Repository/CCSDE-Book/PosRanking/Distribution_BackButton'

2018-06-08 00:49:30 - [MESSAGE][PASSED] - Delayed 1 second(s)

2018-06-08 00:49:31 - [MESSAGE][PASSED] - Actual text and expected text of test object 'Object Repository/CCSDE-Book/PosRanking/Validate_ASMRankingScreen' are matched.

2018-06-08 00:49:32 - [MESSAGE][PASSED] - Delayed 1 second(s)

2018-06-08 00:49:32 - [MESSAGE][WARNING] - Timeout '0' is invalid. Using default page load timeout: '30'

2018-06-08 00:49:32 - [MESSAGE][PASSED] - Tapped on element 'Object Repository/CCSDE-Book/PosRanking/AsmRanking_BackButton'

2018-06-08 00:49:33 - [MESSAGE][PASSED] - Delayed 1 second(s)

2018-06-08 00:49:34 - [MESSAGE][PASSED] - Actual text and expected text of test object 'Object Repository/CCSDE-Book/PosRanking/Validate_RegionalScreen' are matched.

2018-06-08 00:49:35 - [MESSAGE][PASSED] - Delayed 1 second(s)

2018-06-08 00:49:35 - [MESSAGE][WARNING] - Timeout '0' is invalid. Using default page load timeout: '30'

2018-06-08 00:49:35 - [MESSAGE][PASSED] - Tapped on element 'Object Repository/CCSDE-Book/PosRanking/Regional_BackButton'

2018-06-08 00:49:36 - [MESSAGE][PASSED] - Delayed 1 second(s)

2018-06-08 00:49:36 - [MESSAGE][PASSED] - Actual text and expected text of test object 'Object Repository/CCSDE-Book/PosRanking/Validate_ZonalRankingScreen' are matched.

2018-06-08 00:49:37 - [MESSAGE][PASSED] - Delayed 1 second(s)

2018-06-08 00:49:39 - [MESSAGE][PASSED] - Delayed 1 second(s)

2018-06-08 00:49:40 - [MESSAGE][PASSED] - Actual text and expected text of test object 'Object Repository/CCSDE-Book/PosRanking/Validate_RegionalScreen' are matched.

2018-06-08 00:49:41 - [MESSAGE][PASSED] - Delayed 1 second(s)

2018-06-08 00:49:42 - [MESSAGE][PASSED] - Delayed 1 second(s)

2018-06-08 00:49:42 - [MESSAGE][WARNING] - Timeout '0' is invalid. Using default page load timeout: '30'

2018-06-08 00:49:44 - [MESSAGE][PASSED] - Element 'Object Repository/CCSDE-Book/PosRanking/Validate_ASMRankingScreen' is present

2018-06-08 00:49:45 - [MESSAGE][PASSED] - Delayed 1 second(s)

2018-06-08 00:49:45 - [MESSAGE][PASSED] - Actual text and expected text of test object 'Object Repository/CCSDE-Book/PosRanking/Validate_ASMRankingScreen' are matched.

2018-06-08 00:49:46 - [MESSAGE][PASSED] - Delayed 1 second(s)

2018-06-08 00:49:48 - [MESSAGE][PASSED] - Delayed 1 second(s)

2018-06-08 00:49:48 - [MESSAGE][WARNING] - Timeout '0' is invalid. Using default page load timeout: '30'

2018-06-08 00:49:49 - [MESSAGE][PASSED] - Element 'Object Repository/CCSDE-Book/PosRanking/Validate_DistributionScreen' is present

2018-06-08 00:49:50 - [MESSAGE][PASSED] - Delayed 1 second(s)

2018-06-08 00:49:50 - [MESSAGE][WARNING] - Timeout '0' is invalid. Using default page load timeout: '30'

2018-06-08 00:49:53 - [MESSAGE][PASSED] - Tapped on element 'Object Repository/CCSDE-Book/PosRanking/Distribution_BackButton'

2018-06-08 00:49:54 - [MESSAGE][PASSED] - Delayed 1 second(s)

2018-06-08 00:49:54 - [MESSAGE][PASSED] - Actual text and expected text of test object 'Object Repository/CCSDE-Book/PosRanking/Validate_ASMRankingScreen' are matched.

2018-06-08 00:49:55 - [MESSAGE][PASSED] - Delayed 1 second(s)

2018-06-08 00:49:55 - [MESSAGE][WARNING] - Timeout '0' is invalid. Using default page load timeout: '30'

2018-06-08 00:49:56 - [MESSAGE][PASSED] - Tapped on element 'Object Repository/CCSDE-Book/PosRanking/AsmRanking_BackButton'

2018-06-08 00:49:57 - [MESSAGE][PASSED] - Delayed 1 second(s)

2018-06-08 00:49:57 - [MESSAGE][PASSED] - Actual text and expected text of test object 'Object Repository/CCSDE-Book/PosRanking/Validate_RegionalScreen' are matched.

2018-06-08 00:49:58 - [MESSAGE][PASSED] - Delayed 1 second(s)

2018-06-08 00:49:58 - [MESSAGE][WARNING] - Timeout '0' is invalid. Using default page load timeout: '30'

2018-06-08 00:49:59 - [MESSAGE][PASSED] - Tapped on element 'Object Repository/CCSDE-Book/PosRanking/Regional_BackButton'

2018-06-08 00:50:00 - [MESSAGE][PASSED] - Delayed 1 second(s)

2018-06-08 00:50:00 - [MESSAGE][PASSED] - Actual text and expected text of test object 'Object Repository/CCSDE-Book/PosRanking/Validate_ZonalRankingScreen' are matched.

2018-06-08 00:50:01 - [MESSAGE][PASSED] - Delayed 1 second(s)

2018-06-08 00:50:01 - [MESSAGE][WARNING] - Timeout '0' is invalid. Using default page load timeout: '30'

2018-06-08 00:50:01 - [MESSAGE][PASSED] - Tapped on element 'Object Repository/CCSDE-Book/PosRanking/ZonalRanking_BackButton'

2018-06-08 00:50:02 - [MESSAGE][PASSED] - Delayed 1 second(s)

2018-06-08 00:50:03 - [MESSAGE][PASSED] - Actual text and expected text of test object 'Object Repository/CCSDE-Book/PosRanking/Validate_ProgramsScreen' are matched.

2018-06-08 00:50:04 - [MESSAGE][PASSED] - Delayed 1 second(s)

2018-06-08 00:50:05 - [MESSAGE][PASSED] - Delayed 1 second(s)

2018-06-08 00:50:05 - [MESSAGE][WARNING] - Timeout '0' is invalid. Using default page load timeout: '30'

2018-06-08 00:50:08 - [MESSAGE][PASSED] - Element 'Object Repository/CCSDE-Book/PosRanking/Validate_ZonalRankingScreen' is present

2018-06-08 00:50:09 - [MESSAGE][PASSED] - Delayed 1 second(s)

2018-06-08 00:50:09 - [MESSAGE][PASSED] - Actual text and expected text of test object 'Object Repository/CCSDE-Book/PosRanking/Validate_ZonalRankingScreen' are matched.

2018-06-08 00:50:10 - [MESSAGE][PASSED] - Delayed 1 second(s)

2018-06-08 00:50:12 - [MESSAGE][PASSED] - Delayed 1 second(s)

2018-06-08 00:50:12 - [MESSAGE][PASSED] - Actual text and expected text of test object 'Object Repository/CCSDE-Book/PosRanking/Validate_RegionalScreen' are matched.

2018-06-08 00:50:13 - [MESSAGE][PASSED] - Delayed 1 second(s)

2018-06-08 00:50:15 - [MESSAGE][PASSED] - Delayed 1 second(s)

2018-06-08 00:50:15 - [MESSAGE][WARNING] - Timeout '0' is invalid. Using default page load timeout: '30'

2018-06-08 00:50:17 - [MESSAGE][PASSED] - Element 'Object Repository/CCSDE-Book/PosRanking/Validate_ASMRankingScreen' is present

2018-06-08 00:50:18 - [MESSAGE][PASSED] - Delayed 1 second(s)

2018-06-08 00:50:19 - [MESSAGE][PASSED] - Actual text and expected text of test object 'Object Repository/CCSDE-Book/PosRanking/Validate_ASMRankingScreen' are matched.

2018-06-08 00:50:20 - [MESSAGE][PASSED] - Delayed 1 second(s)

2018-06-08 00:50:21 - [MESSAGE][PASSED] - Delayed 1 second(s)

2018-06-08 00:50:21 - [MESSAGE][WARNING] - Timeout '0' is invalid. Using default page load timeout: '30'

2018-06-08 00:50:22 - [MESSAGE][PASSED] - Element 'Object Repository/CCSDE-Book/PosRanking/Validate_DistributionScreen' is present

2018-06-08 00:50:23 - [MESSAGE][PASSED] - Delayed 1 second(s)

2018-06-08 00:50:23 - [MESSAGE][WARNING] - Timeout '0' is invalid. Using default page load timeout: '30'

2018-06-08 00:50:27 - [MESSAGE][PASSED] - Tapped on element 'Object Repository/CCSDE-Book/PosRanking/Distribution_BackButton'

2018-06-08 00:50:28 - [MESSAGE][PASSED] - Delayed 1 second(s)

2018-06-08 00:50:28 - [MESSAGE][PASSED] - Actual text and expected text of test object 'Object Repository/CCSDE-Book/PosRanking/Validate_ASMRankingScreen' are matched.

2018-06-08 00:50:29 - [MESSAGE][PASSED] - Delayed 1 second(s)

2018-06-08 00:50:29 - [MESSAGE][WARNING] - Timeout '0' is invalid. Using default page load timeout: '30'

2018-06-08 00:50:29 - [MESSAGE][PASSED] - Tapped on element 'Object Repository/CCSDE-Book/PosRanking/AsmRanking_BackButton'

2018-06-08 00:50:30 - [MESSAGE][PASSED] - Delayed 1 second(s)

2018-06-08 00:50:30 - [MESSAGE][PASSED] - Actual text and expected text of test object 'Object Repository/CCSDE-Book/PosRanking/Validate_RegionalScreen' are matched.

2018-06-08 00:50:31 - [MESSAGE][PASSED] - Delayed 1 second(s)

2018-06-08 00:50:31 - [MESSAGE][WARNING] - Timeout '0' is invalid. Using default page load timeout: '30'

2018-06-08 00:50:32 - [MESSAGE][PASSED] - Tapped on element 'Object Repository/CCSDE-Book/PosRanking/Regional_BackButton'

2018-06-08 00:50:33 - [MESSAGE][PASSED] - Delayed 1 second(s)

2018-06-08 00:50:33 - [MESSAGE][PASSED] - Actual text and expected text of test object 'Object Repository/CCSDE-Book/PosRanking/Validate_ZonalRankingScreen' are matched.

2018-06-08 00:50:34 - [MESSAGE][PASSED] - Delayed 1 second(s)

2018-06-08 00:50:36 - [MESSAGE][PASSED] - Delayed 1 second(s)

2018-06-08 00:50:37 - [MESSAGE][PASSED] - Actual text and expected text of test object 'Object Repository/CCSDE-Book/PosRanking/Validate_RegionalScreen' are matched.

2018-06-08 00:50:38 - [MESSAGE][PASSED] - Delayed 1 second(s)

2018-06-08 00:50:39 - [MESSAGE][PASSED] - Delayed 1 second(s)

2018-06-08 00:50:39 - [MESSAGE][WARNING] - Timeout '0' is invalid. Using default page load timeout: '30'

2018-06-08 00:50:42 - [MESSAGE][PASSED] - Element 'Object Repository/CCSDE-Book/PosRanking/Validate_ASMRankingScreen' is present

2018-06-08 00:50:43 - [MESSAGE][PASSED] - Delayed 1 second(s)

2018-06-08 00:50:43 - [MESSAGE][PASSED] - Actual text and expected text of test object 'Object Repository/CCSDE-Book/PosRanking/Validate_ASMRankingScreen' are matched.

2018-06-08 00:50:44 - [MESSAGE][PASSED] - Delayed 1 second(s)

2018-06-08 00:50:46 - [MESSAGE][PASSED] - Delayed 1 second(s)

2018-06-08 00:50:46 - [MESSAGE][WARNING] - Timeout '0' is invalid. Using default page load timeout: '30'

2018-06-08 00:50:47 - [MESSAGE][PASSED] - Element 'Object Repository/CCSDE-Book/PosRanking/Validate_DistributionScreen' is present

2018-06-08 00:50:48 - [MESSAGE][PASSED] - Delayed 1 second(s)

2018-06-08 00:50:48 - [MESSAGE][WARNING] - Timeout '0' is invalid. Using default page load timeout: '30'

2018-06-08 00:50:49 - [MESSAGE][PASSED] - Tapped on element 'Object Repository/CCSDE-Book/PosRanking/Distribution_BackButton'

2018-06-08 00:50:50 - [MESSAGE][PASSED] - Delayed 1 second(s)

2018-06-08 00:50:50 - [MESSAGE][PASSED] - Actual text and expected text of test object 'Object Repository/CCSDE-Book/PosRanking/Validate_ASMRankingScreen' are matched.

2018-06-08 00:50:51 - [MESSAGE][PASSED] - Delayed 1 second(s)

2018-06-08 00:50:51 - [MESSAGE][WARNING] - Timeout '0' is invalid. Using default page load timeout: '30'

2018-06-08 00:50:51 - [MESSAGE][PASSED] - Tapped on element 'Object Repository/CCSDE-Book/PosRanking/AsmRanking_BackButton'

2018-06-08 00:50:52 - [MESSAGE][PASSED] - Delayed 1 second(s)

2018-06-08 00:50:53 - [MESSAGE][PASSED] - Actual text and expected text of test object 'Object Repository/CCSDE-Book/PosRanking/Validate_RegionalScreen' are matched.

2018-06-08 00:50:54 - [MESSAGE][PASSED] - Delayed 1 second(s)

2018-06-08 00:50:54 - [MESSAGE][WARNING] - Timeout '0' is invalid. Using default page load timeout: '30'

2018-06-08 00:50:54 - [MESSAGE][PASSED] - Tapped on element 'Object Repository/CCSDE-Book/PosRanking/Regional_BackButton'

2018-06-08 00:50:55 - [MESSAGE][PASSED] - Delayed 1 second(s)

2018-06-08 00:50:55 - [MESSAGE][PASSED] - Actual text and expected text of test object 'Object Repository/CCSDE-Book/PosRanking/Validate_ZonalRankingScreen' are matched.

2018-06-08 00:50:56 - [MESSAGE][PASSED] - Delayed 1 second(s)

2018-06-08 00:50:58 - [MESSAGE][PASSED] - Delayed 1 second(s)

2018-06-08 00:50:58 - [MESSAGE][PASSED] - Actual text and expected text of test object 'Object Repository/CCSDE-Book/PosRanking/Validate_RegionalScreen' are matched.

2018-06-08 00:50:59 - [MESSAGE][PASSED] - Delayed 1 second(s)

2018-06-08 00:51:01 - [MESSAGE][PASSED] - Delayed 1 second(s)

2018-06-08 00:51:01 - [MESSAGE][WARNING] - Timeout '0' is invalid. Using default page load timeout: '30'

2018-06-08 00:51:04 - [MESSAGE][PASSED] - Element 'Object Repository/CCSDE-Book/PosRanking/Validate_ASMRankingScreen' is present

2018-06-08 00:51:05 - [MESSAGE][PASSED] - Delayed 1 second(s)

2018-06-08 00:51:05 - [MESSAGE][PASSED] - Actual text and expected text of test object 'Object Repository/CCSDE-Book/PosRanking/Validate_ASMRankingScreen' are matched.

2018-06-08 00:51:06 - [MESSAGE][PASSED] - Delayed 1 second(s)

2018-06-08 00:51:08 - [MESSAGE][PASSED] - Delayed 1 second(s)

2018-06-08 00:51:08 - [MESSAGE][WARNING] - Timeout '0' is invalid. Using default page load timeout: '30'

2018-06-08 00:51:09 - [MESSAGE][PASSED] - Element 'Object Repository/CCSDE-Book/PosRanking/Validate_DistributionScreen' is present

2018-06-08 00:51:10 - [MESSAGE][PASSED] - Delayed 1 second(s)

2018-06-08 00:51:10 - [MESSAGE][WARNING] - Timeout '0' is invalid. Using default page load timeout: '30'

2018-06-08 00:51:10 - [MESSAGE][PASSED] - Tapped on element 'Object Repository/CCSDE-Book/PosRanking/Distribution_BackButton'

2018-06-08 00:51:11 - [MESSAGE][PASSED] - Delayed 1 second(s)

2018-06-08 00:51:12 - [MESSAGE][PASSED] - Actual text and expected text of test object 'Object Repository/CCSDE-Book/PosRanking/Validate_ASMRankingScreen' are matched.

2018-06-08 00:51:13 - [MESSAGE][PASSED] - Delayed 1 second(s)

2018-06-08 00:51:13 - [MESSAGE][WARNING] - Timeout '0' is invalid. Using default page load timeout: '30'

2018-06-08 00:51:13 - [MESSAGE][PASSED] - Tapped on element 'Object Repository/CCSDE-Book/PosRanking/AsmRanking_BackButton'

2018-06-08 00:51:14 - [MESSAGE][PASSED] - Delayed 1 second(s)

2018-06-08 00:51:14 - [MESSAGE][PASSED] - Actual text and expected text of test object 'Object Repository/CCSDE-Book/PosRanking/Validate_RegionalScreen' are matched.

2018-06-08 00:51:15 - [MESSAGE][PASSED] - Delayed 1 second(s)

2018-06-08 00:51:15 - [MESSAGE][WARNING] - Timeout '0' is invalid. Using default page load timeout: '30'

2018-06-08 00:51:16 - [MESSAGE][PASSED] - Tapped on element 'Object Repository/CCSDE-Book/PosRanking/Regional_BackButton'

2018-06-08 00:51:17 - [MESSAGE][PASSED] - Delayed 1 second(s)

2018-06-08 00:51:17 - [MESSAGE][PASSED] - Actual text and expected text of test object 'Object Repository/CCSDE-Book/PosRanking/Validate_ZonalRankingScreen' are matched.

2018-06-08 00:51:18 - [MESSAGE][PASSED] - Delayed 1 second(s)

2018-06-08 00:51:18 - [MESSAGE][WARNING] - Timeout '0' is invalid. Using default page load timeout: '30'

2018-06-08 00:51:18 - [MESSAGE][PASSED] - Tapped on element 'Object Repository/CCSDE-Book/PosRanking/ZonalRanking_BackButton'

2018-06-08 00:51:19 - [MESSAGE][PASSED] - Delayed 1 second(s)

2018-06-08 00:51:20 - [MESSAGE][PASSED] - Actual text and expected text of test object 'Object Repository/CCSDE-Book/PosRanking/Validate_ProgramsScreen' are matched.

2018-06-08 00:51:21 - [MESSAGE][PASSED] - Delayed 1 second(s)

2018-06-08 00:51:22 - [MESSAGE][PASSED] - Delayed 1 second(s)

2018-06-08 00:51:22 - [MESSAGE][WARNING] - Timeout '0' is invalid. Using default page load timeout: '30'

2018-06-08 00:51:25 - [MESSAGE][PASSED] - Element 'Object Repository/CCSDE-Book/PosRanking/Validate_ZonalRankingScreen' is present

2018-06-08 00:51:26 - [MESSAGE][PASSED] - Delayed 1 second(s)

2018-06-08 00:51:26 - [MESSAGE][PASSED] - Actual text and expected text of test object 'Object Repository/CCSDE-Book/PosRanking/Validate_ZonalRankingScreen' are matched.

2018-06-08 00:51:27 - [MESSAGE][PASSED] - Delayed 1 second(s)

2018-06-08 00:51:29 - [MESSAGE][PASSED] - Delayed 1 second(s)

2018-06-08 00:51:29 - [MESSAGE][PASSED] - Actual text and expected text of test object 'Object Repository/CCSDE-Book/PosRanking/Validate_RegionalScreen' are matched.

2018-06-08 00:51:30 - [MESSAGE][PASSED] - Delayed 1 second(s)

2018-06-08 00:51:32 - [MESSAGE][PASSED] - Delayed 1 second(s)

2018-06-08 00:51:32 - [MESSAGE][WARNING] - Timeout '0' is invalid. Using default page load timeout: '30'

2018-06-08 00:51:35 - [MESSAGE][PASSED] - Element 'Object Repository/CCSDE-Book/PosRanking/Validate_ASMRankingScreen' is present

2018-06-08 00:51:36 - [MESSAGE][PASSED] - Delayed 1 second(s)

2018-06-08 00:51:36 - [MESSAGE][PASSED] - Actual text and expected text of test object 'Object Repository/CCSDE-Book/PosRanking/Validate_ASMRankingScreen' are matched.

2018-06-08 00:51:37 - [MESSAGE][PASSED] - Delayed 1 second(s)

2018-06-08 00:51:39 - [MESSAGE][PASSED] - Delayed 1 second(s)

2018-06-08 00:51:39 - [MESSAGE][WARNING] - Timeout '0' is invalid. Using default page load timeout: '30'

2018-06-08 00:51:40 - [MESSAGE][PASSED] - Element 'Object Repository/CCSDE-Book/PosRanking/Validate_DistributionScreen' is present

2018-06-08 00:51:41 - [MESSAGE][PASSED] - Delayed 1 second(s)

2018-06-08 00:51:41 - [MESSAGE][WARNING] - Timeout '0' is invalid. Using default page load timeout: '30'

2018-06-08 00:51:42 - [MESSAGE][PASSED] - Tapped on element 'Object Repository/CCSDE-Book/PosRanking/Distribution_BackButton'

2018-06-08 00:51:43 - [MESSAGE][PASSED] - Delayed 1 second(s)

2018-06-08 00:51:43 - [MESSAGE][PASSED] - Actual text and expected text of test object 'Object Repository/CCSDE-Book/PosRanking/Validate_ASMRankingScreen' are matched.

2018-06-08 00:51:44 - [MESSAGE][PASSED] - Delayed 1 second(s)

2018-06-08 00:51:44 - [MESSAGE][WARNING] - Timeout '0' is invalid. Using default page load timeout: '30'

2018-06-08 00:51:44 - [MESSAGE][PASSED] - Tapped on element 'Object Repository/CCSDE-Book/PosRanking/AsmRanking_BackButton'

2018-06-08 00:51:45 - [MESSAGE][PASSED] - Delayed 1 second(s)

2018-06-08 00:51:46 - [MESSAGE][PASSED] - Actual text and expected text of test object 'Object Repository/CCSDE-Book/PosRanking/Validate_RegionalScreen' are matched.

2018-06-08 00:51:47 - [MESSAGE][PASSED] - Delayed 1 second(s)

2018-06-08 00:51:47 - [MESSAGE][WARNING] - Timeout '0' is invalid. Using default page load timeout: '30'

2018-06-08 00:51:47 - [MESSAGE][PASSED] - Tapped on element 'Object Repository/CCSDE-Book/PosRanking/Regional_BackButton'

2018-06-08 00:51:48 - [MESSAGE][PASSED] - Delayed 1 second(s)

2018-06-08 00:51:48 - [MESSAGE][PASSED] - Actual text and expected text of test object 'Object Repository/CCSDE-Book/PosRanking/Validate_ZonalRankingScreen' are matched.

2018-06-08 00:51:49 - [MESSAGE][PASSED] - Delayed 1 second(s)

2018-06-08 00:51:51 - [MESSAGE][PASSED] - Delayed 1 second(s)

2018-06-08 00:51:52 - [MESSAGE][PASSED] - Actual text and expected text of test object 'Object Repository/CCSDE-Book/PosRanking/Validate_RegionalScreen' are matched.

2018-06-08 00:51:53 - [MESSAGE][PASSED] - Delayed 1 second(s)

2018-06-08 00:51:54 - [MESSAGE][PASSED] - Delayed 1 second(s)

2018-06-08 00:51:54 - [MESSAGE][WARNING] - Timeout '0' is invalid. Using default page load timeout: '30'

2018-06-08 00:51:57 - [MESSAGE][PASSED] - Element 'Object Repository/CCSDE-Book/PosRanking/Validate_ASMRankingScreen' is present

2018-06-08 00:51:58 - [MESSAGE][PASSED] - Delayed 1 second(s)

2018-06-08 00:51:58 - [MESSAGE][PASSED] - Actual text and expected text of test object 'Object Repository/CCSDE-Book/PosRanking/Validate_ASMRankingScreen' are matched.

2018-06-08 00:51:59 - [MESSAGE][PASSED] - Delayed 1 second(s)

2018-06-08 00:52:01 - [MESSAGE][PASSED] - Delayed 1 second(s)

2018-06-08 00:52:01 - [MESSAGE][WARNING] - Timeout '0' is invalid. Using default page load timeout: '30'

2018-06-08 00:52:02 - [MESSAGE][PASSED] - Element 'Object Repository/CCSDE-Book/PosRanking/Validate_DistributionScreen' is present

2018-06-08 00:52:03 - [MESSAGE][PASSED] - Delayed 1 second(s)

2018-06-08 00:52:03 - [MESSAGE][WARNING] - Timeout '0' is invalid. Using default page load timeout: '30'

2018-06-08 00:52:04 - [MESSAGE][PASSED] - Tapped on element 'Object Repository/CCSDE-Book/PosRanking/Distribution_BackButton'

2018-06-08 00:52:05 - [MESSAGE][PASSED] - Delayed 1 second(s)

2018-06-08 00:52:05 - [MESSAGE][PASSED] - Actual text and expected text of test object 'Object Repository/CCSDE-Book/PosRanking/Validate_ASMRankingScreen' are matched.

2018-06-08 00:52:06 - [MESSAGE][PASSED] - Delayed 1 second(s)

2018-06-08 00:52:06 - [MESSAGE][WARNING] - Timeout '0' is invalid. Using default page load timeout: '30'

2018-06-08 00:52:07 - [MESSAGE][PASSED] - Tapped on element 'Object Repository/CCSDE-Book/PosRanking/AsmRanking_BackButton'

2018-06-08 00:52:08 - [MESSAGE][PASSED] - Delayed 1 second(s)

2018-06-08 00:52:08 - [MESSAGE][PASSED] - Actual text and expected text of test object 'Object Repository/CCSDE-Book/PosRanking/Validate_RegionalScreen' are matched.

2018-06-08 00:52:09 - [MESSAGE][PASSED] - Delayed 1 second(s)

2018-06-08 00:52:09 - [MESSAGE][WARNING] - Timeout '0' is invalid. Using default page load timeout: '30'

2018-06-08 00:52:09 - [MESSAGE][PASSED] - Tapped on element 'Object Repository/CCSDE-Book/PosRanking/Regional_BackButton'

2018-06-08 00:52:10 - [MESSAGE][PASSED] - Delayed 1 second(s)

2018-06-08 00:52:11 - [MESSAGE][PASSED] - Actual text and expected text of test object 'Object Repository/CCSDE-Book/PosRanking/Validate_ZonalRankingScreen' are matched.

2018-06-08 00:52:12 - [MESSAGE][PASSED] - Delayed 1 second(s)

2018-06-08 00:52:13 - [MESSAGE][PASSED] - Delayed 1 second(s)

2018-06-08 00:52:14 - [MESSAGE][PASSED] - Actual text and expected text of test object 'Object Repository/CCSDE-Book/PosRanking/Validate_RegionalScreen' are matched.

2018-06-08 00:52:15 - [MESSAGE][PASSED] - Delayed 1 second(s)

2018-06-08 00:52:16 - [MESSAGE][PASSED] - Delayed 1 second(s)

2018-06-08 00:52:16 - [MESSAGE][WARNING] - Timeout '0' is invalid. Using default page load timeout: '30'

2018-06-08 00:52:20 - [MESSAGE][PASSED] - Element 'Object Repository/CCSDE-Book/PosRanking/Validate_ASMRankingScreen' is present

2018-06-08 00:52:21 - [MESSAGE][PASSED] - Delayed 1 second(s)

2018-06-08 00:52:21 - [MESSAGE][PASSED] - Actual text and expected text of test object 'Object Repository/CCSDE-Book/PosRanking/Validate_ASMRankingScreen' are matched.

2018-06-08 00:52:22 - [MESSAGE][PASSED] - Delayed 1 second(s)

2018-06-08 00:52:23 - [MESSAGE][PASSED] - Delayed 1 second(s)

2018-06-08 00:52:23 - [MESSAGE][WARNING] - Timeout '0' is invalid. Using default page load timeout: '30'

2018-06-08 00:52:25 - [MESSAGE][PASSED] - Element 'Object Repository/CCSDE-Book/PosRanking/Validate_DistributionScreen' is present

2018-06-08 00:52:26 - [MESSAGE][PASSED] - Delayed 1 second(s)

2018-06-08 00:52:26 - [MESSAGE][WARNING] - Timeout '0' is invalid. Using default page load timeout: '30'

2018-06-08 00:52:26 - [MESSAGE][PASSED] - Tapped on element 'Object Repository/CCSDE-Book/PosRanking/Distribution_BackButton'

2018-06-08 00:52:27 - [MESSAGE][PASSED] - Delayed 1 second(s)

2018-06-08 00:52:28 - [MESSAGE][PASSED] - Actual text and expected text of test object 'Object Repository/CCSDE-Book/PosRanking/Validate_ASMRankingScreen' are matched.

2018-06-08 00:52:29 - [MESSAGE][PASSED] - Delayed 1 second(s)

2018-06-08 00:52:29 - [MESSAGE][WARNING] - Timeout '0' is invalid. Using default page load timeout: '30'

2018-06-08 00:52:29 - [MESSAGE][PASSED] - Tapped on element 'Object Repository/CCSDE-Book/PosRanking/AsmRanking_BackButton'

2018-06-08 00:52:30 - [MESSAGE][PASSED] - Delayed 1 second(s)

2018-06-08 00:52:31 - [MESSAGE][PASSED] - Actual text and expected text of test object 'Object Repository/CCSDE-Book/PosRanking/Validate_RegionalScreen' are matched.

2018-06-08 00:52:32 - [MESSAGE][PASSED] - Delayed 1 second(s)

2018-06-08 00:52:32 - [MESSAGE][WARNING] - Timeout '0' is invalid. Using default page load timeout: '30'

2018-06-08 00:52:32 - [MESSAGE][PASSED] - Tapped on element 'Object Repository/CCSDE-Book/PosRanking/Regional_BackButton'

2018-06-08 00:52:33 - [MESSAGE][PASSED] - Delayed 1 second(s)

2018-06-08 00:52:33 - [MESSAGE][PASSED] - Actual text and expected text of test object 'Object Repository/CCSDE-Book/PosRanking/Validate_ZonalRankingScreen' are matched.

2018-06-08 00:52:34 - [MESSAGE][PASSED] - Delayed 1 second(s)

2018-06-08 00:52:34 - [MESSAGE][WARNING] - Timeout '0' is invalid. Using default page load timeout: '30'

2018-06-08 00:52:35 - [MESSAGE][PASSED] - Tapped on element 'Object Repository/CCSDE-Book/PosRanking/ZonalRanking_BackButton'

2018-06-08 00:52:36 - [MESSAGE][PASSED] - Delayed 1 second(s)

2018-06-08 00:52:36 - [MESSAGE][PASSED] - Actual text and expected text of test object 'Object Repository/CCSDE-Book/PosRanking/Validate_ProgramsScreen' are matched.

2018-06-08 00:52:37 - [MESSAGE][PASSED] - Delayed 1 second(s)

2018-06-08 00:52:37 - [MESSAGE][PASSED] - customkeywordscollection.CustomKeywords.visitProgramsForPosRanking is PASSED

2018-06-08 00:52:37 - [TEST_STEP][PASSED] - tap: Tapped on element 'Object Repository/CCSDE-Book/PosRanking/Programs_BackButton'

2018-06-08 00:52:37 - [MESSAGE][WARNING] - Timeout '0' is invalid. Using default page load timeout: '30'

2018-06-08 00:52:41 - [MESSAGE][PASSED] - Tapped on element 'Object Repository/CCSDE-Book/PosRanking/Programs_BackButton'

2018-06-08 00:52:41 - [TEST_STEP][PASSED] - delay: Delayed 1 second(s)

2018-06-08 00:52:42 - [MESSAGE][PASSED] - Delayed 1 second(s)

2018-06-08 00:52:42 - [TEST_STEP][PASSED] - verifyElementExist: Element 'Object Repository/CCSDE-Book/Validate_CCSDE_BookScreen' is exist

2018-06-08 00:52:42 - [MESSAGE][WARNING] - Timeout '0' is invalid. Using default page load timeout: '30'

2018-06-08 00:52:42 - [MESSAGE][PASSED] - Element 'Object Repository/CCSDE-Book/Validate_CCSDE_BookScreen' is exist

2018-06-08 00:52:42 - [TEST_STEP][PASSED] - delay: Delayed 1 second(s)

2018-06-08 00:52:43 - [MESSAGE][PASSED] - Delayed 1 second(s)

2018-06-08 00:52:43 - [TEST_STEP][PASSED] - tap: Tapped on element 'Object Repository/CCSDE-Book/PriceList/PriceList'

2018-06-08 00:52:43 - [MESSAGE][WARNING] - Timeout '0' is invalid. Using default page load timeout: '30'

2018-06-08 00:52:43 - [MESSAGE][PASSED] - Tapped on element 'Object Repository/CCSDE-Book/PriceList/PriceList'

2018-06-08 00:52:43 - [TEST_STEP][PASSED] - delay: Delayed 1 second(s)

2018-06-08 00:52:44 - [MESSAGE][PASSED] - Delayed 1 second(s)

2018-06-08 00:52:44 - [TEST_STEP][PASSED] - verifyElementText: Actual text and expected text of test object 'Object Repository/CCSDE-Book/PriceList/Validate_PriceListOptionsScreen' are matched.

2018-06-08 00:52:45 - [MESSAGE][PASSED] - Actual text and expected text of test object 'Object Repository/CCSDE-Book/PriceList/Validate_PriceListOptionsScreen' are matched.

2018-06-08 00:52:45 - [TEST_STEP][PASSED] - delay: Delayed 1 second(s)

2018-06-08 00:52:46 - [MESSAGE][PASSED] - Delayed 1 second(s)

2018-06-08 00:52:46 - [TEST_STEP][PASSED] - tap: Tapped on element 'Object Repository/CCSDE-Book/PriceList/TradePrice'

2018-06-08 00:52:46 - [MESSAGE][WARNING] - Timeout '0' is invalid. Using default page load timeout: '30'

2018-06-08 00:52:46 - [MESSAGE][PASSED] - Tapped on element 'Object Repository/CCSDE-Book/PriceList/TradePrice'

2018-06-08 00:52:46 - [TEST_STEP][PASSED] - delay: Delayed 1 second(s)

2018-06-08 00:52:47 - [MESSAGE][PASSED] - Delayed 1 second(s)

2018-06-08 00:52:47 - [TEST_STEP][PASSED] - waitForElementPresent: Element 'Object Repository/CCSDE-Book/PriceList/Validate_PriceListDetailScreen' is present

2018-06-08 00:52:47 - [MESSAGE][WARNING] - Timeout '0' is invalid. Using default page load timeout: '30'

2018-06-08 00:53:00 - [MESSAGE][PASSED] - Element 'Object Repository/CCSDE-Book/PriceList/Validate_PriceListDetailScreen' is present

2018-06-08 00:53:00 - [TEST_STEP][PASSED] - delay: Delayed 1 second(s)

2018-06-08 00:53:01 - [MESSAGE][PASSED] - Delayed 1 second(s)

2018-06-08 00:53:01 - [TEST_STEP][PASSED] - verifyElementText: Actual text and expected text of test object 'Object Repository/CCSDE-Book/PriceList/Validate_PriceListDetailScreen' are matched.

2018-06-08 00:53:01 - [MESSAGE][PASSED] - Actual text and expected text of test object 'Object Repository/CCSDE-Book/PriceList/Validate_PriceListDetailScreen' are matched.

2018-06-08 00:53:01 - [TEST_STEP][PASSED] - delay: Delayed 1 second(s)

2018-06-08 00:53:02 - [MESSAGE][PASSED] - Delayed 1 second(s)

2018-06-08 00:53:02 - [TEST_STEP][PASSED] - tap: Tapped on element 'Object Repository/CCSDE-Book/PriceList/PriceListDetailScreen_BackButton'

2018-06-08 00:53:02 - [MESSAGE][WARNING] - Timeout '0' is invalid. Using default page load timeout: '30'

2018-06-08 00:53:03 - [MESSAGE][PASSED] - Tapped on element 'Object Repository/CCSDE-Book/PriceList/PriceListDetailScreen_BackButton'

2018-06-08 00:53:03 - [TEST_STEP][PASSED] - delay: Delayed 1 second(s)

2018-06-08 00:53:04 - [MESSAGE][PASSED] - Delayed 1 second(s)

2018-06-08 00:53:04 - [TEST_STEP][PASSED] - verifyElementText: Actual text and expected text of test object 'Object Repository/CCSDE-Book/PriceList/Validate_PriceListOptionsScreen' are matched.

2018-06-08 00:53:04 - [MESSAGE][PASSED] - Actual text and expected text of test object 'Object Repository/CCSDE-Book/PriceList/Validate_PriceListOptionsScreen' are matched.

2018-06-08 00:53:04 - [TEST_STEP][PASSED] - delay: Delayed 1 second(s)

2018-06-08 00:53:05 - [MESSAGE][PASSED] - Delayed 1 second(s)

2018-06-08 00:53:05 - [TEST_STEP][PASSED] - tap: Tapped on element 'Object Repository/CCSDE-Book/PriceList/RetailPrice'

2018-06-08 00:53:05 - [MESSAGE][WARNING] - Timeout '0' is invalid. Using default page load timeout: '30'

2018-06-08 00:53:05 - [MESSAGE][PASSED] - Tapped on element 'Object Repository/CCSDE-Book/PriceList/RetailPrice'

2018-06-08 00:53:05 - [TEST_STEP][PASSED] - delay: Delayed 1 second(s)

2018-06-08 00:53:06 - [MESSAGE][PASSED] - Delayed 1 second(s)

2018-06-08 00:53:06 - [TEST_STEP][PASSED] - waitForElementPresent: Element 'Object Repository/CCSDE-Book/PriceList/Validate_PriceListDetailScreen' is present

2018-06-08 00:53:06 - [MESSAGE][WARNING] - Timeout '0' is invalid. Using default page load timeout: '30'

2018-06-08 00:53:19 - [MESSAGE][PASSED] - Element 'Object Repository/CCSDE-Book/PriceList/Validate_PriceListDetailScreen' is present

2018-06-08 00:53:19 - [TEST_STEP][PASSED] - delay: Delayed 1 second(s)

2018-06-08 00:53:20 - [MESSAGE][PASSED] - Delayed 1 second(s)

2018-06-08 00:53:20 - [TEST_STEP][PASSED] - verifyElementText: Actual text and expected text of test object 'Object Repository/CCSDE-Book/PriceList/Validate_PriceListDetailScreen' are matched.

2018-06-08 00:53:21 - [MESSAGE][PASSED] - Actual text and expected text of test object 'Object Repository/CCSDE-Book/PriceList/Validate_PriceListDetailScreen' are matched.

2018-06-08 00:53:21 - [TEST_STEP][PASSED] - delay: Delayed 1 second(s)

2018-06-08 00:53:22 - [MESSAGE][PASSED] - Delayed 1 second(s)

2018-06-08 00:53:22 - [TEST_STEP][PASSED] - tap: Tapped on element 'Object Repository/CCSDE-Book/PriceList/PriceListDetailScreen_BackButton'

2018-06-08 00:53:22 - [MESSAGE][WARNING] - Timeout '0' is invalid. Using default page load timeout: '30'

2018-06-08 00:53:22 - [MESSAGE][PASSED] - Tapped on element 'Object Repository/CCSDE-Book/PriceList/PriceListDetailScreen_BackButton'

2018-06-08 00:53:22 - [TEST_STEP][PASSED] - delay: Delayed 1 second(s)

2018-06-08 00:53:23 - [MESSAGE][PASSED] - Delayed 1 second(s)

2018-06-08 00:53:23 - [TEST_STEP][PASSED] - verifyElementText: Actual text and expected text of test object 'Object Repository/CCSDE-Book/PriceList/Validate_PriceListOptionsScreen' are matched.

2018-06-08 00:53:23 - [MESSAGE][PASSED] - Actual text and expected text of test object 'Object Repository/CCSDE-Book/PriceList/Validate_PriceListOptionsScreen' are matched.

2018-06-08 00:53:23 - [TEST_STEP][PASSED] - delay: Delayed 1 second(s)

2018-06-08 00:53:24 - [MESSAGE][PASSED] - Delayed 1 second(s)

2018-06-08 00:53:24 - [TEST_STEP][PASSED] - tap: Tapped on element 'Object Repository/CCSDE-Book/PriceList/PriceListOptions_BackButton'

2018-06-08 00:53:24 - [MESSAGE][WARNING] - Timeout '0' is invalid. Using default page load timeout: '30'

2018-06-08 00:53:28 - [MESSAGE][PASSED] - Tapped on element 'Object Repository/CCSDE-Book/PriceList/PriceListOptions_BackButton'

2018-06-08 00:53:28 - [TEST_STEP][PASSED] - delay: Delayed 1 second(s)

2018-06-08 00:53:29 - [MESSAGE][PASSED] - Delayed 1 second(s)

2018-06-08 00:53:29 - [TEST_STEP][PASSED] - verifyElementExist: Element 'Object Repository/CCSDE-Book/Validate_CCSDE_BookScreen' is exist

2018-06-08 00:53:29 - [MESSAGE][WARNING] - Timeout '0' is invalid. Using default page load timeout: '30'

2018-06-08 00:53:29 - [MESSAGE][PASSED] - Element 'Object Repository/CCSDE-Book/Validate_CCSDE_BookScreen' is exist

2018-06-08 00:53:29 - [TEST_STEP][PASSED] - delay: Delayed 1 second(s)

2018-06-08 00:53:30 - [MESSAGE][PASSED] - Delayed 1 second(s)

2018-06-08 00:53:30 - [TEST_STEP][PASSED] - tap: Tapped on element 'Object Repository/CCSDE-Book/CycleActivities/CycleActivities'

2018-06-08 00:53:30 - [MESSAGE][WARNING] - Timeout '0' is invalid. Using default page load timeout: '30'

2018-06-08 00:53:31 - [MESSAGE][PASSED] - Tapped on element 'Object Repository/CCSDE-Book/CycleActivities/CycleActivities'

2018-06-08 00:53:31 - [TEST_STEP][PASSED] - delay: Delayed 1 second(s)

2018-06-08 00:53:32 - [MESSAGE][PASSED] - Delayed 1 second(s)

2018-06-08 00:53:32 - [TEST_STEP][PASSED] - verifyElementText: Actual text and expected text of test object 'Object Repository/CCSDE-Book/CycleActivities/Validate_CycleActivitiesScreen' are matched.

2018-06-08 00:53:32 - [MESSAGE][PASSED] - Actual text and expected text of test object 'Object Repository/CCSDE-Book/CycleActivities/Validate_CycleActivitiesScreen' are matched.

2018-06-08 00:53:32 - [TEST_STEP][PASSED] - delay: Delayed 1 second(s)

2018-06-08 00:53:33 - [MESSAGE][PASSED] - Delayed 1 second(s)

2018-06-08 00:53:33 - [TEST_STEP][PASSED] - tap: Tapped on element 'Object Repository/CCSDE-Book/CycleActivities/CycleActivities_BackButton'

2018-06-08 00:53:33 - [MESSAGE][WARNING] - Timeout '0' is invalid. Using default page load timeout: '30'

2018-06-08 00:53:36 - [MESSAGE][PASSED] - Tapped on element 'Object Repository/CCSDE-Book/CycleActivities/CycleActivities_BackButton'

2018-06-08 00:53:36 - [TEST_STEP][PASSED] - delay: Delayed 1 second(s)

2018-06-08 00:53:37 - [MESSAGE][PASSED] - Delayed 1 second(s)

2018-06-08 00:53:37 - [TEST_STEP][PASSED] - verifyElementExist: Element 'Object Repository/CCSDE-Book/Validate_CCSDE_BookScreen' is exist

2018-06-08 00:53:37 - [MESSAGE][WARNING] - Timeout '0' is invalid. Using default page load timeout: '30'

2018-06-08 00:53:37 - [MESSAGE][PASSED] - Element 'Object Repository/CCSDE-Book/Validate_CCSDE_BookScreen' is exist

2018-06-08 00:53:37 - [TEST_STEP][PASSED] - delay: Delayed 1 second(s)

2018-06-08 00:53:38 - [MESSAGE][PASSED] - Delayed 1 second(s)

2018-06-08 00:53:38 - [TEST_STEP][PASSED] - tap: Tapped on element 'Object Repository/CCSDE-Book/ViewTVC/ViewTVC'

2018-06-08 00:53:38 - [MESSAGE][WARNING] - Timeout '0' is invalid. Using default page load timeout: '30'

2018-06-08 00:53:39 - [MESSAGE][PASSED] - Tapped on element 'Object Repository/CCSDE-Book/ViewTVC/ViewTVC'

2018-06-08 00:53:39 - [TEST_STEP][PASSED] - delay: Delayed 1 second(s)

2018-06-08 00:53:40 - [MESSAGE][PASSED] - Delayed 1 second(s)

2018-06-08 00:53:40 - [TEST_STEP][PASSED] - verifyElementExist: Element 'Object Repository/CCSDE-Book/ViewTVC/Validate_TVCListScreen' is exist

2018-06-08 00:53:40 - [MESSAGE][WARNING] - Timeout '0' is invalid. Using default page load timeout: '30'

2018-06-08 00:53:41 - [MESSAGE][PASSED] - Element 'Object Repository/CCSDE-Book/ViewTVC/Validate_TVCListScreen' is exist

2018-06-08 00:53:41 - [TEST_STEP][PASSED] - delay: Delayed 1 second(s)

2018-06-08 00:53:42 - [MESSAGE][PASSED] - Delayed 1 second(s)

2018-06-08 00:53:42 - [TEST_STEP][PASSED] - tap: Tapped on element 'Object Repository/CCSDE-Book/ViewTVC/TVC'

2018-06-08 00:53:42 - [MESSAGE][WARNING] - Timeout '0' is invalid. Using default page load timeout: '30'

2018-06-08 00:53:42 - [MESSAGE][PASSED] - Tapped on element 'Object Repository/CCSDE-Book/ViewTVC/TVC'

2018-06-08 00:53:42 - [TEST_STEP][PASSED] - delay: Delayed 5 second(s)

2018-06-08 00:53:47 - [MESSAGE][PASSED] - Delayed 5 second(s)

2018-06-08 00:53:47 - [TEST_STEP][PASSED] - pressBack: Press back button successfully

2018-06-08 00:53:48 - [MESSAGE][PASSED] - Press back button successfully

2018-06-08 00:53:48 - [TEST_STEP][PASSED] - delay: Delayed 1 second(s)

2018-06-08 00:53:49 - [MESSAGE][PASSED] - Delayed 1 second(s)

2018-06-08 00:53:49 - [TEST_STEP][PASSED] - verifyElementExist: Element 'Object Repository/CCSDE-Book/ViewTVC/Validate_TVCListScreen' is exist

2018-06-08 00:53:49 - [MESSAGE][WARNING] - Timeout '0' is invalid. Using default page load timeout: '30'

2018-06-08 00:53:49 - [MESSAGE][PASSED] - Element 'Object Repository/CCSDE-Book/ViewTVC/Validate_TVCListScreen' is exist

2018-06-08 00:53:49 - [TEST_STEP][PASSED] - delay: Delayed 1 second(s)

2018-06-08 00:53:50 - [MESSAGE][PASSED] - Delayed 1 second(s)

2018-06-08 00:53:50 - [TEST_STEP][PASSED] - tap: Tapped on element 'Object Repository/CCSDE-Book/ViewTVC/TVC_BackButton'

2018-06-08 00:53:50 - [MESSAGE][WARNING] - Timeout '0' is invalid. Using default page load timeout: '30'

2018-06-08 00:53:53 - [MESSAGE][PASSED] - Tapped on element 'Object Repository/CCSDE-Book/ViewTVC/TVC_BackButton'

2018-06-08 00:53:53 - [TEST_STEP][PASSED] - delay: Delayed 1 second(s)

2018-06-08 00:53:54 - [MESSAGE][PASSED] - Delayed 1 second(s)

2018-06-08 00:53:54 - [TEST_STEP][PASSED] - verifyElementExist: Element 'Object Repository/CCSDE-Book/Validate_CCSDE_BookScreen' is exist

2018-06-08 00:53:54 - [MESSAGE][WARNING] - Timeout '0' is invalid. Using default page load timeout: '30'

2018-06-08 00:53:54 - [MESSAGE][PASSED] - Element 'Object Repository/CCSDE-Book/Validate_CCSDE_BookScreen' is exist

2018-06-08 00:53:54 - [TEST_STEP][PASSED] - delay: Delayed 1 second(s)

2018-06-08 00:53:55 - [MESSAGE][PASSED] - Delayed 1 second(s)

2018-06-08 00:53:55 - [TEST_STEP][PASSED] - pressBack: Press back button successfully

2018-06-08 00:53:56 - [MESSAGE][PASSED] - Press back button successfully

2018-06-08 00:53:56 - [TEST_STEP][PASSED] - delay: Delayed 1 second(s)

2018-06-08 00:53:57 - [MESSAGE][PASSED] - Delayed 1 second(s)

2018-06-08 00:53:57 - [TEST_STEP][PASSED] - verifyElementExist: Element 'Object Repository/MainScreenEelements/Validate_ApplicationMainScreen' is exist

2018-06-08 00:53:57 - [MESSAGE][WARNING] - Timeout '0' is invalid. Using default page load timeout: '30'

2018-06-08 00:53:57 - [MESSAGE][PASSED] - Element 'Object Repository/MainScreenEelements/Validate_ApplicationMainScreen' is exist

2018-06-08 00:53:57 - [TEST_STEP][PASSED] - delay: Delayed 1 second(s)

2018-06-08 00:53:58 - [MESSAGE][PASSED] - Delayed 1 second(s)]]></system-out>
         <system-err><![CDATA[]]></system-err>
      </testcase>
      <testcase name="Test Cases/LiveFeedBack/VisitLiveFeedBack" classname="Test Cases/LiveFeedBack/VisitLiveFeedBack" status="PASSED">
         <system-out><![CDATA[2018-06-08 00:53:58 - [TEST_CASE][PASSED] - Test Cases/LiveFeedBack/VisitLiveFeedBack: Test Cases/LiveFeedBack/VisitLiveFeedBack

2018-06-08 00:53:58 - [TEST_STEP][PASSED] - tap: Tapped on element 'Object Repository/MainScreenEelements/LiveFeedBack'

2018-06-08 00:53:58 - [MESSAGE][WARNING] - Timeout '0' is invalid. Using default page load timeout: '30'

2018-06-08 00:53:59 - [MESSAGE][PASSED] - Tapped on element 'Object Repository/MainScreenEelements/LiveFeedBack'

2018-06-08 00:53:59 - [TEST_STEP][PASSED] - delay: Delayed 1 second(s)

2018-06-08 00:54:00 - [MESSAGE][PASSED] - Delayed 1 second(s)

2018-06-08 00:54:00 - [TEST_STEP][PASSED] - verifyElementText: Actual text and expected text of test object 'Object Repository/LiveFeedBack/Validate_LiveFeedbackScreen' are matched.

2018-06-08 00:54:00 - [MESSAGE][PASSED] - Actual text and expected text of test object 'Object Repository/LiveFeedBack/Validate_LiveFeedbackScreen' are matched.

2018-06-08 00:54:00 - [TEST_STEP][PASSED] - delay: Delayed 1 second(s)

2018-06-08 00:54:01 - [MESSAGE][PASSED] - Delayed 1 second(s)

2018-06-08 00:54:01 - [TEST_STEP][PASSED] - tap: Tapped on element 'Object Repository/LiveFeedBack/LiveFeedback_BackButton'

2018-06-08 00:54:01 - [MESSAGE][WARNING] - Timeout '0' is invalid. Using default page load timeout: '30'

2018-06-08 00:54:05 - [MESSAGE][PASSED] - Tapped on element 'Object Repository/LiveFeedBack/LiveFeedback_BackButton'

2018-06-08 00:54:05 - [TEST_STEP][PASSED] - delay: Delayed 1 second(s)

2018-06-08 00:54:06 - [MESSAGE][PASSED] - Delayed 1 second(s)

2018-06-08 00:54:06 - [TEST_STEP][PASSED] - verifyElementExist: Element 'Object Repository/MainScreenEelements/Validate_ApplicationMainScreen' is exist

2018-06-08 00:54:06 - [MESSAGE][WARNING] - Timeout '0' is invalid. Using default page load timeout: '30'

2018-06-08 00:54:06 - [MESSAGE][PASSED] - Element 'Object Repository/MainScreenEelements/Validate_ApplicationMainScreen' is exist

2018-06-08 00:54:06 - [TEST_STEP][PASSED] - delay: Delayed 1 second(s)

2018-06-08 00:54:07 - [MESSAGE][PASSED] - Delayed 1 second(s)]]></system-out>
         <system-err><![CDATA[]]></system-err>
      </testcase>
      <testcase name="Test Cases/ViewRating/VisitViewRating" classname="Test Cases/ViewRating/VisitViewRating" status="PASSED">
         <system-out><![CDATA[2018-06-08 00:54:07 - [TEST_CASE][PASSED] - Test Cases/ViewRating/VisitViewRating: Test Cases/ViewRating/VisitViewRating

2018-06-08 00:54:07 - [TEST_STEP][PASSED] - tap: Tapped on element 'Object Repository/MainScreenEelements/ViewRating'

2018-06-08 00:54:07 - [MESSAGE][WARNING] - Timeout '0' is invalid. Using default page load timeout: '30'

2018-06-08 00:54:07 - [MESSAGE][PASSED] - Tapped on element 'Object Repository/MainScreenEelements/ViewRating'

2018-06-08 00:54:07 - [TEST_STEP][PASSED] - delay: Delayed 1 second(s)

2018-06-08 00:54:08 - [MESSAGE][PASSED] - Delayed 1 second(s)

2018-06-08 00:54:08 - [TEST_STEP][PASSED] - verifyElementText: Actual text and expected text of test object 'Object Repository/ViewRating/Validate_ViewRatingScreen' are matched.

2018-06-08 00:54:10 - [MESSAGE][PASSED] - Actual text and expected text of test object 'Object Repository/ViewRating/Validate_ViewRatingScreen' are matched.

2018-06-08 00:54:10 - [TEST_STEP][PASSED] - delay: Delayed 1 second(s)

2018-06-08 00:54:11 - [MESSAGE][PASSED] - Delayed 1 second(s)

2018-06-08 00:54:11 - [TEST_STEP][PASSED] - tap: Tapped on element 'Object Repository/ViewRating/ViewRating_BackButton'

2018-06-08 00:54:11 - [MESSAGE][WARNING] - Timeout '0' is invalid. Using default page load timeout: '30'

2018-06-08 00:54:15 - [MESSAGE][PASSED] - Tapped on element 'Object Repository/ViewRating/ViewRating_BackButton'

2018-06-08 00:54:15 - [TEST_STEP][PASSED] - delay: Delayed 1 second(s)

2018-06-08 00:54:16 - [MESSAGE][PASSED] - Delayed 1 second(s)

2018-06-08 00:54:16 - [TEST_STEP][PASSED] - verifyElementExist: Element 'Object Repository/MainScreenEelements/Validate_ApplicationMainScreen' is exist

2018-06-08 00:54:16 - [MESSAGE][WARNING] - Timeout '0' is invalid. Using default page load timeout: '30'

2018-06-08 00:54:16 - [MESSAGE][PASSED] - Element 'Object Repository/MainScreenEelements/Validate_ApplicationMainScreen' is exist

2018-06-08 00:54:16 - [TEST_STEP][PASSED] - delay: Delayed 1 second(s)

2018-06-08 00:54:17 - [MESSAGE][PASSED] - Delayed 1 second(s)]]></system-out>
         <system-err><![CDATA[]]></system-err>
      </testcase>
      <system-out><![CDATA[2018-06-08 00:31:43 - [TEST_SUITE][PASSED] - Ice Training App (Visit and overwrite shop with shop level): Test Cases/ViewRating/VisitViewRating]]></system-out>
      <system-err><![CDATA[]]></system-err>
   </testsuite>
</testsuites>
