<?xml version="1.0" encoding="UTF-8"?>
<testsuites name="Ice Training App (Visit and overwrite shop with category level)" time="1467" tests="18" failures="0" errors="0">
   <testsuite name="Ice Training App (Visit and overwrite shop with category level)" tests="18" failures="0" errors="0" time="1467" timestamp="2018-06-08 00:07:12" hostname="itcity - DESKTOP-3AG49P4" id="Test Suites/Ice Training App (Visit and overwrite shop with category level)">
      <properties>
         <property name="deviceName" value="samsung SM-J110H (Android 4.4.4)"/>
         <property name="devicePlatform" value=""/>
         <property name="logFolder" value="F:\\Git Projects\\Ice-Training\\Ice-Training\\Reports\\Ice Training App (Visit and overwrite shop with category level)\\20180608_000709"/>
         <property name="logFiles" value="F:\\Git Projects\\Ice-Training\\Ice-Training\\Reports\\Ice Training App (Visit and overwrite shop with category level)\\20180608_000709\\appium.log, F:\\Git Projects\\Ice-Training\\Ice-Training\\Reports\\Ice Training App (Visit and overwrite shop with category level)\\20180608_000709\\execution0.log"/>
         <property name="attachments" value=""/>
         <property name="hostName" value="itcity - DESKTOP-3AG49P4"/>
         <property name="os" value="Windows 10 64bit"/>
         <property name="katalonVersion" value="5.4.2.1"/>
         <property name="deviceOS" value="Android"/>
         <property name="appiumVersion" value="1.8.0"/>
         <property name="deviceModel" value="SM-J110H"/>
         <property name="hostAddress" value="192.168.3.209"/>
         <property name="deviceManufacturer" value="samsung"/>
         <property name="deviceId" value="11015a1136d0b24a"/>
         <property name="deviceName" value="samsung SM-J110H (Android 4.4.4)"/>
         <property name="deviceOSVersion" value="4.4.4"/>
      </properties>
      <testcase name="Test Cases/LaunchingApp/LaunchApp" classname="Test Cases/LaunchingApp/LaunchApp" status="PASSED">
         <system-out><![CDATA[2018-06-08 00:07:13 - [TEST_CASE][PASSED] - Test Cases/LaunchingApp/LaunchApp: Test Cases/LaunchingApp/LaunchApp

2018-06-08 00:07:13 - [TEST_STEP][PASSED] - startApplication: Started app at: 'F:\QA_Automation\Builds\ice_training_app_local_310518.apk'

2018-06-08 00:07:36 - [MESSAGE][PASSED] - Started app at: 'F:\QA_Automation\Builds\ice_training_app_local_310518.apk'

2018-06-08 00:07:36 - [TEST_STEP][PASSED] - delay: Delayed 5 second(s)

2018-06-08 00:07:41 - [MESSAGE][PASSED] - Delayed 5 second(s)]]></system-out>
         <system-err><![CDATA[]]></system-err>
      </testcase>
      <testcase name="Test Cases/CompetencyTraining/VisitCompetencyTraining" classname="Test Cases/CompetencyTraining/VisitCompetencyTraining" status="PASSED">
         <system-out><![CDATA[2018-06-08 00:07:41 - [TEST_CASE][PASSED] - Test Cases/CompetencyTraining/VisitCompetencyTraining: Test Cases/CompetencyTraining/VisitCompetencyTraining

2018-06-08 00:07:41 - [TEST_STEP][PASSED] - verifyElementExist: Element 'Object Repository/MainScreenEelements/Validate_ApplicationMainScreen' is exist

2018-06-08 00:07:41 - [MESSAGE][WARNING] - Timeout '0' is invalid. Using default page load timeout: '30'

2018-06-08 00:07:42 - [MESSAGE][PASSED] - Element 'Object Repository/MainScreenEelements/Validate_ApplicationMainScreen' is exist

2018-06-08 00:07:42 - [TEST_STEP][PASSED] - delay: Delayed 1 second(s)

2018-06-08 00:07:43 - [MESSAGE][PASSED] - Delayed 1 second(s)

2018-06-08 00:07:43 - [TEST_STEP][PASSED] - tap: Tapped on element 'Object Repository/MainScreenEelements/CompetencyTraining'

2018-06-08 00:07:43 - [MESSAGE][WARNING] - Timeout '0' is invalid. Using default page load timeout: '30'

2018-06-08 00:07:44 - [MESSAGE][PASSED] - Tapped on element 'Object Repository/MainScreenEelements/CompetencyTraining'

2018-06-08 00:07:44 - [TEST_STEP][PASSED] - delay: Delayed 1 second(s)

2018-06-08 00:07:45 - [MESSAGE][PASSED] - Delayed 1 second(s)

2018-06-08 00:07:45 - [TEST_STEP][PASSED] - verifyElementExist: Element 'Object Repository/CompetencyTraining/Validate_DistributionProductScreen' is exist

2018-06-08 00:07:45 - [MESSAGE][WARNING] - Timeout '0' is invalid. Using default page load timeout: '30'

2018-06-08 00:07:45 - [MESSAGE][PASSED] - Element 'Object Repository/CompetencyTraining/Validate_DistributionProductScreen' is exist

2018-06-08 00:07:45 - [TEST_STEP][PASSED] - delay: Delayed 1 second(s)

2018-06-08 00:07:46 - [MESSAGE][PASSED] - Delayed 1 second(s)

2018-06-08 00:07:46 - [TEST_STEP][PASSED] - tap: Tapped on element 'Object Repository/CompetencyTraining/DistributionProduct'

2018-06-08 00:07:46 - [MESSAGE][WARNING] - Timeout '0' is invalid. Using default page load timeout: '30'

2018-06-08 00:07:47 - [MESSAGE][PASSED] - Tapped on element 'Object Repository/CompetencyTraining/DistributionProduct'

2018-06-08 00:07:47 - [TEST_STEP][PASSED] - delay: Delayed 1 second(s)

2018-06-08 00:07:48 - [MESSAGE][PASSED] - Delayed 1 second(s)

2018-06-08 00:07:48 - [TEST_STEP][PASSED] - verifyElementText: Actual text and expected text of test object 'Object Repository/CompetencyTraining/Validate_DSFScreen' are matched.

2018-06-08 00:07:48 - [MESSAGE][PASSED] - Actual text and expected text of test object 'Object Repository/CompetencyTraining/Validate_DSFScreen' are matched.

2018-06-08 00:07:48 - [TEST_STEP][PASSED] - delay: Delayed 1 second(s)

2018-06-08 00:07:49 - [MESSAGE][PASSED] - Delayed 1 second(s)

2018-06-08 00:07:49 - [TEST_STEP][PASSED] - tap: Tapped on element 'Object Repository/CompetencyTraining/DSF'

2018-06-08 00:07:49 - [MESSAGE][WARNING] - Timeout '0' is invalid. Using default page load timeout: '30'

2018-06-08 00:07:50 - [MESSAGE][PASSED] - Tapped on element 'Object Repository/CompetencyTraining/DSF'

2018-06-08 00:07:50 - [TEST_STEP][PASSED] - delay: Delayed 1 second(s)

2018-06-08 00:07:51 - [MESSAGE][PASSED] - Delayed 1 second(s)

2018-06-08 00:07:51 - [TEST_STEP][PASSED] - verifyElementText: Actual text and expected text of test object 'Object Repository/CompetencyTraining/Validate_ProgramsScreen' are matched.

2018-06-08 00:07:51 - [MESSAGE][PASSED] - Actual text and expected text of test object 'Object Repository/CompetencyTraining/Validate_ProgramsScreen' are matched.

2018-06-08 00:07:51 - [TEST_STEP][PASSED] - delay: Delayed 1 second(s)

2018-06-08 00:07:52 - [MESSAGE][PASSED] - Delayed 1 second(s)

2018-06-08 00:07:52 - [TEST_STEP][PASSED] - tap: Tapped on element 'Object Repository/CompetencyTraining/Program'

2018-06-08 00:07:52 - [MESSAGE][WARNING] - Timeout '0' is invalid. Using default page load timeout: '30'

2018-06-08 00:07:54 - [MESSAGE][PASSED] - Tapped on element 'Object Repository/CompetencyTraining/Program'

2018-06-08 00:07:54 - [TEST_STEP][PASSED] - delay: Delayed 1 second(s)

2018-06-08 00:07:55 - [MESSAGE][PASSED] - Delayed 1 second(s)]]></system-out>
         <system-err><![CDATA[]]></system-err>
      </testcase>
      <testcase name="Test Cases/CompetencyTraining/VisitShop_1" classname="Test Cases/CompetencyTraining/VisitShop_1" status="PASSED">
         <system-out><![CDATA[2018-06-08 00:07:55 - [TEST_CASE][PASSED] - Test Cases/CompetencyTraining/VisitShop_1: Test Cases/CompetencyTraining/VisitShop_1

2018-06-08 00:07:55 - [TEST_STEP][PASSED] - verifyElementText: Actual text and expected text of test object 'Object Repository/CompetencyTraining/Validate_ShopsListScreen' are matched.

2018-06-08 00:07:55 - [MESSAGE][PASSED] - Actual text and expected text of test object 'Object Repository/CompetencyTraining/Validate_ShopsListScreen' are matched.

2018-06-08 00:07:55 - [TEST_STEP][PASSED] - delay: Delayed 1 second(s)

2018-06-08 00:07:56 - [MESSAGE][PASSED] - Delayed 1 second(s)

2018-06-08 00:07:56 - [TEST_STEP][PASSED] - customkeywordscollection.CustomKeywords.selectShopForCompetencyTraining: customkeywordscollection.CustomKeywords.selectShopForCompetencyTraining is PASSED

2018-06-08 00:07:58 - [MESSAGE][PASSED] - Delayed 1 second(s)

2018-06-08 00:07:58 - [MESSAGE][PASSED] - customkeywordscollection.CustomKeywords.selectShopForCompetencyTraining is PASSED]]></system-out>
         <system-err><![CDATA[]]></system-err>
      </testcase>
      <testcase name="Test Cases/CompetencyTraining/VisitTraining" classname="Test Cases/CompetencyTraining/VisitTraining" status="PASSED">
         <system-out><![CDATA[2018-06-08 00:07:58 - [TEST_CASE][PASSED] - Test Cases/CompetencyTraining/VisitTraining: Test Cases/CompetencyTraining/VisitTraining

2018-06-08 00:07:59 - [TEST_STEP][PASSED] - verifyElementText: Actual text and expected text of test object 'Object Repository/CompetencyTraining/Validate_StartTrainingScreen' are matched.

2018-06-08 00:07:59 - [MESSAGE][PASSED] - Actual text and expected text of test object 'Object Repository/CompetencyTraining/Validate_StartTrainingScreen' are matched.

2018-06-08 00:07:59 - [TEST_STEP][PASSED] - delay: Delayed 1 second(s)

2018-06-08 00:08:00 - [MESSAGE][PASSED] - Delayed 1 second(s)

2018-06-08 00:08:00 - [TEST_STEP][PASSED] - tap: Tapped on element 'Object Repository/CompetencyTraining/TakeShopFasciaPicture_ImageView'

2018-06-08 00:08:00 - [MESSAGE][WARNING] - Timeout '0' is invalid. Using default page load timeout: '30'

2018-06-08 00:08:02 - [MESSAGE][PASSED] - Tapped on element 'Object Repository/CompetencyTraining/TakeShopFasciaPicture_ImageView'

2018-06-08 00:08:02 - [TEST_STEP][PASSED] - delay: Delayed 1 second(s)

2018-06-08 00:08:03 - [MESSAGE][PASSED] - Delayed 1 second(s)

2018-06-08 00:08:03 - [TEST_STEP][PASSED] - verifyElementExist: Element 'Object Repository/CommonElements/Validate_CameraScreen' is exist

2018-06-08 00:08:03 - [MESSAGE][WARNING] - Timeout '0' is invalid. Using default page load timeout: '30'

2018-06-08 00:08:03 - [MESSAGE][PASSED] - Element 'Object Repository/CommonElements/Validate_CameraScreen' is exist

2018-06-08 00:08:03 - [TEST_STEP][PASSED] - delay: Delayed 1 second(s)

2018-06-08 00:08:04 - [MESSAGE][PASSED] - Delayed 1 second(s)

2018-06-08 00:08:04 - [TEST_STEP][PASSED] - tap: Tapped on element 'Object Repository/CommonElements/TakePhotoButton'

2018-06-08 00:08:04 - [MESSAGE][WARNING] - Timeout '0' is invalid. Using default page load timeout: '30'

2018-06-08 00:08:08 - [MESSAGE][PASSED] - Tapped on element 'Object Repository/CommonElements/TakePhotoButton'

2018-06-08 00:08:08 - [TEST_STEP][PASSED] - delay: Delayed 5 second(s)

2018-06-08 00:08:13 - [MESSAGE][PASSED] - Delayed 5 second(s)

2018-06-08 00:08:13 - [TEST_STEP][PASSED] - tap: Tapped on element 'Object Repository/CommonElements/DoneButton'

2018-06-08 00:08:13 - [MESSAGE][WARNING] - Timeout '0' is invalid. Using default page load timeout: '30'

2018-06-08 00:08:14 - [MESSAGE][PASSED] - Tapped on element 'Object Repository/CommonElements/DoneButton'

2018-06-08 00:08:14 - [TEST_STEP][PASSED] - delay: Delayed 1 second(s)

2018-06-08 00:08:15 - [MESSAGE][PASSED] - Delayed 1 second(s)

2018-06-08 00:08:15 - [TEST_STEP][PASSED] - verifyElementText: Actual text and expected text of test object 'Object Repository/CompetencyTraining/Validate_StartTrainingScreen' are matched.

2018-06-08 00:08:15 - [MESSAGE][PASSED] - Actual text and expected text of test object 'Object Repository/CompetencyTraining/Validate_StartTrainingScreen' are matched.

2018-06-08 00:08:15 - [TEST_STEP][PASSED] - delay: Delayed 1 second(s)

2018-06-08 00:08:16 - [MESSAGE][PASSED] - Delayed 1 second(s)

2018-06-08 00:08:16 - [TEST_STEP][PASSED] - tap: Tapped on element 'Object Repository/CompetencyTraining/VisitShop'

2018-06-08 00:08:16 - [MESSAGE][WARNING] - Timeout '0' is invalid. Using default page load timeout: '30'

2018-06-08 00:08:17 - [MESSAGE][PASSED] - Tapped on element 'Object Repository/CompetencyTraining/VisitShop'

2018-06-08 00:08:17 - [TEST_STEP][PASSED] - delay: Delayed 1 second(s)

2018-06-08 00:08:18 - [MESSAGE][PASSED] - Delayed 1 second(s)

2018-06-08 00:08:18 - [TEST_STEP][PASSED] - verifyElementText: Actual text and expected text of test object 'Object Repository/CompetencyTraining/Validate_TrainingStepsScreen' are matched.

2018-06-08 00:08:19 - [MESSAGE][PASSED] - Actual text and expected text of test object 'Object Repository/CompetencyTraining/Validate_TrainingStepsScreen' are matched.

2018-06-08 00:08:19 - [TEST_STEP][PASSED] - delay: Delayed 1 second(s)

2018-06-08 00:08:20 - [MESSAGE][PASSED] - Delayed 1 second(s)

2018-06-08 00:08:20 - [TEST_STEP][PASSED] - tap: Tapped on element 'Object Repository/CompetencyTraining/RatingonICESteps'

2018-06-08 00:08:20 - [MESSAGE][WARNING] - Timeout '0' is invalid. Using default page load timeout: '30'

2018-06-08 00:08:21 - [MESSAGE][PASSED] - Tapped on element 'Object Repository/CompetencyTraining/RatingonICESteps'

2018-06-08 00:08:21 - [TEST_STEP][PASSED] - delay: Delayed 1 second(s)

2018-06-08 00:08:22 - [MESSAGE][PASSED] - Delayed 1 second(s)

2018-06-08 00:08:22 - [TEST_STEP][PASSED] - verifyElementText: Actual text and expected text of test object 'Object Repository/CompetencyTraining/Validate_RateDSFScreen' are matched.

2018-06-08 00:08:23 - [MESSAGE][PASSED] - Actual text and expected text of test object 'Object Repository/CompetencyTraining/Validate_RateDSFScreen' are matched.

2018-06-08 00:08:23 - [TEST_STEP][PASSED] - delay: Delayed 1 second(s)

2018-06-08 00:08:24 - [MESSAGE][PASSED] - Delayed 1 second(s)

2018-06-08 00:08:24 - [TEST_STEP][PASSED] - tap: Tapped on element 'Object Repository/CompetencyTraining/RouteManagement'

2018-06-08 00:08:24 - [MESSAGE][WARNING] - Timeout '0' is invalid. Using default page load timeout: '30'

2018-06-08 00:08:25 - [MESSAGE][PASSED] - Tapped on element 'Object Repository/CompetencyTraining/RouteManagement'

2018-06-08 00:08:25 - [TEST_STEP][PASSED] - delay: Delayed 1 second(s)

2018-06-08 00:08:26 - [MESSAGE][PASSED] - Delayed 1 second(s)

2018-06-08 00:08:26 - [TEST_STEP][PASSED] - tap: Tapped on element 'Object Repository/CompetencyTraining/NeedImprovement'

2018-06-08 00:08:26 - [MESSAGE][WARNING] - Timeout '0' is invalid. Using default page load timeout: '30'

2018-06-08 00:08:26 - [MESSAGE][PASSED] - Tapped on element 'Object Repository/CompetencyTraining/NeedImprovement'

2018-06-08 00:08:26 - [TEST_STEP][PASSED] - delay: Delayed 1 second(s)

2018-06-08 00:08:27 - [MESSAGE][PASSED] - Delayed 1 second(s)

2018-06-08 00:08:27 - [TEST_STEP][PASSED] - tap: Tapped on element 'Object Repository/CompetencyTraining/RouteManagement'

2018-06-08 00:08:27 - [MESSAGE][WARNING] - Timeout '0' is invalid. Using default page load timeout: '30'

2018-06-08 00:08:28 - [MESSAGE][PASSED] - Tapped on element 'Object Repository/CompetencyTraining/RouteManagement'

2018-06-08 00:08:28 - [TEST_STEP][PASSED] - delay: Delayed 1 second(s)

2018-06-08 00:08:29 - [MESSAGE][PASSED] - Delayed 1 second(s)

2018-06-08 00:08:29 - [TEST_STEP][PASSED] - tap: Tapped on element 'Object Repository/CompetencyTraining/PlanTheDay'

2018-06-08 00:08:29 - [MESSAGE][WARNING] - Timeout '0' is invalid. Using default page load timeout: '30'

2018-06-08 00:08:30 - [MESSAGE][PASSED] - Tapped on element 'Object Repository/CompetencyTraining/PlanTheDay'

2018-06-08 00:08:30 - [TEST_STEP][PASSED] - delay: Delayed 1 second(s)

2018-06-08 00:08:31 - [MESSAGE][PASSED] - Delayed 1 second(s)

2018-06-08 00:08:31 - [TEST_STEP][PASSED] - tap: Tapped on element 'Object Repository/CompetencyTraining/NeedImprovement'

2018-06-08 00:08:31 - [MESSAGE][WARNING] - Timeout '0' is invalid. Using default page load timeout: '30'

2018-06-08 00:08:32 - [MESSAGE][PASSED] - Tapped on element 'Object Repository/CompetencyTraining/NeedImprovement'

2018-06-08 00:08:32 - [TEST_STEP][PASSED] - delay: Delayed 1 second(s)

2018-06-08 00:08:33 - [MESSAGE][PASSED] - Delayed 1 second(s)

2018-06-08 00:08:33 - [TEST_STEP][PASSED] - tap: Tapped on element 'Object Repository/CompetencyTraining/PlanTheDay'

2018-06-08 00:08:33 - [MESSAGE][WARNING] - Timeout '0' is invalid. Using default page load timeout: '30'

2018-06-08 00:08:34 - [MESSAGE][PASSED] - Tapped on element 'Object Repository/CompetencyTraining/PlanTheDay'

2018-06-08 00:08:34 - [TEST_STEP][PASSED] - delay: Delayed 1 second(s)

2018-06-08 00:08:35 - [MESSAGE][PASSED] - Delayed 1 second(s)

2018-06-08 00:08:35 - [TEST_STEP][PASSED] - tap: Tapped on element 'Object Repository/CompetencyTraining/OutletStockCheck'

2018-06-08 00:08:35 - [MESSAGE][WARNING] - Timeout '0' is invalid. Using default page load timeout: '30'

2018-06-08 00:08:36 - [MESSAGE][PASSED] - Tapped on element 'Object Repository/CompetencyTraining/OutletStockCheck'

2018-06-08 00:08:36 - [TEST_STEP][PASSED] - delay: Delayed 1 second(s)

2018-06-08 00:08:37 - [MESSAGE][PASSED] - Delayed 1 second(s)

2018-06-08 00:08:37 - [TEST_STEP][PASSED] - tap: Tapped on element 'Object Repository/CompetencyTraining/NeedImprovement'

2018-06-08 00:08:37 - [MESSAGE][WARNING] - Timeout '0' is invalid. Using default page load timeout: '30'

2018-06-08 00:08:38 - [MESSAGE][PASSED] - Tapped on element 'Object Repository/CompetencyTraining/NeedImprovement'

2018-06-08 00:08:38 - [TEST_STEP][PASSED] - delay: Delayed 1 second(s)

2018-06-08 00:08:39 - [MESSAGE][PASSED] - Delayed 1 second(s)

2018-06-08 00:08:39 - [TEST_STEP][PASSED] - tap: Tapped on element 'Object Repository/CompetencyTraining/OutletStockCheck'

2018-06-08 00:08:39 - [MESSAGE][WARNING] - Timeout '0' is invalid. Using default page load timeout: '30'

2018-06-08 00:08:39 - [MESSAGE][PASSED] - Tapped on element 'Object Repository/CompetencyTraining/OutletStockCheck'

2018-06-08 00:08:39 - [TEST_STEP][PASSED] - delay: Delayed 1 second(s)

2018-06-08 00:08:40 - [MESSAGE][PASSED] - Delayed 1 second(s)

2018-06-08 00:08:40 - [TEST_STEP][PASSED] - tap: Tapped on element 'Object Repository/CompetencyTraining/Merchandising'

2018-06-08 00:08:41 - [MESSAGE][WARNING] - Timeout '0' is invalid. Using default page load timeout: '30'

2018-06-08 00:08:41 - [MESSAGE][PASSED] - Tapped on element 'Object Repository/CompetencyTraining/Merchandising'

2018-06-08 00:08:41 - [TEST_STEP][PASSED] - delay: Delayed 1 second(s)

2018-06-08 00:08:42 - [MESSAGE][PASSED] - Delayed 1 second(s)

2018-06-08 00:08:43 - [TEST_STEP][PASSED] - tap: Tapped on element 'Object Repository/CompetencyTraining/NeedImprovement'

2018-06-08 00:08:43 - [MESSAGE][WARNING] - Timeout '0' is invalid. Using default page load timeout: '30'

2018-06-08 00:08:43 - [MESSAGE][PASSED] - Tapped on element 'Object Repository/CompetencyTraining/NeedImprovement'

2018-06-08 00:08:43 - [TEST_STEP][PASSED] - delay: Delayed 1 second(s)

2018-06-08 00:08:44 - [MESSAGE][PASSED] - Delayed 1 second(s)

2018-06-08 00:08:44 - [TEST_STEP][PASSED] - tap: Tapped on element 'Object Repository/CompetencyTraining/Merchandising'

2018-06-08 00:08:44 - [MESSAGE][WARNING] - Timeout '0' is invalid. Using default page load timeout: '30'

2018-06-08 00:08:45 - [MESSAGE][PASSED] - Tapped on element 'Object Repository/CompetencyTraining/Merchandising'

2018-06-08 00:08:45 - [TEST_STEP][PASSED] - delay: Delayed 1 second(s)

2018-06-08 00:08:46 - [MESSAGE][PASSED] - Delayed 1 second(s)

2018-06-08 00:08:46 - [TEST_STEP][PASSED] - pressBack: Press back button successfully

2018-06-08 00:08:47 - [MESSAGE][PASSED] - Press back button successfully

2018-06-08 00:08:47 - [TEST_STEP][PASSED] - delay: Delayed 1 second(s)

2018-06-08 00:08:48 - [MESSAGE][PASSED] - Delayed 1 second(s)

2018-06-08 00:08:48 - [TEST_STEP][PASSED] - verifyElementText: Actual text and expected text of test object 'Object Repository/CompetencyTraining/Validate_TrainingStepsScreen' are matched.

2018-06-08 00:08:49 - [MESSAGE][PASSED] - Actual text and expected text of test object 'Object Repository/CompetencyTraining/Validate_TrainingStepsScreen' are matched.

2018-06-08 00:08:49 - [TEST_STEP][PASSED] - delay: Delayed 1 second(s)

2018-06-08 00:08:50 - [MESSAGE][PASSED] - Delayed 1 second(s)

2018-06-08 00:08:50 - [TEST_STEP][PASSED] - tap: Tapped on element 'Object Repository/CompetencyTraining/FieldSalesCoaching'

2018-06-08 00:08:50 - [MESSAGE][WARNING] - Timeout '0' is invalid. Using default page load timeout: '30'

2018-06-08 00:08:50 - [MESSAGE][PASSED] - Tapped on element 'Object Repository/CompetencyTraining/FieldSalesCoaching'

2018-06-08 00:08:50 - [TEST_STEP][PASSED] - delay: Delayed 1 second(s)

2018-06-08 00:08:51 - [MESSAGE][PASSED] - Delayed 1 second(s)

2018-06-08 00:08:51 - [TEST_STEP][PASSED] - verifyElementText: Actual text and expected text of test object 'Object Repository/CompetencyTraining/Validate_FieldSalesCoachingScreen' are matched.

2018-06-08 00:08:52 - [MESSAGE][PASSED] - Actual text and expected text of test object 'Object Repository/CompetencyTraining/Validate_FieldSalesCoachingScreen' are matched.

2018-06-08 00:08:52 - [TEST_STEP][PASSED] - delay: Delayed 1 second(s)

2018-06-08 00:08:53 - [MESSAGE][PASSED] - Delayed 1 second(s)

2018-06-08 00:08:53 - [TEST_STEP][PASSED] - tap: Tapped on element 'Object Repository/CompetencyTraining/FieldSalesCoachingTakePicture_ImageView'

2018-06-08 00:08:53 - [MESSAGE][WARNING] - Timeout '0' is invalid. Using default page load timeout: '30'

2018-06-08 00:08:55 - [MESSAGE][PASSED] - Tapped on element 'Object Repository/CompetencyTraining/FieldSalesCoachingTakePicture_ImageView'

2018-06-08 00:08:55 - [TEST_STEP][PASSED] - delay: Delayed 1 second(s)

2018-06-08 00:08:56 - [MESSAGE][PASSED] - Delayed 1 second(s)

2018-06-08 00:08:56 - [TEST_STEP][PASSED] - verifyElementExist: Element 'Object Repository/CommonElements/Validate_CameraScreen' is exist

2018-06-08 00:08:56 - [MESSAGE][WARNING] - Timeout '0' is invalid. Using default page load timeout: '30'

2018-06-08 00:08:56 - [MESSAGE][PASSED] - Element 'Object Repository/CommonElements/Validate_CameraScreen' is exist

2018-06-08 00:08:56 - [TEST_STEP][PASSED] - delay: Delayed 1 second(s)

2018-06-08 00:08:57 - [MESSAGE][PASSED] - Delayed 1 second(s)

2018-06-08 00:08:57 - [TEST_STEP][PASSED] - tap: Tapped on element 'Object Repository/CommonElements/TakePhotoButton'

2018-06-08 00:08:57 - [MESSAGE][WARNING] - Timeout '0' is invalid. Using default page load timeout: '30'

2018-06-08 00:09:00 - [MESSAGE][PASSED] - Tapped on element 'Object Repository/CommonElements/TakePhotoButton'

2018-06-08 00:09:00 - [TEST_STEP][PASSED] - delay: Delayed 5 second(s)

2018-06-08 00:09:05 - [MESSAGE][PASSED] - Delayed 5 second(s)

2018-06-08 00:09:05 - [TEST_STEP][PASSED] - tap: Tapped on element 'Object Repository/CommonElements/DoneButton'

2018-06-08 00:09:05 - [MESSAGE][WARNING] - Timeout '0' is invalid. Using default page load timeout: '30'

2018-06-08 00:09:06 - [MESSAGE][PASSED] - Tapped on element 'Object Repository/CommonElements/DoneButton'

2018-06-08 00:09:06 - [TEST_STEP][PASSED] - delay: Delayed 1 second(s)

2018-06-08 00:09:07 - [MESSAGE][PASSED] - Delayed 1 second(s)

2018-06-08 00:09:07 - [TEST_STEP][PASSED] - verifyElementText: Actual text and expected text of test object 'Object Repository/CompetencyTraining/Validate_FieldSalesCoachingScreen' are matched.

2018-06-08 00:09:07 - [MESSAGE][PASSED] - Actual text and expected text of test object 'Object Repository/CompetencyTraining/Validate_FieldSalesCoachingScreen' are matched.

2018-06-08 00:09:07 - [TEST_STEP][PASSED] - delay: Delayed 1 second(s)

2018-06-08 00:09:08 - [MESSAGE][PASSED] - Delayed 1 second(s)

2018-06-08 00:09:08 - [TEST_STEP][PASSED] - pressBack: Press back button successfully

2018-06-08 00:09:09 - [MESSAGE][PASSED] - Press back button successfully

2018-06-08 00:09:09 - [TEST_STEP][PASSED] - delay: Delayed 1 second(s)

2018-06-08 00:09:10 - [MESSAGE][PASSED] - Delayed 1 second(s)

2018-06-08 00:09:10 - [TEST_STEP][PASSED] - verifyElementText: Actual text and expected text of test object 'Object Repository/CompetencyTraining/Validate_TrainingStepsScreen' are matched.

2018-06-08 00:09:10 - [MESSAGE][PASSED] - Actual text and expected text of test object 'Object Repository/CompetencyTraining/Validate_TrainingStepsScreen' are matched.

2018-06-08 00:09:10 - [TEST_STEP][PASSED] - delay: Delayed 1 second(s)

2018-06-08 00:09:11 - [MESSAGE][PASSED] - Delayed 1 second(s)

2018-06-08 00:09:11 - [TEST_STEP][PASSED] - tap: Tapped on element 'Object Repository/CompetencyTraining/CapturingPictureOfSuccess'

2018-06-08 00:09:11 - [MESSAGE][WARNING] - Timeout '0' is invalid. Using default page load timeout: '30'

2018-06-08 00:09:12 - [MESSAGE][PASSED] - Tapped on element 'Object Repository/CompetencyTraining/CapturingPictureOfSuccess'

2018-06-08 00:09:12 - [TEST_STEP][PASSED] - delay: Delayed 1 second(s)

2018-06-08 00:09:13 - [MESSAGE][PASSED] - Delayed 1 second(s)

2018-06-08 00:09:13 - [TEST_STEP][PASSED] - verifyElementExist: Element 'Object Repository/CompetencyTraining/Validate_PictureOfSuccessDetailScreen' is exist

2018-06-08 00:09:13 - [MESSAGE][WARNING] - Timeout '0' is invalid. Using default page load timeout: '30'

2018-06-08 00:09:14 - [MESSAGE][PASSED] - Element 'Object Repository/CompetencyTraining/Validate_PictureOfSuccessDetailScreen' is exist

2018-06-08 00:09:14 - [TEST_STEP][PASSED] - delay: Delayed 1 second(s)

2018-06-08 00:09:15 - [MESSAGE][PASSED] - Delayed 1 second(s)

2018-06-08 00:09:15 - [TEST_STEP][PASSED] - customkeywordscollection.CustomKeywords.takePictureOfSuccess: customkeywordscollection.CustomKeywords.takePictureOfSuccess is PASSED

2018-06-08 00:09:18 - [MESSAGE][PASSED] - Delayed 1 second(s)

2018-06-08 00:09:18 - [MESSAGE][WARNING] - Timeout '0' is invalid. Using default page load timeout: '30'

2018-06-08 00:09:18 - [MESSAGE][PASSED] - Element 'Object Repository/CommonElements/Validate_CameraScreen' is exist

2018-06-08 00:09:19 - [MESSAGE][PASSED] - Delayed 1 second(s)

2018-06-08 00:09:19 - [MESSAGE][WARNING] - Timeout '0' is invalid. Using default page load timeout: '30'

2018-06-08 00:09:23 - [MESSAGE][PASSED] - Tapped on element 'Object Repository/CommonElements/TakePhotoButton'

2018-06-08 00:09:28 - [MESSAGE][PASSED] - Delayed 5 second(s)

2018-06-08 00:09:28 - [MESSAGE][WARNING] - Timeout '0' is invalid. Using default page load timeout: '30'

2018-06-08 00:09:29 - [MESSAGE][PASSED] - Tapped on element 'Object Repository/CommonElements/DoneButton'

2018-06-08 00:09:30 - [MESSAGE][PASSED] - Delayed 1 second(s)

2018-06-08 00:09:37 - [MESSAGE][PASSED] - Delayed 1 second(s)

2018-06-08 00:09:37 - [MESSAGE][WARNING] - Timeout '0' is invalid. Using default page load timeout: '30'

2018-06-08 00:09:37 - [MESSAGE][PASSED] - Element 'Object Repository/CommonElements/Validate_CameraScreen' is exist

2018-06-08 00:09:38 - [MESSAGE][PASSED] - Delayed 1 second(s)

2018-06-08 00:09:38 - [MESSAGE][WARNING] - Timeout '0' is invalid. Using default page load timeout: '30'

2018-06-08 00:09:42 - [MESSAGE][PASSED] - Tapped on element 'Object Repository/CommonElements/TakePhotoButton'

2018-06-08 00:09:47 - [MESSAGE][PASSED] - Delayed 5 second(s)

2018-06-08 00:09:47 - [MESSAGE][WARNING] - Timeout '0' is invalid. Using default page load timeout: '30'

2018-06-08 00:09:48 - [MESSAGE][PASSED] - Tapped on element 'Object Repository/CommonElements/DoneButton'

2018-06-08 00:09:49 - [MESSAGE][PASSED] - Delayed 1 second(s)

2018-06-08 00:09:51 - [MESSAGE][PASSED] - customkeywordscollection.CustomKeywords.takePictureOfSuccess is PASSED

2018-06-08 00:09:51 - [TEST_STEP][PASSED] - pressBack: Press back button successfully

2018-06-08 00:09:51 - [MESSAGE][PASSED] - Press back button successfully

2018-06-08 00:09:51 - [TEST_STEP][PASSED] - delay: Delayed 1 second(s)

2018-06-08 00:09:52 - [MESSAGE][PASSED] - Delayed 1 second(s)

2018-06-08 00:09:52 - [TEST_STEP][PASSED] - verifyElementText: Actual text and expected text of test object 'Object Repository/CompetencyTraining/Validate_TrainingStepsScreen' are matched.

2018-06-08 00:09:53 - [MESSAGE][PASSED] - Actual text and expected text of test object 'Object Repository/CompetencyTraining/Validate_TrainingStepsScreen' are matched.

2018-06-08 00:09:53 - [TEST_STEP][PASSED] - delay: Delayed 1 second(s)

2018-06-08 00:09:54 - [MESSAGE][PASSED] - Delayed 1 second(s)

2018-06-08 00:09:54 - [TEST_STEP][PASSED] - tap: Tapped on element 'Object Repository/CompetencyTraining/MarketIntelligence'

2018-06-08 00:09:54 - [MESSAGE][WARNING] - Timeout '0' is invalid. Using default page load timeout: '30'

2018-06-08 00:09:55 - [MESSAGE][PASSED] - Tapped on element 'Object Repository/CompetencyTraining/MarketIntelligence'

2018-06-08 00:09:55 - [TEST_STEP][PASSED] - delay: Delayed 1 second(s)

2018-06-08 00:09:56 - [MESSAGE][PASSED] - Delayed 1 second(s)

2018-06-08 00:09:56 - [TEST_STEP][PASSED] - verifyElementText: Actual text and expected text of test object 'Object Repository/CompetencyTraining/Validate_MarketIntelligenceScreen' are matched.

2018-06-08 00:09:56 - [MESSAGE][PASSED] - Actual text and expected text of test object 'Object Repository/CompetencyTraining/Validate_MarketIntelligenceScreen' are matched.

2018-06-08 00:09:56 - [TEST_STEP][PASSED] - delay: Delayed 1 second(s)

2018-06-08 00:09:57 - [MESSAGE][PASSED] - Delayed 1 second(s)

2018-06-08 00:09:57 - [TEST_STEP][PASSED] - tap: Tapped on element 'Object Repository/CompetencyTraining/MarketIntelligenceTakePicture_ImageView'

2018-06-08 00:09:57 - [MESSAGE][WARNING] - Timeout '0' is invalid. Using default page load timeout: '30'

2018-06-08 00:09:59 - [MESSAGE][PASSED] - Tapped on element 'Object Repository/CompetencyTraining/MarketIntelligenceTakePicture_ImageView'

2018-06-08 00:09:59 - [TEST_STEP][PASSED] - delay: Delayed 1 second(s)

2018-06-08 00:10:00 - [MESSAGE][PASSED] - Delayed 1 second(s)

2018-06-08 00:10:00 - [TEST_STEP][PASSED] - verifyElementExist: Element 'Object Repository/CommonElements/Validate_CameraScreen' is exist

2018-06-08 00:10:00 - [MESSAGE][WARNING] - Timeout '0' is invalid. Using default page load timeout: '30'

2018-06-08 00:10:00 - [MESSAGE][PASSED] - Element 'Object Repository/CommonElements/Validate_CameraScreen' is exist

2018-06-08 00:10:00 - [TEST_STEP][PASSED] - delay: Delayed 1 second(s)

2018-06-08 00:10:01 - [MESSAGE][PASSED] - Delayed 1 second(s)

2018-06-08 00:10:01 - [TEST_STEP][PASSED] - tap: Tapped on element 'Object Repository/CommonElements/TakePhotoButton'

2018-06-08 00:10:01 - [MESSAGE][WARNING] - Timeout '0' is invalid. Using default page load timeout: '30'

2018-06-08 00:10:05 - [MESSAGE][PASSED] - Tapped on element 'Object Repository/CommonElements/TakePhotoButton'

2018-06-08 00:10:05 - [TEST_STEP][PASSED] - delay: Delayed 5 second(s)

2018-06-08 00:10:10 - [MESSAGE][PASSED] - Delayed 5 second(s)

2018-06-08 00:10:10 - [TEST_STEP][PASSED] - tap: Tapped on element 'Object Repository/CommonElements/DoneButton'

2018-06-08 00:10:10 - [MESSAGE][WARNING] - Timeout '0' is invalid. Using default page load timeout: '30'

2018-06-08 00:10:11 - [MESSAGE][PASSED] - Tapped on element 'Object Repository/CommonElements/DoneButton'

2018-06-08 00:10:11 - [TEST_STEP][PASSED] - delay: Delayed 1 second(s)

2018-06-08 00:10:12 - [MESSAGE][PASSED] - Delayed 1 second(s)

2018-06-08 00:10:12 - [TEST_STEP][PASSED] - verifyElementText: Actual text and expected text of test object 'Object Repository/CompetencyTraining/Validate_MarketIntelligenceScreen' are matched.

2018-06-08 00:10:12 - [MESSAGE][PASSED] - Actual text and expected text of test object 'Object Repository/CompetencyTraining/Validate_MarketIntelligenceScreen' are matched.

2018-06-08 00:10:12 - [TEST_STEP][PASSED] - delay: Delayed 1 second(s)

2018-06-08 00:10:13 - [MESSAGE][PASSED] - Delayed 1 second(s)

2018-06-08 00:10:13 - [TEST_STEP][PASSED] - pressBack: Press back button successfully

2018-06-08 00:10:14 - [MESSAGE][PASSED] - Press back button successfully

2018-06-08 00:10:14 - [TEST_STEP][PASSED] - delay: Delayed 1 second(s)

2018-06-08 00:10:15 - [MESSAGE][PASSED] - Delayed 1 second(s)

2018-06-08 00:10:15 - [TEST_STEP][PASSED] - verifyElementText: Actual text and expected text of test object 'Object Repository/CompetencyTraining/Validate_TrainingStepsScreen' are matched.

2018-06-08 00:10:15 - [MESSAGE][PASSED] - Actual text and expected text of test object 'Object Repository/CompetencyTraining/Validate_TrainingStepsScreen' are matched.

2018-06-08 00:10:15 - [TEST_STEP][PASSED] - delay: Delayed 1 second(s)

2018-06-08 00:10:16 - [MESSAGE][PASSED] - Delayed 1 second(s)

2018-06-08 00:10:16 - [TEST_STEP][PASSED] - tap: Tapped on element 'Object Repository/CompetencyTraining/Remarks'

2018-06-08 00:10:16 - [MESSAGE][WARNING] - Timeout '0' is invalid. Using default page load timeout: '30'

2018-06-08 00:10:17 - [MESSAGE][PASSED] - Tapped on element 'Object Repository/CompetencyTraining/Remarks'

2018-06-08 00:10:17 - [TEST_STEP][PASSED] - delay: Delayed 1 second(s)

2018-06-08 00:10:18 - [MESSAGE][PASSED] - Delayed 1 second(s)

2018-06-08 00:10:18 - [TEST_STEP][PASSED] - verifyElementText: Actual text and expected text of test object 'Object Repository/CompetencyTraining/Validate_RemarksScreen' are matched.

2018-06-08 00:10:18 - [MESSAGE][PASSED] - Actual text and expected text of test object 'Object Repository/CompetencyTraining/Validate_RemarksScreen' are matched.

2018-06-08 00:10:18 - [TEST_STEP][PASSED] - delay: Delayed 1 second(s)

2018-06-08 00:10:19 - [MESSAGE][PASSED] - Delayed 1 second(s)

2018-06-08 00:10:19 - [TEST_STEP][PASSED] - setText: Text 'Remarks' has been set to element 'Object Repository/CompetencyTraining/Remarks_TextContainer'

2018-06-08 00:10:19 - [MESSAGE][WARNING] - Timeout '0' is invalid. Using default page load timeout: '30'

2018-06-08 00:10:30 - [MESSAGE][PASSED] - Text 'Remarks' has been set to element 'Object Repository/CompetencyTraining/Remarks_TextContainer'

2018-06-08 00:10:30 - [TEST_STEP][PASSED] - hideKeyboard: Keyboard is hidden

2018-06-08 00:10:31 - [MESSAGE][PASSED] - Keyboard is hidden

2018-06-08 00:10:31 - [TEST_STEP][PASSED] - delay: Delayed 1 second(s)

2018-06-08 00:10:32 - [MESSAGE][PASSED] - Delayed 1 second(s)

2018-06-08 00:10:32 - [TEST_STEP][PASSED] - tap: Tapped on element 'Object Repository/CompetencyTraining/SubmitRemarksButton'

2018-06-08 00:10:32 - [MESSAGE][WARNING] - Timeout '0' is invalid. Using default page load timeout: '30'

2018-06-08 00:10:33 - [MESSAGE][PASSED] - Tapped on element 'Object Repository/CompetencyTraining/SubmitRemarksButton'

2018-06-08 00:10:33 - [TEST_STEP][PASSED] - delay: Delayed 1 second(s)

2018-06-08 00:10:34 - [MESSAGE][PASSED] - Delayed 1 second(s)

2018-06-08 00:10:34 - [TEST_STEP][PASSED] - verifyElementExist: Element 'Object Repository/CommonElements/Validate_InfoPopUp' is exist

2018-06-08 00:10:34 - [MESSAGE][WARNING] - Timeout '0' is invalid. Using default page load timeout: '30'

2018-06-08 00:10:34 - [MESSAGE][PASSED] - Element 'Object Repository/CommonElements/Validate_InfoPopUp' is exist

2018-06-08 00:10:34 - [TEST_STEP][PASSED] - delay: Delayed 1 second(s)

2018-06-08 00:10:35 - [MESSAGE][PASSED] - Delayed 1 second(s)

2018-06-08 00:10:35 - [TEST_STEP][PASSED] - tap: Tapped on element 'Object Repository/CommonElements/InfoPopUp_OKButton'

2018-06-08 00:10:35 - [MESSAGE][WARNING] - Timeout '0' is invalid. Using default page load timeout: '30'

2018-06-08 00:10:36 - [MESSAGE][PASSED] - Tapped on element 'Object Repository/CommonElements/InfoPopUp_OKButton'

2018-06-08 00:10:36 - [TEST_STEP][PASSED] - delay: Delayed 1 second(s)

2018-06-08 00:10:37 - [MESSAGE][PASSED] - Delayed 1 second(s)]]></system-out>
         <system-err><![CDATA[]]></system-err>
      </testcase>
      <testcase name="Test Cases/CompetencyTraining/OverwriteTraining" classname="Test Cases/CompetencyTraining/OverwriteTraining" status="PASSED">
         <system-out><![CDATA[2018-06-08 00:10:37 - [TEST_CASE][PASSED] - Test Cases/CompetencyTraining/OverwriteTraining: Test Cases/CompetencyTraining/OverwriteTraining

2018-06-08 00:10:37 - [TEST_STEP][PASSED] - verifyElementText: Actual text and expected text of test object 'Object Repository/CompetencyTraining/Validate_TrainingStepsScreen' are matched.

2018-06-08 00:10:37 - [MESSAGE][PASSED] - Actual text and expected text of test object 'Object Repository/CompetencyTraining/Validate_TrainingStepsScreen' are matched.

2018-06-08 00:10:37 - [TEST_STEP][PASSED] - delay: Delayed 1 second(s)

2018-06-08 00:10:38 - [MESSAGE][PASSED] - Delayed 1 second(s)

2018-06-08 00:10:38 - [TEST_STEP][PASSED] - tap: Tapped on element 'Object Repository/CompetencyTraining/RatingonICESteps'

2018-06-08 00:10:38 - [MESSAGE][WARNING] - Timeout '0' is invalid. Using default page load timeout: '30'

2018-06-08 00:10:39 - [MESSAGE][PASSED] - Tapped on element 'Object Repository/CompetencyTraining/RatingonICESteps'

2018-06-08 00:10:39 - [TEST_STEP][PASSED] - delay: Delayed 1 second(s)

2018-06-08 00:10:40 - [MESSAGE][PASSED] - Delayed 1 second(s)

2018-06-08 00:10:40 - [TEST_STEP][PASSED] - verifyElementText: Actual text and expected text of test object 'Object Repository/CompetencyTraining/Validate_RateDSFScreen' are matched.

2018-06-08 00:10:40 - [MESSAGE][PASSED] - Actual text and expected text of test object 'Object Repository/CompetencyTraining/Validate_RateDSFScreen' are matched.

2018-06-08 00:10:40 - [TEST_STEP][PASSED] - delay: Delayed 1 second(s)

2018-06-08 00:10:41 - [MESSAGE][PASSED] - Delayed 1 second(s)

2018-06-08 00:10:41 - [TEST_STEP][PASSED] - tap: Tapped on element 'Object Repository/CompetencyTraining/RouteManagement'

2018-06-08 00:10:41 - [MESSAGE][WARNING] - Timeout '0' is invalid. Using default page load timeout: '30'

2018-06-08 00:10:42 - [MESSAGE][PASSED] - Tapped on element 'Object Repository/CompetencyTraining/RouteManagement'

2018-06-08 00:10:42 - [TEST_STEP][PASSED] - delay: Delayed 1 second(s)

2018-06-08 00:10:43 - [MESSAGE][PASSED] - Delayed 1 second(s)

2018-06-08 00:10:43 - [TEST_STEP][PASSED] - tap: Tapped on element 'Object Repository/CompetencyTraining/Standard'

2018-06-08 00:10:43 - [MESSAGE][WARNING] - Timeout '0' is invalid. Using default page load timeout: '30'

2018-06-08 00:10:44 - [MESSAGE][PASSED] - Tapped on element 'Object Repository/CompetencyTraining/Standard'

2018-06-08 00:10:44 - [TEST_STEP][PASSED] - delay: Delayed 1 second(s)

2018-06-08 00:10:45 - [MESSAGE][PASSED] - Delayed 1 second(s)

2018-06-08 00:10:45 - [TEST_STEP][PASSED] - tap: Tapped on element 'Object Repository/CompetencyTraining/RouteManagement'

2018-06-08 00:10:45 - [MESSAGE][WARNING] - Timeout '0' is invalid. Using default page load timeout: '30'

2018-06-08 00:10:46 - [MESSAGE][PASSED] - Tapped on element 'Object Repository/CompetencyTraining/RouteManagement'

2018-06-08 00:10:46 - [TEST_STEP][PASSED] - delay: Delayed 1 second(s)

2018-06-08 00:10:47 - [MESSAGE][PASSED] - Delayed 1 second(s)

2018-06-08 00:10:47 - [TEST_STEP][PASSED] - tap: Tapped on element 'Object Repository/CompetencyTraining/PlanTheDay'

2018-06-08 00:10:47 - [MESSAGE][WARNING] - Timeout '0' is invalid. Using default page load timeout: '30'

2018-06-08 00:10:47 - [MESSAGE][PASSED] - Tapped on element 'Object Repository/CompetencyTraining/PlanTheDay'

2018-06-08 00:10:47 - [TEST_STEP][PASSED] - delay: Delayed 1 second(s)

2018-06-08 00:10:48 - [MESSAGE][PASSED] - Delayed 1 second(s)

2018-06-08 00:10:48 - [TEST_STEP][PASSED] - tap: Tapped on element 'Object Repository/CompetencyTraining/Standard'

2018-06-08 00:10:48 - [MESSAGE][WARNING] - Timeout '0' is invalid. Using default page load timeout: '30'

2018-06-08 00:10:49 - [MESSAGE][PASSED] - Tapped on element 'Object Repository/CompetencyTraining/Standard'

2018-06-08 00:10:49 - [TEST_STEP][PASSED] - delay: Delayed 1 second(s)

2018-06-08 00:10:50 - [MESSAGE][PASSED] - Delayed 1 second(s)

2018-06-08 00:10:50 - [TEST_STEP][PASSED] - tap: Tapped on element 'Object Repository/CompetencyTraining/PlanTheDay'

2018-06-08 00:10:50 - [MESSAGE][WARNING] - Timeout '0' is invalid. Using default page load timeout: '30'

2018-06-08 00:10:51 - [MESSAGE][PASSED] - Tapped on element 'Object Repository/CompetencyTraining/PlanTheDay'

2018-06-08 00:10:51 - [TEST_STEP][PASSED] - delay: Delayed 1 second(s)

2018-06-08 00:10:52 - [MESSAGE][PASSED] - Delayed 1 second(s)

2018-06-08 00:10:52 - [TEST_STEP][PASSED] - tap: Tapped on element 'Object Repository/CompetencyTraining/OutletStockCheck'

2018-06-08 00:10:52 - [MESSAGE][WARNING] - Timeout '0' is invalid. Using default page load timeout: '30'

2018-06-08 00:10:53 - [MESSAGE][PASSED] - Tapped on element 'Object Repository/CompetencyTraining/OutletStockCheck'

2018-06-08 00:10:53 - [TEST_STEP][PASSED] - delay: Delayed 1 second(s)

2018-06-08 00:10:54 - [MESSAGE][PASSED] - Delayed 1 second(s)

2018-06-08 00:10:54 - [TEST_STEP][PASSED] - tap: Tapped on element 'Object Repository/CompetencyTraining/Standard'

2018-06-08 00:10:54 - [MESSAGE][WARNING] - Timeout '0' is invalid. Using default page load timeout: '30'

2018-06-08 00:10:54 - [MESSAGE][PASSED] - Tapped on element 'Object Repository/CompetencyTraining/Standard'

2018-06-08 00:10:54 - [TEST_STEP][PASSED] - delay: Delayed 1 second(s)

2018-06-08 00:10:55 - [MESSAGE][PASSED] - Delayed 1 second(s)

2018-06-08 00:10:55 - [TEST_STEP][PASSED] - tap: Tapped on element 'Object Repository/CompetencyTraining/OutletStockCheck'

2018-06-08 00:10:55 - [MESSAGE][WARNING] - Timeout '0' is invalid. Using default page load timeout: '30'

2018-06-08 00:10:56 - [MESSAGE][PASSED] - Tapped on element 'Object Repository/CompetencyTraining/OutletStockCheck'

2018-06-08 00:10:56 - [TEST_STEP][PASSED] - delay: Delayed 1 second(s)

2018-06-08 00:10:57 - [MESSAGE][PASSED] - Delayed 1 second(s)

2018-06-08 00:10:57 - [TEST_STEP][PASSED] - tap: Tapped on element 'Object Repository/CompetencyTraining/Merchandising'

2018-06-08 00:10:57 - [MESSAGE][WARNING] - Timeout '0' is invalid. Using default page load timeout: '30'

2018-06-08 00:10:58 - [MESSAGE][PASSED] - Tapped on element 'Object Repository/CompetencyTraining/Merchandising'

2018-06-08 00:10:58 - [TEST_STEP][PASSED] - delay: Delayed 1 second(s)

2018-06-08 00:10:59 - [MESSAGE][PASSED] - Delayed 1 second(s)

2018-06-08 00:10:59 - [TEST_STEP][PASSED] - tap: Tapped on element 'Object Repository/CompetencyTraining/Standard'

2018-06-08 00:10:59 - [MESSAGE][WARNING] - Timeout '0' is invalid. Using default page load timeout: '30'

2018-06-08 00:11:00 - [MESSAGE][PASSED] - Tapped on element 'Object Repository/CompetencyTraining/Standard'

2018-06-08 00:11:00 - [TEST_STEP][PASSED] - delay: Delayed 1 second(s)

2018-06-08 00:11:01 - [MESSAGE][PASSED] - Delayed 1 second(s)

2018-06-08 00:11:01 - [TEST_STEP][PASSED] - tap: Tapped on element 'Object Repository/CompetencyTraining/Merchandising'

2018-06-08 00:11:01 - [MESSAGE][WARNING] - Timeout '0' is invalid. Using default page load timeout: '30'

2018-06-08 00:11:02 - [MESSAGE][PASSED] - Tapped on element 'Object Repository/CompetencyTraining/Merchandising'

2018-06-08 00:11:02 - [TEST_STEP][PASSED] - delay: Delayed 1 second(s)

2018-06-08 00:11:03 - [MESSAGE][PASSED] - Delayed 1 second(s)

2018-06-08 00:11:03 - [TEST_STEP][PASSED] - pressBack: Press back button successfully

2018-06-08 00:11:03 - [MESSAGE][PASSED] - Press back button successfully

2018-06-08 00:11:03 - [TEST_STEP][PASSED] - delay: Delayed 1 second(s)

2018-06-08 00:11:04 - [MESSAGE][PASSED] - Delayed 1 second(s)

2018-06-08 00:11:04 - [TEST_STEP][PASSED] - verifyElementText: Actual text and expected text of test object 'Object Repository/CompetencyTraining/Validate_TrainingStepsScreen' are matched.

2018-06-08 00:11:05 - [MESSAGE][PASSED] - Actual text and expected text of test object 'Object Repository/CompetencyTraining/Validate_TrainingStepsScreen' are matched.

2018-06-08 00:11:05 - [TEST_STEP][PASSED] - delay: Delayed 1 second(s)

2018-06-08 00:11:06 - [MESSAGE][PASSED] - Delayed 1 second(s)

2018-06-08 00:11:06 - [TEST_STEP][PASSED] - tap: Tapped on element 'Object Repository/CompetencyTraining/FieldSalesCoaching'

2018-06-08 00:11:06 - [MESSAGE][WARNING] - Timeout '0' is invalid. Using default page load timeout: '30'

2018-06-08 00:11:06 - [MESSAGE][PASSED] - Tapped on element 'Object Repository/CompetencyTraining/FieldSalesCoaching'

2018-06-08 00:11:06 - [TEST_STEP][PASSED] - delay: Delayed 1 second(s)

2018-06-08 00:11:07 - [MESSAGE][PASSED] - Delayed 1 second(s)

2018-06-08 00:11:07 - [TEST_STEP][PASSED] - verifyElementText: Actual text and expected text of test object 'Object Repository/CompetencyTraining/Validate_FieldSalesCoachingScreen' are matched.

2018-06-08 00:11:08 - [MESSAGE][PASSED] - Actual text and expected text of test object 'Object Repository/CompetencyTraining/Validate_FieldSalesCoachingScreen' are matched.

2018-06-08 00:11:08 - [TEST_STEP][PASSED] - delay: Delayed 1 second(s)

2018-06-08 00:11:09 - [MESSAGE][PASSED] - Delayed 1 second(s)

2018-06-08 00:11:09 - [TEST_STEP][PASSED] - tap: Tapped on element 'Object Repository/CompetencyTraining/FieldSalesCoachingTakePicture_ImageView'

2018-06-08 00:11:09 - [MESSAGE][WARNING] - Timeout '0' is invalid. Using default page load timeout: '30'

2018-06-08 00:11:11 - [MESSAGE][PASSED] - Tapped on element 'Object Repository/CompetencyTraining/FieldSalesCoachingTakePicture_ImageView'

2018-06-08 00:11:11 - [TEST_STEP][PASSED] - delay: Delayed 1 second(s)

2018-06-08 00:11:12 - [MESSAGE][PASSED] - Delayed 1 second(s)

2018-06-08 00:11:12 - [TEST_STEP][PASSED] - verifyElementExist: Element 'Object Repository/CommonElements/Validate_CameraScreen' is exist

2018-06-08 00:11:12 - [MESSAGE][WARNING] - Timeout '0' is invalid. Using default page load timeout: '30'

2018-06-08 00:11:12 - [MESSAGE][PASSED] - Element 'Object Repository/CommonElements/Validate_CameraScreen' is exist

2018-06-08 00:11:12 - [TEST_STEP][PASSED] - delay: Delayed 1 second(s)

2018-06-08 00:11:13 - [MESSAGE][PASSED] - Delayed 1 second(s)

2018-06-08 00:11:13 - [TEST_STEP][PASSED] - tap: Tapped on element 'Object Repository/CommonElements/TakePhotoButton'

2018-06-08 00:11:13 - [MESSAGE][WARNING] - Timeout '0' is invalid. Using default page load timeout: '30'

2018-06-08 00:11:17 - [MESSAGE][PASSED] - Tapped on element 'Object Repository/CommonElements/TakePhotoButton'

2018-06-08 00:11:17 - [TEST_STEP][PASSED] - delay: Delayed 5 second(s)

2018-06-08 00:11:22 - [MESSAGE][PASSED] - Delayed 5 second(s)

2018-06-08 00:11:22 - [TEST_STEP][PASSED] - tap: Tapped on element 'Object Repository/CommonElements/DoneButton'

2018-06-08 00:11:22 - [MESSAGE][WARNING] - Timeout '0' is invalid. Using default page load timeout: '30'

2018-06-08 00:11:24 - [MESSAGE][PASSED] - Tapped on element 'Object Repository/CommonElements/DoneButton'

2018-06-08 00:11:24 - [TEST_STEP][PASSED] - delay: Delayed 1 second(s)

2018-06-08 00:11:25 - [MESSAGE][PASSED] - Delayed 1 second(s)

2018-06-08 00:11:25 - [TEST_STEP][PASSED] - verifyElementText: Actual text and expected text of test object 'Object Repository/CompetencyTraining/Validate_FieldSalesCoachingScreen' are matched.

2018-06-08 00:11:25 - [MESSAGE][PASSED] - Actual text and expected text of test object 'Object Repository/CompetencyTraining/Validate_FieldSalesCoachingScreen' are matched.

2018-06-08 00:11:25 - [TEST_STEP][PASSED] - delay: Delayed 1 second(s)

2018-06-08 00:11:26 - [MESSAGE][PASSED] - Delayed 1 second(s)

2018-06-08 00:11:26 - [TEST_STEP][PASSED] - pressBack: Press back button successfully

2018-06-08 00:11:27 - [MESSAGE][PASSED] - Press back button successfully

2018-06-08 00:11:27 - [TEST_STEP][PASSED] - delay: Delayed 1 second(s)

2018-06-08 00:11:28 - [MESSAGE][PASSED] - Delayed 1 second(s)

2018-06-08 00:11:28 - [TEST_STEP][PASSED] - verifyElementText: Actual text and expected text of test object 'Object Repository/CompetencyTraining/Validate_TrainingStepsScreen' are matched.

2018-06-08 00:11:28 - [MESSAGE][PASSED] - Actual text and expected text of test object 'Object Repository/CompetencyTraining/Validate_TrainingStepsScreen' are matched.

2018-06-08 00:11:28 - [TEST_STEP][PASSED] - delay: Delayed 1 second(s)

2018-06-08 00:11:29 - [MESSAGE][PASSED] - Delayed 1 second(s)

2018-06-08 00:11:29 - [TEST_STEP][PASSED] - tap: Tapped on element 'Object Repository/CompetencyTraining/CapturingPictureOfSuccess'

2018-06-08 00:11:29 - [MESSAGE][WARNING] - Timeout '0' is invalid. Using default page load timeout: '30'

2018-06-08 00:11:30 - [MESSAGE][PASSED] - Tapped on element 'Object Repository/CompetencyTraining/CapturingPictureOfSuccess'

2018-06-08 00:11:30 - [TEST_STEP][PASSED] - delay: Delayed 1 second(s)

2018-06-08 00:11:31 - [MESSAGE][PASSED] - Delayed 1 second(s)

2018-06-08 00:11:31 - [TEST_STEP][PASSED] - verifyElementExist: Element 'Object Repository/CompetencyTraining/Validate_PictureOfSuccessDetailScreen' is exist

2018-06-08 00:11:31 - [MESSAGE][WARNING] - Timeout '0' is invalid. Using default page load timeout: '30'

2018-06-08 00:11:32 - [MESSAGE][PASSED] - Element 'Object Repository/CompetencyTraining/Validate_PictureOfSuccessDetailScreen' is exist

2018-06-08 00:11:32 - [TEST_STEP][PASSED] - delay: Delayed 1 second(s)

2018-06-08 00:11:33 - [MESSAGE][PASSED] - Delayed 1 second(s)

2018-06-08 00:11:33 - [TEST_STEP][PASSED] - customkeywordscollection.CustomKeywords.takePictureOfSuccess: customkeywordscollection.CustomKeywords.takePictureOfSuccess is PASSED

2018-06-08 00:11:36 - [MESSAGE][PASSED] - Delayed 1 second(s)

2018-06-08 00:11:36 - [MESSAGE][WARNING] - Timeout '0' is invalid. Using default page load timeout: '30'

2018-06-08 00:11:36 - [MESSAGE][PASSED] - Element 'Object Repository/CommonElements/Validate_CameraScreen' is exist

2018-06-08 00:11:37 - [MESSAGE][PASSED] - Delayed 1 second(s)

2018-06-08 00:11:37 - [MESSAGE][WARNING] - Timeout '0' is invalid. Using default page load timeout: '30'

2018-06-08 00:11:41 - [MESSAGE][PASSED] - Tapped on element 'Object Repository/CommonElements/TakePhotoButton'

2018-06-08 00:11:46 - [MESSAGE][PASSED] - Delayed 5 second(s)

2018-06-08 00:11:46 - [MESSAGE][WARNING] - Timeout '0' is invalid. Using default page load timeout: '30'

2018-06-08 00:11:47 - [MESSAGE][PASSED] - Tapped on element 'Object Repository/CommonElements/DoneButton'

2018-06-08 00:11:48 - [MESSAGE][PASSED] - Delayed 1 second(s)

2018-06-08 00:11:54 - [MESSAGE][PASSED] - Delayed 1 second(s)

2018-06-08 00:11:54 - [MESSAGE][WARNING] - Timeout '0' is invalid. Using default page load timeout: '30'

2018-06-08 00:11:54 - [MESSAGE][PASSED] - Element 'Object Repository/CommonElements/Validate_CameraScreen' is exist

2018-06-08 00:11:55 - [MESSAGE][PASSED] - Delayed 1 second(s)

2018-06-08 00:11:55 - [MESSAGE][WARNING] - Timeout '0' is invalid. Using default page load timeout: '30'

2018-06-08 00:11:59 - [MESSAGE][PASSED] - Tapped on element 'Object Repository/CommonElements/TakePhotoButton'

2018-06-08 00:12:04 - [MESSAGE][PASSED] - Delayed 5 second(s)

2018-06-08 00:12:04 - [MESSAGE][WARNING] - Timeout '0' is invalid. Using default page load timeout: '30'

2018-06-08 00:12:05 - [MESSAGE][PASSED] - Tapped on element 'Object Repository/CommonElements/DoneButton'

2018-06-08 00:12:06 - [MESSAGE][PASSED] - Delayed 1 second(s)

2018-06-08 00:12:08 - [MESSAGE][PASSED] - customkeywordscollection.CustomKeywords.takePictureOfSuccess is PASSED

2018-06-08 00:12:08 - [TEST_STEP][PASSED] - pressBack: Press back button successfully

2018-06-08 00:12:08 - [MESSAGE][PASSED] - Press back button successfully

2018-06-08 00:12:08 - [TEST_STEP][PASSED] - delay: Delayed 1 second(s)

2018-06-08 00:12:09 - [MESSAGE][PASSED] - Delayed 1 second(s)

2018-06-08 00:12:09 - [TEST_STEP][PASSED] - verifyElementText: Actual text and expected text of test object 'Object Repository/CompetencyTraining/Validate_TrainingStepsScreen' are matched.

2018-06-08 00:12:10 - [MESSAGE][PASSED] - Actual text and expected text of test object 'Object Repository/CompetencyTraining/Validate_TrainingStepsScreen' are matched.

2018-06-08 00:12:10 - [TEST_STEP][PASSED] - delay: Delayed 1 second(s)

2018-06-08 00:12:11 - [MESSAGE][PASSED] - Delayed 1 second(s)

2018-06-08 00:12:11 - [TEST_STEP][PASSED] - tap: Tapped on element 'Object Repository/CompetencyTraining/MarketIntelligence'

2018-06-08 00:12:11 - [MESSAGE][WARNING] - Timeout '0' is invalid. Using default page load timeout: '30'

2018-06-08 00:12:11 - [MESSAGE][PASSED] - Tapped on element 'Object Repository/CompetencyTraining/MarketIntelligence'

2018-06-08 00:12:11 - [TEST_STEP][PASSED] - delay: Delayed 1 second(s)

2018-06-08 00:12:12 - [MESSAGE][PASSED] - Delayed 1 second(s)

2018-06-08 00:12:12 - [TEST_STEP][PASSED] - verifyElementText: Actual text and expected text of test object 'Object Repository/CompetencyTraining/Validate_MarketIntelligenceScreen' are matched.

2018-06-08 00:12:13 - [MESSAGE][PASSED] - Actual text and expected text of test object 'Object Repository/CompetencyTraining/Validate_MarketIntelligenceScreen' are matched.

2018-06-08 00:12:13 - [TEST_STEP][PASSED] - delay: Delayed 1 second(s)

2018-06-08 00:12:14 - [MESSAGE][PASSED] - Delayed 1 second(s)

2018-06-08 00:12:14 - [TEST_STEP][PASSED] - tap: Tapped on element 'Object Repository/CompetencyTraining/MarketIntelligenceTakePicture_ImageView'

2018-06-08 00:12:14 - [MESSAGE][WARNING] - Timeout '0' is invalid. Using default page load timeout: '30'

2018-06-08 00:12:16 - [MESSAGE][PASSED] - Tapped on element 'Object Repository/CompetencyTraining/MarketIntelligenceTakePicture_ImageView'

2018-06-08 00:12:16 - [TEST_STEP][PASSED] - delay: Delayed 1 second(s)

2018-06-08 00:12:17 - [MESSAGE][PASSED] - Delayed 1 second(s)

2018-06-08 00:12:17 - [TEST_STEP][PASSED] - verifyElementExist: Element 'Object Repository/CommonElements/Validate_CameraScreen' is exist

2018-06-08 00:12:17 - [MESSAGE][WARNING] - Timeout '0' is invalid. Using default page load timeout: '30'

2018-06-08 00:12:17 - [MESSAGE][PASSED] - Element 'Object Repository/CommonElements/Validate_CameraScreen' is exist

2018-06-08 00:12:17 - [TEST_STEP][PASSED] - delay: Delayed 1 second(s)

2018-06-08 00:12:18 - [MESSAGE][PASSED] - Delayed 1 second(s)

2018-06-08 00:12:18 - [TEST_STEP][PASSED] - tap: Tapped on element 'Object Repository/CommonElements/TakePhotoButton'

2018-06-08 00:12:18 - [MESSAGE][WARNING] - Timeout '0' is invalid. Using default page load timeout: '30'

2018-06-08 00:12:21 - [MESSAGE][PASSED] - Tapped on element 'Object Repository/CommonElements/TakePhotoButton'

2018-06-08 00:12:21 - [TEST_STEP][PASSED] - delay: Delayed 5 second(s)

2018-06-08 00:12:26 - [MESSAGE][PASSED] - Delayed 5 second(s)

2018-06-08 00:12:26 - [TEST_STEP][PASSED] - tap: Tapped on element 'Object Repository/CommonElements/DoneButton'

2018-06-08 00:12:27 - [MESSAGE][WARNING] - Timeout '0' is invalid. Using default page load timeout: '30'

2018-06-08 00:12:28 - [MESSAGE][PASSED] - Tapped on element 'Object Repository/CommonElements/DoneButton'

2018-06-08 00:12:28 - [TEST_STEP][PASSED] - delay: Delayed 1 second(s)

2018-06-08 00:12:29 - [MESSAGE][PASSED] - Delayed 1 second(s)

2018-06-08 00:12:29 - [TEST_STEP][PASSED] - verifyElementText: Actual text and expected text of test object 'Object Repository/CompetencyTraining/Validate_MarketIntelligenceScreen' are matched.

2018-06-08 00:12:29 - [MESSAGE][PASSED] - Actual text and expected text of test object 'Object Repository/CompetencyTraining/Validate_MarketIntelligenceScreen' are matched.

2018-06-08 00:12:29 - [TEST_STEP][PASSED] - delay: Delayed 1 second(s)

2018-06-08 00:12:30 - [MESSAGE][PASSED] - Delayed 1 second(s)

2018-06-08 00:12:30 - [TEST_STEP][PASSED] - pressBack: Press back button successfully

2018-06-08 00:12:31 - [MESSAGE][PASSED] - Press back button successfully

2018-06-08 00:12:31 - [TEST_STEP][PASSED] - delay: Delayed 1 second(s)

2018-06-08 00:12:32 - [MESSAGE][PASSED] - Delayed 1 second(s)

2018-06-08 00:12:32 - [TEST_STEP][PASSED] - verifyElementText: Actual text and expected text of test object 'Object Repository/CompetencyTraining/Validate_TrainingStepsScreen' are matched.

2018-06-08 00:12:32 - [MESSAGE][PASSED] - Actual text and expected text of test object 'Object Repository/CompetencyTraining/Validate_TrainingStepsScreen' are matched.

2018-06-08 00:12:32 - [TEST_STEP][PASSED] - delay: Delayed 1 second(s)

2018-06-08 00:12:33 - [MESSAGE][PASSED] - Delayed 1 second(s)

2018-06-08 00:12:33 - [TEST_STEP][PASSED] - tap: Tapped on element 'Object Repository/CompetencyTraining/Remarks'

2018-06-08 00:12:33 - [MESSAGE][WARNING] - Timeout '0' is invalid. Using default page load timeout: '30'

2018-06-08 00:12:34 - [MESSAGE][PASSED] - Tapped on element 'Object Repository/CompetencyTraining/Remarks'

2018-06-08 00:12:34 - [TEST_STEP][PASSED] - delay: Delayed 1 second(s)

2018-06-08 00:12:35 - [MESSAGE][PASSED] - Delayed 1 second(s)

2018-06-08 00:12:35 - [TEST_STEP][PASSED] - verifyElementText: Actual text and expected text of test object 'Object Repository/CompetencyTraining/Validate_RemarksScreen' are matched.

2018-06-08 00:12:35 - [MESSAGE][PASSED] - Actual text and expected text of test object 'Object Repository/CompetencyTraining/Validate_RemarksScreen' are matched.

2018-06-08 00:12:35 - [TEST_STEP][PASSED] - delay: Delayed 1 second(s)

2018-06-08 00:12:36 - [MESSAGE][PASSED] - Delayed 1 second(s)

2018-06-08 00:12:36 - [TEST_STEP][PASSED] - setText: Text 'Overwrite Remarks' has been set to element 'Object Repository/CompetencyTraining/Remarks_TextContainer'

2018-06-08 00:12:36 - [MESSAGE][WARNING] - Timeout '0' is invalid. Using default page load timeout: '30'

2018-06-08 00:12:43 - [MESSAGE][PASSED] - Text 'Overwrite Remarks' has been set to element 'Object Repository/CompetencyTraining/Remarks_TextContainer'

2018-06-08 00:12:43 - [TEST_STEP][PASSED] - hideKeyboard: Keyboard is hidden

2018-06-08 00:12:45 - [MESSAGE][PASSED] - Keyboard is hidden

2018-06-08 00:12:45 - [TEST_STEP][PASSED] - delay: Delayed 1 second(s)

2018-06-08 00:12:46 - [MESSAGE][PASSED] - Delayed 1 second(s)

2018-06-08 00:12:46 - [TEST_STEP][PASSED] - tap: Tapped on element 'Object Repository/CompetencyTraining/SubmitRemarksButton'

2018-06-08 00:12:46 - [MESSAGE][WARNING] - Timeout '0' is invalid. Using default page load timeout: '30'

2018-06-08 00:12:47 - [MESSAGE][PASSED] - Tapped on element 'Object Repository/CompetencyTraining/SubmitRemarksButton'

2018-06-08 00:12:47 - [TEST_STEP][PASSED] - delay: Delayed 1 second(s)

2018-06-08 00:12:48 - [MESSAGE][PASSED] - Delayed 1 second(s)

2018-06-08 00:12:48 - [TEST_STEP][PASSED] - verifyElementExist: Element 'Object Repository/CommonElements/Validate_InfoPopUp' is exist

2018-06-08 00:12:48 - [MESSAGE][WARNING] - Timeout '0' is invalid. Using default page load timeout: '30'

2018-06-08 00:12:48 - [MESSAGE][PASSED] - Element 'Object Repository/CommonElements/Validate_InfoPopUp' is exist

2018-06-08 00:12:48 - [TEST_STEP][PASSED] - delay: Delayed 1 second(s)

2018-06-08 00:12:49 - [MESSAGE][PASSED] - Delayed 1 second(s)

2018-06-08 00:12:49 - [TEST_STEP][PASSED] - tap: Tapped on element 'Object Repository/CommonElements/InfoPopUp_OKButton'

2018-06-08 00:12:49 - [MESSAGE][WARNING] - Timeout '0' is invalid. Using default page load timeout: '30'

2018-06-08 00:12:49 - [MESSAGE][PASSED] - Tapped on element 'Object Repository/CommonElements/InfoPopUp_OKButton'

2018-06-08 00:12:49 - [TEST_STEP][PASSED] - delay: Delayed 1 second(s)

2018-06-08 00:12:50 - [MESSAGE][PASSED] - Delayed 1 second(s)]]></system-out>
         <system-err><![CDATA[]]></system-err>
      </testcase>
      <testcase name="Test Cases/CompetencyTraining/SaveTrainingWithoutOverwriting" classname="Test Cases/CompetencyTraining/SaveTrainingWithoutOverwriting" status="PASSED">
         <system-out><![CDATA[2018-06-08 00:12:50 - [TEST_CASE][PASSED] - Test Cases/CompetencyTraining/SaveTrainingWithoutOverwriting: Test Cases/CompetencyTraining/SaveTrainingWithoutOverwriting

2018-06-08 00:12:50 - [TEST_STEP][PASSED] - verifyElementText: Actual text and expected text of test object 'Object Repository/CompetencyTraining/Validate_TrainingStepsScreen' are matched.

2018-06-08 00:12:51 - [MESSAGE][PASSED] - Actual text and expected text of test object 'Object Repository/CompetencyTraining/Validate_TrainingStepsScreen' are matched.

2018-06-08 00:12:51 - [TEST_STEP][PASSED] - delay: Delayed 1 second(s)

2018-06-08 00:12:52 - [MESSAGE][PASSED] - Delayed 1 second(s)

2018-06-08 00:12:52 - [TEST_STEP][PASSED] - tap: Tapped on element 'Object Repository/CompetencyTraining/SaveTrainingButton'

2018-06-08 00:12:52 - [MESSAGE][WARNING] - Timeout '0' is invalid. Using default page load timeout: '30'

2018-06-08 00:12:53 - [MESSAGE][PASSED] - Tapped on element 'Object Repository/CompetencyTraining/SaveTrainingButton'

2018-06-08 00:12:53 - [TEST_STEP][PASSED] - delay: Delayed 1 second(s)

2018-06-08 00:12:54 - [MESSAGE][PASSED] - Delayed 1 second(s)

2018-06-08 00:12:54 - [TEST_STEP][PASSED] - verifyElementExist: Element 'Object Repository/CompetencyTraining/Validate_SavedShopScreen' is exist

2018-06-08 00:12:54 - [MESSAGE][WARNING] - Timeout '0' is invalid. Using default page load timeout: '30'

2018-06-08 00:12:54 - [MESSAGE][PASSED] - Element 'Object Repository/CompetencyTraining/Validate_SavedShopScreen' is exist

2018-06-08 00:12:54 - [TEST_STEP][PASSED] - delay: Delayed 1 second(s)

2018-06-08 00:12:55 - [MESSAGE][PASSED] - Delayed 1 second(s)

2018-06-08 00:12:55 - [TEST_STEP][PASSED] - tap: Tapped on element 'Object Repository/CompetencyTraining/SavedShop_BackButton'

2018-06-08 00:12:55 - [MESSAGE][WARNING] - Timeout '0' is invalid. Using default page load timeout: '30'

2018-06-08 00:12:56 - [MESSAGE][PASSED] - Tapped on element 'Object Repository/CompetencyTraining/SavedShop_BackButton'

2018-06-08 00:12:56 - [TEST_STEP][PASSED] - delay: Delayed 1 second(s)

2018-06-08 00:12:57 - [MESSAGE][PASSED] - Delayed 1 second(s)

2018-06-08 00:12:57 - [TEST_STEP][PASSED] - verifyElementText: Actual text and expected text of test object 'Object Repository/CompetencyTraining/Validate_ShopsListScreen' are matched.

2018-06-08 00:12:57 - [MESSAGE][PASSED] - Actual text and expected text of test object 'Object Repository/CompetencyTraining/Validate_ShopsListScreen' are matched.

2018-06-08 00:12:57 - [TEST_STEP][PASSED] - delay: Delayed 1 second(s)

2018-06-08 00:12:58 - [MESSAGE][PASSED] - Delayed 1 second(s)]]></system-out>
         <system-err><![CDATA[]]></system-err>
      </testcase>
      <testcase name="Test Cases/CompetencyTraining/BackToMainScreen" classname="Test Cases/CompetencyTraining/BackToMainScreen" status="PASSED">
         <system-out><![CDATA[2018-06-08 00:12:58 - [TEST_CASE][PASSED] - Test Cases/CompetencyTraining/BackToMainScreen: Test Cases/CompetencyTraining/BackToMainScreen

2018-06-08 00:12:58 - [TEST_STEP][PASSED] - verifyElementText: Actual text and expected text of test object 'Object Repository/CompetencyTraining/Validate_ShopsListScreen' are matched.

2018-06-08 00:12:59 - [MESSAGE][PASSED] - Actual text and expected text of test object 'Object Repository/CompetencyTraining/Validate_ShopsListScreen' are matched.

2018-06-08 00:12:59 - [TEST_STEP][PASSED] - delay: Delayed 1 second(s)

2018-06-08 00:13:00 - [MESSAGE][PASSED] - Delayed 1 second(s)

2018-06-08 00:13:00 - [TEST_STEP][PASSED] - tap: Tapped on element 'Object Repository/CompetencyTraining/ShopsList_BackButton'

2018-06-08 00:13:00 - [MESSAGE][WARNING] - Timeout '0' is invalid. Using default page load timeout: '30'

2018-06-08 00:13:00 - [MESSAGE][PASSED] - Tapped on element 'Object Repository/CompetencyTraining/ShopsList_BackButton'

2018-06-08 00:13:00 - [TEST_STEP][PASSED] - delay: Delayed 1 second(s)

2018-06-08 00:13:01 - [MESSAGE][PASSED] - Delayed 1 second(s)

2018-06-08 00:13:01 - [TEST_STEP][PASSED] - verifyElementText: Actual text and expected text of test object 'Object Repository/CompetencyTraining/Validate_ProgramsScreen' are matched.

2018-06-08 00:13:01 - [MESSAGE][PASSED] - Actual text and expected text of test object 'Object Repository/CompetencyTraining/Validate_ProgramsScreen' are matched.

2018-06-08 00:13:01 - [TEST_STEP][PASSED] - delay: Delayed 1 second(s)

2018-06-08 00:13:02 - [MESSAGE][PASSED] - Delayed 1 second(s)

2018-06-08 00:13:02 - [TEST_STEP][PASSED] - tap: Tapped on element 'Object Repository/CompetencyTraining/Programs_BackButton'

2018-06-08 00:13:02 - [MESSAGE][WARNING] - Timeout '0' is invalid. Using default page load timeout: '30'

2018-06-08 00:13:03 - [MESSAGE][PASSED] - Tapped on element 'Object Repository/CompetencyTraining/Programs_BackButton'

2018-06-08 00:13:03 - [TEST_STEP][PASSED] - delay: Delayed 1 second(s)

2018-06-08 00:13:04 - [MESSAGE][PASSED] - Delayed 1 second(s)

2018-06-08 00:13:04 - [TEST_STEP][PASSED] - verifyElementText: Actual text and expected text of test object 'Object Repository/CompetencyTraining/Validate_DSFScreen' are matched.

2018-06-08 00:13:04 - [MESSAGE][PASSED] - Actual text and expected text of test object 'Object Repository/CompetencyTraining/Validate_DSFScreen' are matched.

2018-06-08 00:13:04 - [TEST_STEP][PASSED] - delay: Delayed 1 second(s)

2018-06-08 00:13:05 - [MESSAGE][PASSED] - Delayed 1 second(s)

2018-06-08 00:13:05 - [TEST_STEP][PASSED] - tap: Tapped on element 'Object Repository/CompetencyTraining/DSF_BackButton'

2018-06-08 00:13:05 - [MESSAGE][WARNING] - Timeout '0' is invalid. Using default page load timeout: '30'

2018-06-08 00:13:06 - [MESSAGE][PASSED] - Tapped on element 'Object Repository/CompetencyTraining/DSF_BackButton'

2018-06-08 00:13:06 - [TEST_STEP][PASSED] - delay: Delayed 1 second(s)

2018-06-08 00:13:07 - [MESSAGE][PASSED] - Delayed 1 second(s)

2018-06-08 00:13:07 - [TEST_STEP][PASSED] - verifyElementExist: Element 'Object Repository/CompetencyTraining/Validate_DistributionProductScreen' is exist

2018-06-08 00:13:07 - [MESSAGE][WARNING] - Timeout '0' is invalid. Using default page load timeout: '30'

2018-06-08 00:13:07 - [MESSAGE][PASSED] - Element 'Object Repository/CompetencyTraining/Validate_DistributionProductScreen' is exist

2018-06-08 00:13:07 - [TEST_STEP][PASSED] - delay: Delayed 1 second(s)

2018-06-08 00:13:08 - [MESSAGE][PASSED] - Delayed 1 second(s)

2018-06-08 00:13:08 - [TEST_STEP][PASSED] - tap: Tapped on element 'Object Repository/CompetencyTraining/DistributionProduct_BackButton'

2018-06-08 00:13:08 - [MESSAGE][WARNING] - Timeout '0' is invalid. Using default page load timeout: '30'

2018-06-08 00:13:11 - [MESSAGE][PASSED] - Tapped on element 'Object Repository/CompetencyTraining/DistributionProduct_BackButton'

2018-06-08 00:13:11 - [TEST_STEP][PASSED] - delay: Delayed 1 second(s)

2018-06-08 00:13:12 - [MESSAGE][PASSED] - Delayed 1 second(s)

2018-06-08 00:13:12 - [TEST_STEP][PASSED] - verifyElementExist: Element 'Object Repository/MainScreenEelements/Validate_ApplicationMainScreen' is exist

2018-06-08 00:13:12 - [MESSAGE][WARNING] - Timeout '0' is invalid. Using default page load timeout: '30'

2018-06-08 00:13:12 - [MESSAGE][PASSED] - Element 'Object Repository/MainScreenEelements/Validate_ApplicationMainScreen' is exist

2018-06-08 00:13:12 - [TEST_STEP][PASSED] - delay: Delayed 1 second(s)

2018-06-08 00:13:13 - [MESSAGE][PASSED] - Delayed 1 second(s)]]></system-out>
         <system-err><![CDATA[]]></system-err>
      </testcase>
      <testcase name="Test Cases/MarketVisit/VisitMarketVisit" classname="Test Cases/MarketVisit/VisitMarketVisit" status="PASSED">
         <system-out><![CDATA[2018-06-08 00:13:13 - [TEST_CASE][PASSED] - Test Cases/MarketVisit/VisitMarketVisit: Test Cases/MarketVisit/VisitMarketVisit

2018-06-08 00:13:13 - [TEST_STEP][PASSED] - verifyElementExist: Element 'Object Repository/MainScreenEelements/Validate_ApplicationMainScreen' is exist

2018-06-08 00:13:13 - [MESSAGE][WARNING] - Timeout '0' is invalid. Using default page load timeout: '30'

2018-06-08 00:13:13 - [MESSAGE][PASSED] - Element 'Object Repository/MainScreenEelements/Validate_ApplicationMainScreen' is exist

2018-06-08 00:13:13 - [TEST_STEP][PASSED] - delay: Delayed 1 second(s)

2018-06-08 00:13:14 - [MESSAGE][PASSED] - Delayed 1 second(s)

2018-06-08 00:13:14 - [TEST_STEP][PASSED] - tap: Tapped on element 'Object Repository/MainScreenEelements/MarketVisit'

2018-06-08 00:13:14 - [MESSAGE][WARNING] - Timeout '0' is invalid. Using default page load timeout: '30'

2018-06-08 00:13:16 - [MESSAGE][PASSED] - Tapped on element 'Object Repository/MainScreenEelements/MarketVisit'

2018-06-08 00:13:16 - [TEST_STEP][PASSED] - delay: Delayed 1 second(s)

2018-06-08 00:13:17 - [MESSAGE][PASSED] - Delayed 1 second(s)

2018-06-08 00:13:17 - [TEST_STEP][PASSED] - verifyElementText: Actual text and expected text of test object 'Object Repository/MarketVisiting/Validate_ProgramsScreen' are matched.

2018-06-08 00:13:17 - [MESSAGE][PASSED] - Actual text and expected text of test object 'Object Repository/MarketVisiting/Validate_ProgramsScreen' are matched.

2018-06-08 00:13:17 - [TEST_STEP][PASSED] - delay: Delayed 1 second(s)

2018-06-08 00:13:18 - [MESSAGE][PASSED] - Delayed 1 second(s)

2018-06-08 00:13:18 - [TEST_STEP][PASSED] - tap: Tapped on element 'Object Repository/MarketVisiting/Program'

2018-06-08 00:13:18 - [MESSAGE][WARNING] - Timeout '0' is invalid. Using default page load timeout: '30'

2018-06-08 00:13:20 - [MESSAGE][PASSED] - Tapped on element 'Object Repository/MarketVisiting/Program'

2018-06-08 00:13:20 - [TEST_STEP][PASSED] - delay: Delayed 1 second(s)

2018-06-08 00:13:21 - [MESSAGE][PASSED] - Delayed 1 second(s)]]></system-out>
         <system-err><![CDATA[]]></system-err>
      </testcase>
      <testcase name="Test Cases/MarketVisit/VisitShop_1" classname="Test Cases/MarketVisit/VisitShop_1" status="PASSED">
         <system-out><![CDATA[2018-06-08 00:13:21 - [TEST_CASE][PASSED] - Test Cases/MarketVisit/VisitShop_1: Test Cases/MarketVisit/VisitShop_1

2018-06-08 00:13:21 - [TEST_STEP][PASSED] - verifyElementExist: Element 'Object Repository/MarketVisiting/Validate_ShopListScreen' is exist

2018-06-08 00:13:21 - [MESSAGE][WARNING] - Timeout '0' is invalid. Using default page load timeout: '30'

2018-06-08 00:13:21 - [MESSAGE][PASSED] - Element 'Object Repository/MarketVisiting/Validate_ShopListScreen' is exist

2018-06-08 00:13:21 - [TEST_STEP][PASSED] - delay: Delayed 1 second(s)

2018-06-08 00:13:22 - [MESSAGE][PASSED] - Delayed 1 second(s)

2018-06-08 00:13:22 - [TEST_STEP][PASSED] - customkeywordscollection.CustomKeywords.selectShopForMarketVisit: customkeywordscollection.CustomKeywords.selectShopForMarketVisit is PASSED

2018-06-08 00:13:24 - [MESSAGE][PASSED] - Delayed 1 second(s)

2018-06-08 00:13:24 - [MESSAGE][PASSED] - customkeywordscollection.CustomKeywords.selectShopForMarketVisit is PASSED]]></system-out>
         <system-err><![CDATA[]]></system-err>
      </testcase>
      <testcase name="Test Cases/MarketVisit/VisitTraining" classname="Test Cases/MarketVisit/VisitTraining" status="PASSED">
         <system-out><![CDATA[2018-06-08 00:13:24 - [TEST_CASE][PASSED] - Test Cases/MarketVisit/VisitTraining: Test Cases/MarketVisit/VisitTraining

2018-06-08 00:13:25 - [TEST_STEP][PASSED] - verifyElementText: Actual text and expected text of test object 'Object Repository/MarketVisiting/Validate_TrainingStepsScreen' are matched.

2018-06-08 00:13:25 - [MESSAGE][PASSED] - Actual text and expected text of test object 'Object Repository/MarketVisiting/Validate_TrainingStepsScreen' are matched.

2018-06-08 00:13:25 - [TEST_STEP][PASSED] - delay: Delayed 1 second(s)

2018-06-08 00:13:26 - [MESSAGE][PASSED] - Delayed 1 second(s)

2018-06-08 00:13:26 - [TEST_STEP][PASSED] - tap: Tapped on element 'Object Repository/MarketVisiting/POSAssessment'

2018-06-08 00:13:26 - [MESSAGE][WARNING] - Timeout '0' is invalid. Using default page load timeout: '30'

2018-06-08 00:13:26 - [MESSAGE][PASSED] - Tapped on element 'Object Repository/MarketVisiting/POSAssessment'

2018-06-08 00:13:26 - [TEST_STEP][PASSED] - delay: Delayed 1 second(s)

2018-06-08 00:13:27 - [MESSAGE][PASSED] - Delayed 1 second(s)

2018-06-08 00:13:27 - [TEST_STEP][PASSED] - verifyElementExist: Element 'Object Repository/MarketVisiting/Validate_POSAssessmentPopUp' is exist

2018-06-08 00:13:27 - [MESSAGE][WARNING] - Timeout '0' is invalid. Using default page load timeout: '30'

2018-06-08 00:13:28 - [MESSAGE][PASSED] - Element 'Object Repository/MarketVisiting/Validate_POSAssessmentPopUp' is exist

2018-06-08 00:13:28 - [TEST_STEP][PASSED] - delay: Delayed 1 second(s)

2018-06-08 00:13:29 - [MESSAGE][PASSED] - Delayed 1 second(s)

2018-06-08 00:13:29 - [TEST_STEP][PASSED] - tap: Tapped on element 'Object Repository/MarketVisiting/NeedImprovement'

2018-06-08 00:13:29 - [MESSAGE][WARNING] - Timeout '0' is invalid. Using default page load timeout: '30'

2018-06-08 00:13:29 - [MESSAGE][PASSED] - Tapped on element 'Object Repository/MarketVisiting/NeedImprovement'

2018-06-08 00:13:29 - [TEST_STEP][PASSED] - delay: Delayed 1 second(s)

2018-06-08 00:13:30 - [MESSAGE][PASSED] - Delayed 1 second(s)

2018-06-08 00:13:30 - [TEST_STEP][PASSED] - tap: Tapped on element 'Object Repository/MarketVisiting/JuicesInsight'

2018-06-08 00:13:30 - [MESSAGE][WARNING] - Timeout '0' is invalid. Using default page load timeout: '30'

2018-06-08 00:13:31 - [MESSAGE][PASSED] - Tapped on element 'Object Repository/MarketVisiting/JuicesInsight'

2018-06-08 00:13:31 - [TEST_STEP][PASSED] - delay: Delayed 1 second(s)

2018-06-08 00:13:32 - [MESSAGE][PASSED] - Delayed 1 second(s)

2018-06-08 00:13:32 - [TEST_STEP][PASSED] - verifyElementText: Actual text and expected text of test object 'Object Repository/MarketVisiting/Validate_RemarksScreen' are matched.

2018-06-08 00:13:32 - [MESSAGE][PASSED] - Actual text and expected text of test object 'Object Repository/MarketVisiting/Validate_RemarksScreen' are matched.

2018-06-08 00:13:32 - [TEST_STEP][PASSED] - delay: Delayed 1 second(s)

2018-06-08 00:13:33 - [MESSAGE][PASSED] - Delayed 1 second(s)

2018-06-08 00:13:33 - [TEST_STEP][PASSED] - tap: Tapped on element 'Object Repository/MarketVisiting/TakePictureButton'

2018-06-08 00:13:33 - [MESSAGE][WARNING] - Timeout '0' is invalid. Using default page load timeout: '30'

2018-06-08 00:13:35 - [MESSAGE][PASSED] - Tapped on element 'Object Repository/MarketVisiting/TakePictureButton'

2018-06-08 00:13:35 - [TEST_STEP][PASSED] - delay: Delayed 1 second(s)

2018-06-08 00:13:36 - [MESSAGE][PASSED] - Delayed 1 second(s)

2018-06-08 00:13:36 - [TEST_STEP][PASSED] - verifyElementExist: Element 'Object Repository/CommonElements/Validate_CameraScreen' is exist

2018-06-08 00:13:36 - [MESSAGE][WARNING] - Timeout '0' is invalid. Using default page load timeout: '30'

2018-06-08 00:13:37 - [MESSAGE][PASSED] - Element 'Object Repository/CommonElements/Validate_CameraScreen' is exist

2018-06-08 00:13:37 - [TEST_STEP][PASSED] - delay: Delayed 1 second(s)

2018-06-08 00:13:38 - [MESSAGE][PASSED] - Delayed 1 second(s)

2018-06-08 00:13:38 - [TEST_STEP][PASSED] - tap: Tapped on element 'Object Repository/CommonElements/TakePhotoButton'

2018-06-08 00:13:38 - [MESSAGE][WARNING] - Timeout '0' is invalid. Using default page load timeout: '30'

2018-06-08 00:13:41 - [MESSAGE][PASSED] - Tapped on element 'Object Repository/CommonElements/TakePhotoButton'

2018-06-08 00:13:41 - [TEST_STEP][PASSED] - delay: Delayed 5 second(s)

2018-06-08 00:13:46 - [MESSAGE][PASSED] - Delayed 5 second(s)

2018-06-08 00:13:46 - [TEST_STEP][PASSED] - tap: Tapped on element 'Object Repository/CommonElements/DoneButton'

2018-06-08 00:13:46 - [MESSAGE][WARNING] - Timeout '0' is invalid. Using default page load timeout: '30'

2018-06-08 00:13:49 - [MESSAGE][PASSED] - Tapped on element 'Object Repository/CommonElements/DoneButton'

2018-06-08 00:13:49 - [TEST_STEP][PASSED] - delay: Delayed 1 second(s)

2018-06-08 00:13:50 - [MESSAGE][PASSED] - Delayed 1 second(s)

2018-06-08 00:13:50 - [TEST_STEP][PASSED] - verifyElementText: Actual text and expected text of test object 'Object Repository/MarketVisiting/Validate_RemarksScreen' are matched.

2018-06-08 00:13:50 - [MESSAGE][PASSED] - Actual text and expected text of test object 'Object Repository/MarketVisiting/Validate_RemarksScreen' are matched.

2018-06-08 00:13:50 - [TEST_STEP][PASSED] - delay: Delayed 1 second(s)

2018-06-08 00:13:51 - [MESSAGE][PASSED] - Delayed 1 second(s)

2018-06-08 00:13:51 - [TEST_STEP][PASSED] - setText: Text 'Remarks' has been set to element 'Object Repository/MarketVisiting/RemarksTextArea'

2018-06-08 00:13:51 - [MESSAGE][WARNING] - Timeout '0' is invalid. Using default page load timeout: '30'

2018-06-08 00:14:06 - [MESSAGE][PASSED] - Text 'Remarks' has been set to element 'Object Repository/MarketVisiting/RemarksTextArea'

2018-06-08 00:14:06 - [TEST_STEP][PASSED] - delay: Delayed 1 second(s)

2018-06-08 00:14:07 - [MESSAGE][PASSED] - Delayed 1 second(s)

2018-06-08 00:14:07 - [TEST_STEP][PASSED] - hideKeyboard: Keyboard is hidden

2018-06-08 00:14:08 - [MESSAGE][PASSED] - Keyboard is hidden

2018-06-08 00:14:08 - [TEST_STEP][PASSED] - tap: Tapped on element 'Object Repository/MarketVisiting/SubmitButton'

2018-06-08 00:14:08 - [MESSAGE][WARNING] - Timeout '0' is invalid. Using default page load timeout: '30'

2018-06-08 00:14:09 - [MESSAGE][PASSED] - Tapped on element 'Object Repository/MarketVisiting/SubmitButton'

2018-06-08 00:14:09 - [TEST_STEP][PASSED] - delay: Delayed 1 second(s)

2018-06-08 00:14:10 - [MESSAGE][PASSED] - Delayed 1 second(s)

2018-06-08 00:14:10 - [TEST_STEP][PASSED] - verifyElementExist: Element 'Object Repository/CommonElements/Validate_InfoPopUp' is exist

2018-06-08 00:14:10 - [MESSAGE][WARNING] - Timeout '0' is invalid. Using default page load timeout: '30'

2018-06-08 00:14:10 - [MESSAGE][PASSED] - Element 'Object Repository/CommonElements/Validate_InfoPopUp' is exist

2018-06-08 00:14:10 - [TEST_STEP][PASSED] - delay: Delayed 1 second(s)

2018-06-08 00:14:11 - [MESSAGE][PASSED] - Delayed 1 second(s)

2018-06-08 00:14:11 - [TEST_STEP][PASSED] - tap: Tapped on element 'Object Repository/CommonElements/InfoPopUp_OKButton'

2018-06-08 00:14:11 - [MESSAGE][WARNING] - Timeout '0' is invalid. Using default page load timeout: '30'

2018-06-08 00:14:14 - [MESSAGE][PASSED] - Tapped on element 'Object Repository/CommonElements/InfoPopUp_OKButton'

2018-06-08 00:14:14 - [TEST_STEP][PASSED] - delay: Delayed 1 second(s)

2018-06-08 00:14:15 - [MESSAGE][PASSED] - Delayed 1 second(s)

2018-06-08 00:14:15 - [TEST_STEP][PASSED] - verifyElementText: Actual text and expected text of test object 'Object Repository/MarketVisiting/Validate_TrainingStepsScreen' are matched.

2018-06-08 00:14:16 - [MESSAGE][PASSED] - Actual text and expected text of test object 'Object Repository/MarketVisiting/Validate_TrainingStepsScreen' are matched.

2018-06-08 00:14:16 - [TEST_STEP][PASSED] - delay: Delayed 1 second(s)

2018-06-08 00:14:17 - [MESSAGE][PASSED] - Delayed 1 second(s)

2018-06-08 00:14:17 - [TEST_STEP][PASSED] - tap: Tapped on element 'Object Repository/MarketVisiting/PowderInsight'

2018-06-08 00:14:17 - [MESSAGE][WARNING] - Timeout '0' is invalid. Using default page load timeout: '30'

2018-06-08 00:14:17 - [MESSAGE][PASSED] - Tapped on element 'Object Repository/MarketVisiting/PowderInsight'

2018-06-08 00:14:17 - [TEST_STEP][PASSED] - delay: Delayed 1 second(s)

2018-06-08 00:14:18 - [MESSAGE][PASSED] - Delayed 1 second(s)

2018-06-08 00:14:18 - [TEST_STEP][PASSED] - verifyElementText: Actual text and expected text of test object 'Object Repository/MarketVisiting/Validate_RemarksScreen' are matched.

2018-06-08 00:14:19 - [MESSAGE][PASSED] - Actual text and expected text of test object 'Object Repository/MarketVisiting/Validate_RemarksScreen' are matched.

2018-06-08 00:14:19 - [TEST_STEP][PASSED] - delay: Delayed 1 second(s)

2018-06-08 00:14:20 - [MESSAGE][PASSED] - Delayed 1 second(s)

2018-06-08 00:14:20 - [TEST_STEP][PASSED] - tap: Tapped on element 'Object Repository/MarketVisiting/TakePictureButton'

2018-06-08 00:14:20 - [MESSAGE][WARNING] - Timeout '0' is invalid. Using default page load timeout: '30'

2018-06-08 00:14:22 - [MESSAGE][PASSED] - Tapped on element 'Object Repository/MarketVisiting/TakePictureButton'

2018-06-08 00:14:22 - [TEST_STEP][PASSED] - delay: Delayed 1 second(s)

2018-06-08 00:14:23 - [MESSAGE][PASSED] - Delayed 1 second(s)

2018-06-08 00:14:23 - [TEST_STEP][PASSED] - verifyElementExist: Element 'Object Repository/CommonElements/Validate_CameraScreen' is exist

2018-06-08 00:14:23 - [MESSAGE][WARNING] - Timeout '0' is invalid. Using default page load timeout: '30'

2018-06-08 00:14:23 - [MESSAGE][PASSED] - Element 'Object Repository/CommonElements/Validate_CameraScreen' is exist

2018-06-08 00:14:23 - [TEST_STEP][PASSED] - delay: Delayed 1 second(s)

2018-06-08 00:14:24 - [MESSAGE][PASSED] - Delayed 1 second(s)

2018-06-08 00:14:24 - [TEST_STEP][PASSED] - tap: Tapped on element 'Object Repository/CommonElements/TakePhotoButton'

2018-06-08 00:14:24 - [MESSAGE][WARNING] - Timeout '0' is invalid. Using default page load timeout: '30'

2018-06-08 00:14:27 - [MESSAGE][PASSED] - Tapped on element 'Object Repository/CommonElements/TakePhotoButton'

2018-06-08 00:14:27 - [TEST_STEP][PASSED] - delay: Delayed 5 second(s)

2018-06-08 00:14:32 - [MESSAGE][PASSED] - Delayed 5 second(s)

2018-06-08 00:14:32 - [TEST_STEP][PASSED] - tap: Tapped on element 'Object Repository/CommonElements/DoneButton'

2018-06-08 00:14:32 - [MESSAGE][WARNING] - Timeout '0' is invalid. Using default page load timeout: '30'

2018-06-08 00:14:36 - [MESSAGE][PASSED] - Tapped on element 'Object Repository/CommonElements/DoneButton'

2018-06-08 00:14:36 - [TEST_STEP][PASSED] - delay: Delayed 1 second(s)

2018-06-08 00:14:37 - [MESSAGE][PASSED] - Delayed 1 second(s)

2018-06-08 00:14:37 - [TEST_STEP][PASSED] - verifyElementText: Actual text and expected text of test object 'Object Repository/MarketVisiting/Validate_RemarksScreen' are matched.

2018-06-08 00:14:37 - [MESSAGE][PASSED] - Actual text and expected text of test object 'Object Repository/MarketVisiting/Validate_RemarksScreen' are matched.

2018-06-08 00:14:37 - [TEST_STEP][PASSED] - delay: Delayed 1 second(s)

2018-06-08 00:14:38 - [MESSAGE][PASSED] - Delayed 1 second(s)

2018-06-08 00:14:38 - [TEST_STEP][PASSED] - setText: Text 'Remarks' has been set to element 'Object Repository/MarketVisiting/RemarksTextArea'

2018-06-08 00:14:38 - [MESSAGE][WARNING] - Timeout '0' is invalid. Using default page load timeout: '30'

2018-06-08 00:14:52 - [MESSAGE][PASSED] - Text 'Remarks' has been set to element 'Object Repository/MarketVisiting/RemarksTextArea'

2018-06-08 00:14:52 - [TEST_STEP][PASSED] - delay: Delayed 1 second(s)

2018-06-08 00:14:53 - [MESSAGE][PASSED] - Delayed 1 second(s)

2018-06-08 00:14:53 - [TEST_STEP][PASSED] - hideKeyboard: Keyboard is hidden

2018-06-08 00:14:55 - [MESSAGE][PASSED] - Keyboard is hidden

2018-06-08 00:14:55 - [TEST_STEP][PASSED] - tap: Tapped on element 'Object Repository/MarketVisiting/SubmitButton'

2018-06-08 00:14:55 - [MESSAGE][WARNING] - Timeout '0' is invalid. Using default page load timeout: '30'

2018-06-08 00:14:55 - [MESSAGE][PASSED] - Tapped on element 'Object Repository/MarketVisiting/SubmitButton'

2018-06-08 00:14:55 - [TEST_STEP][PASSED] - delay: Delayed 1 second(s)

2018-06-08 00:14:56 - [MESSAGE][PASSED] - Delayed 1 second(s)

2018-06-08 00:14:56 - [TEST_STEP][PASSED] - verifyElementExist: Element 'Object Repository/CommonElements/Validate_InfoPopUp' is exist

2018-06-08 00:14:56 - [MESSAGE][WARNING] - Timeout '0' is invalid. Using default page load timeout: '30'

2018-06-08 00:14:57 - [MESSAGE][PASSED] - Element 'Object Repository/CommonElements/Validate_InfoPopUp' is exist

2018-06-08 00:14:57 - [TEST_STEP][PASSED] - delay: Delayed 1 second(s)

2018-06-08 00:14:58 - [MESSAGE][PASSED] - Delayed 1 second(s)

2018-06-08 00:14:58 - [TEST_STEP][PASSED] - tap: Tapped on element 'Object Repository/CommonElements/InfoPopUp_OKButton'

2018-06-08 00:14:58 - [MESSAGE][WARNING] - Timeout '0' is invalid. Using default page load timeout: '30'

2018-06-08 00:14:58 - [MESSAGE][PASSED] - Tapped on element 'Object Repository/CommonElements/InfoPopUp_OKButton'

2018-06-08 00:14:58 - [TEST_STEP][PASSED] - delay: Delayed 1 second(s)

2018-06-08 00:14:59 - [MESSAGE][PASSED] - Delayed 1 second(s)

2018-06-08 00:14:59 - [TEST_STEP][PASSED] - verifyElementText: Actual text and expected text of test object 'Object Repository/MarketVisiting/Validate_TrainingStepsScreen' are matched.

2018-06-08 00:14:59 - [MESSAGE][PASSED] - Actual text and expected text of test object 'Object Repository/MarketVisiting/Validate_TrainingStepsScreen' are matched.

2018-06-08 00:14:59 - [TEST_STEP][PASSED] - delay: Delayed 1 second(s)

2018-06-08 00:15:00 - [MESSAGE][PASSED] - Delayed 1 second(s)

2018-06-08 00:15:00 - [TEST_STEP][PASSED] - tap: Tapped on element 'Object Repository/MarketVisiting/UHTInsight'

2018-06-08 00:15:00 - [MESSAGE][WARNING] - Timeout '0' is invalid. Using default page load timeout: '30'

2018-06-08 00:15:01 - [MESSAGE][PASSED] - Tapped on element 'Object Repository/MarketVisiting/UHTInsight'

2018-06-08 00:15:01 - [TEST_STEP][PASSED] - delay: Delayed 1 second(s)

2018-06-08 00:15:02 - [MESSAGE][PASSED] - Delayed 1 second(s)

2018-06-08 00:15:02 - [TEST_STEP][PASSED] - verifyElementText: Actual text and expected text of test object 'Object Repository/MarketVisiting/Validate_RemarksScreen' are matched.

2018-06-08 00:15:02 - [MESSAGE][PASSED] - Actual text and expected text of test object 'Object Repository/MarketVisiting/Validate_RemarksScreen' are matched.

2018-06-08 00:15:02 - [TEST_STEP][PASSED] - delay: Delayed 1 second(s)

2018-06-08 00:15:03 - [MESSAGE][PASSED] - Delayed 1 second(s)

2018-06-08 00:15:03 - [TEST_STEP][PASSED] - tap: Tapped on element 'Object Repository/MarketVisiting/TakePictureButton'

2018-06-08 00:15:03 - [MESSAGE][WARNING] - Timeout '0' is invalid. Using default page load timeout: '30'

2018-06-08 00:15:05 - [MESSAGE][PASSED] - Tapped on element 'Object Repository/MarketVisiting/TakePictureButton'

2018-06-08 00:15:05 - [TEST_STEP][PASSED] - delay: Delayed 1 second(s)

2018-06-08 00:15:06 - [MESSAGE][PASSED] - Delayed 1 second(s)

2018-06-08 00:15:06 - [TEST_STEP][PASSED] - verifyElementExist: Element 'Object Repository/CommonElements/Validate_CameraScreen' is exist

2018-06-08 00:15:06 - [MESSAGE][WARNING] - Timeout '0' is invalid. Using default page load timeout: '30'

2018-06-08 00:15:07 - [MESSAGE][PASSED] - Element 'Object Repository/CommonElements/Validate_CameraScreen' is exist

2018-06-08 00:15:07 - [TEST_STEP][PASSED] - delay: Delayed 1 second(s)

2018-06-08 00:15:08 - [MESSAGE][PASSED] - Delayed 1 second(s)

2018-06-08 00:15:08 - [TEST_STEP][PASSED] - tap: Tapped on element 'Object Repository/CommonElements/TakePhotoButton'

2018-06-08 00:15:08 - [MESSAGE][WARNING] - Timeout '0' is invalid. Using default page load timeout: '30'

2018-06-08 00:15:11 - [MESSAGE][PASSED] - Tapped on element 'Object Repository/CommonElements/TakePhotoButton'

2018-06-08 00:15:11 - [TEST_STEP][PASSED] - delay: Delayed 5 second(s)

2018-06-08 00:15:16 - [MESSAGE][PASSED] - Delayed 5 second(s)

2018-06-08 00:15:16 - [TEST_STEP][PASSED] - tap: Tapped on element 'Object Repository/CommonElements/DoneButton'

2018-06-08 00:15:16 - [MESSAGE][WARNING] - Timeout '0' is invalid. Using default page load timeout: '30'

2018-06-08 00:15:19 - [MESSAGE][PASSED] - Tapped on element 'Object Repository/CommonElements/DoneButton'

2018-06-08 00:15:19 - [TEST_STEP][PASSED] - delay: Delayed 1 second(s)

2018-06-08 00:15:20 - [MESSAGE][PASSED] - Delayed 1 second(s)

2018-06-08 00:15:20 - [TEST_STEP][PASSED] - verifyElementText: Actual text and expected text of test object 'Object Repository/MarketVisiting/Validate_RemarksScreen' are matched.

2018-06-08 00:15:20 - [MESSAGE][PASSED] - Actual text and expected text of test object 'Object Repository/MarketVisiting/Validate_RemarksScreen' are matched.

2018-06-08 00:15:20 - [TEST_STEP][PASSED] - delay: Delayed 1 second(s)

2018-06-08 00:15:21 - [MESSAGE][PASSED] - Delayed 1 second(s)

2018-06-08 00:15:21 - [TEST_STEP][PASSED] - setText: Text 'Remarks' has been set to element 'Object Repository/MarketVisiting/RemarksTextArea'

2018-06-08 00:15:21 - [MESSAGE][WARNING] - Timeout '0' is invalid. Using default page load timeout: '30'

2018-06-08 00:15:36 - [MESSAGE][PASSED] - Text 'Remarks' has been set to element 'Object Repository/MarketVisiting/RemarksTextArea'

2018-06-08 00:15:36 - [TEST_STEP][PASSED] - delay: Delayed 1 second(s)

2018-06-08 00:15:37 - [MESSAGE][PASSED] - Delayed 1 second(s)

2018-06-08 00:15:37 - [TEST_STEP][PASSED] - hideKeyboard: Keyboard is hidden

2018-06-08 00:15:38 - [MESSAGE][PASSED] - Keyboard is hidden

2018-06-08 00:15:38 - [TEST_STEP][PASSED] - tap: Tapped on element 'Object Repository/MarketVisiting/SubmitButton'

2018-06-08 00:15:38 - [MESSAGE][WARNING] - Timeout '0' is invalid. Using default page load timeout: '30'

2018-06-08 00:15:38 - [MESSAGE][PASSED] - Tapped on element 'Object Repository/MarketVisiting/SubmitButton'

2018-06-08 00:15:38 - [TEST_STEP][PASSED] - delay: Delayed 1 second(s)

2018-06-08 00:15:39 - [MESSAGE][PASSED] - Delayed 1 second(s)

2018-06-08 00:15:39 - [TEST_STEP][PASSED] - verifyElementExist: Element 'Object Repository/CommonElements/Validate_InfoPopUp' is exist

2018-06-08 00:15:39 - [MESSAGE][WARNING] - Timeout '0' is invalid. Using default page load timeout: '30'

2018-06-08 00:15:40 - [MESSAGE][PASSED] - Element 'Object Repository/CommonElements/Validate_InfoPopUp' is exist

2018-06-08 00:15:40 - [TEST_STEP][PASSED] - delay: Delayed 1 second(s)

2018-06-08 00:15:41 - [MESSAGE][PASSED] - Delayed 1 second(s)

2018-06-08 00:15:41 - [TEST_STEP][PASSED] - tap: Tapped on element 'Object Repository/CommonElements/InfoPopUp_OKButton'

2018-06-08 00:15:41 - [MESSAGE][WARNING] - Timeout '0' is invalid. Using default page load timeout: '30'

2018-06-08 00:15:41 - [MESSAGE][PASSED] - Tapped on element 'Object Repository/CommonElements/InfoPopUp_OKButton'

2018-06-08 00:15:41 - [TEST_STEP][PASSED] - delay: Delayed 1 second(s)

2018-06-08 00:15:42 - [MESSAGE][PASSED] - Delayed 1 second(s)

2018-06-08 00:15:42 - [TEST_STEP][PASSED] - verifyElementText: Actual text and expected text of test object 'Object Repository/MarketVisiting/Validate_TrainingStepsScreen' are matched.

2018-06-08 00:15:42 - [MESSAGE][PASSED] - Actual text and expected text of test object 'Object Repository/MarketVisiting/Validate_TrainingStepsScreen' are matched.

2018-06-08 00:15:42 - [TEST_STEP][PASSED] - delay: Delayed 1 second(s)

2018-06-08 00:15:43 - [MESSAGE][PASSED] - Delayed 1 second(s)

2018-06-08 00:15:43 - [TEST_STEP][PASSED] - tap: Tapped on element 'Object Repository/MarketVisiting/OtherMarketInsight'

2018-06-08 00:15:43 - [MESSAGE][WARNING] - Timeout '0' is invalid. Using default page load timeout: '30'

2018-06-08 00:15:44 - [MESSAGE][PASSED] - Tapped on element 'Object Repository/MarketVisiting/OtherMarketInsight'

2018-06-08 00:15:44 - [TEST_STEP][PASSED] - delay: Delayed 1 second(s)

2018-06-08 00:15:45 - [MESSAGE][PASSED] - Delayed 1 second(s)

2018-06-08 00:15:45 - [TEST_STEP][PASSED] - verifyElementText: Actual text and expected text of test object 'Object Repository/MarketVisiting/Validate_RemarksScreen' are matched.

2018-06-08 00:15:46 - [MESSAGE][PASSED] - Actual text and expected text of test object 'Object Repository/MarketVisiting/Validate_RemarksScreen' are matched.

2018-06-08 00:15:46 - [TEST_STEP][PASSED] - delay: Delayed 1 second(s)

2018-06-08 00:15:47 - [MESSAGE][PASSED] - Delayed 1 second(s)

2018-06-08 00:15:47 - [TEST_STEP][PASSED] - tap: Tapped on element 'Object Repository/MarketVisiting/TakePictureButton'

2018-06-08 00:15:47 - [MESSAGE][WARNING] - Timeout '0' is invalid. Using default page load timeout: '30'

2018-06-08 00:15:49 - [MESSAGE][PASSED] - Tapped on element 'Object Repository/MarketVisiting/TakePictureButton'

2018-06-08 00:15:49 - [TEST_STEP][PASSED] - delay: Delayed 1 second(s)

2018-06-08 00:15:50 - [MESSAGE][PASSED] - Delayed 1 second(s)

2018-06-08 00:15:50 - [TEST_STEP][PASSED] - verifyElementExist: Element 'Object Repository/CommonElements/Validate_CameraScreen' is exist

2018-06-08 00:15:50 - [MESSAGE][WARNING] - Timeout '0' is invalid. Using default page load timeout: '30'

2018-06-08 00:15:50 - [MESSAGE][PASSED] - Element 'Object Repository/CommonElements/Validate_CameraScreen' is exist

2018-06-08 00:15:50 - [TEST_STEP][PASSED] - delay: Delayed 1 second(s)

2018-06-08 00:15:51 - [MESSAGE][PASSED] - Delayed 1 second(s)

2018-06-08 00:15:51 - [TEST_STEP][PASSED] - tap: Tapped on element 'Object Repository/CommonElements/TakePhotoButton'

2018-06-08 00:15:51 - [MESSAGE][WARNING] - Timeout '0' is invalid. Using default page load timeout: '30'

2018-06-08 00:15:54 - [MESSAGE][PASSED] - Tapped on element 'Object Repository/CommonElements/TakePhotoButton'

2018-06-08 00:15:54 - [TEST_STEP][PASSED] - delay: Delayed 5 second(s)

2018-06-08 00:15:59 - [MESSAGE][PASSED] - Delayed 5 second(s)

2018-06-08 00:15:59 - [TEST_STEP][PASSED] - tap: Tapped on element 'Object Repository/CommonElements/DoneButton'

2018-06-08 00:15:59 - [MESSAGE][WARNING] - Timeout '0' is invalid. Using default page load timeout: '30'

2018-06-08 00:16:02 - [MESSAGE][PASSED] - Tapped on element 'Object Repository/CommonElements/DoneButton'

2018-06-08 00:16:02 - [TEST_STEP][PASSED] - delay: Delayed 1 second(s)

2018-06-08 00:16:03 - [MESSAGE][PASSED] - Delayed 1 second(s)

2018-06-08 00:16:03 - [TEST_STEP][PASSED] - verifyElementText: Actual text and expected text of test object 'Object Repository/MarketVisiting/Validate_RemarksScreen' are matched.

2018-06-08 00:16:04 - [MESSAGE][PASSED] - Actual text and expected text of test object 'Object Repository/MarketVisiting/Validate_RemarksScreen' are matched.

2018-06-08 00:16:04 - [TEST_STEP][PASSED] - delay: Delayed 1 second(s)

2018-06-08 00:16:05 - [MESSAGE][PASSED] - Delayed 1 second(s)

2018-06-08 00:16:05 - [TEST_STEP][PASSED] - setText: Text 'Remarks' has been set to element 'Object Repository/MarketVisiting/RemarksTextArea'

2018-06-08 00:16:05 - [MESSAGE][WARNING] - Timeout '0' is invalid. Using default page load timeout: '30'

2018-06-08 00:16:19 - [MESSAGE][PASSED] - Text 'Remarks' has been set to element 'Object Repository/MarketVisiting/RemarksTextArea'

2018-06-08 00:16:19 - [TEST_STEP][PASSED] - delay: Delayed 1 second(s)

2018-06-08 00:16:20 - [MESSAGE][PASSED] - Delayed 1 second(s)

2018-06-08 00:16:20 - [TEST_STEP][PASSED] - hideKeyboard: Keyboard is hidden

2018-06-08 00:16:21 - [MESSAGE][PASSED] - Keyboard is hidden

2018-06-08 00:16:22 - [TEST_STEP][PASSED] - tap: Tapped on element 'Object Repository/MarketVisiting/SubmitButton'

2018-06-08 00:16:22 - [MESSAGE][WARNING] - Timeout '0' is invalid. Using default page load timeout: '30'

2018-06-08 00:16:22 - [MESSAGE][PASSED] - Tapped on element 'Object Repository/MarketVisiting/SubmitButton'

2018-06-08 00:16:22 - [TEST_STEP][PASSED] - delay: Delayed 1 second(s)

2018-06-08 00:16:23 - [MESSAGE][PASSED] - Delayed 1 second(s)

2018-06-08 00:16:23 - [TEST_STEP][PASSED] - verifyElementExist: Element 'Object Repository/CommonElements/Validate_InfoPopUp' is exist

2018-06-08 00:16:23 - [MESSAGE][WARNING] - Timeout '0' is invalid. Using default page load timeout: '30'

2018-06-08 00:16:23 - [MESSAGE][PASSED] - Element 'Object Repository/CommonElements/Validate_InfoPopUp' is exist

2018-06-08 00:16:23 - [TEST_STEP][PASSED] - delay: Delayed 1 second(s)

2018-06-08 00:16:24 - [MESSAGE][PASSED] - Delayed 1 second(s)

2018-06-08 00:16:24 - [TEST_STEP][PASSED] - tap: Tapped on element 'Object Repository/CommonElements/InfoPopUp_OKButton'

2018-06-08 00:16:24 - [MESSAGE][WARNING] - Timeout '0' is invalid. Using default page load timeout: '30'

2018-06-08 00:16:25 - [MESSAGE][PASSED] - Tapped on element 'Object Repository/CommonElements/InfoPopUp_OKButton'

2018-06-08 00:16:25 - [TEST_STEP][PASSED] - delay: Delayed 1 second(s)

2018-06-08 00:16:26 - [MESSAGE][PASSED] - Delayed 1 second(s)

2018-06-08 00:16:26 - [TEST_STEP][PASSED] - verifyElementText: Actual text and expected text of test object 'Object Repository/MarketVisiting/Validate_TrainingStepsScreen' are matched.

2018-06-08 00:16:26 - [MESSAGE][PASSED] - Actual text and expected text of test object 'Object Repository/MarketVisiting/Validate_TrainingStepsScreen' are matched.

2018-06-08 00:16:26 - [TEST_STEP][PASSED] - delay: Delayed 1 second(s)

2018-06-08 00:16:27 - [MESSAGE][PASSED] - Delayed 1 second(s)]]></system-out>
         <system-err><![CDATA[]]></system-err>
      </testcase>
      <testcase name="Test Cases/MarketVisit/OverwriteTraining" classname="Test Cases/MarketVisit/OverwriteTraining" status="PASSED">
         <system-out><![CDATA[2018-06-08 00:16:27 - [TEST_CASE][PASSED] - Test Cases/MarketVisit/OverwriteTraining: Test Cases/MarketVisit/OverwriteTraining

2018-06-08 00:16:27 - [TEST_STEP][PASSED] - verifyElementText: Actual text and expected text of test object 'Object Repository/MarketVisiting/Validate_TrainingStepsScreen' are matched.

2018-06-08 00:16:28 - [MESSAGE][PASSED] - Actual text and expected text of test object 'Object Repository/MarketVisiting/Validate_TrainingStepsScreen' are matched.

2018-06-08 00:16:28 - [TEST_STEP][PASSED] - delay: Delayed 1 second(s)

2018-06-08 00:16:29 - [MESSAGE][PASSED] - Delayed 1 second(s)

2018-06-08 00:16:29 - [TEST_STEP][PASSED] - tap: Tapped on element 'Object Repository/MarketVisiting/POSAssessment'

2018-06-08 00:16:29 - [MESSAGE][WARNING] - Timeout '0' is invalid. Using default page load timeout: '30'

2018-06-08 00:16:29 - [MESSAGE][PASSED] - Tapped on element 'Object Repository/MarketVisiting/POSAssessment'

2018-06-08 00:16:29 - [TEST_STEP][PASSED] - delay: Delayed 1 second(s)

2018-06-08 00:16:30 - [MESSAGE][PASSED] - Delayed 1 second(s)

2018-06-08 00:16:30 - [TEST_STEP][PASSED] - verifyElementExist: Element 'Object Repository/MarketVisiting/Validate_POSAssessmentPopUp' is exist

2018-06-08 00:16:30 - [MESSAGE][WARNING] - Timeout '0' is invalid. Using default page load timeout: '30'

2018-06-08 00:16:30 - [MESSAGE][PASSED] - Element 'Object Repository/MarketVisiting/Validate_POSAssessmentPopUp' is exist

2018-06-08 00:16:30 - [TEST_STEP][PASSED] - delay: Delayed 1 second(s)

2018-06-08 00:16:31 - [MESSAGE][PASSED] - Delayed 1 second(s)

2018-06-08 00:16:31 - [TEST_STEP][PASSED] - tap: Tapped on element 'Object Repository/MarketVisiting/Standard'

2018-06-08 00:16:31 - [MESSAGE][WARNING] - Timeout '0' is invalid. Using default page load timeout: '30'

2018-06-08 00:16:32 - [MESSAGE][PASSED] - Tapped on element 'Object Repository/MarketVisiting/Standard'

2018-06-08 00:16:32 - [TEST_STEP][PASSED] - delay: Delayed 1 second(s)

2018-06-08 00:16:33 - [MESSAGE][PASSED] - Delayed 1 second(s)

2018-06-08 00:16:33 - [TEST_STEP][PASSED] - tap: Tapped on element 'Object Repository/MarketVisiting/JuicesInsight'

2018-06-08 00:16:33 - [MESSAGE][WARNING] - Timeout '0' is invalid. Using default page load timeout: '30'

2018-06-08 00:16:34 - [MESSAGE][PASSED] - Tapped on element 'Object Repository/MarketVisiting/JuicesInsight'

2018-06-08 00:16:34 - [TEST_STEP][PASSED] - delay: Delayed 1 second(s)

2018-06-08 00:16:35 - [MESSAGE][PASSED] - Delayed 1 second(s)

2018-06-08 00:16:35 - [TEST_STEP][PASSED] - verifyElementText: Actual text and expected text of test object 'Object Repository/MarketVisiting/Validate_RemarksScreen' are matched.

2018-06-08 00:16:35 - [MESSAGE][PASSED] - Actual text and expected text of test object 'Object Repository/MarketVisiting/Validate_RemarksScreen' are matched.

2018-06-08 00:16:35 - [TEST_STEP][PASSED] - delay: Delayed 1 second(s)

2018-06-08 00:16:36 - [MESSAGE][PASSED] - Delayed 1 second(s)

2018-06-08 00:16:36 - [TEST_STEP][PASSED] - tap: Tapped on element 'Object Repository/MarketVisiting/TakePictureButton'

2018-06-08 00:16:36 - [MESSAGE][WARNING] - Timeout '0' is invalid. Using default page load timeout: '30'

2018-06-08 00:16:38 - [MESSAGE][PASSED] - Tapped on element 'Object Repository/MarketVisiting/TakePictureButton'

2018-06-08 00:16:38 - [TEST_STEP][PASSED] - delay: Delayed 1 second(s)

2018-06-08 00:16:39 - [MESSAGE][PASSED] - Delayed 1 second(s)

2018-06-08 00:16:39 - [TEST_STEP][PASSED] - verifyElementExist: Element 'Object Repository/CommonElements/Validate_CameraScreen' is exist

2018-06-08 00:16:39 - [MESSAGE][WARNING] - Timeout '0' is invalid. Using default page load timeout: '30'

2018-06-08 00:16:39 - [MESSAGE][PASSED] - Element 'Object Repository/CommonElements/Validate_CameraScreen' is exist

2018-06-08 00:16:39 - [TEST_STEP][PASSED] - delay: Delayed 1 second(s)

2018-06-08 00:16:40 - [MESSAGE][PASSED] - Delayed 1 second(s)

2018-06-08 00:16:40 - [TEST_STEP][PASSED] - tap: Tapped on element 'Object Repository/CommonElements/TakePhotoButton'

2018-06-08 00:16:40 - [MESSAGE][WARNING] - Timeout '0' is invalid. Using default page load timeout: '30'

2018-06-08 00:16:44 - [MESSAGE][PASSED] - Tapped on element 'Object Repository/CommonElements/TakePhotoButton'

2018-06-08 00:16:44 - [TEST_STEP][PASSED] - delay: Delayed 5 second(s)

2018-06-08 00:16:49 - [MESSAGE][PASSED] - Delayed 5 second(s)

2018-06-08 00:16:49 - [TEST_STEP][PASSED] - tap: Tapped on element 'Object Repository/CommonElements/DoneButton'

2018-06-08 00:16:49 - [MESSAGE][WARNING] - Timeout '0' is invalid. Using default page load timeout: '30'

2018-06-08 00:16:52 - [MESSAGE][PASSED] - Tapped on element 'Object Repository/CommonElements/DoneButton'

2018-06-08 00:16:52 - [TEST_STEP][PASSED] - delay: Delayed 1 second(s)

2018-06-08 00:16:53 - [MESSAGE][PASSED] - Delayed 1 second(s)

2018-06-08 00:16:53 - [TEST_STEP][PASSED] - verifyElementText: Actual text and expected text of test object 'Object Repository/MarketVisiting/Validate_RemarksScreen' are matched.

2018-06-08 00:16:53 - [MESSAGE][PASSED] - Actual text and expected text of test object 'Object Repository/MarketVisiting/Validate_RemarksScreen' are matched.

2018-06-08 00:16:53 - [TEST_STEP][PASSED] - delay: Delayed 1 second(s)

2018-06-08 00:16:54 - [MESSAGE][PASSED] - Delayed 1 second(s)

2018-06-08 00:16:54 - [TEST_STEP][PASSED] - setText: Text 'Overwrite Remarks' has been set to element 'Object Repository/MarketVisiting/RemarksTextArea'

2018-06-08 00:16:54 - [MESSAGE][WARNING] - Timeout '0' is invalid. Using default page load timeout: '30'

2018-06-08 00:17:09 - [MESSAGE][PASSED] - Text 'Overwrite Remarks' has been set to element 'Object Repository/MarketVisiting/RemarksTextArea'

2018-06-08 00:17:09 - [TEST_STEP][PASSED] - delay: Delayed 1 second(s)

2018-06-08 00:17:10 - [MESSAGE][PASSED] - Delayed 1 second(s)

2018-06-08 00:17:10 - [TEST_STEP][PASSED] - hideKeyboard: Keyboard is hidden

2018-06-08 00:17:11 - [MESSAGE][PASSED] - Keyboard is hidden

2018-06-08 00:17:11 - [TEST_STEP][PASSED] - tap: Tapped on element 'Object Repository/MarketVisiting/SubmitButton'

2018-06-08 00:17:11 - [MESSAGE][WARNING] - Timeout '0' is invalid. Using default page load timeout: '30'

2018-06-08 00:17:12 - [MESSAGE][PASSED] - Tapped on element 'Object Repository/MarketVisiting/SubmitButton'

2018-06-08 00:17:12 - [TEST_STEP][PASSED] - delay: Delayed 1 second(s)

2018-06-08 00:17:13 - [MESSAGE][PASSED] - Delayed 1 second(s)

2018-06-08 00:17:13 - [TEST_STEP][PASSED] - verifyElementExist: Element 'Object Repository/CommonElements/Validate_InfoPopUp' is exist

2018-06-08 00:17:13 - [MESSAGE][WARNING] - Timeout '0' is invalid. Using default page load timeout: '30'

2018-06-08 00:17:13 - [MESSAGE][PASSED] - Element 'Object Repository/CommonElements/Validate_InfoPopUp' is exist

2018-06-08 00:17:13 - [TEST_STEP][PASSED] - delay: Delayed 1 second(s)

2018-06-08 00:17:14 - [MESSAGE][PASSED] - Delayed 1 second(s)

2018-06-08 00:17:14 - [TEST_STEP][PASSED] - tap: Tapped on element 'Object Repository/CommonElements/InfoPopUp_OKButton'

2018-06-08 00:17:14 - [MESSAGE][WARNING] - Timeout '0' is invalid. Using default page load timeout: '30'

2018-06-08 00:17:14 - [MESSAGE][PASSED] - Tapped on element 'Object Repository/CommonElements/InfoPopUp_OKButton'

2018-06-08 00:17:14 - [TEST_STEP][PASSED] - delay: Delayed 1 second(s)

2018-06-08 00:17:15 - [MESSAGE][PASSED] - Delayed 1 second(s)

2018-06-08 00:17:15 - [TEST_STEP][PASSED] - verifyElementText: Actual text and expected text of test object 'Object Repository/MarketVisiting/Validate_TrainingStepsScreen' are matched.

2018-06-08 00:17:16 - [MESSAGE][PASSED] - Actual text and expected text of test object 'Object Repository/MarketVisiting/Validate_TrainingStepsScreen' are matched.

2018-06-08 00:17:16 - [TEST_STEP][PASSED] - delay: Delayed 1 second(s)

2018-06-08 00:17:17 - [MESSAGE][PASSED] - Delayed 1 second(s)

2018-06-08 00:17:17 - [TEST_STEP][PASSED] - tap: Tapped on element 'Object Repository/MarketVisiting/PowderInsight'

2018-06-08 00:17:17 - [MESSAGE][WARNING] - Timeout '0' is invalid. Using default page load timeout: '30'

2018-06-08 00:17:17 - [MESSAGE][PASSED] - Tapped on element 'Object Repository/MarketVisiting/PowderInsight'

2018-06-08 00:17:17 - [TEST_STEP][PASSED] - delay: Delayed 1 second(s)

2018-06-08 00:17:18 - [MESSAGE][PASSED] - Delayed 1 second(s)

2018-06-08 00:17:18 - [TEST_STEP][PASSED] - verifyElementText: Actual text and expected text of test object 'Object Repository/MarketVisiting/Validate_RemarksScreen' are matched.

2018-06-08 00:17:19 - [MESSAGE][PASSED] - Actual text and expected text of test object 'Object Repository/MarketVisiting/Validate_RemarksScreen' are matched.

2018-06-08 00:17:19 - [TEST_STEP][PASSED] - delay: Delayed 1 second(s)

2018-06-08 00:17:20 - [MESSAGE][PASSED] - Delayed 1 second(s)

2018-06-08 00:17:20 - [TEST_STEP][PASSED] - tap: Tapped on element 'Object Repository/MarketVisiting/TakePictureButton'

2018-06-08 00:17:20 - [MESSAGE][WARNING] - Timeout '0' is invalid. Using default page load timeout: '30'

2018-06-08 00:17:21 - [MESSAGE][PASSED] - Tapped on element 'Object Repository/MarketVisiting/TakePictureButton'

2018-06-08 00:17:21 - [TEST_STEP][PASSED] - delay: Delayed 1 second(s)

2018-06-08 00:17:22 - [MESSAGE][PASSED] - Delayed 1 second(s)

2018-06-08 00:17:22 - [TEST_STEP][PASSED] - verifyElementExist: Element 'Object Repository/CommonElements/Validate_CameraScreen' is exist

2018-06-08 00:17:22 - [MESSAGE][WARNING] - Timeout '0' is invalid. Using default page load timeout: '30'

2018-06-08 00:17:22 - [MESSAGE][PASSED] - Element 'Object Repository/CommonElements/Validate_CameraScreen' is exist

2018-06-08 00:17:22 - [TEST_STEP][PASSED] - delay: Delayed 1 second(s)

2018-06-08 00:17:23 - [MESSAGE][PASSED] - Delayed 1 second(s)

2018-06-08 00:17:23 - [TEST_STEP][PASSED] - tap: Tapped on element 'Object Repository/CommonElements/TakePhotoButton'

2018-06-08 00:17:23 - [MESSAGE][WARNING] - Timeout '0' is invalid. Using default page load timeout: '30'

2018-06-08 00:17:27 - [MESSAGE][PASSED] - Tapped on element 'Object Repository/CommonElements/TakePhotoButton'

2018-06-08 00:17:27 - [TEST_STEP][PASSED] - delay: Delayed 5 second(s)

2018-06-08 00:17:32 - [MESSAGE][PASSED] - Delayed 5 second(s)

2018-06-08 00:17:32 - [TEST_STEP][PASSED] - tap: Tapped on element 'Object Repository/CommonElements/DoneButton'

2018-06-08 00:17:32 - [MESSAGE][WARNING] - Timeout '0' is invalid. Using default page load timeout: '30'

2018-06-08 00:17:35 - [MESSAGE][PASSED] - Tapped on element 'Object Repository/CommonElements/DoneButton'

2018-06-08 00:17:35 - [TEST_STEP][PASSED] - delay: Delayed 1 second(s)

2018-06-08 00:17:36 - [MESSAGE][PASSED] - Delayed 1 second(s)

2018-06-08 00:17:36 - [TEST_STEP][PASSED] - verifyElementText: Actual text and expected text of test object 'Object Repository/MarketVisiting/Validate_RemarksScreen' are matched.

2018-06-08 00:17:36 - [MESSAGE][PASSED] - Actual text and expected text of test object 'Object Repository/MarketVisiting/Validate_RemarksScreen' are matched.

2018-06-08 00:17:36 - [TEST_STEP][PASSED] - delay: Delayed 1 second(s)

2018-06-08 00:17:37 - [MESSAGE][PASSED] - Delayed 1 second(s)

2018-06-08 00:17:37 - [TEST_STEP][PASSED] - setText: Text 'Overwrite Remarks' has been set to element 'Object Repository/MarketVisiting/RemarksTextArea'

2018-06-08 00:17:37 - [MESSAGE][WARNING] - Timeout '0' is invalid. Using default page load timeout: '30'

2018-06-08 00:17:52 - [MESSAGE][PASSED] - Text 'Overwrite Remarks' has been set to element 'Object Repository/MarketVisiting/RemarksTextArea'

2018-06-08 00:17:52 - [TEST_STEP][PASSED] - delay: Delayed 1 second(s)

2018-06-08 00:17:53 - [MESSAGE][PASSED] - Delayed 1 second(s)

2018-06-08 00:17:53 - [TEST_STEP][PASSED] - hideKeyboard: Keyboard is hidden

2018-06-08 00:17:54 - [MESSAGE][PASSED] - Keyboard is hidden

2018-06-08 00:17:54 - [TEST_STEP][PASSED] - tap: Tapped on element 'Object Repository/MarketVisiting/SubmitButton'

2018-06-08 00:17:54 - [MESSAGE][WARNING] - Timeout '0' is invalid. Using default page load timeout: '30'

2018-06-08 00:17:55 - [MESSAGE][PASSED] - Tapped on element 'Object Repository/MarketVisiting/SubmitButton'

2018-06-08 00:17:55 - [TEST_STEP][PASSED] - delay: Delayed 1 second(s)

2018-06-08 00:17:56 - [MESSAGE][PASSED] - Delayed 1 second(s)

2018-06-08 00:17:56 - [TEST_STEP][PASSED] - verifyElementExist: Element 'Object Repository/CommonElements/Validate_InfoPopUp' is exist

2018-06-08 00:17:56 - [MESSAGE][WARNING] - Timeout '0' is invalid. Using default page load timeout: '30'

2018-06-08 00:17:56 - [MESSAGE][PASSED] - Element 'Object Repository/CommonElements/Validate_InfoPopUp' is exist

2018-06-08 00:17:56 - [TEST_STEP][PASSED] - delay: Delayed 1 second(s)

2018-06-08 00:17:57 - [MESSAGE][PASSED] - Delayed 1 second(s)

2018-06-08 00:17:57 - [TEST_STEP][PASSED] - tap: Tapped on element 'Object Repository/CommonElements/InfoPopUp_OKButton'

2018-06-08 00:17:57 - [MESSAGE][WARNING] - Timeout '0' is invalid. Using default page load timeout: '30'

2018-06-08 00:17:58 - [MESSAGE][PASSED] - Tapped on element 'Object Repository/CommonElements/InfoPopUp_OKButton'

2018-06-08 00:17:58 - [TEST_STEP][PASSED] - delay: Delayed 1 second(s)

2018-06-08 00:17:59 - [MESSAGE][PASSED] - Delayed 1 second(s)

2018-06-08 00:17:59 - [TEST_STEP][PASSED] - verifyElementText: Actual text and expected text of test object 'Object Repository/MarketVisiting/Validate_TrainingStepsScreen' are matched.

2018-06-08 00:17:59 - [MESSAGE][PASSED] - Actual text and expected text of test object 'Object Repository/MarketVisiting/Validate_TrainingStepsScreen' are matched.

2018-06-08 00:17:59 - [TEST_STEP][PASSED] - delay: Delayed 1 second(s)

2018-06-08 00:18:00 - [MESSAGE][PASSED] - Delayed 1 second(s)

2018-06-08 00:18:00 - [TEST_STEP][PASSED] - tap: Tapped on element 'Object Repository/MarketVisiting/UHTInsight'

2018-06-08 00:18:00 - [MESSAGE][WARNING] - Timeout '0' is invalid. Using default page load timeout: '30'

2018-06-08 00:18:01 - [MESSAGE][PASSED] - Tapped on element 'Object Repository/MarketVisiting/UHTInsight'

2018-06-08 00:18:01 - [TEST_STEP][PASSED] - delay: Delayed 1 second(s)

2018-06-08 00:18:02 - [MESSAGE][PASSED] - Delayed 1 second(s)

2018-06-08 00:18:02 - [TEST_STEP][PASSED] - verifyElementText: Actual text and expected text of test object 'Object Repository/MarketVisiting/Validate_RemarksScreen' are matched.

2018-06-08 00:18:02 - [MESSAGE][PASSED] - Actual text and expected text of test object 'Object Repository/MarketVisiting/Validate_RemarksScreen' are matched.

2018-06-08 00:18:02 - [TEST_STEP][PASSED] - delay: Delayed 1 second(s)

2018-06-08 00:18:03 - [MESSAGE][PASSED] - Delayed 1 second(s)

2018-06-08 00:18:03 - [TEST_STEP][PASSED] - tap: Tapped on element 'Object Repository/MarketVisiting/TakePictureButton'

2018-06-08 00:18:03 - [MESSAGE][WARNING] - Timeout '0' is invalid. Using default page load timeout: '30'

2018-06-08 00:18:05 - [MESSAGE][PASSED] - Tapped on element 'Object Repository/MarketVisiting/TakePictureButton'

2018-06-08 00:18:05 - [TEST_STEP][PASSED] - delay: Delayed 1 second(s)

2018-06-08 00:18:06 - [MESSAGE][PASSED] - Delayed 1 second(s)

2018-06-08 00:18:06 - [TEST_STEP][PASSED] - verifyElementExist: Element 'Object Repository/CommonElements/Validate_CameraScreen' is exist

2018-06-08 00:18:06 - [MESSAGE][WARNING] - Timeout '0' is invalid. Using default page load timeout: '30'

2018-06-08 00:18:06 - [MESSAGE][PASSED] - Element 'Object Repository/CommonElements/Validate_CameraScreen' is exist

2018-06-08 00:18:06 - [TEST_STEP][PASSED] - delay: Delayed 1 second(s)

2018-06-08 00:18:07 - [MESSAGE][PASSED] - Delayed 1 second(s)

2018-06-08 00:18:07 - [TEST_STEP][PASSED] - tap: Tapped on element 'Object Repository/CommonElements/TakePhotoButton'

2018-06-08 00:18:07 - [MESSAGE][WARNING] - Timeout '0' is invalid. Using default page load timeout: '30'

2018-06-08 00:18:10 - [MESSAGE][PASSED] - Tapped on element 'Object Repository/CommonElements/TakePhotoButton'

2018-06-08 00:18:10 - [TEST_STEP][PASSED] - delay: Delayed 5 second(s)

2018-06-08 00:18:15 - [MESSAGE][PASSED] - Delayed 5 second(s)

2018-06-08 00:18:15 - [TEST_STEP][PASSED] - tap: Tapped on element 'Object Repository/CommonElements/DoneButton'

2018-06-08 00:18:15 - [MESSAGE][WARNING] - Timeout '0' is invalid. Using default page load timeout: '30'

2018-06-08 00:18:18 - [MESSAGE][PASSED] - Tapped on element 'Object Repository/CommonElements/DoneButton'

2018-06-08 00:18:18 - [TEST_STEP][PASSED] - delay: Delayed 1 second(s)

2018-06-08 00:18:19 - [MESSAGE][PASSED] - Delayed 1 second(s)

2018-06-08 00:18:19 - [TEST_STEP][PASSED] - verifyElementText: Actual text and expected text of test object 'Object Repository/MarketVisiting/Validate_RemarksScreen' are matched.

2018-06-08 00:18:20 - [MESSAGE][PASSED] - Actual text and expected text of test object 'Object Repository/MarketVisiting/Validate_RemarksScreen' are matched.

2018-06-08 00:18:20 - [TEST_STEP][PASSED] - delay: Delayed 1 second(s)

2018-06-08 00:18:21 - [MESSAGE][PASSED] - Delayed 1 second(s)

2018-06-08 00:18:21 - [TEST_STEP][PASSED] - setText: Text 'Overwrite Remarks' has been set to element 'Object Repository/MarketVisiting/RemarksTextArea'

2018-06-08 00:18:21 - [MESSAGE][WARNING] - Timeout '0' is invalid. Using default page load timeout: '30'

2018-06-08 00:18:35 - [MESSAGE][PASSED] - Text 'Overwrite Remarks' has been set to element 'Object Repository/MarketVisiting/RemarksTextArea'

2018-06-08 00:18:35 - [TEST_STEP][PASSED] - delay: Delayed 1 second(s)

2018-06-08 00:18:36 - [MESSAGE][PASSED] - Delayed 1 second(s)

2018-06-08 00:18:36 - [TEST_STEP][PASSED] - hideKeyboard: Keyboard is hidden

2018-06-08 00:18:37 - [MESSAGE][PASSED] - Keyboard is hidden

2018-06-08 00:18:38 - [TEST_STEP][PASSED] - tap: Tapped on element 'Object Repository/MarketVisiting/SubmitButton'

2018-06-08 00:18:38 - [MESSAGE][WARNING] - Timeout '0' is invalid. Using default page load timeout: '30'

2018-06-08 00:18:38 - [MESSAGE][PASSED] - Tapped on element 'Object Repository/MarketVisiting/SubmitButton'

2018-06-08 00:18:38 - [TEST_STEP][PASSED] - delay: Delayed 1 second(s)

2018-06-08 00:18:39 - [MESSAGE][PASSED] - Delayed 1 second(s)

2018-06-08 00:18:39 - [TEST_STEP][PASSED] - verifyElementExist: Element 'Object Repository/CommonElements/Validate_InfoPopUp' is exist

2018-06-08 00:18:39 - [MESSAGE][WARNING] - Timeout '0' is invalid. Using default page load timeout: '30'

2018-06-08 00:18:39 - [MESSAGE][PASSED] - Element 'Object Repository/CommonElements/Validate_InfoPopUp' is exist

2018-06-08 00:18:39 - [TEST_STEP][PASSED] - delay: Delayed 1 second(s)

2018-06-08 00:18:40 - [MESSAGE][PASSED] - Delayed 1 second(s)

2018-06-08 00:18:40 - [TEST_STEP][PASSED] - tap: Tapped on element 'Object Repository/CommonElements/InfoPopUp_OKButton'

2018-06-08 00:18:40 - [MESSAGE][WARNING] - Timeout '0' is invalid. Using default page load timeout: '30'

2018-06-08 00:18:43 - [MESSAGE][PASSED] - Tapped on element 'Object Repository/CommonElements/InfoPopUp_OKButton'

2018-06-08 00:18:43 - [TEST_STEP][PASSED] - delay: Delayed 1 second(s)

2018-06-08 00:18:44 - [MESSAGE][PASSED] - Delayed 1 second(s)

2018-06-08 00:18:44 - [TEST_STEP][PASSED] - verifyElementText: Actual text and expected text of test object 'Object Repository/MarketVisiting/Validate_TrainingStepsScreen' are matched.

2018-06-08 00:18:45 - [MESSAGE][PASSED] - Actual text and expected text of test object 'Object Repository/MarketVisiting/Validate_TrainingStepsScreen' are matched.

2018-06-08 00:18:45 - [TEST_STEP][PASSED] - delay: Delayed 1 second(s)

2018-06-08 00:18:46 - [MESSAGE][PASSED] - Delayed 1 second(s)

2018-06-08 00:18:46 - [TEST_STEP][PASSED] - tap: Tapped on element 'Object Repository/MarketVisiting/OtherMarketInsight'

2018-06-08 00:18:46 - [MESSAGE][WARNING] - Timeout '0' is invalid. Using default page load timeout: '30'

2018-06-08 00:18:46 - [MESSAGE][PASSED] - Tapped on element 'Object Repository/MarketVisiting/OtherMarketInsight'

2018-06-08 00:18:46 - [TEST_STEP][PASSED] - delay: Delayed 1 second(s)

2018-06-08 00:18:47 - [MESSAGE][PASSED] - Delayed 1 second(s)

2018-06-08 00:18:47 - [TEST_STEP][PASSED] - verifyElementText: Actual text and expected text of test object 'Object Repository/MarketVisiting/Validate_RemarksScreen' are matched.

2018-06-08 00:18:48 - [MESSAGE][PASSED] - Actual text and expected text of test object 'Object Repository/MarketVisiting/Validate_RemarksScreen' are matched.

2018-06-08 00:18:48 - [TEST_STEP][PASSED] - delay: Delayed 1 second(s)

2018-06-08 00:18:49 - [MESSAGE][PASSED] - Delayed 1 second(s)

2018-06-08 00:18:49 - [TEST_STEP][PASSED] - tap: Tapped on element 'Object Repository/MarketVisiting/TakePictureButton'

2018-06-08 00:18:49 - [MESSAGE][WARNING] - Timeout '0' is invalid. Using default page load timeout: '30'

2018-06-08 00:18:51 - [MESSAGE][PASSED] - Tapped on element 'Object Repository/MarketVisiting/TakePictureButton'

2018-06-08 00:18:51 - [TEST_STEP][PASSED] - delay: Delayed 1 second(s)

2018-06-08 00:18:52 - [MESSAGE][PASSED] - Delayed 1 second(s)

2018-06-08 00:18:52 - [TEST_STEP][PASSED] - verifyElementExist: Element 'Object Repository/CommonElements/Validate_CameraScreen' is exist

2018-06-08 00:18:52 - [MESSAGE][WARNING] - Timeout '0' is invalid. Using default page load timeout: '30'

2018-06-08 00:18:52 - [MESSAGE][PASSED] - Element 'Object Repository/CommonElements/Validate_CameraScreen' is exist

2018-06-08 00:18:52 - [TEST_STEP][PASSED] - delay: Delayed 1 second(s)

2018-06-08 00:18:53 - [MESSAGE][PASSED] - Delayed 1 second(s)

2018-06-08 00:18:53 - [TEST_STEP][PASSED] - tap: Tapped on element 'Object Repository/CommonElements/TakePhotoButton'

2018-06-08 00:18:53 - [MESSAGE][WARNING] - Timeout '0' is invalid. Using default page load timeout: '30'

2018-06-08 00:18:56 - [MESSAGE][PASSED] - Tapped on element 'Object Repository/CommonElements/TakePhotoButton'

2018-06-08 00:18:56 - [TEST_STEP][PASSED] - delay: Delayed 5 second(s)

2018-06-08 00:19:01 - [MESSAGE][PASSED] - Delayed 5 second(s)

2018-06-08 00:19:01 - [TEST_STEP][PASSED] - tap: Tapped on element 'Object Repository/CommonElements/DoneButton'

2018-06-08 00:19:01 - [MESSAGE][WARNING] - Timeout '0' is invalid. Using default page load timeout: '30'

2018-06-08 00:19:05 - [MESSAGE][PASSED] - Tapped on element 'Object Repository/CommonElements/DoneButton'

2018-06-08 00:19:05 - [TEST_STEP][PASSED] - delay: Delayed 1 second(s)

2018-06-08 00:19:06 - [MESSAGE][PASSED] - Delayed 1 second(s)

2018-06-08 00:19:06 - [TEST_STEP][PASSED] - verifyElementText: Actual text and expected text of test object 'Object Repository/MarketVisiting/Validate_RemarksScreen' are matched.

2018-06-08 00:19:06 - [MESSAGE][PASSED] - Actual text and expected text of test object 'Object Repository/MarketVisiting/Validate_RemarksScreen' are matched.

2018-06-08 00:19:06 - [TEST_STEP][PASSED] - delay: Delayed 1 second(s)

2018-06-08 00:19:07 - [MESSAGE][PASSED] - Delayed 1 second(s)

2018-06-08 00:19:07 - [TEST_STEP][PASSED] - setText: Text 'Overwrite Remarks' has been set to element 'Object Repository/MarketVisiting/RemarksTextArea'

2018-06-08 00:19:07 - [MESSAGE][WARNING] - Timeout '0' is invalid. Using default page load timeout: '30'

2018-06-08 00:19:22 - [MESSAGE][PASSED] - Text 'Overwrite Remarks' has been set to element 'Object Repository/MarketVisiting/RemarksTextArea'

2018-06-08 00:19:22 - [TEST_STEP][PASSED] - delay: Delayed 1 second(s)

2018-06-08 00:19:23 - [MESSAGE][PASSED] - Delayed 1 second(s)

2018-06-08 00:19:23 - [TEST_STEP][PASSED] - hideKeyboard: Keyboard is hidden

2018-06-08 00:19:24 - [MESSAGE][PASSED] - Keyboard is hidden

2018-06-08 00:19:24 - [TEST_STEP][PASSED] - tap: Tapped on element 'Object Repository/MarketVisiting/SubmitButton'

2018-06-08 00:19:24 - [MESSAGE][WARNING] - Timeout '0' is invalid. Using default page load timeout: '30'

2018-06-08 00:19:25 - [MESSAGE][PASSED] - Tapped on element 'Object Repository/MarketVisiting/SubmitButton'

2018-06-08 00:19:25 - [TEST_STEP][PASSED] - delay: Delayed 1 second(s)

2018-06-08 00:19:26 - [MESSAGE][PASSED] - Delayed 1 second(s)

2018-06-08 00:19:26 - [TEST_STEP][PASSED] - verifyElementExist: Element 'Object Repository/CommonElements/Validate_InfoPopUp' is exist

2018-06-08 00:19:26 - [MESSAGE][WARNING] - Timeout '0' is invalid. Using default page load timeout: '30'

2018-06-08 00:19:26 - [MESSAGE][PASSED] - Element 'Object Repository/CommonElements/Validate_InfoPopUp' is exist

2018-06-08 00:19:26 - [TEST_STEP][PASSED] - delay: Delayed 1 second(s)

2018-06-08 00:19:27 - [MESSAGE][PASSED] - Delayed 1 second(s)

2018-06-08 00:19:27 - [TEST_STEP][PASSED] - tap: Tapped on element 'Object Repository/CommonElements/InfoPopUp_OKButton'

2018-06-08 00:19:27 - [MESSAGE][WARNING] - Timeout '0' is invalid. Using default page load timeout: '30'

2018-06-08 00:19:27 - [MESSAGE][PASSED] - Tapped on element 'Object Repository/CommonElements/InfoPopUp_OKButton'

2018-06-08 00:19:27 - [TEST_STEP][PASSED] - delay: Delayed 1 second(s)

2018-06-08 00:19:28 - [MESSAGE][PASSED] - Delayed 1 second(s)

2018-06-08 00:19:28 - [TEST_STEP][PASSED] - verifyElementText: Actual text and expected text of test object 'Object Repository/MarketVisiting/Validate_TrainingStepsScreen' are matched.

2018-06-08 00:19:29 - [MESSAGE][PASSED] - Actual text and expected text of test object 'Object Repository/MarketVisiting/Validate_TrainingStepsScreen' are matched.

2018-06-08 00:19:29 - [TEST_STEP][PASSED] - delay: Delayed 1 second(s)

2018-06-08 00:19:30 - [MESSAGE][PASSED] - Delayed 1 second(s)]]></system-out>
         <system-err><![CDATA[]]></system-err>
      </testcase>
      <testcase name="Test Cases/MarketVisit/SaveTrainingWithoutOverwriting" classname="Test Cases/MarketVisit/SaveTrainingWithoutOverwriting" status="PASSED">
         <system-out><![CDATA[2018-06-08 00:19:30 - [TEST_CASE][PASSED] - Test Cases/MarketVisit/SaveTrainingWithoutOverwriting: Test Cases/MarketVisit/SaveTrainingWithoutOverwriting

2018-06-08 00:19:30 - [TEST_STEP][PASSED] - verifyElementText: Actual text and expected text of test object 'Object Repository/MarketVisiting/Validate_TrainingStepsScreen' are matched.

2018-06-08 00:19:30 - [MESSAGE][PASSED] - Actual text and expected text of test object 'Object Repository/MarketVisiting/Validate_TrainingStepsScreen' are matched.

2018-06-08 00:19:30 - [TEST_STEP][PASSED] - delay: Delayed 1 second(s)

2018-06-08 00:19:31 - [MESSAGE][PASSED] - Delayed 1 second(s)

2018-06-08 00:19:31 - [TEST_STEP][PASSED] - swipe: Swiped from 0,700 to 0,520

2018-06-08 00:19:32 - [MESSAGE][PASSED] - Swiped from 0,700 to 0,520

2018-06-08 00:19:32 - [TEST_STEP][PASSED] - delay: Delayed 2 second(s)

2018-06-08 00:19:34 - [MESSAGE][PASSED] - Delayed 2 second(s)

2018-06-08 00:19:34 - [TEST_STEP][PASSED] - tap: Tapped on element 'Object Repository/MarketVisiting/SaveMarketVisitButton'

2018-06-08 00:19:34 - [MESSAGE][WARNING] - Timeout '0' is invalid. Using default page load timeout: '30'

2018-06-08 00:19:35 - [MESSAGE][PASSED] - Tapped on element 'Object Repository/MarketVisiting/SaveMarketVisitButton'

2018-06-08 00:19:35 - [TEST_STEP][PASSED] - delay: Delayed 2 second(s)

2018-06-08 00:19:37 - [MESSAGE][PASSED] - Delayed 2 second(s)

2018-06-08 00:19:37 - [TEST_STEP][PASSED] - verifyElementExist: Element 'Object Repository/MarketVisiting/Validate_ShopListScreen' is exist

2018-06-08 00:19:37 - [MESSAGE][WARNING] - Timeout '0' is invalid. Using default page load timeout: '30'

2018-06-08 00:19:37 - [MESSAGE][PASSED] - Element 'Object Repository/MarketVisiting/Validate_ShopListScreen' is exist

2018-06-08 00:19:37 - [TEST_STEP][PASSED] - delay: Delayed 1 second(s)

2018-06-08 00:19:38 - [MESSAGE][PASSED] - Delayed 1 second(s)]]></system-out>
         <system-err><![CDATA[]]></system-err>
      </testcase>
      <testcase name="Test Cases/MarketVisit/BackToMainScreen" classname="Test Cases/MarketVisit/BackToMainScreen" status="PASSED">
         <system-out><![CDATA[2018-06-08 00:19:38 - [TEST_CASE][PASSED] - Test Cases/MarketVisit/BackToMainScreen: Test Cases/MarketVisit/BackToMainScreen

2018-06-08 00:19:38 - [TEST_STEP][PASSED] - verifyElementExist: Element 'Object Repository/MarketVisiting/Validate_ShopListScreen' is exist

2018-06-08 00:19:38 - [MESSAGE][WARNING] - Timeout '0' is invalid. Using default page load timeout: '30'

2018-06-08 00:19:38 - [MESSAGE][PASSED] - Element 'Object Repository/MarketVisiting/Validate_ShopListScreen' is exist

2018-06-08 00:19:38 - [TEST_STEP][PASSED] - delay: Delayed 1 second(s)

2018-06-08 00:19:39 - [MESSAGE][PASSED] - Delayed 1 second(s)

2018-06-08 00:19:39 - [TEST_STEP][PASSED] - tap: Tapped on element 'Object Repository/MarketVisiting/ShopsList_BackButton'

2018-06-08 00:19:39 - [MESSAGE][WARNING] - Timeout '0' is invalid. Using default page load timeout: '30'

2018-06-08 00:19:40 - [MESSAGE][PASSED] - Tapped on element 'Object Repository/MarketVisiting/ShopsList_BackButton'

2018-06-08 00:19:40 - [TEST_STEP][PASSED] - delay: Delayed 1 second(s)

2018-06-08 00:19:41 - [MESSAGE][PASSED] - Delayed 1 second(s)

2018-06-08 00:19:41 - [TEST_STEP][PASSED] - verifyElementText: Actual text and expected text of test object 'Object Repository/MarketVisiting/Validate_ProgramsScreen' are matched.

2018-06-08 00:19:41 - [MESSAGE][PASSED] - Actual text and expected text of test object 'Object Repository/MarketVisiting/Validate_ProgramsScreen' are matched.

2018-06-08 00:19:41 - [TEST_STEP][PASSED] - delay: Delayed 1 second(s)

2018-06-08 00:19:42 - [MESSAGE][PASSED] - Delayed 1 second(s)

2018-06-08 00:19:42 - [TEST_STEP][PASSED] - tap: Tapped on element 'Object Repository/MarketVisiting/Programs_BackButton'

2018-06-08 00:19:42 - [MESSAGE][WARNING] - Timeout '0' is invalid. Using default page load timeout: '30'

2018-06-08 00:19:46 - [MESSAGE][PASSED] - Tapped on element 'Object Repository/MarketVisiting/Programs_BackButton'

2018-06-08 00:19:46 - [TEST_STEP][PASSED] - delay: Delayed 1 second(s)

2018-06-08 00:19:47 - [MESSAGE][PASSED] - Delayed 1 second(s)

2018-06-08 00:19:47 - [TEST_STEP][PASSED] - verifyElementExist: Element 'Object Repository/MainScreenEelements/Validate_ApplicationMainScreen' is exist

2018-06-08 00:19:47 - [MESSAGE][WARNING] - Timeout '0' is invalid. Using default page load timeout: '30'

2018-06-08 00:19:47 - [MESSAGE][PASSED] - Element 'Object Repository/MainScreenEelements/Validate_ApplicationMainScreen' is exist

2018-06-08 00:19:47 - [TEST_STEP][PASSED] - delay: Delayed 1 second(s)

2018-06-08 00:19:48 - [MESSAGE][PASSED] - Delayed 1 second(s)]]></system-out>
         <system-err><![CDATA[]]></system-err>
      </testcase>
      <testcase name="Test Cases/TrainingUpdates/VisitTrainingUpdates" classname="Test Cases/TrainingUpdates/VisitTrainingUpdates" status="PASSED">
         <system-out><![CDATA[2018-06-08 00:19:48 - [TEST_CASE][PASSED] - Test Cases/TrainingUpdates/VisitTrainingUpdates: Test Cases/TrainingUpdates/VisitTrainingUpdates

2018-06-08 00:19:48 - [TEST_STEP][PASSED] - tap: Tapped on element 'Object Repository/MainScreenEelements/TrainingUpdates'

2018-06-08 00:19:48 - [MESSAGE][WARNING] - Timeout '0' is invalid. Using default page load timeout: '30'

2018-06-08 00:19:49 - [MESSAGE][PASSED] - Tapped on element 'Object Repository/MainScreenEelements/TrainingUpdates'

2018-06-08 00:19:49 - [TEST_STEP][PASSED] - delay: Delayed 1 second(s)

2018-06-08 00:19:50 - [MESSAGE][PASSED] - Delayed 1 second(s)

2018-06-08 00:19:50 - [TEST_STEP][PASSED] - waitForElementPresent: Element 'Object Repository/TrainingUpdates/Validate_TrainingUpdatesScreen' is present

2018-06-08 00:19:50 - [MESSAGE][WARNING] - Timeout '0' is invalid. Using default page load timeout: '30'

2018-06-08 00:19:52 - [MESSAGE][PASSED] - Element 'Object Repository/TrainingUpdates/Validate_TrainingUpdatesScreen' is present

2018-06-08 00:19:52 - [TEST_STEP][PASSED] - delay: Delayed 1 second(s)

2018-06-08 00:19:53 - [MESSAGE][PASSED] - Delayed 1 second(s)

2018-06-08 00:19:53 - [TEST_STEP][PASSED] - verifyElementExist: Element 'Object Repository/TrainingUpdates/Validate_TrainingUpdatesScreen' is exist

2018-06-08 00:19:53 - [MESSAGE][WARNING] - Timeout '0' is invalid. Using default page load timeout: '30'

2018-06-08 00:19:54 - [MESSAGE][PASSED] - Element 'Object Repository/TrainingUpdates/Validate_TrainingUpdatesScreen' is exist

2018-06-08 00:19:54 - [TEST_STEP][PASSED] - delay: Delayed 1 second(s)

2018-06-08 00:19:55 - [MESSAGE][PASSED] - Delayed 1 second(s)

2018-06-08 00:19:55 - [TEST_STEP][PASSED] - tap: Tapped on element 'Object Repository/TrainingUpdates/DSFTrainingStats/DSFTrainingStats'

2018-06-08 00:19:55 - [MESSAGE][WARNING] - Timeout '0' is invalid. Using default page load timeout: '30'

2018-06-08 00:19:55 - [MESSAGE][PASSED] - Tapped on element 'Object Repository/TrainingUpdates/DSFTrainingStats/DSFTrainingStats'

2018-06-08 00:19:55 - [TEST_STEP][PASSED] - delay: Delayed 1 second(s)

2018-06-08 00:19:56 - [MESSAGE][PASSED] - Delayed 1 second(s)

2018-06-08 00:19:56 - [TEST_STEP][PASSED] - verifyElementExist: Element 'Object Repository/TrainingUpdates/DSFTrainingStats/Validate_DSFTrainingStats' is exist

2018-06-08 00:19:56 - [MESSAGE][WARNING] - Timeout '0' is invalid. Using default page load timeout: '30'

2018-06-08 00:19:57 - [MESSAGE][PASSED] - Element 'Object Repository/TrainingUpdates/DSFTrainingStats/Validate_DSFTrainingStats' is exist

2018-06-08 00:19:57 - [TEST_STEP][PASSED] - delay: Delayed 1 second(s)

2018-06-08 00:19:58 - [MESSAGE][PASSED] - Delayed 1 second(s)

2018-06-08 00:19:58 - [TEST_STEP][PASSED] - tap: Tapped on element 'Object Repository/TrainingUpdates/DSFTrainingStats/DSFTrainingStats_BackButton'

2018-06-08 00:19:58 - [MESSAGE][WARNING] - Timeout '0' is invalid. Using default page load timeout: '30'

2018-06-08 00:20:01 - [MESSAGE][PASSED] - Tapped on element 'Object Repository/TrainingUpdates/DSFTrainingStats/DSFTrainingStats_BackButton'

2018-06-08 00:20:01 - [TEST_STEP][PASSED] - delay: Delayed 1 second(s)

2018-06-08 00:20:02 - [MESSAGE][PASSED] - Delayed 1 second(s)

2018-06-08 00:20:02 - [TEST_STEP][PASSED] - verifyElementExist: Element 'Object Repository/TrainingUpdates/Validate_TrainingUpdatesScreen' is exist

2018-06-08 00:20:02 - [MESSAGE][WARNING] - Timeout '0' is invalid. Using default page load timeout: '30'

2018-06-08 00:20:02 - [MESSAGE][PASSED] - Element 'Object Repository/TrainingUpdates/Validate_TrainingUpdatesScreen' is exist

2018-06-08 00:20:02 - [TEST_STEP][PASSED] - delay: Delayed 1 second(s)

2018-06-08 00:20:03 - [MESSAGE][PASSED] - Delayed 1 second(s)

2018-06-08 00:20:03 - [TEST_STEP][PASSED] - tap: Tapped on element 'Object Repository/TrainingUpdates/CapabilityChampions/CapabilityChampions'

2018-06-08 00:20:03 - [MESSAGE][WARNING] - Timeout '0' is invalid. Using default page load timeout: '30'

2018-06-08 00:20:04 - [MESSAGE][PASSED] - Tapped on element 'Object Repository/TrainingUpdates/CapabilityChampions/CapabilityChampions'

2018-06-08 00:20:04 - [TEST_STEP][PASSED] - delay: Delayed 1 second(s)

2018-06-08 00:20:05 - [MESSAGE][PASSED] - Delayed 1 second(s)

2018-06-08 00:20:05 - [TEST_STEP][PASSED] - verifyElementExist: Element 'Object Repository/TrainingUpdates/CapabilityChampions/Validate_NationalZonalScreen' is exist

2018-06-08 00:20:05 - [MESSAGE][WARNING] - Timeout '0' is invalid. Using default page load timeout: '30'

2018-06-08 00:20:05 - [MESSAGE][PASSED] - Element 'Object Repository/TrainingUpdates/CapabilityChampions/Validate_NationalZonalScreen' is exist

2018-06-08 00:20:05 - [TEST_STEP][PASSED] - delay: Delayed 1 second(s)

2018-06-08 00:20:06 - [MESSAGE][PASSED] - Delayed 1 second(s)

2018-06-08 00:20:06 - [TEST_STEP][PASSED] - tap: Tapped on element 'Object Repository/TrainingUpdates/CapabilityChampions/NationalChampions'

2018-06-08 00:20:06 - [MESSAGE][WARNING] - Timeout '0' is invalid. Using default page load timeout: '30'

2018-06-08 00:20:07 - [MESSAGE][PASSED] - Tapped on element 'Object Repository/TrainingUpdates/CapabilityChampions/NationalChampions'

2018-06-08 00:20:07 - [TEST_STEP][PASSED] - delay: Delayed 1 second(s)

2018-06-08 00:20:08 - [MESSAGE][PASSED] - Delayed 1 second(s)

2018-06-08 00:20:08 - [TEST_STEP][PASSED] - verifyElementExist: Element 'Object Repository/TrainingUpdates/CapabilityChampions/Validate_ASMTSEScreen' is exist

2018-06-08 00:20:08 - [MESSAGE][WARNING] - Timeout '0' is invalid. Using default page load timeout: '30'

2018-06-08 00:20:08 - [MESSAGE][PASSED] - Element 'Object Repository/TrainingUpdates/CapabilityChampions/Validate_ASMTSEScreen' is exist

2018-06-08 00:20:08 - [TEST_STEP][PASSED] - delay: Delayed 1 second(s)

2018-06-08 00:20:09 - [MESSAGE][PASSED] - Delayed 1 second(s)

2018-06-08 00:20:09 - [TEST_STEP][PASSED] - tap: Tapped on element 'Object Repository/TrainingUpdates/CapabilityChampions/ASM'

2018-06-08 00:20:09 - [MESSAGE][WARNING] - Timeout '0' is invalid. Using default page load timeout: '30'

2018-06-08 00:20:10 - [MESSAGE][PASSED] - Tapped on element 'Object Repository/TrainingUpdates/CapabilityChampions/ASM'

2018-06-08 00:20:10 - [TEST_STEP][PASSED] - delay: Delayed 1 second(s)

2018-06-08 00:20:11 - [MESSAGE][PASSED] - Delayed 1 second(s)

2018-06-08 00:20:11 - [TEST_STEP][PASSED] - waitForElementPresent: Element 'Object Repository/TrainingUpdates/CapabilityChampions/Validate_NationalChampionsScreen' is present

2018-06-08 00:20:11 - [MESSAGE][WARNING] - Timeout '0' is invalid. Using default page load timeout: '30'

2018-06-08 00:20:41 - [MESSAGE][PASSED] - Element 'Object Repository/TrainingUpdates/CapabilityChampions/Validate_NationalChampionsScreen' is present

2018-06-08 00:20:41 - [TEST_STEP][PASSED] - delay: Delayed 1 second(s)

2018-06-08 00:20:42 - [MESSAGE][PASSED] - Delayed 1 second(s)

2018-06-08 00:20:42 - [TEST_STEP][PASSED] - verifyElementText: Actual text and expected text of test object 'Object Repository/TrainingUpdates/CapabilityChampions/Validate_NationalChampionsScreen' are matched.

2018-06-08 00:20:42 - [MESSAGE][PASSED] - Actual text and expected text of test object 'Object Repository/TrainingUpdates/CapabilityChampions/Validate_NationalChampionsScreen' are matched.

2018-06-08 00:20:42 - [TEST_STEP][PASSED] - delay: Delayed 1 second(s)

2018-06-08 00:20:43 - [MESSAGE][PASSED] - Delayed 1 second(s)

2018-06-08 00:20:43 - [TEST_STEP][PASSED] - tap: Tapped on element 'Object Repository/TrainingUpdates/CapabilityChampions/NationalChampions_BackButton'

2018-06-08 00:20:43 - [MESSAGE][WARNING] - Timeout '0' is invalid. Using default page load timeout: '30'

2018-06-08 00:20:46 - [MESSAGE][PASSED] - Tapped on element 'Object Repository/TrainingUpdates/CapabilityChampions/NationalChampions_BackButton'

2018-06-08 00:20:46 - [TEST_STEP][PASSED] - delay: Delayed 1 second(s)

2018-06-08 00:20:47 - [MESSAGE][PASSED] - Delayed 1 second(s)

2018-06-08 00:20:47 - [TEST_STEP][PASSED] - verifyElementExist: Element 'Object Repository/TrainingUpdates/CapabilityChampions/Validate_ASMTSEScreen' is exist

2018-06-08 00:20:47 - [MESSAGE][WARNING] - Timeout '0' is invalid. Using default page load timeout: '30'

2018-06-08 00:20:47 - [MESSAGE][PASSED] - Element 'Object Repository/TrainingUpdates/CapabilityChampions/Validate_ASMTSEScreen' is exist

2018-06-08 00:20:47 - [TEST_STEP][PASSED] - delay: Delayed 1 second(s)

2018-06-08 00:20:48 - [MESSAGE][PASSED] - Delayed 1 second(s)

2018-06-08 00:20:48 - [TEST_STEP][PASSED] - tap: Tapped on element 'Object Repository/TrainingUpdates/CapabilityChampions/TSE'

2018-06-08 00:20:48 - [MESSAGE][WARNING] - Timeout '0' is invalid. Using default page load timeout: '30'

2018-06-08 00:20:49 - [MESSAGE][PASSED] - Tapped on element 'Object Repository/TrainingUpdates/CapabilityChampions/TSE'

2018-06-08 00:20:49 - [TEST_STEP][PASSED] - delay: Delayed 1 second(s)

2018-06-08 00:20:50 - [MESSAGE][PASSED] - Delayed 1 second(s)

2018-06-08 00:20:50 - [TEST_STEP][PASSED] - waitForElementPresent: Element 'Object Repository/TrainingUpdates/CapabilityChampions/Validate_NationalChampionsScreen' is present

2018-06-08 00:20:50 - [MESSAGE][WARNING] - Timeout '0' is invalid. Using default page load timeout: '30'

2018-06-08 00:20:53 - [MESSAGE][PASSED] - Element 'Object Repository/TrainingUpdates/CapabilityChampions/Validate_NationalChampionsScreen' is present

2018-06-08 00:20:53 - [TEST_STEP][PASSED] - delay: Delayed 1 second(s)

2018-06-08 00:20:54 - [MESSAGE][PASSED] - Delayed 1 second(s)

2018-06-08 00:20:54 - [TEST_STEP][PASSED] - verifyElementText: Actual text and expected text of test object 'Object Repository/TrainingUpdates/CapabilityChampions/Validate_NationalChampionsScreen' are matched.

2018-06-08 00:20:54 - [MESSAGE][PASSED] - Actual text and expected text of test object 'Object Repository/TrainingUpdates/CapabilityChampions/Validate_NationalChampionsScreen' are matched.

2018-06-08 00:20:54 - [TEST_STEP][PASSED] - delay: Delayed 1 second(s)

2018-06-08 00:20:55 - [MESSAGE][PASSED] - Delayed 1 second(s)

2018-06-08 00:20:55 - [TEST_STEP][PASSED] - tap: Tapped on element 'Object Repository/TrainingUpdates/CapabilityChampions/NationalChampions_BackButton'

2018-06-08 00:20:55 - [MESSAGE][WARNING] - Timeout '0' is invalid. Using default page load timeout: '30'

2018-06-08 00:20:58 - [MESSAGE][PASSED] - Tapped on element 'Object Repository/TrainingUpdates/CapabilityChampions/NationalChampions_BackButton'

2018-06-08 00:20:58 - [TEST_STEP][PASSED] - delay: Delayed 1 second(s)

2018-06-08 00:20:59 - [MESSAGE][PASSED] - Delayed 1 second(s)

2018-06-08 00:20:59 - [TEST_STEP][PASSED] - verifyElementExist: Element 'Object Repository/TrainingUpdates/CapabilityChampions/Validate_ASMTSEScreen' is exist

2018-06-08 00:20:59 - [MESSAGE][WARNING] - Timeout '0' is invalid. Using default page load timeout: '30'

2018-06-08 00:20:59 - [MESSAGE][PASSED] - Element 'Object Repository/TrainingUpdates/CapabilityChampions/Validate_ASMTSEScreen' is exist

2018-06-08 00:20:59 - [TEST_STEP][PASSED] - delay: Delayed 1 second(s)

2018-06-08 00:21:00 - [MESSAGE][PASSED] - Delayed 1 second(s)

2018-06-08 00:21:00 - [TEST_STEP][PASSED] - pressBack: Press back button successfully

2018-06-08 00:21:01 - [MESSAGE][PASSED] - Press back button successfully

2018-06-08 00:21:01 - [TEST_STEP][PASSED] - delay: Delayed 1 second(s)

2018-06-08 00:21:02 - [MESSAGE][PASSED] - Delayed 1 second(s)

2018-06-08 00:21:02 - [TEST_STEP][PASSED] - verifyElementExist: Element 'Object Repository/TrainingUpdates/CapabilityChampions/Validate_NationalZonalScreen' is exist

2018-06-08 00:21:02 - [MESSAGE][WARNING] - Timeout '0' is invalid. Using default page load timeout: '30'

2018-06-08 00:21:02 - [MESSAGE][PASSED] - Element 'Object Repository/TrainingUpdates/CapabilityChampions/Validate_NationalZonalScreen' is exist

2018-06-08 00:21:02 - [TEST_STEP][PASSED] - delay: Delayed 1 second(s)

2018-06-08 00:21:03 - [MESSAGE][PASSED] - Delayed 1 second(s)

2018-06-08 00:21:03 - [TEST_STEP][PASSED] - tap: Tapped on element 'Object Repository/TrainingUpdates/CapabilityChampions/ZonalChampions'

2018-06-08 00:21:03 - [MESSAGE][WARNING] - Timeout '0' is invalid. Using default page load timeout: '30'

2018-06-08 00:21:03 - [MESSAGE][PASSED] - Tapped on element 'Object Repository/TrainingUpdates/CapabilityChampions/ZonalChampions'

2018-06-08 00:21:04 - [TEST_STEP][PASSED] - delay: Delayed 1 second(s)

2018-06-08 00:21:05 - [MESSAGE][PASSED] - Delayed 1 second(s)

2018-06-08 00:21:05 - [TEST_STEP][PASSED] - verifyElementExist: Element 'Object Repository/TrainingUpdates/CapabilityChampions/Validate_CenterSouthNorthScreen' is exist

2018-06-08 00:21:05 - [MESSAGE][WARNING] - Timeout '0' is invalid. Using default page load timeout: '30'

2018-06-08 00:21:05 - [MESSAGE][PASSED] - Element 'Object Repository/TrainingUpdates/CapabilityChampions/Validate_CenterSouthNorthScreen' is exist

2018-06-08 00:21:05 - [TEST_STEP][PASSED] - delay: Delayed 1 second(s)

2018-06-08 00:21:06 - [MESSAGE][PASSED] - Delayed 1 second(s)

2018-06-08 00:21:06 - [TEST_STEP][PASSED] - customkeywordscollection.CustomKeywords.visitAsmTseZoneForZonalChampions: customkeywordscollection.CustomKeywords.visitAsmTseZoneForZonalChampions is PASSED

2018-06-08 00:21:07 - [MESSAGE][PASSED] - Delayed 1 second(s)

2018-06-08 00:21:08 - [TEST_CASE][PASSED] - Test Cases/TrainingUpdates/VisitAsmTseForZonalChampions: Test Cases/TrainingUpdates/VisitAsmTseForZonalChampions

2018-06-08 00:21:08 - [TEST_STEP][PASSED] - verifyElementExist: Element 'Object Repository/TrainingUpdates/CapabilityChampions/Validate_ASMTSEScreen' is exist

2018-06-08 00:21:08 - [MESSAGE][WARNING] - Timeout '0' is invalid. Using default page load timeout: '30'

2018-06-08 00:21:08 - [MESSAGE][PASSED] - Element 'Object Repository/TrainingUpdates/CapabilityChampions/Validate_ASMTSEScreen' is exist

2018-06-08 00:21:08 - [TEST_STEP][PASSED] - delay: Delayed 1 second(s)

2018-06-08 00:21:09 - [MESSAGE][PASSED] - Delayed 1 second(s)

2018-06-08 00:21:09 - [TEST_STEP][PASSED] - tap: Tapped on element 'Object Repository/TrainingUpdates/CapabilityChampions/ASM'

2018-06-08 00:21:09 - [MESSAGE][WARNING] - Timeout '0' is invalid. Using default page load timeout: '30'

2018-06-08 00:21:09 - [MESSAGE][PASSED] - Tapped on element 'Object Repository/TrainingUpdates/CapabilityChampions/ASM'

2018-06-08 00:21:09 - [TEST_STEP][PASSED] - delay: Delayed 1 second(s)

2018-06-08 00:21:10 - [MESSAGE][PASSED] - Delayed 1 second(s)

2018-06-08 00:21:10 - [TEST_STEP][PASSED] - waitForElementPresent: Element 'Object Repository/TrainingUpdates/CapabilityChampions/Validate_ZonalChampionsScreen' is present

2018-06-08 00:21:10 - [MESSAGE][WARNING] - Timeout '0' is invalid. Using default page load timeout: '30'

2018-06-08 00:21:24 - [MESSAGE][PASSED] - Element 'Object Repository/TrainingUpdates/CapabilityChampions/Validate_ZonalChampionsScreen' is present

2018-06-08 00:21:24 - [TEST_STEP][PASSED] - delay: Delayed 1 second(s)

2018-06-08 00:21:25 - [MESSAGE][PASSED] - Delayed 1 second(s)

2018-06-08 00:21:25 - [TEST_STEP][PASSED] - verifyElementText: Actual text and expected text of test object 'Object Repository/TrainingUpdates/CapabilityChampions/Validate_ZonalChampionsScreen' are matched.

2018-06-08 00:21:25 - [MESSAGE][PASSED] - Actual text and expected text of test object 'Object Repository/TrainingUpdates/CapabilityChampions/Validate_ZonalChampionsScreen' are matched.

2018-06-08 00:21:25 - [TEST_STEP][PASSED] - delay: Delayed 1 second(s)

2018-06-08 00:21:26 - [MESSAGE][PASSED] - Delayed 1 second(s)

2018-06-08 00:21:26 - [TEST_STEP][PASSED] - tap: Tapped on element 'Object Repository/TrainingUpdates/CapabilityChampions/ZonalChampions_BackButton'

2018-06-08 00:21:26 - [MESSAGE][WARNING] - Timeout '0' is invalid. Using default page load timeout: '30'

2018-06-08 00:21:30 - [MESSAGE][PASSED] - Tapped on element 'Object Repository/TrainingUpdates/CapabilityChampions/ZonalChampions_BackButton'

2018-06-08 00:21:30 - [TEST_STEP][PASSED] - delay: Delayed 1 second(s)

2018-06-08 00:21:31 - [MESSAGE][PASSED] - Delayed 1 second(s)

2018-06-08 00:21:31 - [TEST_STEP][PASSED] - verifyElementExist: Element 'Object Repository/TrainingUpdates/CapabilityChampions/Validate_ASMTSEScreen' is exist

2018-06-08 00:21:31 - [MESSAGE][WARNING] - Timeout '0' is invalid. Using default page load timeout: '30'

2018-06-08 00:21:31 - [MESSAGE][PASSED] - Element 'Object Repository/TrainingUpdates/CapabilityChampions/Validate_ASMTSEScreen' is exist

2018-06-08 00:21:31 - [TEST_STEP][PASSED] - delay: Delayed 1 second(s)

2018-06-08 00:21:32 - [MESSAGE][PASSED] - Delayed 1 second(s)

2018-06-08 00:21:32 - [TEST_STEP][PASSED] - tap: Tapped on element 'Object Repository/TrainingUpdates/CapabilityChampions/TSE'

2018-06-08 00:21:32 - [MESSAGE][WARNING] - Timeout '0' is invalid. Using default page load timeout: '30'

2018-06-08 00:21:32 - [MESSAGE][PASSED] - Tapped on element 'Object Repository/TrainingUpdates/CapabilityChampions/TSE'

2018-06-08 00:21:32 - [TEST_STEP][PASSED] - delay: Delayed 1 second(s)

2018-06-08 00:21:33 - [MESSAGE][PASSED] - Delayed 1 second(s)

2018-06-08 00:21:33 - [TEST_STEP][PASSED] - waitForElementPresent: Element 'Object Repository/TrainingUpdates/CapabilityChampions/Validate_ZonalChampionsScreen' is present

2018-06-08 00:21:33 - [MESSAGE][WARNING] - Timeout '0' is invalid. Using default page load timeout: '30'

2018-06-08 00:21:36 - [MESSAGE][PASSED] - Element 'Object Repository/TrainingUpdates/CapabilityChampions/Validate_ZonalChampionsScreen' is present

2018-06-08 00:21:36 - [TEST_STEP][PASSED] - delay: Delayed 1 second(s)

2018-06-08 00:21:37 - [MESSAGE][PASSED] - Delayed 1 second(s)

2018-06-08 00:21:37 - [TEST_STEP][PASSED] - verifyElementText: Actual text and expected text of test object 'Object Repository/TrainingUpdates/CapabilityChampions/Validate_ZonalChampionsScreen' are matched.

2018-06-08 00:21:37 - [MESSAGE][PASSED] - Actual text and expected text of test object 'Object Repository/TrainingUpdates/CapabilityChampions/Validate_ZonalChampionsScreen' are matched.

2018-06-08 00:21:37 - [TEST_STEP][PASSED] - delay: Delayed 1 second(s)

2018-06-08 00:21:38 - [MESSAGE][PASSED] - Delayed 1 second(s)

2018-06-08 00:21:38 - [TEST_STEP][PASSED] - tap: Tapped on element 'Object Repository/TrainingUpdates/CapabilityChampions/ZonalChampions_BackButton'

2018-06-08 00:21:38 - [MESSAGE][WARNING] - Timeout '0' is invalid. Using default page load timeout: '30'

2018-06-08 00:21:41 - [MESSAGE][PASSED] - Tapped on element 'Object Repository/TrainingUpdates/CapabilityChampions/ZonalChampions_BackButton'

2018-06-08 00:21:41 - [TEST_STEP][PASSED] - delay: Delayed 1 second(s)

2018-06-08 00:21:42 - [MESSAGE][PASSED] - Delayed 1 second(s)

2018-06-08 00:21:42 - [TEST_STEP][PASSED] - verifyElementExist: Element 'Object Repository/TrainingUpdates/CapabilityChampions/Validate_ASMTSEScreen' is exist

2018-06-08 00:21:42 - [MESSAGE][WARNING] - Timeout '0' is invalid. Using default page load timeout: '30'

2018-06-08 00:21:42 - [MESSAGE][PASSED] - Element 'Object Repository/TrainingUpdates/CapabilityChampions/Validate_ASMTSEScreen' is exist

2018-06-08 00:21:42 - [TEST_STEP][PASSED] - delay: Delayed 1 second(s)

2018-06-08 00:21:43 - [MESSAGE][PASSED] - Delayed 1 second(s)

2018-06-08 00:21:43 - [TEST_STEP][PASSED] - pressBack: Press back button successfully

2018-06-08 00:21:44 - [MESSAGE][PASSED] - Press back button successfully

2018-06-08 00:21:44 - [TEST_STEP][PASSED] - delay: Delayed 1 second(s)

2018-06-08 00:21:45 - [MESSAGE][PASSED] - Delayed 1 second(s)

2018-06-08 00:21:45 - [TEST_STEP][PASSED] - verifyElementExist: Element 'Object Repository/TrainingUpdates/CapabilityChampions/Validate_CenterSouthNorthScreen' is exist

2018-06-08 00:21:45 - [MESSAGE][WARNING] - Timeout '0' is invalid. Using default page load timeout: '30'

2018-06-08 00:21:45 - [MESSAGE][PASSED] - Element 'Object Repository/TrainingUpdates/CapabilityChampions/Validate_CenterSouthNorthScreen' is exist

2018-06-08 00:21:45 - [TEST_STEP][PASSED] - delay: Delayed 1 second(s)

2018-06-08 00:21:46 - [MESSAGE][PASSED] - Delayed 1 second(s)

2018-06-08 00:21:46 - [MESSAGE][PASSED] - Call Test Case 'Test Cases/TrainingUpdates/VisitAsmTseForZonalChampions' successfully

2018-06-08 00:21:48 - [MESSAGE][PASSED] - Delayed 1 second(s)

2018-06-08 00:21:48 - [TEST_CASE][PASSED] - Test Cases/TrainingUpdates/VisitAsmTseForZonalChampions: Test Cases/TrainingUpdates/VisitAsmTseForZonalChampions

2018-06-08 00:21:48 - [TEST_STEP][PASSED] - verifyElementExist: Element 'Object Repository/TrainingUpdates/CapabilityChampions/Validate_ASMTSEScreen' is exist

2018-06-08 00:21:48 - [MESSAGE][WARNING] - Timeout '0' is invalid. Using default page load timeout: '30'

2018-06-08 00:21:48 - [MESSAGE][PASSED] - Element 'Object Repository/TrainingUpdates/CapabilityChampions/Validate_ASMTSEScreen' is exist

2018-06-08 00:21:48 - [TEST_STEP][PASSED] - delay: Delayed 1 second(s)

2018-06-08 00:21:49 - [MESSAGE][PASSED] - Delayed 1 second(s)

2018-06-08 00:21:49 - [TEST_STEP][PASSED] - tap: Tapped on element 'Object Repository/TrainingUpdates/CapabilityChampions/ASM'

2018-06-08 00:21:49 - [MESSAGE][WARNING] - Timeout '0' is invalid. Using default page load timeout: '30'

2018-06-08 00:21:49 - [MESSAGE][PASSED] - Tapped on element 'Object Repository/TrainingUpdates/CapabilityChampions/ASM'

2018-06-08 00:21:49 - [TEST_STEP][PASSED] - delay: Delayed 1 second(s)

2018-06-08 00:21:50 - [MESSAGE][PASSED] - Delayed 1 second(s)

2018-06-08 00:21:50 - [TEST_STEP][PASSED] - waitForElementPresent: Element 'Object Repository/TrainingUpdates/CapabilityChampions/Validate_ZonalChampionsScreen' is present

2018-06-08 00:21:50 - [MESSAGE][WARNING] - Timeout '0' is invalid. Using default page load timeout: '30'

2018-06-08 00:22:01 - [MESSAGE][PASSED] - Element 'Object Repository/TrainingUpdates/CapabilityChampions/Validate_ZonalChampionsScreen' is present

2018-06-08 00:22:01 - [TEST_STEP][PASSED] - delay: Delayed 1 second(s)

2018-06-08 00:22:02 - [MESSAGE][PASSED] - Delayed 1 second(s)

2018-06-08 00:22:02 - [TEST_STEP][PASSED] - verifyElementText: Actual text and expected text of test object 'Object Repository/TrainingUpdates/CapabilityChampions/Validate_ZonalChampionsScreen' are matched.

2018-06-08 00:22:02 - [MESSAGE][PASSED] - Actual text and expected text of test object 'Object Repository/TrainingUpdates/CapabilityChampions/Validate_ZonalChampionsScreen' are matched.

2018-06-08 00:22:02 - [TEST_STEP][PASSED] - delay: Delayed 1 second(s)

2018-06-08 00:22:03 - [MESSAGE][PASSED] - Delayed 1 second(s)

2018-06-08 00:22:03 - [TEST_STEP][PASSED] - tap: Tapped on element 'Object Repository/TrainingUpdates/CapabilityChampions/ZonalChampions_BackButton'

2018-06-08 00:22:03 - [MESSAGE][WARNING] - Timeout '0' is invalid. Using default page load timeout: '30'

2018-06-08 00:22:07 - [MESSAGE][PASSED] - Tapped on element 'Object Repository/TrainingUpdates/CapabilityChampions/ZonalChampions_BackButton'

2018-06-08 00:22:07 - [TEST_STEP][PASSED] - delay: Delayed 1 second(s)

2018-06-08 00:22:08 - [MESSAGE][PASSED] - Delayed 1 second(s)

2018-06-08 00:22:08 - [TEST_STEP][PASSED] - verifyElementExist: Element 'Object Repository/TrainingUpdates/CapabilityChampions/Validate_ASMTSEScreen' is exist

2018-06-08 00:22:08 - [MESSAGE][WARNING] - Timeout '0' is invalid. Using default page load timeout: '30'

2018-06-08 00:22:08 - [MESSAGE][PASSED] - Element 'Object Repository/TrainingUpdates/CapabilityChampions/Validate_ASMTSEScreen' is exist

2018-06-08 00:22:08 - [TEST_STEP][PASSED] - delay: Delayed 1 second(s)

2018-06-08 00:22:09 - [MESSAGE][PASSED] - Delayed 1 second(s)

2018-06-08 00:22:09 - [TEST_STEP][PASSED] - tap: Tapped on element 'Object Repository/TrainingUpdates/CapabilityChampions/TSE'

2018-06-08 00:22:09 - [MESSAGE][WARNING] - Timeout '0' is invalid. Using default page load timeout: '30'

2018-06-08 00:22:09 - [MESSAGE][PASSED] - Tapped on element 'Object Repository/TrainingUpdates/CapabilityChampions/TSE'

2018-06-08 00:22:09 - [TEST_STEP][PASSED] - delay: Delayed 1 second(s)

2018-06-08 00:22:10 - [MESSAGE][PASSED] - Delayed 1 second(s)

2018-06-08 00:22:10 - [TEST_STEP][PASSED] - waitForElementPresent: Element 'Object Repository/TrainingUpdates/CapabilityChampions/Validate_ZonalChampionsScreen' is present

2018-06-08 00:22:10 - [MESSAGE][WARNING] - Timeout '0' is invalid. Using default page load timeout: '30'

2018-06-08 00:22:12 - [MESSAGE][PASSED] - Element 'Object Repository/TrainingUpdates/CapabilityChampions/Validate_ZonalChampionsScreen' is present

2018-06-08 00:22:12 - [TEST_STEP][PASSED] - delay: Delayed 1 second(s)

2018-06-08 00:22:13 - [MESSAGE][PASSED] - Delayed 1 second(s)

2018-06-08 00:22:13 - [TEST_STEP][PASSED] - verifyElementText: Actual text and expected text of test object 'Object Repository/TrainingUpdates/CapabilityChampions/Validate_ZonalChampionsScreen' are matched.

2018-06-08 00:22:13 - [MESSAGE][PASSED] - Actual text and expected text of test object 'Object Repository/TrainingUpdates/CapabilityChampions/Validate_ZonalChampionsScreen' are matched.

2018-06-08 00:22:13 - [TEST_STEP][PASSED] - delay: Delayed 1 second(s)

2018-06-08 00:22:14 - [MESSAGE][PASSED] - Delayed 1 second(s)

2018-06-08 00:22:14 - [TEST_STEP][PASSED] - tap: Tapped on element 'Object Repository/TrainingUpdates/CapabilityChampions/ZonalChampions_BackButton'

2018-06-08 00:22:14 - [MESSAGE][WARNING] - Timeout '0' is invalid. Using default page load timeout: '30'

2018-06-08 00:22:18 - [MESSAGE][PASSED] - Tapped on element 'Object Repository/TrainingUpdates/CapabilityChampions/ZonalChampions_BackButton'

2018-06-08 00:22:18 - [TEST_STEP][PASSED] - delay: Delayed 1 second(s)

2018-06-08 00:22:19 - [MESSAGE][PASSED] - Delayed 1 second(s)

2018-06-08 00:22:19 - [TEST_STEP][PASSED] - verifyElementExist: Element 'Object Repository/TrainingUpdates/CapabilityChampions/Validate_ASMTSEScreen' is exist

2018-06-08 00:22:19 - [MESSAGE][WARNING] - Timeout '0' is invalid. Using default page load timeout: '30'

2018-06-08 00:22:19 - [MESSAGE][PASSED] - Element 'Object Repository/TrainingUpdates/CapabilityChampions/Validate_ASMTSEScreen' is exist

2018-06-08 00:22:19 - [TEST_STEP][PASSED] - delay: Delayed 1 second(s)

2018-06-08 00:22:20 - [MESSAGE][PASSED] - Delayed 1 second(s)

2018-06-08 00:22:20 - [TEST_STEP][PASSED] - pressBack: Press back button successfully

2018-06-08 00:22:20 - [MESSAGE][PASSED] - Press back button successfully

2018-06-08 00:22:20 - [TEST_STEP][PASSED] - delay: Delayed 1 second(s)

2018-06-08 00:22:21 - [MESSAGE][PASSED] - Delayed 1 second(s)

2018-06-08 00:22:21 - [TEST_STEP][PASSED] - verifyElementExist: Element 'Object Repository/TrainingUpdates/CapabilityChampions/Validate_CenterSouthNorthScreen' is exist

2018-06-08 00:22:21 - [MESSAGE][WARNING] - Timeout '0' is invalid. Using default page load timeout: '30'

2018-06-08 00:22:21 - [MESSAGE][PASSED] - Element 'Object Repository/TrainingUpdates/CapabilityChampions/Validate_CenterSouthNorthScreen' is exist

2018-06-08 00:22:21 - [TEST_STEP][PASSED] - delay: Delayed 1 second(s)

2018-06-08 00:22:22 - [MESSAGE][PASSED] - Delayed 1 second(s)

2018-06-08 00:22:22 - [MESSAGE][PASSED] - Call Test Case 'Test Cases/TrainingUpdates/VisitAsmTseForZonalChampions' successfully

2018-06-08 00:22:24 - [MESSAGE][PASSED] - Delayed 1 second(s)

2018-06-08 00:22:24 - [TEST_CASE][PASSED] - Test Cases/TrainingUpdates/VisitAsmTseForZonalChampions: Test Cases/TrainingUpdates/VisitAsmTseForZonalChampions

2018-06-08 00:22:24 - [TEST_STEP][PASSED] - verifyElementExist: Element 'Object Repository/TrainingUpdates/CapabilityChampions/Validate_ASMTSEScreen' is exist

2018-06-08 00:22:24 - [MESSAGE][WARNING] - Timeout '0' is invalid. Using default page load timeout: '30'

2018-06-08 00:22:24 - [MESSAGE][PASSED] - Element 'Object Repository/TrainingUpdates/CapabilityChampions/Validate_ASMTSEScreen' is exist

2018-06-08 00:22:24 - [TEST_STEP][PASSED] - delay: Delayed 1 second(s)

2018-06-08 00:22:25 - [MESSAGE][PASSED] - Delayed 1 second(s)

2018-06-08 00:22:25 - [TEST_STEP][PASSED] - tap: Tapped on element 'Object Repository/TrainingUpdates/CapabilityChampions/ASM'

2018-06-08 00:22:25 - [MESSAGE][WARNING] - Timeout '0' is invalid. Using default page load timeout: '30'

2018-06-08 00:22:26 - [MESSAGE][PASSED] - Tapped on element 'Object Repository/TrainingUpdates/CapabilityChampions/ASM'

2018-06-08 00:22:26 - [TEST_STEP][PASSED] - delay: Delayed 1 second(s)

2018-06-08 00:22:27 - [MESSAGE][PASSED] - Delayed 1 second(s)

2018-06-08 00:22:27 - [TEST_STEP][PASSED] - waitForElementPresent: Element 'Object Repository/TrainingUpdates/CapabilityChampions/Validate_ZonalChampionsScreen' is present

2018-06-08 00:22:27 - [MESSAGE][WARNING] - Timeout '0' is invalid. Using default page load timeout: '30'

2018-06-08 00:22:36 - [MESSAGE][PASSED] - Element 'Object Repository/TrainingUpdates/CapabilityChampions/Validate_ZonalChampionsScreen' is present

2018-06-08 00:22:36 - [TEST_STEP][PASSED] - delay: Delayed 1 second(s)

2018-06-08 00:22:37 - [MESSAGE][PASSED] - Delayed 1 second(s)

2018-06-08 00:22:37 - [TEST_STEP][PASSED] - verifyElementText: Actual text and expected text of test object 'Object Repository/TrainingUpdates/CapabilityChampions/Validate_ZonalChampionsScreen' are matched.

2018-06-08 00:22:38 - [MESSAGE][PASSED] - Actual text and expected text of test object 'Object Repository/TrainingUpdates/CapabilityChampions/Validate_ZonalChampionsScreen' are matched.

2018-06-08 00:22:38 - [TEST_STEP][PASSED] - delay: Delayed 1 second(s)

2018-06-08 00:22:39 - [MESSAGE][PASSED] - Delayed 1 second(s)

2018-06-08 00:22:39 - [TEST_STEP][PASSED] - tap: Tapped on element 'Object Repository/TrainingUpdates/CapabilityChampions/ZonalChampions_BackButton'

2018-06-08 00:22:39 - [MESSAGE][WARNING] - Timeout '0' is invalid. Using default page load timeout: '30'

2018-06-08 00:22:42 - [MESSAGE][PASSED] - Tapped on element 'Object Repository/TrainingUpdates/CapabilityChampions/ZonalChampions_BackButton'

2018-06-08 00:22:42 - [TEST_STEP][PASSED] - delay: Delayed 1 second(s)

2018-06-08 00:22:43 - [MESSAGE][PASSED] - Delayed 1 second(s)

2018-06-08 00:22:43 - [TEST_STEP][PASSED] - verifyElementExist: Element 'Object Repository/TrainingUpdates/CapabilityChampions/Validate_ASMTSEScreen' is exist

2018-06-08 00:22:43 - [MESSAGE][WARNING] - Timeout '0' is invalid. Using default page load timeout: '30'

2018-06-08 00:22:43 - [MESSAGE][PASSED] - Element 'Object Repository/TrainingUpdates/CapabilityChampions/Validate_ASMTSEScreen' is exist

2018-06-08 00:22:43 - [TEST_STEP][PASSED] - delay: Delayed 1 second(s)

2018-06-08 00:22:44 - [MESSAGE][PASSED] - Delayed 1 second(s)

2018-06-08 00:22:44 - [TEST_STEP][PASSED] - tap: Tapped on element 'Object Repository/TrainingUpdates/CapabilityChampions/TSE'

2018-06-08 00:22:44 - [MESSAGE][WARNING] - Timeout '0' is invalid. Using default page load timeout: '30'

2018-06-08 00:22:44 - [MESSAGE][PASSED] - Tapped on element 'Object Repository/TrainingUpdates/CapabilityChampions/TSE'

2018-06-08 00:22:44 - [TEST_STEP][PASSED] - delay: Delayed 1 second(s)

2018-06-08 00:22:45 - [MESSAGE][PASSED] - Delayed 1 second(s)

2018-06-08 00:22:45 - [TEST_STEP][PASSED] - waitForElementPresent: Element 'Object Repository/TrainingUpdates/CapabilityChampions/Validate_ZonalChampionsScreen' is present

2018-06-08 00:22:45 - [MESSAGE][WARNING] - Timeout '0' is invalid. Using default page load timeout: '30'

2018-06-08 00:22:48 - [MESSAGE][PASSED] - Element 'Object Repository/TrainingUpdates/CapabilityChampions/Validate_ZonalChampionsScreen' is present

2018-06-08 00:22:48 - [TEST_STEP][PASSED] - delay: Delayed 1 second(s)

2018-06-08 00:22:49 - [MESSAGE][PASSED] - Delayed 1 second(s)

2018-06-08 00:22:49 - [TEST_STEP][PASSED] - verifyElementText: Actual text and expected text of test object 'Object Repository/TrainingUpdates/CapabilityChampions/Validate_ZonalChampionsScreen' are matched.

2018-06-08 00:22:49 - [MESSAGE][PASSED] - Actual text and expected text of test object 'Object Repository/TrainingUpdates/CapabilityChampions/Validate_ZonalChampionsScreen' are matched.

2018-06-08 00:22:49 - [TEST_STEP][PASSED] - delay: Delayed 1 second(s)

2018-06-08 00:22:50 - [MESSAGE][PASSED] - Delayed 1 second(s)

2018-06-08 00:22:50 - [TEST_STEP][PASSED] - tap: Tapped on element 'Object Repository/TrainingUpdates/CapabilityChampions/ZonalChampions_BackButton'

2018-06-08 00:22:50 - [MESSAGE][WARNING] - Timeout '0' is invalid. Using default page load timeout: '30'

2018-06-08 00:22:54 - [MESSAGE][PASSED] - Tapped on element 'Object Repository/TrainingUpdates/CapabilityChampions/ZonalChampions_BackButton'

2018-06-08 00:22:54 - [TEST_STEP][PASSED] - delay: Delayed 1 second(s)

2018-06-08 00:22:55 - [MESSAGE][PASSED] - Delayed 1 second(s)

2018-06-08 00:22:55 - [TEST_STEP][PASSED] - verifyElementExist: Element 'Object Repository/TrainingUpdates/CapabilityChampions/Validate_ASMTSEScreen' is exist

2018-06-08 00:22:55 - [MESSAGE][WARNING] - Timeout '0' is invalid. Using default page load timeout: '30'

2018-06-08 00:22:55 - [MESSAGE][PASSED] - Element 'Object Repository/TrainingUpdates/CapabilityChampions/Validate_ASMTSEScreen' is exist

2018-06-08 00:22:55 - [TEST_STEP][PASSED] - delay: Delayed 1 second(s)

2018-06-08 00:22:56 - [MESSAGE][PASSED] - Delayed 1 second(s)

2018-06-08 00:22:56 - [TEST_STEP][PASSED] - pressBack: Press back button successfully

2018-06-08 00:22:56 - [MESSAGE][PASSED] - Press back button successfully

2018-06-08 00:22:56 - [TEST_STEP][PASSED] - delay: Delayed 1 second(s)

2018-06-08 00:22:57 - [MESSAGE][PASSED] - Delayed 1 second(s)

2018-06-08 00:22:57 - [TEST_STEP][PASSED] - verifyElementExist: Element 'Object Repository/TrainingUpdates/CapabilityChampions/Validate_CenterSouthNorthScreen' is exist

2018-06-08 00:22:57 - [MESSAGE][WARNING] - Timeout '0' is invalid. Using default page load timeout: '30'

2018-06-08 00:22:57 - [MESSAGE][PASSED] - Element 'Object Repository/TrainingUpdates/CapabilityChampions/Validate_CenterSouthNorthScreen' is exist

2018-06-08 00:22:57 - [TEST_STEP][PASSED] - delay: Delayed 1 second(s)

2018-06-08 00:22:58 - [MESSAGE][PASSED] - Delayed 1 second(s)

2018-06-08 00:22:58 - [MESSAGE][PASSED] - Call Test Case 'Test Cases/TrainingUpdates/VisitAsmTseForZonalChampions' successfully

2018-06-08 00:22:58 - [MESSAGE][PASSED] - customkeywordscollection.CustomKeywords.visitAsmTseZoneForZonalChampions is PASSED

2018-06-08 00:22:58 - [TEST_STEP][PASSED] - tap: Tapped on element 'Object Repository/TrainingUpdates/CapabilityChampions/CenterSouthNorthScreen_BackButton'

2018-06-08 00:22:58 - [MESSAGE][WARNING] - Timeout '0' is invalid. Using default page load timeout: '30'

2018-06-08 00:23:02 - [MESSAGE][PASSED] - Tapped on element 'Object Repository/TrainingUpdates/CapabilityChampions/CenterSouthNorthScreen_BackButton'

2018-06-08 00:23:02 - [TEST_STEP][PASSED] - delay: Delayed 1 second(s)

2018-06-08 00:23:03 - [MESSAGE][PASSED] - Delayed 1 second(s)

2018-06-08 00:23:03 - [TEST_STEP][PASSED] - verifyElementExist: Element 'Object Repository/TrainingUpdates/CapabilityChampions/Validate_NationalZonalScreen' is exist

2018-06-08 00:23:03 - [MESSAGE][WARNING] - Timeout '0' is invalid. Using default page load timeout: '30'

2018-06-08 00:23:03 - [MESSAGE][PASSED] - Element 'Object Repository/TrainingUpdates/CapabilityChampions/Validate_NationalZonalScreen' is exist

2018-06-08 00:23:03 - [TEST_STEP][PASSED] - delay: Delayed 1 second(s)

2018-06-08 00:23:04 - [MESSAGE][PASSED] - Delayed 1 second(s)

2018-06-08 00:23:04 - [TEST_STEP][PASSED] - pressBack: Press back button successfully

2018-06-08 00:23:04 - [MESSAGE][PASSED] - Press back button successfully

2018-06-08 00:23:04 - [TEST_STEP][PASSED] - delay: Delayed 1 second(s)

2018-06-08 00:23:05 - [MESSAGE][PASSED] - Delayed 1 second(s)

2018-06-08 00:23:05 - [TEST_STEP][PASSED] - verifyElementExist: Element 'Object Repository/TrainingUpdates/Validate_TrainingUpdatesScreen' is exist

2018-06-08 00:23:05 - [MESSAGE][WARNING] - Timeout '0' is invalid. Using default page load timeout: '30'

2018-06-08 00:23:05 - [MESSAGE][PASSED] - Element 'Object Repository/TrainingUpdates/Validate_TrainingUpdatesScreen' is exist

2018-06-08 00:23:05 - [TEST_STEP][PASSED] - delay: Delayed 1 second(s)

2018-06-08 00:23:06 - [MESSAGE][PASSED] - Delayed 1 second(s)

2018-06-08 00:23:06 - [TEST_STEP][PASSED] - pressBack: Press back button successfully

2018-06-08 00:23:06 - [MESSAGE][PASSED] - Press back button successfully

2018-06-08 00:23:06 - [TEST_STEP][PASSED] - delay: Delayed 1 second(s)

2018-06-08 00:23:07 - [MESSAGE][PASSED] - Delayed 1 second(s)

2018-06-08 00:23:07 - [TEST_STEP][PASSED] - verifyElementExist: Element 'Object Repository/MainScreenEelements/Validate_ApplicationMainScreen' is exist

2018-06-08 00:23:07 - [MESSAGE][WARNING] - Timeout '0' is invalid. Using default page load timeout: '30'

2018-06-08 00:23:08 - [MESSAGE][PASSED] - Element 'Object Repository/MainScreenEelements/Validate_ApplicationMainScreen' is exist

2018-06-08 00:23:08 - [TEST_STEP][PASSED] - delay: Delayed 1 second(s)

2018-06-08 00:23:09 - [MESSAGE][PASSED] - Delayed 1 second(s)]]></system-out>
         <system-err><![CDATA[]]></system-err>
      </testcase>
      <testcase name="Test Cases/ViewPlanogram/VisitViewPlanogram" classname="Test Cases/ViewPlanogram/VisitViewPlanogram" status="PASSED">
         <system-out><![CDATA[2018-06-08 00:23:09 - [TEST_CASE][PASSED] - Test Cases/ViewPlanogram/VisitViewPlanogram: Test Cases/ViewPlanogram/VisitViewPlanogram

2018-06-08 00:23:09 - [TEST_STEP][PASSED] - tap: Tapped on element 'Object Repository/MainScreenEelements/ViewPlanogram'

2018-06-08 00:23:09 - [MESSAGE][WARNING] - Timeout '0' is invalid. Using default page load timeout: '30'

2018-06-08 00:23:10 - [MESSAGE][PASSED] - Tapped on element 'Object Repository/MainScreenEelements/ViewPlanogram'

2018-06-08 00:23:10 - [TEST_STEP][PASSED] - delay: Delayed 1 second(s)

2018-06-08 00:23:11 - [MESSAGE][PASSED] - Delayed 1 second(s)

2018-06-08 00:23:11 - [TEST_STEP][PASSED] - verifyElementText: Actual text and expected text of test object 'Object Repository/ViewPlanogram/Validate_PlanogramScreen' are matched.

2018-06-08 00:23:11 - [MESSAGE][PASSED] - Actual text and expected text of test object 'Object Repository/ViewPlanogram/Validate_PlanogramScreen' are matched.

2018-06-08 00:23:11 - [TEST_STEP][PASSED] - delay: Delayed 1 second(s)

2018-06-08 00:23:12 - [MESSAGE][PASSED] - Delayed 1 second(s)

2018-06-08 00:23:12 - [TEST_STEP][PASSED] - tap: Tapped on element 'Object Repository/ViewPlanogram/ViewPlanogram_BackButton'

2018-06-08 00:23:12 - [MESSAGE][WARNING] - Timeout '0' is invalid. Using default page load timeout: '30'

2018-06-08 00:23:15 - [MESSAGE][PASSED] - Tapped on element 'Object Repository/ViewPlanogram/ViewPlanogram_BackButton'

2018-06-08 00:23:15 - [TEST_STEP][PASSED] - delay: Delayed 1 second(s)

2018-06-08 00:23:16 - [MESSAGE][PASSED] - Delayed 1 second(s)

2018-06-08 00:23:16 - [TEST_STEP][PASSED] - verifyElementExist: Element 'Object Repository/MainScreenEelements/Validate_ApplicationMainScreen' is exist

2018-06-08 00:23:16 - [MESSAGE][WARNING] - Timeout '0' is invalid. Using default page load timeout: '30'

2018-06-08 00:23:16 - [MESSAGE][PASSED] - Element 'Object Repository/MainScreenEelements/Validate_ApplicationMainScreen' is exist

2018-06-08 00:23:16 - [TEST_STEP][PASSED] - delay: Delayed 1 second(s)

2018-06-08 00:23:17 - [MESSAGE][PASSED] - Delayed 1 second(s)]]></system-out>
         <system-err><![CDATA[]]></system-err>
      </testcase>
      <testcase name="Test Cases/CCSDE-Book/VisitCCSDE-Book" classname="Test Cases/CCSDE-Book/VisitCCSDE-Book" status="PASSED">
         <system-out><![CDATA[2018-06-08 00:23:17 - [TEST_CASE][PASSED] - Test Cases/CCSDE-Book/VisitCCSDE-Book: Test Cases/CCSDE-Book/VisitCCSDE-Book

2018-06-08 00:23:18 - [TEST_STEP][PASSED] - tap: Tapped on element 'Object Repository/MainScreenEelements/CCSDE-Book'

2018-06-08 00:23:18 - [MESSAGE][WARNING] - Timeout '0' is invalid. Using default page load timeout: '30'

2018-06-08 00:23:18 - [MESSAGE][PASSED] - Tapped on element 'Object Repository/MainScreenEelements/CCSDE-Book'

2018-06-08 00:23:18 - [TEST_STEP][PASSED] - delay: Delayed 1 second(s)

2018-06-08 00:23:19 - [MESSAGE][PASSED] - Delayed 1 second(s)

2018-06-08 00:23:19 - [TEST_STEP][PASSED] - verifyElementExist: Element 'Object Repository/CCSDE-Book/Validate_CCSDE_BookScreen' is exist

2018-06-08 00:23:19 - [MESSAGE][WARNING] - Timeout '0' is invalid. Using default page load timeout: '30'

2018-06-08 00:23:20 - [MESSAGE][PASSED] - Element 'Object Repository/CCSDE-Book/Validate_CCSDE_BookScreen' is exist

2018-06-08 00:23:20 - [TEST_STEP][PASSED] - delay: Delayed 1 second(s)

2018-06-08 00:23:21 - [MESSAGE][PASSED] - Delayed 1 second(s)

2018-06-08 00:23:21 - [TEST_STEP][PASSED] - tap: Tapped on element 'Object Repository/CCSDE-Book/PosRanking/POSRanking'

2018-06-08 00:23:21 - [MESSAGE][WARNING] - Timeout '0' is invalid. Using default page load timeout: '30'

2018-06-08 00:23:21 - [MESSAGE][PASSED] - Tapped on element 'Object Repository/CCSDE-Book/PosRanking/POSRanking'

2018-06-08 00:23:21 - [TEST_STEP][PASSED] - delay: Delayed 1 second(s)

2018-06-08 00:23:22 - [MESSAGE][PASSED] - Delayed 1 second(s)

2018-06-08 00:23:22 - [TEST_STEP][PASSED] - verifyElementText: Actual text and expected text of test object 'Object Repository/CCSDE-Book/PosRanking/Validate_ProgramsScreen' are matched.

2018-06-08 00:23:28 - [MESSAGE][PASSED] - Actual text and expected text of test object 'Object Repository/CCSDE-Book/PosRanking/Validate_ProgramsScreen' are matched.

2018-06-08 00:23:28 - [TEST_STEP][PASSED] - delay: Delayed 1 second(s)

2018-06-08 00:23:29 - [MESSAGE][PASSED] - Delayed 1 second(s)

2018-06-08 00:23:29 - [TEST_STEP][PASSED] - customkeywordscollection.CustomKeywords.visitProgramsForPosRanking: customkeywordscollection.CustomKeywords.visitProgramsForPosRanking is PASSED

2018-06-08 00:23:30 - [MESSAGE][PASSED] - Delayed 1 second(s)

2018-06-08 00:23:30 - [MESSAGE][WARNING] - Timeout '0' is invalid. Using default page load timeout: '30'

2018-06-08 00:23:36 - [MESSAGE][PASSED] - Element 'Object Repository/CCSDE-Book/PosRanking/Validate_ZonalRankingScreen' is present

2018-06-08 00:23:37 - [MESSAGE][PASSED] - Delayed 1 second(s)

2018-06-08 00:23:37 - [MESSAGE][PASSED] - Actual text and expected text of test object 'Object Repository/CCSDE-Book/PosRanking/Validate_ZonalRankingScreen' are matched.

2018-06-08 00:23:38 - [MESSAGE][PASSED] - Delayed 1 second(s)

2018-06-08 00:23:41 - [MESSAGE][PASSED] - Delayed 1 second(s)

2018-06-08 00:23:41 - [MESSAGE][PASSED] - Actual text and expected text of test object 'Object Repository/CCSDE-Book/PosRanking/Validate_RegionalScreen' are matched.

2018-06-08 00:23:42 - [MESSAGE][PASSED] - Delayed 1 second(s)

2018-06-08 00:23:44 - [MESSAGE][PASSED] - Delayed 1 second(s)

2018-06-08 00:23:44 - [MESSAGE][WARNING] - Timeout '0' is invalid. Using default page load timeout: '30'

2018-06-08 00:23:47 - [MESSAGE][PASSED] - Element 'Object Repository/CCSDE-Book/PosRanking/Validate_ASMRankingScreen' is present

2018-06-08 00:23:48 - [MESSAGE][PASSED] - Delayed 1 second(s)

2018-06-08 00:23:49 - [MESSAGE][PASSED] - Actual text and expected text of test object 'Object Repository/CCSDE-Book/PosRanking/Validate_ASMRankingScreen' are matched.

2018-06-08 00:23:50 - [MESSAGE][PASSED] - Delayed 1 second(s)

2018-06-08 00:23:51 - [MESSAGE][PASSED] - Delayed 1 second(s)

2018-06-08 00:23:51 - [MESSAGE][WARNING] - Timeout '0' is invalid. Using default page load timeout: '30'

2018-06-08 00:23:52 - [MESSAGE][PASSED] - Element 'Object Repository/CCSDE-Book/PosRanking/Validate_DistributionScreen' is present

2018-06-08 00:23:53 - [MESSAGE][PASSED] - Delayed 1 second(s)

2018-06-08 00:23:53 - [MESSAGE][WARNING] - Timeout '0' is invalid. Using default page load timeout: '30'

2018-06-08 00:23:54 - [MESSAGE][PASSED] - Tapped on element 'Object Repository/CCSDE-Book/PosRanking/Distribution_BackButton'

2018-06-08 00:23:55 - [MESSAGE][PASSED] - Delayed 1 second(s)

2018-06-08 00:23:55 - [MESSAGE][PASSED] - Actual text and expected text of test object 'Object Repository/CCSDE-Book/PosRanking/Validate_ASMRankingScreen' are matched.

2018-06-08 00:23:56 - [MESSAGE][PASSED] - Delayed 1 second(s)

2018-06-08 00:23:56 - [MESSAGE][WARNING] - Timeout '0' is invalid. Using default page load timeout: '30'

2018-06-08 00:23:57 - [MESSAGE][PASSED] - Tapped on element 'Object Repository/CCSDE-Book/PosRanking/AsmRanking_BackButton'

2018-06-08 00:23:58 - [MESSAGE][PASSED] - Delayed 1 second(s)

2018-06-08 00:23:58 - [MESSAGE][PASSED] - Actual text and expected text of test object 'Object Repository/CCSDE-Book/PosRanking/Validate_RegionalScreen' are matched.

2018-06-08 00:23:59 - [MESSAGE][PASSED] - Delayed 1 second(s)

2018-06-08 00:23:59 - [MESSAGE][WARNING] - Timeout '0' is invalid. Using default page load timeout: '30'

2018-06-08 00:23:59 - [MESSAGE][PASSED] - Tapped on element 'Object Repository/CCSDE-Book/PosRanking/Regional_BackButton'

2018-06-08 00:24:00 - [MESSAGE][PASSED] - Delayed 1 second(s)

2018-06-08 00:24:01 - [MESSAGE][PASSED] - Actual text and expected text of test object 'Object Repository/CCSDE-Book/PosRanking/Validate_ZonalRankingScreen' are matched.

2018-06-08 00:24:02 - [MESSAGE][PASSED] - Delayed 1 second(s)

2018-06-08 00:24:04 - [MESSAGE][PASSED] - Delayed 1 second(s)

2018-06-08 00:24:04 - [MESSAGE][PASSED] - Actual text and expected text of test object 'Object Repository/CCSDE-Book/PosRanking/Validate_RegionalScreen' are matched.

2018-06-08 00:24:05 - [MESSAGE][PASSED] - Delayed 1 second(s)

2018-06-08 00:24:07 - [MESSAGE][PASSED] - Delayed 1 second(s)

2018-06-08 00:24:07 - [MESSAGE][WARNING] - Timeout '0' is invalid. Using default page load timeout: '30'

2018-06-08 00:24:10 - [MESSAGE][PASSED] - Element 'Object Repository/CCSDE-Book/PosRanking/Validate_ASMRankingScreen' is present

2018-06-08 00:24:11 - [MESSAGE][PASSED] - Delayed 1 second(s)

2018-06-08 00:24:11 - [MESSAGE][PASSED] - Actual text and expected text of test object 'Object Repository/CCSDE-Book/PosRanking/Validate_ASMRankingScreen' are matched.

2018-06-08 00:24:12 - [MESSAGE][PASSED] - Delayed 1 second(s)

2018-06-08 00:24:13 - [MESSAGE][PASSED] - Delayed 1 second(s)

2018-06-08 00:24:13 - [MESSAGE][WARNING] - Timeout '0' is invalid. Using default page load timeout: '30'

2018-06-08 00:24:15 - [MESSAGE][PASSED] - Element 'Object Repository/CCSDE-Book/PosRanking/Validate_DistributionScreen' is present

2018-06-08 00:24:16 - [MESSAGE][PASSED] - Delayed 1 second(s)

2018-06-08 00:24:16 - [MESSAGE][WARNING] - Timeout '0' is invalid. Using default page load timeout: '30'

2018-06-08 00:24:16 - [MESSAGE][PASSED] - Tapped on element 'Object Repository/CCSDE-Book/PosRanking/Distribution_BackButton'

2018-06-08 00:24:17 - [MESSAGE][PASSED] - Delayed 1 second(s)

2018-06-08 00:24:17 - [MESSAGE][PASSED] - Actual text and expected text of test object 'Object Repository/CCSDE-Book/PosRanking/Validate_ASMRankingScreen' are matched.

2018-06-08 00:24:18 - [MESSAGE][PASSED] - Delayed 1 second(s)

2018-06-08 00:24:18 - [MESSAGE][WARNING] - Timeout '0' is invalid. Using default page load timeout: '30'

2018-06-08 00:24:19 - [MESSAGE][PASSED] - Tapped on element 'Object Repository/CCSDE-Book/PosRanking/AsmRanking_BackButton'

2018-06-08 00:24:20 - [MESSAGE][PASSED] - Delayed 1 second(s)

2018-06-08 00:24:20 - [MESSAGE][PASSED] - Actual text and expected text of test object 'Object Repository/CCSDE-Book/PosRanking/Validate_RegionalScreen' are matched.

2018-06-08 00:24:21 - [MESSAGE][PASSED] - Delayed 1 second(s)

2018-06-08 00:24:21 - [MESSAGE][WARNING] - Timeout '0' is invalid. Using default page load timeout: '30'

2018-06-08 00:24:22 - [MESSAGE][PASSED] - Tapped on element 'Object Repository/CCSDE-Book/PosRanking/Regional_BackButton'

2018-06-08 00:24:23 - [MESSAGE][PASSED] - Delayed 1 second(s)

2018-06-08 00:24:23 - [MESSAGE][PASSED] - Actual text and expected text of test object 'Object Repository/CCSDE-Book/PosRanking/Validate_ZonalRankingScreen' are matched.

2018-06-08 00:24:24 - [MESSAGE][PASSED] - Delayed 1 second(s)

2018-06-08 00:24:26 - [MESSAGE][PASSED] - Delayed 1 second(s)

2018-06-08 00:24:26 - [MESSAGE][PASSED] - Actual text and expected text of test object 'Object Repository/CCSDE-Book/PosRanking/Validate_RegionalScreen' are matched.

2018-06-08 00:24:27 - [MESSAGE][PASSED] - Delayed 1 second(s)

2018-06-08 00:24:29 - [MESSAGE][PASSED] - Delayed 1 second(s)

2018-06-08 00:24:29 - [MESSAGE][WARNING] - Timeout '0' is invalid. Using default page load timeout: '30'

2018-06-08 00:24:31 - [MESSAGE][PASSED] - Element 'Object Repository/CCSDE-Book/PosRanking/Validate_ASMRankingScreen' is present

2018-06-08 00:24:32 - [MESSAGE][PASSED] - Delayed 1 second(s)

2018-06-08 00:24:32 - [MESSAGE][PASSED] - Actual text and expected text of test object 'Object Repository/CCSDE-Book/PosRanking/Validate_ASMRankingScreen' are matched.

2018-06-08 00:24:33 - [MESSAGE][PASSED] - Delayed 1 second(s)

2018-06-08 00:24:35 - [MESSAGE][PASSED] - Delayed 1 second(s)

2018-06-08 00:24:35 - [MESSAGE][WARNING] - Timeout '0' is invalid. Using default page load timeout: '30'

2018-06-08 00:24:36 - [MESSAGE][PASSED] - Element 'Object Repository/CCSDE-Book/PosRanking/Validate_DistributionScreen' is present

2018-06-08 00:24:37 - [MESSAGE][PASSED] - Delayed 1 second(s)

2018-06-08 00:24:37 - [MESSAGE][WARNING] - Timeout '0' is invalid. Using default page load timeout: '30'

2018-06-08 00:24:41 - [MESSAGE][PASSED] - Tapped on element 'Object Repository/CCSDE-Book/PosRanking/Distribution_BackButton'

2018-06-08 00:24:42 - [MESSAGE][PASSED] - Delayed 1 second(s)

2018-06-08 00:24:42 - [MESSAGE][PASSED] - Actual text and expected text of test object 'Object Repository/CCSDE-Book/PosRanking/Validate_ASMRankingScreen' are matched.

2018-06-08 00:24:43 - [MESSAGE][PASSED] - Delayed 1 second(s)

2018-06-08 00:24:43 - [MESSAGE][WARNING] - Timeout '0' is invalid. Using default page load timeout: '30'

2018-06-08 00:24:43 - [MESSAGE][PASSED] - Tapped on element 'Object Repository/CCSDE-Book/PosRanking/AsmRanking_BackButton'

2018-06-08 00:24:44 - [MESSAGE][PASSED] - Delayed 1 second(s)

2018-06-08 00:24:44 - [MESSAGE][PASSED] - Actual text and expected text of test object 'Object Repository/CCSDE-Book/PosRanking/Validate_RegionalScreen' are matched.

2018-06-08 00:24:45 - [MESSAGE][PASSED] - Delayed 1 second(s)

2018-06-08 00:24:45 - [MESSAGE][WARNING] - Timeout '0' is invalid. Using default page load timeout: '30'

2018-06-08 00:24:46 - [MESSAGE][PASSED] - Tapped on element 'Object Repository/CCSDE-Book/PosRanking/Regional_BackButton'

2018-06-08 00:24:47 - [MESSAGE][PASSED] - Delayed 1 second(s)

2018-06-08 00:24:47 - [MESSAGE][PASSED] - Actual text and expected text of test object 'Object Repository/CCSDE-Book/PosRanking/Validate_ZonalRankingScreen' are matched.

2018-06-08 00:24:48 - [MESSAGE][PASSED] - Delayed 1 second(s)

2018-06-08 00:24:48 - [MESSAGE][WARNING] - Timeout '0' is invalid. Using default page load timeout: '30'

2018-06-08 00:24:49 - [MESSAGE][PASSED] - Tapped on element 'Object Repository/CCSDE-Book/PosRanking/ZonalRanking_BackButton'

2018-06-08 00:24:50 - [MESSAGE][PASSED] - Delayed 1 second(s)

2018-06-08 00:24:50 - [MESSAGE][PASSED] - Actual text and expected text of test object 'Object Repository/CCSDE-Book/PosRanking/Validate_ProgramsScreen' are matched.

2018-06-08 00:24:51 - [MESSAGE][PASSED] - Delayed 1 second(s)

2018-06-08 00:24:53 - [MESSAGE][PASSED] - Delayed 1 second(s)

2018-06-08 00:24:53 - [MESSAGE][WARNING] - Timeout '0' is invalid. Using default page load timeout: '30'

2018-06-08 00:24:56 - [MESSAGE][PASSED] - Element 'Object Repository/CCSDE-Book/PosRanking/Validate_ZonalRankingScreen' is present

2018-06-08 00:24:57 - [MESSAGE][PASSED] - Delayed 1 second(s)

2018-06-08 00:24:57 - [MESSAGE][PASSED] - Actual text and expected text of test object 'Object Repository/CCSDE-Book/PosRanking/Validate_ZonalRankingScreen' are matched.

2018-06-08 00:24:58 - [MESSAGE][PASSED] - Delayed 1 second(s)

2018-06-08 00:25:00 - [MESSAGE][PASSED] - Delayed 1 second(s)

2018-06-08 00:25:00 - [MESSAGE][PASSED] - Actual text and expected text of test object 'Object Repository/CCSDE-Book/PosRanking/Validate_RegionalScreen' are matched.

2018-06-08 00:25:01 - [MESSAGE][PASSED] - Delayed 1 second(s)

2018-06-08 00:25:02 - [MESSAGE][PASSED] - Delayed 1 second(s)

2018-06-08 00:25:02 - [MESSAGE][WARNING] - Timeout '0' is invalid. Using default page load timeout: '30'

2018-06-08 00:25:07 - [MESSAGE][PASSED] - Element 'Object Repository/CCSDE-Book/PosRanking/Validate_ASMRankingScreen' is present

2018-06-08 00:25:08 - [MESSAGE][PASSED] - Delayed 1 second(s)

2018-06-08 00:25:08 - [MESSAGE][PASSED] - Actual text and expected text of test object 'Object Repository/CCSDE-Book/PosRanking/Validate_ASMRankingScreen' are matched.

2018-06-08 00:25:09 - [MESSAGE][PASSED] - Delayed 1 second(s)

2018-06-08 00:25:11 - [MESSAGE][PASSED] - Delayed 1 second(s)

2018-06-08 00:25:11 - [MESSAGE][WARNING] - Timeout '0' is invalid. Using default page load timeout: '30'

2018-06-08 00:25:36 - [MESSAGE][PASSED] - Element 'Object Repository/CCSDE-Book/PosRanking/Validate_DistributionScreen' is present

2018-06-08 00:25:37 - [MESSAGE][PASSED] - Delayed 1 second(s)

2018-06-08 00:25:37 - [MESSAGE][WARNING] - Timeout '0' is invalid. Using default page load timeout: '30'

2018-06-08 00:25:40 - [MESSAGE][PASSED] - Tapped on element 'Object Repository/CCSDE-Book/PosRanking/Distribution_BackButton'

2018-06-08 00:25:41 - [MESSAGE][PASSED] - Delayed 1 second(s)

2018-06-08 00:25:41 - [MESSAGE][PASSED] - Actual text and expected text of test object 'Object Repository/CCSDE-Book/PosRanking/Validate_ASMRankingScreen' are matched.

2018-06-08 00:25:42 - [MESSAGE][PASSED] - Delayed 1 second(s)

2018-06-08 00:25:42 - [MESSAGE][WARNING] - Timeout '0' is invalid. Using default page load timeout: '30'

2018-06-08 00:25:43 - [MESSAGE][PASSED] - Tapped on element 'Object Repository/CCSDE-Book/PosRanking/AsmRanking_BackButton'

2018-06-08 00:25:44 - [MESSAGE][PASSED] - Delayed 1 second(s)

2018-06-08 00:25:44 - [MESSAGE][PASSED] - Actual text and expected text of test object 'Object Repository/CCSDE-Book/PosRanking/Validate_RegionalScreen' are matched.

2018-06-08 00:25:45 - [MESSAGE][PASSED] - Delayed 1 second(s)

2018-06-08 00:25:45 - [MESSAGE][WARNING] - Timeout '0' is invalid. Using default page load timeout: '30'

2018-06-08 00:25:45 - [MESSAGE][PASSED] - Tapped on element 'Object Repository/CCSDE-Book/PosRanking/Regional_BackButton'

2018-06-08 00:25:46 - [MESSAGE][PASSED] - Delayed 1 second(s)

2018-06-08 00:25:47 - [MESSAGE][PASSED] - Actual text and expected text of test object 'Object Repository/CCSDE-Book/PosRanking/Validate_ZonalRankingScreen' are matched.

2018-06-08 00:25:48 - [MESSAGE][PASSED] - Delayed 1 second(s)

2018-06-08 00:25:50 - [MESSAGE][PASSED] - Delayed 1 second(s)

2018-06-08 00:25:50 - [MESSAGE][PASSED] - Actual text and expected text of test object 'Object Repository/CCSDE-Book/PosRanking/Validate_RegionalScreen' are matched.

2018-06-08 00:25:51 - [MESSAGE][PASSED] - Delayed 1 second(s)

2018-06-08 00:25:52 - [MESSAGE][PASSED] - Delayed 1 second(s)

2018-06-08 00:25:52 - [MESSAGE][WARNING] - Timeout '0' is invalid. Using default page load timeout: '30'

2018-06-08 00:25:58 - [MESSAGE][PASSED] - Element 'Object Repository/CCSDE-Book/PosRanking/Validate_ASMRankingScreen' is present

2018-06-08 00:25:59 - [MESSAGE][PASSED] - Delayed 1 second(s)

2018-06-08 00:26:00 - [MESSAGE][PASSED] - Actual text and expected text of test object 'Object Repository/CCSDE-Book/PosRanking/Validate_ASMRankingScreen' are matched.

2018-06-08 00:26:01 - [MESSAGE][PASSED] - Delayed 1 second(s)

2018-06-08 00:26:02 - [MESSAGE][PASSED] - Delayed 1 second(s)

2018-06-08 00:26:02 - [MESSAGE][WARNING] - Timeout '0' is invalid. Using default page load timeout: '30'

2018-06-08 00:26:18 - [MESSAGE][PASSED] - Element 'Object Repository/CCSDE-Book/PosRanking/Validate_DistributionScreen' is present

2018-06-08 00:26:19 - [MESSAGE][PASSED] - Delayed 1 second(s)

2018-06-08 00:26:19 - [MESSAGE][WARNING] - Timeout '0' is invalid. Using default page load timeout: '30'

2018-06-08 00:26:19 - [MESSAGE][PASSED] - Tapped on element 'Object Repository/CCSDE-Book/PosRanking/Distribution_BackButton'

2018-06-08 00:26:20 - [MESSAGE][PASSED] - Delayed 1 second(s)

2018-06-08 00:26:20 - [MESSAGE][PASSED] - Actual text and expected text of test object 'Object Repository/CCSDE-Book/PosRanking/Validate_ASMRankingScreen' are matched.

2018-06-08 00:26:21 - [MESSAGE][PASSED] - Delayed 1 second(s)

2018-06-08 00:26:21 - [MESSAGE][WARNING] - Timeout '0' is invalid. Using default page load timeout: '30'

2018-06-08 00:26:22 - [MESSAGE][PASSED] - Tapped on element 'Object Repository/CCSDE-Book/PosRanking/AsmRanking_BackButton'

2018-06-08 00:26:23 - [MESSAGE][PASSED] - Delayed 1 second(s)

2018-06-08 00:26:23 - [MESSAGE][PASSED] - Actual text and expected text of test object 'Object Repository/CCSDE-Book/PosRanking/Validate_RegionalScreen' are matched.

2018-06-08 00:26:24 - [MESSAGE][PASSED] - Delayed 1 second(s)

2018-06-08 00:26:24 - [MESSAGE][WARNING] - Timeout '0' is invalid. Using default page load timeout: '30'

2018-06-08 00:26:24 - [MESSAGE][PASSED] - Tapped on element 'Object Repository/CCSDE-Book/PosRanking/Regional_BackButton'

2018-06-08 00:26:25 - [MESSAGE][PASSED] - Delayed 1 second(s)

2018-06-08 00:26:26 - [MESSAGE][PASSED] - Actual text and expected text of test object 'Object Repository/CCSDE-Book/PosRanking/Validate_ZonalRankingScreen' are matched.

2018-06-08 00:26:27 - [MESSAGE][PASSED] - Delayed 1 second(s)

2018-06-08 00:26:29 - [MESSAGE][PASSED] - Delayed 1 second(s)

2018-06-08 00:26:29 - [MESSAGE][PASSED] - Actual text and expected text of test object 'Object Repository/CCSDE-Book/PosRanking/Validate_RegionalScreen' are matched.

2018-06-08 00:26:30 - [MESSAGE][PASSED] - Delayed 1 second(s)

2018-06-08 00:26:31 - [MESSAGE][PASSED] - Delayed 1 second(s)

2018-06-08 00:26:31 - [MESSAGE][WARNING] - Timeout '0' is invalid. Using default page load timeout: '30'

2018-06-08 00:26:41 - [MESSAGE][PASSED] - Element 'Object Repository/CCSDE-Book/PosRanking/Validate_ASMRankingScreen' is present

2018-06-08 00:26:42 - [MESSAGE][PASSED] - Delayed 1 second(s)

2018-06-08 00:26:42 - [MESSAGE][PASSED] - Actual text and expected text of test object 'Object Repository/CCSDE-Book/PosRanking/Validate_ASMRankingScreen' are matched.

2018-06-08 00:26:43 - [MESSAGE][PASSED] - Delayed 1 second(s)

2018-06-08 00:26:44 - [MESSAGE][PASSED] - Delayed 1 second(s)

2018-06-08 00:26:44 - [MESSAGE][WARNING] - Timeout '0' is invalid. Using default page load timeout: '30'

2018-06-08 00:27:00 - [MESSAGE][PASSED] - Element 'Object Repository/CCSDE-Book/PosRanking/Validate_DistributionScreen' is present

2018-06-08 00:27:01 - [MESSAGE][PASSED] - Delayed 1 second(s)

2018-06-08 00:27:01 - [MESSAGE][WARNING] - Timeout '0' is invalid. Using default page load timeout: '30'

2018-06-08 00:27:02 - [MESSAGE][PASSED] - Tapped on element 'Object Repository/CCSDE-Book/PosRanking/Distribution_BackButton'

2018-06-08 00:27:03 - [MESSAGE][PASSED] - Delayed 1 second(s)

2018-06-08 00:27:03 - [MESSAGE][PASSED] - Actual text and expected text of test object 'Object Repository/CCSDE-Book/PosRanking/Validate_ASMRankingScreen' are matched.

2018-06-08 00:27:04 - [MESSAGE][PASSED] - Delayed 1 second(s)

2018-06-08 00:27:04 - [MESSAGE][WARNING] - Timeout '0' is invalid. Using default page load timeout: '30'

2018-06-08 00:27:04 - [MESSAGE][PASSED] - Tapped on element 'Object Repository/CCSDE-Book/PosRanking/AsmRanking_BackButton'

2018-06-08 00:27:05 - [MESSAGE][PASSED] - Delayed 1 second(s)

2018-06-08 00:27:06 - [MESSAGE][PASSED] - Actual text and expected text of test object 'Object Repository/CCSDE-Book/PosRanking/Validate_RegionalScreen' are matched.

2018-06-08 00:27:07 - [MESSAGE][PASSED] - Delayed 1 second(s)

2018-06-08 00:27:07 - [MESSAGE][WARNING] - Timeout '0' is invalid. Using default page load timeout: '30'

2018-06-08 00:27:07 - [MESSAGE][PASSED] - Tapped on element 'Object Repository/CCSDE-Book/PosRanking/Regional_BackButton'

2018-06-08 00:27:08 - [MESSAGE][PASSED] - Delayed 1 second(s)

2018-06-08 00:27:08 - [MESSAGE][PASSED] - Actual text and expected text of test object 'Object Repository/CCSDE-Book/PosRanking/Validate_ZonalRankingScreen' are matched.

2018-06-08 00:27:09 - [MESSAGE][PASSED] - Delayed 1 second(s)

2018-06-08 00:27:10 - [MESSAGE][WARNING] - Timeout '0' is invalid. Using default page load timeout: '30'

2018-06-08 00:27:10 - [MESSAGE][PASSED] - Tapped on element 'Object Repository/CCSDE-Book/PosRanking/ZonalRanking_BackButton'

2018-06-08 00:27:11 - [MESSAGE][PASSED] - Delayed 1 second(s)

2018-06-08 00:27:11 - [MESSAGE][PASSED] - Actual text and expected text of test object 'Object Repository/CCSDE-Book/PosRanking/Validate_ProgramsScreen' are matched.

2018-06-08 00:27:12 - [MESSAGE][PASSED] - Delayed 1 second(s)

2018-06-08 00:27:14 - [MESSAGE][PASSED] - Delayed 1 second(s)

2018-06-08 00:27:14 - [MESSAGE][WARNING] - Timeout '0' is invalid. Using default page load timeout: '30'

2018-06-08 00:27:17 - [MESSAGE][PASSED] - Element 'Object Repository/CCSDE-Book/PosRanking/Validate_ZonalRankingScreen' is present

2018-06-08 00:27:18 - [MESSAGE][PASSED] - Delayed 1 second(s)

2018-06-08 00:27:18 - [MESSAGE][PASSED] - Actual text and expected text of test object 'Object Repository/CCSDE-Book/PosRanking/Validate_ZonalRankingScreen' are matched.

2018-06-08 00:27:19 - [MESSAGE][PASSED] - Delayed 1 second(s)

2018-06-08 00:27:21 - [MESSAGE][PASSED] - Delayed 1 second(s)

2018-06-08 00:27:21 - [MESSAGE][PASSED] - Actual text and expected text of test object 'Object Repository/CCSDE-Book/PosRanking/Validate_RegionalScreen' are matched.

2018-06-08 00:27:22 - [MESSAGE][PASSED] - Delayed 1 second(s)

2018-06-08 00:27:23 - [MESSAGE][PASSED] - Delayed 1 second(s)

2018-06-08 00:27:23 - [MESSAGE][WARNING] - Timeout '0' is invalid. Using default page load timeout: '30'

2018-06-08 00:27:34 - [MESSAGE][PASSED] - Element 'Object Repository/CCSDE-Book/PosRanking/Validate_ASMRankingScreen' is present

2018-06-08 00:27:35 - [MESSAGE][PASSED] - Delayed 1 second(s)

2018-06-08 00:27:35 - [MESSAGE][PASSED] - Actual text and expected text of test object 'Object Repository/CCSDE-Book/PosRanking/Validate_ASMRankingScreen' are matched.

2018-06-08 00:27:36 - [MESSAGE][PASSED] - Delayed 1 second(s)

2018-06-08 00:27:38 - [MESSAGE][PASSED] - Delayed 1 second(s)

2018-06-08 00:27:38 - [MESSAGE][WARNING] - Timeout '0' is invalid. Using default page load timeout: '30'

2018-06-08 00:27:45 - [MESSAGE][PASSED] - Element 'Object Repository/CCSDE-Book/PosRanking/Validate_DistributionScreen' is present

2018-06-08 00:27:46 - [MESSAGE][PASSED] - Delayed 1 second(s)

2018-06-08 00:27:46 - [MESSAGE][WARNING] - Timeout '0' is invalid. Using default page load timeout: '30'

2018-06-08 00:27:46 - [MESSAGE][PASSED] - Tapped on element 'Object Repository/CCSDE-Book/PosRanking/Distribution_BackButton'

2018-06-08 00:27:47 - [MESSAGE][PASSED] - Delayed 1 second(s)

2018-06-08 00:27:48 - [MESSAGE][PASSED] - Actual text and expected text of test object 'Object Repository/CCSDE-Book/PosRanking/Validate_ASMRankingScreen' are matched.

2018-06-08 00:27:49 - [MESSAGE][PASSED] - Delayed 1 second(s)

2018-06-08 00:27:49 - [MESSAGE][WARNING] - Timeout '0' is invalid. Using default page load timeout: '30'

2018-06-08 00:27:49 - [MESSAGE][PASSED] - Tapped on element 'Object Repository/CCSDE-Book/PosRanking/AsmRanking_BackButton'

2018-06-08 00:27:50 - [MESSAGE][PASSED] - Delayed 1 second(s)

2018-06-08 00:27:50 - [MESSAGE][PASSED] - Actual text and expected text of test object 'Object Repository/CCSDE-Book/PosRanking/Validate_RegionalScreen' are matched.

2018-06-08 00:27:51 - [MESSAGE][PASSED] - Delayed 1 second(s)

2018-06-08 00:27:52 - [MESSAGE][WARNING] - Timeout '0' is invalid. Using default page load timeout: '30'

2018-06-08 00:27:52 - [MESSAGE][PASSED] - Tapped on element 'Object Repository/CCSDE-Book/PosRanking/Regional_BackButton'

2018-06-08 00:27:53 - [MESSAGE][PASSED] - Delayed 1 second(s)

2018-06-08 00:27:53 - [MESSAGE][PASSED] - Actual text and expected text of test object 'Object Repository/CCSDE-Book/PosRanking/Validate_ZonalRankingScreen' are matched.

2018-06-08 00:27:54 - [MESSAGE][PASSED] - Delayed 1 second(s)

2018-06-08 00:27:56 - [MESSAGE][PASSED] - Delayed 1 second(s)

2018-06-08 00:27:56 - [MESSAGE][PASSED] - Actual text and expected text of test object 'Object Repository/CCSDE-Book/PosRanking/Validate_RegionalScreen' are matched.

2018-06-08 00:27:57 - [MESSAGE][PASSED] - Delayed 1 second(s)

2018-06-08 00:27:59 - [MESSAGE][PASSED] - Delayed 1 second(s)

2018-06-08 00:27:59 - [MESSAGE][WARNING] - Timeout '0' is invalid. Using default page load timeout: '30'

2018-06-08 00:28:03 - [MESSAGE][PASSED] - Element 'Object Repository/CCSDE-Book/PosRanking/Validate_ASMRankingScreen' is present

2018-06-08 00:28:04 - [MESSAGE][PASSED] - Delayed 1 second(s)

2018-06-08 00:28:05 - [MESSAGE][PASSED] - Actual text and expected text of test object 'Object Repository/CCSDE-Book/PosRanking/Validate_ASMRankingScreen' are matched.

2018-06-08 00:28:06 - [MESSAGE][PASSED] - Delayed 1 second(s)

2018-06-08 00:28:07 - [MESSAGE][PASSED] - Delayed 1 second(s)

2018-06-08 00:28:07 - [MESSAGE][WARNING] - Timeout '0' is invalid. Using default page load timeout: '30'

2018-06-08 00:28:19 - [MESSAGE][PASSED] - Element 'Object Repository/CCSDE-Book/PosRanking/Validate_DistributionScreen' is present

2018-06-08 00:28:20 - [MESSAGE][PASSED] - Delayed 1 second(s)

2018-06-08 00:28:20 - [MESSAGE][WARNING] - Timeout '0' is invalid. Using default page load timeout: '30'

2018-06-08 00:28:21 - [MESSAGE][PASSED] - Tapped on element 'Object Repository/CCSDE-Book/PosRanking/Distribution_BackButton'

2018-06-08 00:28:22 - [MESSAGE][PASSED] - Delayed 1 second(s)

2018-06-08 00:28:22 - [MESSAGE][PASSED] - Actual text and expected text of test object 'Object Repository/CCSDE-Book/PosRanking/Validate_ASMRankingScreen' are matched.

2018-06-08 00:28:23 - [MESSAGE][PASSED] - Delayed 1 second(s)

2018-06-08 00:28:23 - [MESSAGE][WARNING] - Timeout '0' is invalid. Using default page load timeout: '30'

2018-06-08 00:28:24 - [MESSAGE][PASSED] - Tapped on element 'Object Repository/CCSDE-Book/PosRanking/AsmRanking_BackButton'

2018-06-08 00:28:25 - [MESSAGE][PASSED] - Delayed 1 second(s)

2018-06-08 00:28:25 - [MESSAGE][PASSED] - Actual text and expected text of test object 'Object Repository/CCSDE-Book/PosRanking/Validate_RegionalScreen' are matched.

2018-06-08 00:28:26 - [MESSAGE][PASSED] - Delayed 1 second(s)

2018-06-08 00:28:26 - [MESSAGE][WARNING] - Timeout '0' is invalid. Using default page load timeout: '30'

2018-06-08 00:28:26 - [MESSAGE][PASSED] - Tapped on element 'Object Repository/CCSDE-Book/PosRanking/Regional_BackButton'

2018-06-08 00:28:27 - [MESSAGE][PASSED] - Delayed 1 second(s)

2018-06-08 00:28:28 - [MESSAGE][PASSED] - Actual text and expected text of test object 'Object Repository/CCSDE-Book/PosRanking/Validate_ZonalRankingScreen' are matched.

2018-06-08 00:28:29 - [MESSAGE][PASSED] - Delayed 1 second(s)

2018-06-08 00:28:30 - [MESSAGE][PASSED] - Delayed 1 second(s)

2018-06-08 00:28:31 - [MESSAGE][PASSED] - Actual text and expected text of test object 'Object Repository/CCSDE-Book/PosRanking/Validate_RegionalScreen' are matched.

2018-06-08 00:28:32 - [MESSAGE][PASSED] - Delayed 1 second(s)

2018-06-08 00:28:33 - [MESSAGE][PASSED] - Delayed 1 second(s)

2018-06-08 00:28:33 - [MESSAGE][WARNING] - Timeout '0' is invalid. Using default page load timeout: '30'

2018-06-08 00:28:57 - [MESSAGE][PASSED] - Element 'Object Repository/CCSDE-Book/PosRanking/Validate_ASMRankingScreen' is present

2018-06-08 00:28:58 - [MESSAGE][PASSED] - Delayed 1 second(s)

2018-06-08 00:28:59 - [MESSAGE][PASSED] - Actual text and expected text of test object 'Object Repository/CCSDE-Book/PosRanking/Validate_ASMRankingScreen' are matched.

2018-06-08 00:29:00 - [MESSAGE][PASSED] - Delayed 1 second(s)

2018-06-08 00:29:01 - [MESSAGE][PASSED] - Delayed 1 second(s)

2018-06-08 00:29:01 - [MESSAGE][WARNING] - Timeout '0' is invalid. Using default page load timeout: '30'

2018-06-08 00:29:03 - [MESSAGE][PASSED] - Element 'Object Repository/CCSDE-Book/PosRanking/Validate_DistributionScreen' is present

2018-06-08 00:29:04 - [MESSAGE][PASSED] - Delayed 1 second(s)

2018-06-08 00:29:04 - [MESSAGE][WARNING] - Timeout '0' is invalid. Using default page load timeout: '30'

2018-06-08 00:29:04 - [MESSAGE][PASSED] - Tapped on element 'Object Repository/CCSDE-Book/PosRanking/Distribution_BackButton'

2018-06-08 00:29:05 - [MESSAGE][PASSED] - Delayed 1 second(s)

2018-06-08 00:29:05 - [MESSAGE][PASSED] - Actual text and expected text of test object 'Object Repository/CCSDE-Book/PosRanking/Validate_ASMRankingScreen' are matched.

2018-06-08 00:29:06 - [MESSAGE][PASSED] - Delayed 1 second(s)

2018-06-08 00:29:06 - [MESSAGE][WARNING] - Timeout '0' is invalid. Using default page load timeout: '30'

2018-06-08 00:29:07 - [MESSAGE][PASSED] - Tapped on element 'Object Repository/CCSDE-Book/PosRanking/AsmRanking_BackButton'

2018-06-08 00:29:08 - [MESSAGE][PASSED] - Delayed 1 second(s)

2018-06-08 00:29:08 - [MESSAGE][PASSED] - Actual text and expected text of test object 'Object Repository/CCSDE-Book/PosRanking/Validate_RegionalScreen' are matched.

2018-06-08 00:29:09 - [MESSAGE][PASSED] - Delayed 1 second(s)

2018-06-08 00:29:09 - [MESSAGE][WARNING] - Timeout '0' is invalid. Using default page load timeout: '30'

2018-06-08 00:29:09 - [MESSAGE][PASSED] - Tapped on element 'Object Repository/CCSDE-Book/PosRanking/Regional_BackButton'

2018-06-08 00:29:10 - [MESSAGE][PASSED] - Delayed 1 second(s)

2018-06-08 00:29:11 - [MESSAGE][PASSED] - Actual text and expected text of test object 'Object Repository/CCSDE-Book/PosRanking/Validate_ZonalRankingScreen' are matched.

2018-06-08 00:29:12 - [MESSAGE][PASSED] - Delayed 1 second(s)

2018-06-08 00:29:12 - [MESSAGE][WARNING] - Timeout '0' is invalid. Using default page load timeout: '30'

2018-06-08 00:29:12 - [MESSAGE][PASSED] - Tapped on element 'Object Repository/CCSDE-Book/PosRanking/ZonalRanking_BackButton'

2018-06-08 00:29:13 - [MESSAGE][PASSED] - Delayed 1 second(s)

2018-06-08 00:29:14 - [MESSAGE][PASSED] - Actual text and expected text of test object 'Object Repository/CCSDE-Book/PosRanking/Validate_ProgramsScreen' are matched.

2018-06-08 00:29:15 - [MESSAGE][PASSED] - Delayed 1 second(s)

2018-06-08 00:29:15 - [MESSAGE][PASSED] - customkeywordscollection.CustomKeywords.visitProgramsForPosRanking is PASSED

2018-06-08 00:29:15 - [TEST_STEP][PASSED] - tap: Tapped on element 'Object Repository/CCSDE-Book/PosRanking/Programs_BackButton'

2018-06-08 00:29:15 - [MESSAGE][WARNING] - Timeout '0' is invalid. Using default page load timeout: '30'

2018-06-08 00:29:18 - [MESSAGE][PASSED] - Tapped on element 'Object Repository/CCSDE-Book/PosRanking/Programs_BackButton'

2018-06-08 00:29:18 - [TEST_STEP][PASSED] - delay: Delayed 1 second(s)

2018-06-08 00:29:19 - [MESSAGE][PASSED] - Delayed 1 second(s)

2018-06-08 00:29:19 - [TEST_STEP][PASSED] - verifyElementExist: Element 'Object Repository/CCSDE-Book/Validate_CCSDE_BookScreen' is exist

2018-06-08 00:29:19 - [MESSAGE][WARNING] - Timeout '0' is invalid. Using default page load timeout: '30'

2018-06-08 00:29:19 - [MESSAGE][PASSED] - Element 'Object Repository/CCSDE-Book/Validate_CCSDE_BookScreen' is exist

2018-06-08 00:29:19 - [TEST_STEP][PASSED] - delay: Delayed 1 second(s)

2018-06-08 00:29:20 - [MESSAGE][PASSED] - Delayed 1 second(s)

2018-06-08 00:29:20 - [TEST_STEP][PASSED] - tap: Tapped on element 'Object Repository/CCSDE-Book/PriceList/PriceList'

2018-06-08 00:29:20 - [MESSAGE][WARNING] - Timeout '0' is invalid. Using default page load timeout: '30'

2018-06-08 00:29:21 - [MESSAGE][PASSED] - Tapped on element 'Object Repository/CCSDE-Book/PriceList/PriceList'

2018-06-08 00:29:21 - [TEST_STEP][PASSED] - delay: Delayed 1 second(s)

2018-06-08 00:29:22 - [MESSAGE][PASSED] - Delayed 1 second(s)

2018-06-08 00:29:22 - [TEST_STEP][PASSED] - verifyElementText: Actual text and expected text of test object 'Object Repository/CCSDE-Book/PriceList/Validate_PriceListOptionsScreen' are matched.

2018-06-08 00:29:22 - [MESSAGE][PASSED] - Actual text and expected text of test object 'Object Repository/CCSDE-Book/PriceList/Validate_PriceListOptionsScreen' are matched.

2018-06-08 00:29:22 - [TEST_STEP][PASSED] - delay: Delayed 1 second(s)

2018-06-08 00:29:23 - [MESSAGE][PASSED] - Delayed 1 second(s)

2018-06-08 00:29:23 - [TEST_STEP][PASSED] - tap: Tapped on element 'Object Repository/CCSDE-Book/PriceList/TradePrice'

2018-06-08 00:29:23 - [MESSAGE][WARNING] - Timeout '0' is invalid. Using default page load timeout: '30'

2018-06-08 00:29:23 - [MESSAGE][PASSED] - Tapped on element 'Object Repository/CCSDE-Book/PriceList/TradePrice'

2018-06-08 00:29:23 - [TEST_STEP][PASSED] - delay: Delayed 1 second(s)

2018-06-08 00:29:24 - [MESSAGE][PASSED] - Delayed 1 second(s)

2018-06-08 00:29:24 - [TEST_STEP][PASSED] - waitForElementPresent: Element 'Object Repository/CCSDE-Book/PriceList/Validate_PriceListDetailScreen' is present

2018-06-08 00:29:24 - [MESSAGE][WARNING] - Timeout '0' is invalid. Using default page load timeout: '30'

2018-06-08 00:29:40 - [MESSAGE][PASSED] - Element 'Object Repository/CCSDE-Book/PriceList/Validate_PriceListDetailScreen' is present

2018-06-08 00:29:40 - [TEST_STEP][PASSED] - delay: Delayed 1 second(s)

2018-06-08 00:29:41 - [MESSAGE][PASSED] - Delayed 1 second(s)

2018-06-08 00:29:41 - [TEST_STEP][PASSED] - verifyElementText: Actual text and expected text of test object 'Object Repository/CCSDE-Book/PriceList/Validate_PriceListDetailScreen' are matched.

2018-06-08 00:29:41 - [MESSAGE][PASSED] - Actual text and expected text of test object 'Object Repository/CCSDE-Book/PriceList/Validate_PriceListDetailScreen' are matched.

2018-06-08 00:29:41 - [TEST_STEP][PASSED] - delay: Delayed 1 second(s)

2018-06-08 00:29:42 - [MESSAGE][PASSED] - Delayed 1 second(s)

2018-06-08 00:29:42 - [TEST_STEP][PASSED] - tap: Tapped on element 'Object Repository/CCSDE-Book/PriceList/PriceListDetailScreen_BackButton'

2018-06-08 00:29:42 - [MESSAGE][WARNING] - Timeout '0' is invalid. Using default page load timeout: '30'

2018-06-08 00:29:42 - [MESSAGE][PASSED] - Tapped on element 'Object Repository/CCSDE-Book/PriceList/PriceListDetailScreen_BackButton'

2018-06-08 00:29:42 - [TEST_STEP][PASSED] - delay: Delayed 1 second(s)

2018-06-08 00:29:43 - [MESSAGE][PASSED] - Delayed 1 second(s)

2018-06-08 00:29:43 - [TEST_STEP][PASSED] - verifyElementText: Actual text and expected text of test object 'Object Repository/CCSDE-Book/PriceList/Validate_PriceListOptionsScreen' are matched.

2018-06-08 00:29:43 - [MESSAGE][PASSED] - Actual text and expected text of test object 'Object Repository/CCSDE-Book/PriceList/Validate_PriceListOptionsScreen' are matched.

2018-06-08 00:29:43 - [TEST_STEP][PASSED] - delay: Delayed 1 second(s)

2018-06-08 00:29:44 - [MESSAGE][PASSED] - Delayed 1 second(s)

2018-06-08 00:29:44 - [TEST_STEP][PASSED] - tap: Tapped on element 'Object Repository/CCSDE-Book/PriceList/RetailPrice'

2018-06-08 00:29:44 - [MESSAGE][WARNING] - Timeout '0' is invalid. Using default page load timeout: '30'

2018-06-08 00:29:45 - [MESSAGE][PASSED] - Tapped on element 'Object Repository/CCSDE-Book/PriceList/RetailPrice'

2018-06-08 00:29:45 - [TEST_STEP][PASSED] - delay: Delayed 1 second(s)

2018-06-08 00:29:46 - [MESSAGE][PASSED] - Delayed 1 second(s)

2018-06-08 00:29:46 - [TEST_STEP][PASSED] - waitForElementPresent: Object Object Repository/CCSDE-Book/PriceList/Validate_PriceListDetailScreen not found

2018-06-08 00:29:46 - [MESSAGE][WARNING] - Timeout '0' is invalid. Using default page load timeout: '30'

2018-06-08 00:30:16 - [MESSAGE][WARNING] - Object Object Repository/CCSDE-Book/PriceList/Validate_PriceListDetailScreen not found

2018-06-08 00:30:16 - [TEST_STEP][PASSED] - delay: Delayed 1 second(s)

2018-06-08 00:30:17 - [MESSAGE][PASSED] - Delayed 1 second(s)

2018-06-08 00:30:17 - [TEST_STEP][PASSED] - verifyElementText: Actual text and expected text of test object 'Object Repository/CCSDE-Book/PriceList/Validate_PriceListDetailScreen' are matched.

2018-06-08 00:30:27 - [MESSAGE][PASSED] - Actual text and expected text of test object 'Object Repository/CCSDE-Book/PriceList/Validate_PriceListDetailScreen' are matched.

2018-06-08 00:30:27 - [TEST_STEP][PASSED] - delay: Delayed 1 second(s)

2018-06-08 00:30:28 - [MESSAGE][PASSED] - Delayed 1 second(s)

2018-06-08 00:30:28 - [TEST_STEP][PASSED] - tap: Tapped on element 'Object Repository/CCSDE-Book/PriceList/PriceListDetailScreen_BackButton'

2018-06-08 00:30:28 - [MESSAGE][WARNING] - Timeout '0' is invalid. Using default page load timeout: '30'

2018-06-08 00:30:28 - [MESSAGE][PASSED] - Tapped on element 'Object Repository/CCSDE-Book/PriceList/PriceListDetailScreen_BackButton'

2018-06-08 00:30:28 - [TEST_STEP][PASSED] - delay: Delayed 1 second(s)

2018-06-08 00:30:29 - [MESSAGE][PASSED] - Delayed 1 second(s)

2018-06-08 00:30:29 - [TEST_STEP][PASSED] - verifyElementText: Actual text and expected text of test object 'Object Repository/CCSDE-Book/PriceList/Validate_PriceListOptionsScreen' are matched.

2018-06-08 00:30:29 - [MESSAGE][PASSED] - Actual text and expected text of test object 'Object Repository/CCSDE-Book/PriceList/Validate_PriceListOptionsScreen' are matched.

2018-06-08 00:30:29 - [TEST_STEP][PASSED] - delay: Delayed 1 second(s)

2018-06-08 00:30:30 - [MESSAGE][PASSED] - Delayed 1 second(s)

2018-06-08 00:30:30 - [TEST_STEP][PASSED] - tap: Tapped on element 'Object Repository/CCSDE-Book/PriceList/PriceListOptions_BackButton'

2018-06-08 00:30:30 - [MESSAGE][WARNING] - Timeout '0' is invalid. Using default page load timeout: '30'

2018-06-08 00:30:34 - [MESSAGE][PASSED] - Tapped on element 'Object Repository/CCSDE-Book/PriceList/PriceListOptions_BackButton'

2018-06-08 00:30:34 - [TEST_STEP][PASSED] - delay: Delayed 1 second(s)

2018-06-08 00:30:35 - [MESSAGE][PASSED] - Delayed 1 second(s)

2018-06-08 00:30:35 - [TEST_STEP][PASSED] - verifyElementExist: Element 'Object Repository/CCSDE-Book/Validate_CCSDE_BookScreen' is exist

2018-06-08 00:30:35 - [MESSAGE][WARNING] - Timeout '0' is invalid. Using default page load timeout: '30'

2018-06-08 00:30:35 - [MESSAGE][PASSED] - Element 'Object Repository/CCSDE-Book/Validate_CCSDE_BookScreen' is exist

2018-06-08 00:30:35 - [TEST_STEP][PASSED] - delay: Delayed 1 second(s)

2018-06-08 00:30:36 - [MESSAGE][PASSED] - Delayed 1 second(s)

2018-06-08 00:30:36 - [TEST_STEP][PASSED] - tap: Tapped on element 'Object Repository/CCSDE-Book/CycleActivities/CycleActivities'

2018-06-08 00:30:36 - [MESSAGE][WARNING] - Timeout '0' is invalid. Using default page load timeout: '30'

2018-06-08 00:30:36 - [MESSAGE][PASSED] - Tapped on element 'Object Repository/CCSDE-Book/CycleActivities/CycleActivities'

2018-06-08 00:30:36 - [TEST_STEP][PASSED] - delay: Delayed 1 second(s)

2018-06-08 00:30:37 - [MESSAGE][PASSED] - Delayed 1 second(s)

2018-06-08 00:30:37 - [TEST_STEP][PASSED] - verifyElementText: Actual text and expected text of test object 'Object Repository/CCSDE-Book/CycleActivities/Validate_CycleActivitiesScreen' are matched.

2018-06-08 00:30:38 - [MESSAGE][PASSED] - Actual text and expected text of test object 'Object Repository/CCSDE-Book/CycleActivities/Validate_CycleActivitiesScreen' are matched.

2018-06-08 00:30:38 - [TEST_STEP][PASSED] - delay: Delayed 1 second(s)

2018-06-08 00:30:39 - [MESSAGE][PASSED] - Delayed 1 second(s)

2018-06-08 00:30:39 - [TEST_STEP][PASSED] - tap: Tapped on element 'Object Repository/CCSDE-Book/CycleActivities/CycleActivities_BackButton'

2018-06-08 00:30:39 - [MESSAGE][WARNING] - Timeout '0' is invalid. Using default page load timeout: '30'

2018-06-08 00:30:42 - [MESSAGE][PASSED] - Tapped on element 'Object Repository/CCSDE-Book/CycleActivities/CycleActivities_BackButton'

2018-06-08 00:30:42 - [TEST_STEP][PASSED] - delay: Delayed 1 second(s)

2018-06-08 00:30:43 - [MESSAGE][PASSED] - Delayed 1 second(s)

2018-06-08 00:30:43 - [TEST_STEP][PASSED] - verifyElementExist: Element 'Object Repository/CCSDE-Book/Validate_CCSDE_BookScreen' is exist

2018-06-08 00:30:43 - [MESSAGE][WARNING] - Timeout '0' is invalid. Using default page load timeout: '30'

2018-06-08 00:30:43 - [MESSAGE][PASSED] - Element 'Object Repository/CCSDE-Book/Validate_CCSDE_BookScreen' is exist

2018-06-08 00:30:43 - [TEST_STEP][PASSED] - delay: Delayed 1 second(s)

2018-06-08 00:30:44 - [MESSAGE][PASSED] - Delayed 1 second(s)

2018-06-08 00:30:44 - [TEST_STEP][PASSED] - tap: Tapped on element 'Object Repository/CCSDE-Book/ViewTVC/ViewTVC'

2018-06-08 00:30:44 - [MESSAGE][WARNING] - Timeout '0' is invalid. Using default page load timeout: '30'

2018-06-08 00:30:45 - [MESSAGE][PASSED] - Tapped on element 'Object Repository/CCSDE-Book/ViewTVC/ViewTVC'

2018-06-08 00:30:45 - [TEST_STEP][PASSED] - delay: Delayed 1 second(s)

2018-06-08 00:30:46 - [MESSAGE][PASSED] - Delayed 1 second(s)

2018-06-08 00:30:46 - [TEST_STEP][PASSED] - verifyElementExist: Element 'Object Repository/CCSDE-Book/ViewTVC/Validate_TVCListScreen' is exist

2018-06-08 00:30:46 - [MESSAGE][WARNING] - Timeout '0' is invalid. Using default page load timeout: '30'

2018-06-08 00:30:49 - [MESSAGE][PASSED] - Element 'Object Repository/CCSDE-Book/ViewTVC/Validate_TVCListScreen' is exist

2018-06-08 00:30:49 - [TEST_STEP][PASSED] - delay: Delayed 1 second(s)

2018-06-08 00:30:50 - [MESSAGE][PASSED] - Delayed 1 second(s)

2018-06-08 00:30:50 - [TEST_STEP][PASSED] - tap: Tapped on element 'Object Repository/CCSDE-Book/ViewTVC/TVC'

2018-06-08 00:30:50 - [MESSAGE][WARNING] - Timeout '0' is invalid. Using default page load timeout: '30'

2018-06-08 00:30:51 - [MESSAGE][PASSED] - Tapped on element 'Object Repository/CCSDE-Book/ViewTVC/TVC'

2018-06-08 00:30:51 - [TEST_STEP][PASSED] - delay: Delayed 5 second(s)

2018-06-08 00:30:56 - [MESSAGE][PASSED] - Delayed 5 second(s)

2018-06-08 00:30:56 - [TEST_STEP][PASSED] - pressBack: Press back button successfully

2018-06-08 00:30:57 - [MESSAGE][PASSED] - Press back button successfully

2018-06-08 00:30:57 - [TEST_STEP][PASSED] - delay: Delayed 1 second(s)

2018-06-08 00:30:58 - [MESSAGE][PASSED] - Delayed 1 second(s)

2018-06-08 00:30:58 - [TEST_STEP][PASSED] - verifyElementExist: Element 'Object Repository/CCSDE-Book/ViewTVC/Validate_TVCListScreen' is exist

2018-06-08 00:30:58 - [MESSAGE][WARNING] - Timeout '0' is invalid. Using default page load timeout: '30'

2018-06-08 00:30:59 - [MESSAGE][PASSED] - Element 'Object Repository/CCSDE-Book/ViewTVC/Validate_TVCListScreen' is exist

2018-06-08 00:30:59 - [TEST_STEP][PASSED] - delay: Delayed 1 second(s)

2018-06-08 00:31:00 - [MESSAGE][PASSED] - Delayed 1 second(s)

2018-06-08 00:31:00 - [TEST_STEP][PASSED] - tap: Tapped on element 'Object Repository/CCSDE-Book/ViewTVC/TVC_BackButton'

2018-06-08 00:31:00 - [MESSAGE][WARNING] - Timeout '0' is invalid. Using default page load timeout: '30'

2018-06-08 00:31:03 - [MESSAGE][PASSED] - Tapped on element 'Object Repository/CCSDE-Book/ViewTVC/TVC_BackButton'

2018-06-08 00:31:03 - [TEST_STEP][PASSED] - delay: Delayed 1 second(s)

2018-06-08 00:31:04 - [MESSAGE][PASSED] - Delayed 1 second(s)

2018-06-08 00:31:04 - [TEST_STEP][PASSED] - verifyElementExist: Element 'Object Repository/CCSDE-Book/Validate_CCSDE_BookScreen' is exist

2018-06-08 00:31:04 - [MESSAGE][WARNING] - Timeout '0' is invalid. Using default page load timeout: '30'

2018-06-08 00:31:04 - [MESSAGE][PASSED] - Element 'Object Repository/CCSDE-Book/Validate_CCSDE_BookScreen' is exist

2018-06-08 00:31:04 - [TEST_STEP][PASSED] - delay: Delayed 1 second(s)

2018-06-08 00:31:05 - [MESSAGE][PASSED] - Delayed 1 second(s)

2018-06-08 00:31:05 - [TEST_STEP][PASSED] - pressBack: Press back button successfully

2018-06-08 00:31:05 - [MESSAGE][PASSED] - Press back button successfully

2018-06-08 00:31:05 - [TEST_STEP][PASSED] - delay: Delayed 1 second(s)

2018-06-08 00:31:06 - [MESSAGE][PASSED] - Delayed 1 second(s)

2018-06-08 00:31:06 - [TEST_STEP][PASSED] - verifyElementExist: Element 'Object Repository/MainScreenEelements/Validate_ApplicationMainScreen' is exist

2018-06-08 00:31:06 - [MESSAGE][WARNING] - Timeout '0' is invalid. Using default page load timeout: '30'

2018-06-08 00:31:06 - [MESSAGE][PASSED] - Element 'Object Repository/MainScreenEelements/Validate_ApplicationMainScreen' is exist

2018-06-08 00:31:06 - [TEST_STEP][PASSED] - delay: Delayed 1 second(s)

2018-06-08 00:31:07 - [MESSAGE][PASSED] - Delayed 1 second(s)]]></system-out>
         <system-err><![CDATA[]]></system-err>
      </testcase>
      <testcase name="Test Cases/LiveFeedBack/VisitLiveFeedBack" classname="Test Cases/LiveFeedBack/VisitLiveFeedBack" status="PASSED">
         <system-out><![CDATA[2018-06-08 00:31:07 - [TEST_CASE][PASSED] - Test Cases/LiveFeedBack/VisitLiveFeedBack: Test Cases/LiveFeedBack/VisitLiveFeedBack

2018-06-08 00:31:08 - [TEST_STEP][PASSED] - tap: Tapped on element 'Object Repository/MainScreenEelements/LiveFeedBack'

2018-06-08 00:31:08 - [MESSAGE][WARNING] - Timeout '0' is invalid. Using default page load timeout: '30'

2018-06-08 00:31:08 - [MESSAGE][PASSED] - Tapped on element 'Object Repository/MainScreenEelements/LiveFeedBack'

2018-06-08 00:31:08 - [TEST_STEP][PASSED] - delay: Delayed 1 second(s)

2018-06-08 00:31:09 - [MESSAGE][PASSED] - Delayed 1 second(s)

2018-06-08 00:31:09 - [TEST_STEP][PASSED] - verifyElementText: Actual text and expected text of test object 'Object Repository/LiveFeedBack/Validate_LiveFeedbackScreen' are matched.

2018-06-08 00:31:10 - [MESSAGE][PASSED] - Actual text and expected text of test object 'Object Repository/LiveFeedBack/Validate_LiveFeedbackScreen' are matched.

2018-06-08 00:31:10 - [TEST_STEP][PASSED] - delay: Delayed 1 second(s)

2018-06-08 00:31:11 - [MESSAGE][PASSED] - Delayed 1 second(s)

2018-06-08 00:31:11 - [TEST_STEP][PASSED] - tap: Tapped on element 'Object Repository/LiveFeedBack/LiveFeedback_BackButton'

2018-06-08 00:31:11 - [MESSAGE][WARNING] - Timeout '0' is invalid. Using default page load timeout: '30'

2018-06-08 00:31:14 - [MESSAGE][PASSED] - Tapped on element 'Object Repository/LiveFeedBack/LiveFeedback_BackButton'

2018-06-08 00:31:14 - [TEST_STEP][PASSED] - delay: Delayed 1 second(s)

2018-06-08 00:31:15 - [MESSAGE][PASSED] - Delayed 1 second(s)

2018-06-08 00:31:15 - [TEST_STEP][PASSED] - verifyElementExist: Element 'Object Repository/MainScreenEelements/Validate_ApplicationMainScreen' is exist

2018-06-08 00:31:15 - [MESSAGE][WARNING] - Timeout '0' is invalid. Using default page load timeout: '30'

2018-06-08 00:31:15 - [MESSAGE][PASSED] - Element 'Object Repository/MainScreenEelements/Validate_ApplicationMainScreen' is exist

2018-06-08 00:31:15 - [TEST_STEP][PASSED] - delay: Delayed 1 second(s)

2018-06-08 00:31:16 - [MESSAGE][PASSED] - Delayed 1 second(s)]]></system-out>
         <system-err><![CDATA[]]></system-err>
      </testcase>
      <testcase name="Test Cases/ViewRating/VisitViewRating" classname="Test Cases/ViewRating/VisitViewRating" status="PASSED">
         <system-out><![CDATA[2018-06-08 00:31:16 - [TEST_CASE][PASSED] - Test Cases/ViewRating/VisitViewRating: Test Cases/ViewRating/VisitViewRating

2018-06-08 00:31:16 - [TEST_STEP][PASSED] - tap: Tapped on element 'Object Repository/MainScreenEelements/ViewRating'

2018-06-08 00:31:16 - [MESSAGE][WARNING] - Timeout '0' is invalid. Using default page load timeout: '30'

2018-06-08 00:31:17 - [MESSAGE][PASSED] - Tapped on element 'Object Repository/MainScreenEelements/ViewRating'

2018-06-08 00:31:17 - [TEST_STEP][PASSED] - delay: Delayed 1 second(s)

2018-06-08 00:31:18 - [MESSAGE][PASSED] - Delayed 1 second(s)

2018-06-08 00:31:18 - [TEST_STEP][PASSED] - verifyElementText: Actual text and expected text of test object 'Object Repository/ViewRating/Validate_ViewRatingScreen' are matched.

2018-06-08 00:31:29 - [MESSAGE][PASSED] - Actual text and expected text of test object 'Object Repository/ViewRating/Validate_ViewRatingScreen' are matched.

2018-06-08 00:31:29 - [TEST_STEP][PASSED] - delay: Delayed 1 second(s)

2018-06-08 00:31:30 - [MESSAGE][PASSED] - Delayed 1 second(s)

2018-06-08 00:31:30 - [TEST_STEP][PASSED] - tap: Tapped on element 'Object Repository/ViewRating/ViewRating_BackButton'

2018-06-08 00:31:30 - [MESSAGE][WARNING] - Timeout '0' is invalid. Using default page load timeout: '30'

2018-06-08 00:31:33 - [MESSAGE][PASSED] - Tapped on element 'Object Repository/ViewRating/ViewRating_BackButton'

2018-06-08 00:31:33 - [TEST_STEP][PASSED] - delay: Delayed 1 second(s)

2018-06-08 00:31:34 - [MESSAGE][PASSED] - Delayed 1 second(s)

2018-06-08 00:31:34 - [TEST_STEP][PASSED] - verifyElementExist: Element 'Object Repository/MainScreenEelements/Validate_ApplicationMainScreen' is exist

2018-06-08 00:31:34 - [MESSAGE][WARNING] - Timeout '0' is invalid. Using default page load timeout: '30'

2018-06-08 00:31:34 - [MESSAGE][PASSED] - Element 'Object Repository/MainScreenEelements/Validate_ApplicationMainScreen' is exist

2018-06-08 00:31:34 - [TEST_STEP][PASSED] - delay: Delayed 1 second(s)

2018-06-08 00:31:35 - [MESSAGE][PASSED] - Delayed 1 second(s)]]></system-out>
         <system-err><![CDATA[]]></system-err>
      </testcase>
      <system-out><![CDATA[2018-06-08 00:07:12 - [TEST_SUITE][PASSED] - Ice Training App (Visit and overwrite shop with category level): Test Cases/ViewRating/VisitViewRating]]></system-out>
      <system-err><![CDATA[]]></system-err>
   </testsuite>
</testsuites>
