<?xml version="1.0" encoding="UTF-8"?>
<testsuites name="Sample" time="221" tests="2" failures="0" errors="0">
   <testsuite name="Sample" tests="2" failures="0" errors="0" time="221" timestamp="2018-06-05 17:06:48" hostname="itcity - DESKTOP-3AG49P4" id="Test Suites/Sample">
      <properties>
         <property name="deviceName" value="samsung SM-J110H (Android 4.4.4)"/>
         <property name="devicePlatform" value=""/>
         <property name="logFolder" value="F:\\Git Projects\\Ice-Training\\Ice-Training\\Reports\\Sample\\20180605_170646"/>
         <property name="logFiles" value="F:\\Git Projects\\Ice-Training\\Ice-Training\\Reports\\Sample\\20180605_170646\\appium.log, F:\\Git Projects\\Ice-Training\\Ice-Training\\Reports\\Sample\\20180605_170646\\execution0.log"/>
         <property name="attachments" value=""/>
         <property name="hostName" value="itcity - DESKTOP-3AG49P4"/>
         <property name="os" value="Windows 10 64bit"/>
         <property name="katalonVersion" value="5.4.2.1"/>
         <property name="deviceOS" value="Android"/>
         <property name="appiumVersion" value="1.8.0"/>
         <property name="deviceModel" value="SM-J110H"/>
         <property name="hostAddress" value="192.168.3.109"/>
         <property name="deviceManufacturer" value="samsung"/>
         <property name="deviceId" value="11015a1136d0b24a"/>
         <property name="deviceName" value="samsung SM-J110H (Android 4.4.4)"/>
         <property name="deviceOSVersion" value="4.4.4"/>
      </properties>
      <testcase name="Test Cases/LaunchingApp/LaunchApp" classname="Test Cases/LaunchingApp/LaunchApp" status="PASSED">
         <system-out><![CDATA[2018-06-05 17:06:48 - [TEST_CASE][PASSED] - Test Cases/LaunchingApp/LaunchApp: Test Cases/LaunchingApp/LaunchApp

2018-06-05 17:06:48 - [TEST_STEP][PASSED] - startApplication: Started app at: 'F:\QA_Automation\Builds\ice_training_app_local_310518.apk'

2018-06-05 17:07:06 - [MESSAGE][PASSED] - Started app at: 'F:\QA_Automation\Builds\ice_training_app_local_310518.apk'

2018-06-05 17:07:06 - [TEST_STEP][PASSED] - delay: Delayed 5 second(s)

2018-06-05 17:07:11 - [MESSAGE][PASSED] - Delayed 5 second(s)

2018-06-05 17:07:11 - [TEST_STEP][PASSED] - verifyElementExist: Element 'Object Repository/MainScreenEelements/Validate_ApplicationMainScreen' is exist

2018-06-05 17:07:11 - [MESSAGE][WARNING] - Timeout '0' is invalid. Using default page load timeout: '30'

2018-06-05 17:07:12 - [MESSAGE][PASSED] - Element 'Object Repository/MainScreenEelements/Validate_ApplicationMainScreen' is exist

2018-06-05 17:07:12 - [TEST_STEP][PASSED] - delay: Delayed 1 second(s)

2018-06-05 17:07:13 - [MESSAGE][PASSED] - Delayed 1 second(s)]]></system-out>
         <system-err><![CDATA[]]></system-err>
      </testcase>
      <testcase name="Test Cases/CompetencyTraining/VisitCompetencyTraining" classname="Test Cases/CompetencyTraining/VisitCompetencyTraining" status="PASSED">
         <system-out><![CDATA[2018-06-05 17:07:13 - [TEST_CASE][PASSED] - Test Cases/CompetencyTraining/VisitCompetencyTraining: Test Cases/CompetencyTraining/VisitCompetencyTraining

2018-06-05 17:07:13 - [TEST_STEP][PASSED] - tap: Tapped on element 'Object Repository/MainScreenEelements/CompetencyTraining'

2018-06-05 17:07:13 - [MESSAGE][WARNING] - Timeout '0' is invalid. Using default page load timeout: '30'

2018-06-05 17:07:13 - [MESSAGE][PASSED] - Tapped on element 'Object Repository/MainScreenEelements/CompetencyTraining'

2018-06-05 17:07:13 - [TEST_STEP][PASSED] - delay: Delayed 1 second(s)

2018-06-05 17:07:14 - [MESSAGE][PASSED] - Delayed 1 second(s)

2018-06-05 17:07:14 - [TEST_STEP][PASSED] - verifyElementExist: Element 'Object Repository/CompetencyTraining/Validate_DistributionProductScreen' is exist

2018-06-05 17:07:14 - [MESSAGE][WARNING] - Timeout '0' is invalid. Using default page load timeout: '30'

2018-06-05 17:07:15 - [MESSAGE][PASSED] - Element 'Object Repository/CompetencyTraining/Validate_DistributionProductScreen' is exist

2018-06-05 17:07:15 - [TEST_STEP][PASSED] - delay: Delayed 1 second(s)

2018-06-05 17:07:16 - [MESSAGE][PASSED] - Delayed 1 second(s)

2018-06-05 17:07:16 - [TEST_STEP][PASSED] - tap: Tapped on element 'Object Repository/CompetencyTraining/DistributionProduct'

2018-06-05 17:07:16 - [MESSAGE][WARNING] - Timeout '0' is invalid. Using default page load timeout: '30'

2018-06-05 17:07:17 - [MESSAGE][PASSED] - Tapped on element 'Object Repository/CompetencyTraining/DistributionProduct'

2018-06-05 17:07:17 - [TEST_STEP][PASSED] - delay: Delayed 1 second(s)

2018-06-05 17:07:18 - [MESSAGE][PASSED] - Delayed 1 second(s)

2018-06-05 17:07:18 - [TEST_STEP][PASSED] - verifyElementText: Actual text and expected text of test object 'Object Repository/CompetencyTraining/Validate_DSFScreen' are matched.

2018-06-05 17:07:18 - [MESSAGE][PASSED] - Actual text and expected text of test object 'Object Repository/CompetencyTraining/Validate_DSFScreen' are matched.

2018-06-05 17:07:18 - [TEST_STEP][PASSED] - delay: Delayed 1 second(s)

2018-06-05 17:07:19 - [MESSAGE][PASSED] - Delayed 1 second(s)

2018-06-05 17:07:19 - [TEST_STEP][PASSED] - tap: Tapped on element 'Object Repository/CompetencyTraining/DSF'

2018-06-05 17:07:19 - [MESSAGE][WARNING] - Timeout '0' is invalid. Using default page load timeout: '30'

2018-06-05 17:07:21 - [MESSAGE][PASSED] - Tapped on element 'Object Repository/CompetencyTraining/DSF'

2018-06-05 17:07:21 - [TEST_STEP][PASSED] - delay: Delayed 1 second(s)

2018-06-05 17:07:22 - [MESSAGE][PASSED] - Delayed 1 second(s)

2018-06-05 17:07:22 - [TEST_STEP][PASSED] - verifyElementText: Actual text and expected text of test object 'Object Repository/CompetencyTraining/Validate_ProgramsScreen' are matched.

2018-06-05 17:07:22 - [MESSAGE][PASSED] - Actual text and expected text of test object 'Object Repository/CompetencyTraining/Validate_ProgramsScreen' are matched.

2018-06-05 17:07:22 - [TEST_STEP][PASSED] - delay: Delayed 1 second(s)

2018-06-05 17:07:23 - [MESSAGE][PASSED] - Delayed 1 second(s)

2018-06-05 17:07:23 - [TEST_STEP][PASSED] - tap: Tapped on element 'Object Repository/CompetencyTraining/Program'

2018-06-05 17:07:23 - [MESSAGE][WARNING] - Timeout '0' is invalid. Using default page load timeout: '30'

2018-06-05 17:07:24 - [MESSAGE][PASSED] - Tapped on element 'Object Repository/CompetencyTraining/Program'

2018-06-05 17:07:24 - [TEST_STEP][PASSED] - delay: Delayed 1 second(s)

2018-06-05 17:07:25 - [MESSAGE][PASSED] - Delayed 1 second(s)

2018-06-05 17:07:25 - [TEST_STEP][PASSED] - verifyElementText: Actual text and expected text of test object 'Object Repository/CompetencyTraining/Validate_ShopsListScreen' are matched.

2018-06-05 17:07:26 - [MESSAGE][PASSED] - Actual text and expected text of test object 'Object Repository/CompetencyTraining/Validate_ShopsListScreen' are matched.

2018-06-05 17:07:26 - [TEST_STEP][PASSED] - delay: Delayed 1 second(s)

2018-06-05 17:07:27 - [MESSAGE][PASSED] - Delayed 1 second(s)

2018-06-05 17:07:27 - [TEST_STEP][PASSED] - tap: Tapped on element 'Object Repository/CompetencyTraining/Shop'

2018-06-05 17:07:27 - [MESSAGE][WARNING] - Timeout '0' is invalid. Using default page load timeout: '30'

2018-06-05 17:07:28 - [MESSAGE][PASSED] - Tapped on element 'Object Repository/CompetencyTraining/Shop'

2018-06-05 17:07:28 - [TEST_STEP][PASSED] - delay: Delayed 1 second(s)

2018-06-05 17:07:29 - [MESSAGE][PASSED] - Delayed 1 second(s)

2018-06-05 17:07:29 - [TEST_STEP][PASSED] - verifyElementText: Actual text and expected text of test object 'Object Repository/CompetencyTraining/Validate_StartTrainingScreen' are matched.

2018-06-05 17:07:29 - [MESSAGE][PASSED] - Actual text and expected text of test object 'Object Repository/CompetencyTraining/Validate_StartTrainingScreen' are matched.

2018-06-05 17:07:29 - [TEST_STEP][PASSED] - delay: Delayed 1 second(s)

2018-06-05 17:07:30 - [MESSAGE][PASSED] - Delayed 1 second(s)

2018-06-05 17:07:30 - [TEST_STEP][PASSED] - tap: Tapped on element 'Object Repository/CompetencyTraining/TakeShopFasciaPicture_ImageView'

2018-06-05 17:07:30 - [MESSAGE][WARNING] - Timeout '0' is invalid. Using default page load timeout: '30'

2018-06-05 17:07:32 - [MESSAGE][PASSED] - Tapped on element 'Object Repository/CompetencyTraining/TakeShopFasciaPicture_ImageView'

2018-06-05 17:07:32 - [TEST_STEP][PASSED] - delay: Delayed 1 second(s)

2018-06-05 17:07:33 - [MESSAGE][PASSED] - Delayed 1 second(s)

2018-06-05 17:07:33 - [TEST_STEP][PASSED] - verifyElementExist: Element 'Object Repository/CommonElements/Validate_CameraScreen' is exist

2018-06-05 17:07:33 - [MESSAGE][WARNING] - Timeout '0' is invalid. Using default page load timeout: '30'

2018-06-05 17:07:33 - [MESSAGE][PASSED] - Element 'Object Repository/CommonElements/Validate_CameraScreen' is exist

2018-06-05 17:07:33 - [TEST_STEP][PASSED] - delay: Delayed 1 second(s)

2018-06-05 17:07:34 - [MESSAGE][PASSED] - Delayed 1 second(s)

2018-06-05 17:07:34 - [TEST_STEP][PASSED] - tap: Tapped on element 'Object Repository/CommonElements/TakePhotoButton'

2018-06-05 17:07:34 - [MESSAGE][WARNING] - Timeout '0' is invalid. Using default page load timeout: '30'

2018-06-05 17:07:37 - [MESSAGE][PASSED] - Tapped on element 'Object Repository/CommonElements/TakePhotoButton'

2018-06-05 17:07:37 - [TEST_STEP][PASSED] - delay: Delayed 5 second(s)

2018-06-05 17:07:42 - [MESSAGE][PASSED] - Delayed 5 second(s)

2018-06-05 17:07:42 - [TEST_STEP][PASSED] - tap: Tapped on element 'Object Repository/CommonElements/DoneButton'

2018-06-05 17:07:42 - [MESSAGE][WARNING] - Timeout '0' is invalid. Using default page load timeout: '30'

2018-06-05 17:07:43 - [MESSAGE][PASSED] - Tapped on element 'Object Repository/CommonElements/DoneButton'

2018-06-05 17:07:43 - [TEST_STEP][PASSED] - delay: Delayed 1 second(s)

2018-06-05 17:07:44 - [MESSAGE][PASSED] - Delayed 1 second(s)

2018-06-05 17:07:44 - [TEST_STEP][PASSED] - verifyElementText: Actual text and expected text of test object 'Object Repository/CompetencyTraining/Validate_StartTrainingScreen' are matched.

2018-06-05 17:07:45 - [MESSAGE][PASSED] - Actual text and expected text of test object 'Object Repository/CompetencyTraining/Validate_StartTrainingScreen' are matched.

2018-06-05 17:07:45 - [TEST_STEP][PASSED] - delay: Delayed 1 second(s)

2018-06-05 17:07:46 - [MESSAGE][PASSED] - Delayed 1 second(s)

2018-06-05 17:07:46 - [TEST_STEP][PASSED] - tap: Tapped on element 'Object Repository/CompetencyTraining/VisitShop'

2018-06-05 17:07:46 - [MESSAGE][WARNING] - Timeout '0' is invalid. Using default page load timeout: '30'

2018-06-05 17:07:46 - [MESSAGE][PASSED] - Tapped on element 'Object Repository/CompetencyTraining/VisitShop'

2018-06-05 17:07:46 - [TEST_STEP][PASSED] - delay: Delayed 1 second(s)

2018-06-05 17:07:47 - [MESSAGE][PASSED] - Delayed 1 second(s)

2018-06-05 17:07:47 - [TEST_STEP][PASSED] - verifyElementText: Actual text and expected text of test object 'Object Repository/CompetencyTraining/Validate_TrainingStepsScreen' are matched.

2018-06-05 17:07:49 - [MESSAGE][PASSED] - Actual text and expected text of test object 'Object Repository/CompetencyTraining/Validate_TrainingStepsScreen' are matched.

2018-06-05 17:07:49 - [TEST_STEP][PASSED] - delay: Delayed 1 second(s)

2018-06-05 17:07:50 - [MESSAGE][PASSED] - Delayed 1 second(s)

2018-06-05 17:07:50 - [TEST_STEP][PASSED] - tap: Tapped on element 'Object Repository/CompetencyTraining/RatingonICESteps'

2018-06-05 17:07:50 - [MESSAGE][WARNING] - Timeout '0' is invalid. Using default page load timeout: '30'

2018-06-05 17:07:50 - [MESSAGE][PASSED] - Tapped on element 'Object Repository/CompetencyTraining/RatingonICESteps'

2018-06-05 17:07:50 - [TEST_STEP][PASSED] - delay: Delayed 1 second(s)

2018-06-05 17:07:51 - [MESSAGE][PASSED] - Delayed 1 second(s)

2018-06-05 17:07:51 - [TEST_STEP][PASSED] - verifyElementText: Actual text and expected text of test object 'Object Repository/CompetencyTraining/Validate_RateDSFScreen' are matched.

2018-06-05 17:07:52 - [MESSAGE][PASSED] - Actual text and expected text of test object 'Object Repository/CompetencyTraining/Validate_RateDSFScreen' are matched.

2018-06-05 17:07:52 - [TEST_STEP][PASSED] - delay: Delayed 1 second(s)

2018-06-05 17:07:53 - [MESSAGE][PASSED] - Delayed 1 second(s)

2018-06-05 17:07:53 - [TEST_STEP][PASSED] - tap: Tapped on element 'Object Repository/CompetencyTraining/RouteManagement'

2018-06-05 17:07:53 - [MESSAGE][WARNING] - Timeout '0' is invalid. Using default page load timeout: '30'

2018-06-05 17:07:53 - [MESSAGE][PASSED] - Tapped on element 'Object Repository/CompetencyTraining/RouteManagement'

2018-06-05 17:07:53 - [TEST_STEP][PASSED] - delay: Delayed 1 second(s)

2018-06-05 17:07:54 - [MESSAGE][PASSED] - Delayed 1 second(s)

2018-06-05 17:07:54 - [TEST_STEP][PASSED] - tap: Tapped on element 'Object Repository/CompetencyTraining/NeedImprovement'

2018-06-05 17:07:54 - [MESSAGE][WARNING] - Timeout '0' is invalid. Using default page load timeout: '30'

2018-06-05 17:07:55 - [MESSAGE][PASSED] - Tapped on element 'Object Repository/CompetencyTraining/NeedImprovement'

2018-06-05 17:07:55 - [TEST_STEP][PASSED] - delay: Delayed 1 second(s)

2018-06-05 17:07:56 - [MESSAGE][PASSED] - Delayed 1 second(s)

2018-06-05 17:07:56 - [TEST_STEP][PASSED] - tap: Tapped on element 'Object Repository/CompetencyTraining/RouteManagement'

2018-06-05 17:07:56 - [MESSAGE][WARNING] - Timeout '0' is invalid. Using default page load timeout: '30'

2018-06-05 17:07:57 - [MESSAGE][PASSED] - Tapped on element 'Object Repository/CompetencyTraining/RouteManagement'

2018-06-05 17:07:57 - [TEST_STEP][PASSED] - delay: Delayed 1 second(s)

2018-06-05 17:07:58 - [MESSAGE][PASSED] - Delayed 1 second(s)

2018-06-05 17:07:58 - [TEST_STEP][PASSED] - tap: Tapped on element 'Object Repository/CompetencyTraining/PlanTheDay'

2018-06-05 17:07:58 - [MESSAGE][WARNING] - Timeout '0' is invalid. Using default page load timeout: '30'

2018-06-05 17:07:59 - [MESSAGE][PASSED] - Tapped on element 'Object Repository/CompetencyTraining/PlanTheDay'

2018-06-05 17:07:59 - [TEST_STEP][PASSED] - delay: Delayed 1 second(s)

2018-06-05 17:08:00 - [MESSAGE][PASSED] - Delayed 1 second(s)

2018-06-05 17:08:00 - [TEST_STEP][PASSED] - tap: Tapped on element 'Object Repository/CompetencyTraining/NeedImprovement'

2018-06-05 17:08:00 - [MESSAGE][WARNING] - Timeout '0' is invalid. Using default page load timeout: '30'

2018-06-05 17:08:01 - [MESSAGE][PASSED] - Tapped on element 'Object Repository/CompetencyTraining/NeedImprovement'

2018-06-05 17:08:01 - [TEST_STEP][PASSED] - delay: Delayed 1 second(s)

2018-06-05 17:08:02 - [MESSAGE][PASSED] - Delayed 1 second(s)

2018-06-05 17:08:02 - [TEST_STEP][PASSED] - tap: Tapped on element 'Object Repository/CompetencyTraining/PlanTheDay'

2018-06-05 17:08:02 - [MESSAGE][WARNING] - Timeout '0' is invalid. Using default page load timeout: '30'

2018-06-05 17:08:02 - [MESSAGE][PASSED] - Tapped on element 'Object Repository/CompetencyTraining/PlanTheDay'

2018-06-05 17:08:02 - [TEST_STEP][PASSED] - delay: Delayed 1 second(s)

2018-06-05 17:08:03 - [MESSAGE][PASSED] - Delayed 1 second(s)

2018-06-05 17:08:03 - [TEST_STEP][PASSED] - tap: Tapped on element 'Object Repository/CompetencyTraining/OutletStockCheck'

2018-06-05 17:08:03 - [MESSAGE][WARNING] - Timeout '0' is invalid. Using default page load timeout: '30'

2018-06-05 17:08:04 - [MESSAGE][PASSED] - Tapped on element 'Object Repository/CompetencyTraining/OutletStockCheck'

2018-06-05 17:08:04 - [TEST_STEP][PASSED] - delay: Delayed 1 second(s)

2018-06-05 17:08:05 - [MESSAGE][PASSED] - Delayed 1 second(s)

2018-06-05 17:08:05 - [TEST_STEP][PASSED] - tap: Tapped on element 'Object Repository/CompetencyTraining/NeedImprovement'

2018-06-05 17:08:05 - [MESSAGE][WARNING] - Timeout '0' is invalid. Using default page load timeout: '30'

2018-06-05 17:08:06 - [MESSAGE][PASSED] - Tapped on element 'Object Repository/CompetencyTraining/NeedImprovement'

2018-06-05 17:08:06 - [TEST_STEP][PASSED] - delay: Delayed 1 second(s)

2018-06-05 17:08:07 - [MESSAGE][PASSED] - Delayed 1 second(s)

2018-06-05 17:08:07 - [TEST_STEP][PASSED] - tap: Tapped on element 'Object Repository/CompetencyTraining/OutletStockCheck'

2018-06-05 17:08:07 - [MESSAGE][WARNING] - Timeout '0' is invalid. Using default page load timeout: '30'

2018-06-05 17:08:07 - [MESSAGE][PASSED] - Tapped on element 'Object Repository/CompetencyTraining/OutletStockCheck'

2018-06-05 17:08:07 - [TEST_STEP][PASSED] - delay: Delayed 1 second(s)

2018-06-05 17:08:08 - [MESSAGE][PASSED] - Delayed 1 second(s)

2018-06-05 17:08:08 - [TEST_STEP][PASSED] - tap: Tapped on element 'Object Repository/CompetencyTraining/Merchandising'

2018-06-05 17:08:08 - [MESSAGE][WARNING] - Timeout '0' is invalid. Using default page load timeout: '30'

2018-06-05 17:08:09 - [MESSAGE][PASSED] - Tapped on element 'Object Repository/CompetencyTraining/Merchandising'

2018-06-05 17:08:09 - [TEST_STEP][PASSED] - delay: Delayed 1 second(s)

2018-06-05 17:08:10 - [MESSAGE][PASSED] - Delayed 1 second(s)

2018-06-05 17:08:10 - [TEST_STEP][PASSED] - tap: Tapped on element 'Object Repository/CompetencyTraining/NeedImprovement'

2018-06-05 17:08:10 - [MESSAGE][WARNING] - Timeout '0' is invalid. Using default page load timeout: '30'

2018-06-05 17:08:11 - [MESSAGE][PASSED] - Tapped on element 'Object Repository/CompetencyTraining/NeedImprovement'

2018-06-05 17:08:11 - [TEST_STEP][PASSED] - delay: Delayed 1 second(s)

2018-06-05 17:08:12 - [MESSAGE][PASSED] - Delayed 1 second(s)

2018-06-05 17:08:12 - [TEST_STEP][PASSED] - tap: Tapped on element 'Object Repository/CompetencyTraining/Merchandising'

2018-06-05 17:08:12 - [MESSAGE][WARNING] - Timeout '0' is invalid. Using default page load timeout: '30'

2018-06-05 17:08:13 - [MESSAGE][PASSED] - Tapped on element 'Object Repository/CompetencyTraining/Merchandising'

2018-06-05 17:08:13 - [TEST_STEP][PASSED] - delay: Delayed 1 second(s)

2018-06-05 17:08:14 - [MESSAGE][PASSED] - Delayed 1 second(s)

2018-06-05 17:08:14 - [TEST_STEP][PASSED] - pressBack: Press back button successfully

2018-06-05 17:08:14 - [MESSAGE][PASSED] - Press back button successfully

2018-06-05 17:08:14 - [TEST_STEP][PASSED] - delay: Delayed 1 second(s)

2018-06-05 17:08:15 - [MESSAGE][PASSED] - Delayed 1 second(s)

2018-06-05 17:08:15 - [TEST_STEP][PASSED] - verifyElementText: Actual text and expected text of test object 'Object Repository/CompetencyTraining/Validate_TrainingStepsScreen' are matched.

2018-06-05 17:08:16 - [MESSAGE][PASSED] - Actual text and expected text of test object 'Object Repository/CompetencyTraining/Validate_TrainingStepsScreen' are matched.

2018-06-05 17:08:16 - [TEST_STEP][PASSED] - delay: Delayed 1 second(s)

2018-06-05 17:08:17 - [MESSAGE][PASSED] - Delayed 1 second(s)

2018-06-05 17:08:17 - [TEST_STEP][PASSED] - tap: Tapped on element 'Object Repository/CompetencyTraining/FieldSalesCoaching'

2018-06-05 17:08:17 - [MESSAGE][WARNING] - Timeout '0' is invalid. Using default page load timeout: '30'

2018-06-05 17:08:17 - [MESSAGE][PASSED] - Tapped on element 'Object Repository/CompetencyTraining/FieldSalesCoaching'

2018-06-05 17:08:17 - [TEST_STEP][PASSED] - delay: Delayed 1 second(s)

2018-06-05 17:08:18 - [MESSAGE][PASSED] - Delayed 1 second(s)

2018-06-05 17:08:18 - [TEST_STEP][PASSED] - verifyElementText: Actual text and expected text of test object 'Object Repository/CompetencyTraining/Validate_FieldSalesCoachingScreen' are matched.

2018-06-05 17:08:20 - [MESSAGE][PASSED] - Actual text and expected text of test object 'Object Repository/CompetencyTraining/Validate_FieldSalesCoachingScreen' are matched.

2018-06-05 17:08:20 - [TEST_STEP][PASSED] - delay: Delayed 1 second(s)

2018-06-05 17:08:21 - [MESSAGE][PASSED] - Delayed 1 second(s)

2018-06-05 17:08:21 - [TEST_STEP][PASSED] - tap: Tapped on element 'Object Repository/CompetencyTraining/FieldSalesCoachingTakePicture_ImageView'

2018-06-05 17:08:21 - [MESSAGE][WARNING] - Timeout '0' is invalid. Using default page load timeout: '30'

2018-06-05 17:08:22 - [MESSAGE][PASSED] - Tapped on element 'Object Repository/CompetencyTraining/FieldSalesCoachingTakePicture_ImageView'

2018-06-05 17:08:22 - [TEST_STEP][PASSED] - delay: Delayed 1 second(s)

2018-06-05 17:08:23 - [MESSAGE][PASSED] - Delayed 1 second(s)

2018-06-05 17:08:23 - [TEST_STEP][PASSED] - verifyElementExist: Element 'Object Repository/CommonElements/Validate_CameraScreen' is exist

2018-06-05 17:08:23 - [MESSAGE][WARNING] - Timeout '0' is invalid. Using default page load timeout: '30'

2018-06-05 17:08:23 - [MESSAGE][PASSED] - Element 'Object Repository/CommonElements/Validate_CameraScreen' is exist

2018-06-05 17:08:23 - [TEST_STEP][PASSED] - delay: Delayed 1 second(s)

2018-06-05 17:08:24 - [MESSAGE][PASSED] - Delayed 1 second(s)

2018-06-05 17:08:24 - [TEST_STEP][PASSED] - tap: Tapped on element 'Object Repository/CommonElements/TakePhotoButton'

2018-06-05 17:08:24 - [MESSAGE][WARNING] - Timeout '0' is invalid. Using default page load timeout: '30'

2018-06-05 17:08:28 - [MESSAGE][PASSED] - Tapped on element 'Object Repository/CommonElements/TakePhotoButton'

2018-06-05 17:08:28 - [TEST_STEP][PASSED] - delay: Delayed 5 second(s)

2018-06-05 17:08:33 - [MESSAGE][PASSED] - Delayed 5 second(s)

2018-06-05 17:08:33 - [TEST_STEP][PASSED] - tap: Tapped on element 'Object Repository/CommonElements/DoneButton'

2018-06-05 17:08:33 - [MESSAGE][WARNING] - Timeout '0' is invalid. Using default page load timeout: '30'

2018-06-05 17:08:34 - [MESSAGE][PASSED] - Tapped on element 'Object Repository/CommonElements/DoneButton'

2018-06-05 17:08:34 - [TEST_STEP][PASSED] - delay: Delayed 1 second(s)

2018-06-05 17:08:35 - [MESSAGE][PASSED] - Delayed 1 second(s)

2018-06-05 17:08:35 - [TEST_STEP][PASSED] - verifyElementText: Actual text and expected text of test object 'Object Repository/CompetencyTraining/Validate_FieldSalesCoachingScreen' are matched.

2018-06-05 17:08:36 - [MESSAGE][PASSED] - Actual text and expected text of test object 'Object Repository/CompetencyTraining/Validate_FieldSalesCoachingScreen' are matched.

2018-06-05 17:08:36 - [TEST_STEP][PASSED] - delay: Delayed 1 second(s)

2018-06-05 17:08:37 - [MESSAGE][PASSED] - Delayed 1 second(s)

2018-06-05 17:08:37 - [TEST_STEP][PASSED] - pressBack: Press back button successfully

2018-06-05 17:08:37 - [MESSAGE][PASSED] - Press back button successfully

2018-06-05 17:08:37 - [TEST_STEP][PASSED] - delay: Delayed 1 second(s)

2018-06-05 17:08:38 - [MESSAGE][PASSED] - Delayed 1 second(s)

2018-06-05 17:08:38 - [TEST_STEP][PASSED] - verifyElementText: Actual text and expected text of test object 'Object Repository/CompetencyTraining/Validate_TrainingStepsScreen' are matched.

2018-06-05 17:08:39 - [MESSAGE][PASSED] - Actual text and expected text of test object 'Object Repository/CompetencyTraining/Validate_TrainingStepsScreen' are matched.

2018-06-05 17:08:39 - [TEST_STEP][PASSED] - delay: Delayed 1 second(s)

2018-06-05 17:08:40 - [MESSAGE][PASSED] - Delayed 1 second(s)

2018-06-05 17:08:40 - [TEST_STEP][PASSED] - tap: Tapped on element 'Object Repository/CompetencyTraining/CapturingPictureOfSuccess'

2018-06-05 17:08:40 - [MESSAGE][WARNING] - Timeout '0' is invalid. Using default page load timeout: '30'

2018-06-05 17:08:40 - [MESSAGE][PASSED] - Tapped on element 'Object Repository/CompetencyTraining/CapturingPictureOfSuccess'

2018-06-05 17:08:40 - [TEST_STEP][PASSED] - delay: Delayed 1 second(s)

2018-06-05 17:08:41 - [MESSAGE][PASSED] - Delayed 1 second(s)

2018-06-05 17:08:41 - [TEST_STEP][PASSED] - verifyElementExist: Element 'Object Repository/CompetencyTraining/Validate_PictureOfSuccessDetailScreen' is exist

2018-06-05 17:08:41 - [MESSAGE][WARNING] - Timeout '0' is invalid. Using default page load timeout: '30'

2018-06-05 17:08:43 - [MESSAGE][PASSED] - Element 'Object Repository/CompetencyTraining/Validate_PictureOfSuccessDetailScreen' is exist

2018-06-05 17:08:43 - [TEST_STEP][PASSED] - delay: Delayed 1 second(s)

2018-06-05 17:08:44 - [MESSAGE][PASSED] - Delayed 1 second(s)

2018-06-05 17:08:44 - [TEST_STEP][PASSED] - customkeywordscollection.CustomKeywords.takePictureOfSuccess: customkeywordscollection.CustomKeywords.takePictureOfSuccess is PASSED

2018-06-05 17:08:47 - [MESSAGE][PASSED] - Delayed 1 second(s)

2018-06-05 17:08:47 - [MESSAGE][WARNING] - Timeout '0' is invalid. Using default page load timeout: '30'

2018-06-05 17:08:48 - [MESSAGE][PASSED] - Element 'Object Repository/CommonElements/Validate_CameraScreen' is exist

2018-06-05 17:08:49 - [MESSAGE][PASSED] - Delayed 1 second(s)

2018-06-05 17:08:49 - [MESSAGE][WARNING] - Timeout '0' is invalid. Using default page load timeout: '30'

2018-06-05 17:08:52 - [MESSAGE][PASSED] - Tapped on element 'Object Repository/CommonElements/TakePhotoButton'

2018-06-05 17:08:57 - [MESSAGE][PASSED] - Delayed 5 second(s)

2018-06-05 17:08:57 - [MESSAGE][WARNING] - Timeout '0' is invalid. Using default page load timeout: '30'

2018-06-05 17:08:58 - [MESSAGE][PASSED] - Tapped on element 'Object Repository/CommonElements/DoneButton'

2018-06-05 17:08:59 - [MESSAGE][PASSED] - Delayed 1 second(s)

2018-06-05 17:09:06 - [MESSAGE][PASSED] - Delayed 1 second(s)

2018-06-05 17:09:06 - [MESSAGE][WARNING] - Timeout '0' is invalid. Using default page load timeout: '30'

2018-06-05 17:09:06 - [MESSAGE][PASSED] - Element 'Object Repository/CommonElements/Validate_CameraScreen' is exist

2018-06-05 17:09:07 - [MESSAGE][PASSED] - Delayed 1 second(s)

2018-06-05 17:09:07 - [MESSAGE][WARNING] - Timeout '0' is invalid. Using default page load timeout: '30'

2018-06-05 17:09:11 - [MESSAGE][PASSED] - Tapped on element 'Object Repository/CommonElements/TakePhotoButton'

2018-06-05 17:09:16 - [MESSAGE][PASSED] - Delayed 5 second(s)

2018-06-05 17:09:16 - [MESSAGE][WARNING] - Timeout '0' is invalid. Using default page load timeout: '30'

2018-06-05 17:09:17 - [MESSAGE][PASSED] - Tapped on element 'Object Repository/CommonElements/DoneButton'

2018-06-05 17:09:18 - [MESSAGE][PASSED] - Delayed 1 second(s)

2018-06-05 17:09:20 - [MESSAGE][PASSED] - customkeywordscollection.CustomKeywords.takePictureOfSuccess is PASSED

2018-06-05 17:09:20 - [TEST_STEP][PASSED] - pressBack: Press back button successfully

2018-06-05 17:09:20 - [MESSAGE][PASSED] - Press back button successfully

2018-06-05 17:09:20 - [TEST_STEP][PASSED] - delay: Delayed 1 second(s)

2018-06-05 17:09:21 - [MESSAGE][PASSED] - Delayed 1 second(s)

2018-06-05 17:09:21 - [TEST_STEP][PASSED] - verifyElementText: Actual text and expected text of test object 'Object Repository/CompetencyTraining/Validate_TrainingStepsScreen' are matched.

2018-06-05 17:09:22 - [MESSAGE][PASSED] - Actual text and expected text of test object 'Object Repository/CompetencyTraining/Validate_TrainingStepsScreen' are matched.

2018-06-05 17:09:22 - [TEST_STEP][PASSED] - delay: Delayed 1 second(s)

2018-06-05 17:09:23 - [MESSAGE][PASSED] - Delayed 1 second(s)

2018-06-05 17:09:23 - [TEST_STEP][PASSED] - tap: Tapped on element 'Object Repository/CompetencyTraining/MarketIntelligence'

2018-06-05 17:09:23 - [MESSAGE][WARNING] - Timeout '0' is invalid. Using default page load timeout: '30'

2018-06-05 17:09:23 - [MESSAGE][PASSED] - Tapped on element 'Object Repository/CompetencyTraining/MarketIntelligence'

2018-06-05 17:09:23 - [TEST_STEP][PASSED] - delay: Delayed 1 second(s)

2018-06-05 17:09:24 - [MESSAGE][PASSED] - Delayed 1 second(s)

2018-06-05 17:09:24 - [TEST_STEP][PASSED] - verifyElementText: Actual text and expected text of test object 'Object Repository/CompetencyTraining/Validate_MarketIntelligenceScreen' are matched.

2018-06-05 17:09:25 - [MESSAGE][PASSED] - Actual text and expected text of test object 'Object Repository/CompetencyTraining/Validate_MarketIntelligenceScreen' are matched.

2018-06-05 17:09:25 - [TEST_STEP][PASSED] - delay: Delayed 1 second(s)

2018-06-05 17:09:26 - [MESSAGE][PASSED] - Delayed 1 second(s)

2018-06-05 17:09:26 - [TEST_STEP][PASSED] - tap: Tapped on element 'Object Repository/CompetencyTraining/MarketIntelligenceTakePicture_ImageView'

2018-06-05 17:09:26 - [MESSAGE][WARNING] - Timeout '0' is invalid. Using default page load timeout: '30'

2018-06-05 17:09:26 - [MESSAGE][PASSED] - Tapped on element 'Object Repository/CompetencyTraining/MarketIntelligenceTakePicture_ImageView'

2018-06-05 17:09:26 - [TEST_STEP][PASSED] - delay: Delayed 1 second(s)

2018-06-05 17:09:27 - [MESSAGE][PASSED] - Delayed 1 second(s)

2018-06-05 17:09:27 - [TEST_STEP][PASSED] - verifyElementExist: Element 'Object Repository/CommonElements/Validate_CameraScreen' is exist

2018-06-05 17:09:27 - [MESSAGE][WARNING] - Timeout '0' is invalid. Using default page load timeout: '30'

2018-06-05 17:09:28 - [MESSAGE][PASSED] - Element 'Object Repository/CommonElements/Validate_CameraScreen' is exist

2018-06-05 17:09:28 - [TEST_STEP][PASSED] - delay: Delayed 1 second(s)

2018-06-05 17:09:29 - [MESSAGE][PASSED] - Delayed 1 second(s)

2018-06-05 17:09:29 - [TEST_STEP][PASSED] - tap: Tapped on element 'Object Repository/CommonElements/TakePhotoButton'

2018-06-05 17:09:29 - [MESSAGE][WARNING] - Timeout '0' is invalid. Using default page load timeout: '30'

2018-06-05 17:09:32 - [MESSAGE][PASSED] - Tapped on element 'Object Repository/CommonElements/TakePhotoButton'

2018-06-05 17:09:32 - [TEST_STEP][PASSED] - delay: Delayed 5 second(s)

2018-06-05 17:09:37 - [MESSAGE][PASSED] - Delayed 5 second(s)

2018-06-05 17:09:37 - [TEST_STEP][PASSED] - tap: Tapped on element 'Object Repository/CommonElements/DoneButton'

2018-06-05 17:09:37 - [MESSAGE][WARNING] - Timeout '0' is invalid. Using default page load timeout: '30'

2018-06-05 17:09:39 - [MESSAGE][PASSED] - Tapped on element 'Object Repository/CommonElements/DoneButton'

2018-06-05 17:09:39 - [TEST_STEP][PASSED] - delay: Delayed 1 second(s)

2018-06-05 17:09:40 - [MESSAGE][PASSED] - Delayed 1 second(s)

2018-06-05 17:09:40 - [TEST_STEP][PASSED] - verifyElementText: Actual text and expected text of test object 'Object Repository/CompetencyTraining/Validate_MarketIntelligenceScreen' are matched.

2018-06-05 17:09:41 - [MESSAGE][PASSED] - Actual text and expected text of test object 'Object Repository/CompetencyTraining/Validate_MarketIntelligenceScreen' are matched.

2018-06-05 17:09:41 - [TEST_STEP][PASSED] - delay: Delayed 1 second(s)

2018-06-05 17:09:42 - [MESSAGE][PASSED] - Delayed 1 second(s)

2018-06-05 17:09:42 - [TEST_STEP][PASSED] - pressBack: Press back button successfully

2018-06-05 17:09:42 - [MESSAGE][PASSED] - Press back button successfully

2018-06-05 17:09:42 - [TEST_STEP][PASSED] - delay: Delayed 1 second(s)

2018-06-05 17:09:43 - [MESSAGE][PASSED] - Delayed 1 second(s)

2018-06-05 17:09:43 - [TEST_STEP][PASSED] - verifyElementText: Actual text and expected text of test object 'Object Repository/CompetencyTraining/Validate_TrainingStepsScreen' are matched.

2018-06-05 17:09:44 - [MESSAGE][PASSED] - Actual text and expected text of test object 'Object Repository/CompetencyTraining/Validate_TrainingStepsScreen' are matched.

2018-06-05 17:09:44 - [TEST_STEP][PASSED] - delay: Delayed 1 second(s)

2018-06-05 17:09:45 - [MESSAGE][PASSED] - Delayed 1 second(s)

2018-06-05 17:09:45 - [TEST_STEP][PASSED] - tap: Tapped on element 'Object Repository/CompetencyTraining/Remarks'

2018-06-05 17:09:45 - [MESSAGE][WARNING] - Timeout '0' is invalid. Using default page load timeout: '30'

2018-06-05 17:09:45 - [MESSAGE][PASSED] - Tapped on element 'Object Repository/CompetencyTraining/Remarks'

2018-06-05 17:09:45 - [TEST_STEP][PASSED] - delay: Delayed 1 second(s)

2018-06-05 17:09:46 - [MESSAGE][PASSED] - Delayed 1 second(s)

2018-06-05 17:09:46 - [TEST_STEP][PASSED] - verifyElementText: Actual text and expected text of test object 'Object Repository/CompetencyTraining/Validate_RemarksScreen' are matched.

2018-06-05 17:09:47 - [MESSAGE][PASSED] - Actual text and expected text of test object 'Object Repository/CompetencyTraining/Validate_RemarksScreen' are matched.

2018-06-05 17:09:47 - [TEST_STEP][PASSED] - delay: Delayed 1 second(s)

2018-06-05 17:09:48 - [MESSAGE][PASSED] - Delayed 1 second(s)

2018-06-05 17:09:48 - [TEST_STEP][PASSED] - setText: Text 'Remarks' has been set to element 'Object Repository/CompetencyTraining/Remarks_TextContainer'

2018-06-05 17:09:48 - [MESSAGE][WARNING] - Timeout '0' is invalid. Using default page load timeout: '30'

2018-06-05 17:09:58 - [MESSAGE][PASSED] - Text 'Remarks' has been set to element 'Object Repository/CompetencyTraining/Remarks_TextContainer'

2018-06-05 17:09:58 - [TEST_STEP][PASSED] - hideKeyboard: Keyboard is hidden

2018-06-05 17:09:59 - [MESSAGE][PASSED] - Keyboard is hidden

2018-06-05 17:09:59 - [TEST_STEP][PASSED] - delay: Delayed 1 second(s)

2018-06-05 17:10:00 - [MESSAGE][PASSED] - Delayed 1 second(s)

2018-06-05 17:10:00 - [TEST_STEP][PASSED] - tap: Tapped on element 'Object Repository/CompetencyTraining/SubmitRemarksButton'

2018-06-05 17:10:00 - [MESSAGE][WARNING] - Timeout '0' is invalid. Using default page load timeout: '30'

2018-06-05 17:10:01 - [MESSAGE][PASSED] - Tapped on element 'Object Repository/CompetencyTraining/SubmitRemarksButton'

2018-06-05 17:10:01 - [TEST_STEP][PASSED] - delay: Delayed 1 second(s)

2018-06-05 17:10:02 - [MESSAGE][PASSED] - Delayed 1 second(s)

2018-06-05 17:10:02 - [TEST_STEP][PASSED] - verifyElementExist: Element 'Object Repository/CommonElements/Validate_InfoPopUp' is exist

2018-06-05 17:10:02 - [MESSAGE][WARNING] - Timeout '0' is invalid. Using default page load timeout: '30'

2018-06-05 17:10:02 - [MESSAGE][PASSED] - Element 'Object Repository/CommonElements/Validate_InfoPopUp' is exist

2018-06-05 17:10:02 - [TEST_STEP][PASSED] - delay: Delayed 1 second(s)

2018-06-05 17:10:03 - [MESSAGE][PASSED] - Delayed 1 second(s)

2018-06-05 17:10:03 - [TEST_STEP][PASSED] - tap: Tapped on element 'Object Repository/CommonElements/InfoPopUp_OKButton'

2018-06-05 17:10:03 - [MESSAGE][WARNING] - Timeout '0' is invalid. Using default page load timeout: '30'

2018-06-05 17:10:04 - [MESSAGE][PASSED] - Tapped on element 'Object Repository/CommonElements/InfoPopUp_OKButton'

2018-06-05 17:10:04 - [TEST_STEP][PASSED] - delay: Delayed 1 second(s)

2018-06-05 17:10:05 - [MESSAGE][PASSED] - Delayed 1 second(s)

2018-06-05 17:10:05 - [TEST_STEP][PASSED] - verifyElementText: Actual text and expected text of test object 'Object Repository/CompetencyTraining/Validate_TrainingStepsScreen' are matched.

2018-06-05 17:10:06 - [MESSAGE][PASSED] - Actual text and expected text of test object 'Object Repository/CompetencyTraining/Validate_TrainingStepsScreen' are matched.

2018-06-05 17:10:06 - [TEST_STEP][PASSED] - delay: Delayed 1 second(s)

2018-06-05 17:10:07 - [MESSAGE][PASSED] - Delayed 1 second(s)

2018-06-05 17:10:07 - [TEST_STEP][PASSED] - tap: Tapped on element 'Object Repository/CompetencyTraining/SaveTrainingButton'

2018-06-05 17:10:07 - [MESSAGE][WARNING] - Timeout '0' is invalid. Using default page load timeout: '30'

2018-06-05 17:10:07 - [MESSAGE][PASSED] - Tapped on element 'Object Repository/CompetencyTraining/SaveTrainingButton'

2018-06-05 17:10:07 - [TEST_STEP][PASSED] - delay: Delayed 1 second(s)

2018-06-05 17:10:08 - [MESSAGE][PASSED] - Delayed 1 second(s)

2018-06-05 17:10:08 - [TEST_STEP][PASSED] - verifyElementExist: Element 'Object Repository/CompetencyTraining/Validate_SavedShopScreen' is exist

2018-06-05 17:10:08 - [MESSAGE][WARNING] - Timeout '0' is invalid. Using default page load timeout: '30'

2018-06-05 17:10:09 - [MESSAGE][PASSED] - Element 'Object Repository/CompetencyTraining/Validate_SavedShopScreen' is exist

2018-06-05 17:10:09 - [TEST_STEP][PASSED] - delay: Delayed 1 second(s)

2018-06-05 17:10:10 - [MESSAGE][PASSED] - Delayed 1 second(s)

2018-06-05 17:10:10 - [TEST_STEP][PASSED] - tap: Tapped on element 'Object Repository/CompetencyTraining/SavedShop_BackButton'

2018-06-05 17:10:10 - [MESSAGE][WARNING] - Timeout '0' is invalid. Using default page load timeout: '30'

2018-06-05 17:10:11 - [MESSAGE][PASSED] - Tapped on element 'Object Repository/CompetencyTraining/SavedShop_BackButton'

2018-06-05 17:10:11 - [TEST_STEP][PASSED] - delay: Delayed 1 second(s)

2018-06-05 17:10:12 - [MESSAGE][PASSED] - Delayed 1 second(s)

2018-06-05 17:10:12 - [TEST_STEP][PASSED] - verifyElementText: Actual text and expected text of test object 'Object Repository/CompetencyTraining/Validate_ShopsListScreen' are matched.

2018-06-05 17:10:12 - [MESSAGE][PASSED] - Actual text and expected text of test object 'Object Repository/CompetencyTraining/Validate_ShopsListScreen' are matched.

2018-06-05 17:10:12 - [TEST_STEP][PASSED] - delay: Delayed 1 second(s)

2018-06-05 17:10:13 - [MESSAGE][PASSED] - Delayed 1 second(s)

2018-06-05 17:10:13 - [TEST_STEP][PASSED] - tap: Tapped on element 'Object Repository/CompetencyTraining/ShopsList_BackButton'

2018-06-05 17:10:13 - [MESSAGE][WARNING] - Timeout '0' is invalid. Using default page load timeout: '30'

2018-06-05 17:10:13 - [MESSAGE][PASSED] - Tapped on element 'Object Repository/CompetencyTraining/ShopsList_BackButton'

2018-06-05 17:10:13 - [TEST_STEP][PASSED] - delay: Delayed 1 second(s)

2018-06-05 17:10:14 - [MESSAGE][PASSED] - Delayed 1 second(s)

2018-06-05 17:10:14 - [TEST_STEP][PASSED] - verifyElementText: Actual text and expected text of test object 'Object Repository/CompetencyTraining/Validate_ProgramsScreen' are matched.

2018-06-05 17:10:15 - [MESSAGE][PASSED] - Actual text and expected text of test object 'Object Repository/CompetencyTraining/Validate_ProgramsScreen' are matched.

2018-06-05 17:10:15 - [TEST_STEP][PASSED] - delay: Delayed 1 second(s)

2018-06-05 17:10:16 - [MESSAGE][PASSED] - Delayed 1 second(s)

2018-06-05 17:10:16 - [TEST_STEP][PASSED] - tap: Tapped on element 'Object Repository/CompetencyTraining/Programs_BackButton'

2018-06-05 17:10:16 - [MESSAGE][WARNING] - Timeout '0' is invalid. Using default page load timeout: '30'

2018-06-05 17:10:16 - [MESSAGE][PASSED] - Tapped on element 'Object Repository/CompetencyTraining/Programs_BackButton'

2018-06-05 17:10:16 - [TEST_STEP][PASSED] - delay: Delayed 1 second(s)

2018-06-05 17:10:17 - [MESSAGE][PASSED] - Delayed 1 second(s)

2018-06-05 17:10:17 - [TEST_STEP][PASSED] - verifyElementText: Actual text and expected text of test object 'Object Repository/CompetencyTraining/Validate_DSFScreen' are matched.

2018-06-05 17:10:17 - [MESSAGE][PASSED] - Actual text and expected text of test object 'Object Repository/CompetencyTraining/Validate_DSFScreen' are matched.

2018-06-05 17:10:17 - [TEST_STEP][PASSED] - delay: Delayed 1 second(s)

2018-06-05 17:10:18 - [MESSAGE][PASSED] - Delayed 1 second(s)

2018-06-05 17:10:18 - [TEST_STEP][PASSED] - tap: Tapped on element 'Object Repository/CompetencyTraining/DSF_BackButton'

2018-06-05 17:10:18 - [MESSAGE][WARNING] - Timeout '0' is invalid. Using default page load timeout: '30'

2018-06-05 17:10:19 - [MESSAGE][PASSED] - Tapped on element 'Object Repository/CompetencyTraining/DSF_BackButton'

2018-06-05 17:10:19 - [TEST_STEP][PASSED] - delay: Delayed 1 second(s)

2018-06-05 17:10:20 - [MESSAGE][PASSED] - Delayed 1 second(s)

2018-06-05 17:10:20 - [TEST_STEP][PASSED] - verifyElementExist: Element 'Object Repository/CompetencyTraining/Validate_DistributionProductScreen' is exist

2018-06-05 17:10:20 - [MESSAGE][WARNING] - Timeout '0' is invalid. Using default page load timeout: '30'

2018-06-05 17:10:20 - [MESSAGE][PASSED] - Element 'Object Repository/CompetencyTraining/Validate_DistributionProductScreen' is exist

2018-06-05 17:10:20 - [TEST_STEP][PASSED] - delay: Delayed 1 second(s)

2018-06-05 17:10:21 - [MESSAGE][PASSED] - Delayed 1 second(s)

2018-06-05 17:10:21 - [TEST_STEP][PASSED] - tap: Tapped on element 'Object Repository/CompetencyTraining/DistributionProduct_BackButton'

2018-06-05 17:10:21 - [MESSAGE][WARNING] - Timeout '0' is invalid. Using default page load timeout: '30'

2018-06-05 17:10:24 - [MESSAGE][PASSED] - Tapped on element 'Object Repository/CompetencyTraining/DistributionProduct_BackButton'

2018-06-05 17:10:24 - [TEST_STEP][PASSED] - delay: Delayed 1 second(s)

2018-06-05 17:10:25 - [MESSAGE][PASSED] - Delayed 1 second(s)

2018-06-05 17:10:25 - [TEST_STEP][PASSED] - verifyElementExist: Element 'Object Repository/MainScreenEelements/Validate_ApplicationMainScreen' is exist

2018-06-05 17:10:25 - [MESSAGE][WARNING] - Timeout '0' is invalid. Using default page load timeout: '30'

2018-06-05 17:10:26 - [MESSAGE][PASSED] - Element 'Object Repository/MainScreenEelements/Validate_ApplicationMainScreen' is exist

2018-06-05 17:10:26 - [TEST_STEP][PASSED] - delay: Delayed 1 second(s)

2018-06-05 17:10:27 - [MESSAGE][PASSED] - Delayed 1 second(s)]]></system-out>
         <system-err><![CDATA[]]></system-err>
      </testcase>
      <system-out><![CDATA[2018-06-05 17:06:48 - [TEST_SUITE][PASSED] - Sample: Test Cases/CompetencyTraining/VisitCompetencyTraining]]></system-out>
      <system-err><![CDATA[]]></system-err>
   </testsuite>
</testsuites>
