<?xml version="1.0" encoding="UTF-8"?>
<testsuites name="Sample" time="1" tests="0" failures="2" errors="0">
   <testsuite name="Sample" tests="0" failures="2" errors="0" time="1" timestamp="2018-06-05 17:06:36" hostname="itcity - DESKTOP-3AG49P4" id="Test Suites/Sample">
      <properties>
         <property name="deviceName" value=""/>
         <property name="devicePlatform" value=""/>
         <property name="logFolder" value="F:\\Git Projects\\Ice-Training\\Ice-Training\\Reports\\Sample\\20180605_170635"/>
         <property name="logFiles" value="F:\\Git Projects\\Ice-Training\\Ice-Training\\Reports\\Sample\\20180605_170635\\execution0.log"/>
         <property name="attachments" value=""/>
         <property name="hostName" value="itcity - DESKTOP-3AG49P4"/>
         <property name="hostAddress" value="192.168.3.109"/>
         <property name="os" value="Windows 10 64bit"/>
         <property name="katalonVersion" value="5.4.2.1"/>
      </properties>
      <testcase name="Test Cases/LaunchingApp/LaunchApp" classname="Test Cases/LaunchingApp/LaunchApp" status="FAILED">
         <failure type="FAILED" message="Unable to start app at: 'F:\QA_Automation\Builds\ice_training_app_local_310518.apk' (Root cause: java.lang.IllegalArgumentException: The mobile device is missing. Please select the mobile device to be executed and try again.)"/>
         <system-out><![CDATA[2018-06-05 17:06:37 - [TEST_CASE][FAILED] - Test Cases/LaunchingApp/LaunchApp: Test Cases/LaunchingApp/LaunchApp FAILED because (of) Unable to start app at: 'F:\QA_Automation\Builds\ice_training_app_local_310518.apk' (Root cause: java.lang.IllegalArgumentException: The mobile device is missing. Please select the mobile device to be executed and try again.)

2018-06-05 17:06:37 - [TEST_STEP][FAILED] - startApplication: Unable to start app at: 'F:\QA_Automation\Builds\ice_training_app_local_310518.apk' (Root cause: java.lang.IllegalArgumentException: The mobile device is missing. Please select the mobile device to be executed and try again.)

2018-06-05 17:06:38 - [MESSAGE][FAILED] - Unable to start app at: 'F:\QA_Automation\Builds\ice_training_app_local_310518.apk' (Root cause: java.lang.IllegalArgumentException: The mobile device is missing. Please select the mobile device to be executed and try again.)]]></system-out>
         <system-err><![CDATA[2018-06-05 17:06:37 - [TEST_CASE][FAILED] - Test Cases/LaunchingApp/LaunchApp: Test Cases/LaunchingApp/LaunchApp FAILED because (of) Unable to start app at: 'F:\QA_Automation\Builds\ice_training_app_local_310518.apk' (Root cause: java.lang.IllegalArgumentException: The mobile device is missing. Please select the mobile device to be executed and try again.)]]></system-err>
      </testcase>
      <testcase name="Test Cases/CompetencyTraining/VisitCompetencyTraining" classname="Test Cases/CompetencyTraining/VisitCompetencyTraining" status="FAILED">
         <failure type="FAILED" message="No driver found"/>
         <system-out><![CDATA[2018-06-05 17:06:38 - [TEST_CASE][FAILED] - Test Cases/CompetencyTraining/VisitCompetencyTraining: Test Cases/CompetencyTraining/VisitCompetencyTraining FAILED because (of) No driver found

2018-06-05 17:06:38 - [TEST_STEP][PASSED] - tap: Timeout '0' is invalid. Using default page load timeout: '30'

2018-06-05 17:06:38 - [MESSAGE][WARNING] - Timeout '0' is invalid. Using default page load timeout: '30']]></system-out>
         <system-err><![CDATA[2018-06-05 17:06:38 - [TEST_CASE][FAILED] - Test Cases/CompetencyTraining/VisitCompetencyTraining: Test Cases/CompetencyTraining/VisitCompetencyTraining FAILED because (of) No driver found]]></system-err>
      </testcase>
      <system-out><![CDATA[2018-06-05 17:06:36 - [TEST_SUITE][FAILED] - Sample: Test Cases/LaunchingApp/LaunchApp FAILED because (of) Unable to start app at: 'F:\QA_Automation\Builds\ice_training_app_local_310518.apk' (Root cause: java.lang.IllegalArgumentException: The mobile device is missing. Please select the mobile device to be executed and try again.)]]></system-out>
      <system-err><![CDATA[2018-06-05 17:06:36 - [TEST_SUITE][FAILED] - Sample: Test Cases/LaunchingApp/LaunchApp FAILED because (of) Unable to start app at: 'F:\QA_Automation\Builds\ice_training_app_local_310518.apk' (Root cause: java.lang.IllegalArgumentException: The mobile device is missing. Please select the mobile device to be executed and try again.)]]></system-err>
   </testsuite>
</testsuites>
